CRITICAL - 2022-08-02 04:08:05 --> Undefined property: stdClass::$fullname
#0 C:\xampp\htdocs\smartwholesale\client-report\app\Views\administrator\logs.php(127): CodeIgniter\Debug\Exceptions->errorHandler(8, 'Undefined prope...', 'C:\\xampp\\htdocs...', 127, Array)
#1 C:\xampp\htdocs\smartwholesale\client-report\system\View\View.php(214): include('C:\\xampp\\htdocs...')
#2 C:\xampp\htdocs\smartwholesale\client-report\system\View\View.php(217): CodeIgniter\View\View->CodeIgniter\View\{closure}()
#3 C:\xampp\htdocs\smartwholesale\client-report\system\Common.php(1097): CodeIgniter\View\View->render('administrator/l...', Array, true)
#4 C:\xampp\htdocs\smartwholesale\client-report\app\Controllers\Logs.php(37): view('administrator/l...', Array)
#5 C:\xampp\htdocs\smartwholesale\client-report\system\CodeIgniter.php(824): App\Controllers\Logs->index()
#6 C:\xampp\htdocs\smartwholesale\client-report\system\CodeIgniter.php(410): CodeIgniter\CodeIgniter->runController(Object(App\Controllers\Logs))
#7 C:\xampp\htdocs\smartwholesale\client-report\system\CodeIgniter.php(318): CodeIgniter\CodeIgniter->handleRequest(NULL, Object(Config\Cache), false)
#8 C:\xampp\htdocs\smartwholesale\client-report\public\index.php(37): CodeIgniter\CodeIgniter->run()
#9 C:\xampp\htdocs\smartwholesale\client-report\system\Commands\Server\rewrite.php(43): require_once('C:\\xampp\\htdocs...')
#10 {main}
ERROR - 2022-08-02 04:09:33 --> You have an error in your SQL syntax; check the manual that corresponds to your MariaDB server version for the right syntax to use near 'as total, DAYNAME(date) as days, fullname, ip_address, log_logins.date, log_l...' at line 1
CRITICAL - 2022-08-02 04:09:33 --> You have an error in your SQL syntax; check the manual that corresponds to your MariaDB server version for the right syntax to use near 'as total, DAYNAME(date) as days, fullname, ip_address, log_logins.date, log_l...' at line 1
#0 C:\xampp\htdocs\smartwholesale\client-report\system\Database\MySQLi\Connection.php(292): mysqli->query('SELECT count(id...', 0)
#1 C:\xampp\htdocs\smartwholesale\client-report\system\Database\BaseConnection.php(670): CodeIgniter\Database\MySQLi\Connection->execute('SELECT count(id...')
#2 C:\xampp\htdocs\smartwholesale\client-report\system\Database\BaseConnection.php(598): CodeIgniter\Database\BaseConnection->simpleQuery('SELECT count(id...')
#3 C:\xampp\htdocs\smartwholesale\client-report\app\Controllers\Logs.php(28): CodeIgniter\Database\BaseConnection->query('SELECT count(id...')
#4 C:\xampp\htdocs\smartwholesale\client-report\system\CodeIgniter.php(824): App\Controllers\Logs->index()
#5 C:\xampp\htdocs\smartwholesale\client-report\system\CodeIgniter.php(410): CodeIgniter\CodeIgniter->runController(Object(App\Controllers\Logs))
#6 C:\xampp\htdocs\smartwholesale\client-report\system\CodeIgniter.php(318): CodeIgniter\CodeIgniter->handleRequest(NULL, Object(Config\Cache), false)
#7 C:\xampp\htdocs\smartwholesale\client-report\public\index.php(37): CodeIgniter\CodeIgniter->run()
#8 C:\xampp\htdocs\smartwholesale\client-report\system\Commands\Server\rewrite.php(43): require_once('C:\\xampp\\htdocs...')
#9 {main}
ERROR - 2022-08-02 04:09:54 --> You have an error in your SQL syntax; check the manual that corresponds to your MariaDB server version for the right syntax to use near 'as total, DAYNAME(date) as days, fullname, ip_address, log_logins.date, log_l...' at line 1
CRITICAL - 2022-08-02 04:09:54 --> You have an error in your SQL syntax; check the manual that corresponds to your MariaDB server version for the right syntax to use near 'as total, DAYNAME(date) as days, fullname, ip_address, log_logins.date, log_l...' at line 1
#0 C:\xampp\htdocs\smartwholesale\client-report\system\Database\MySQLi\Connection.php(292): mysqli->query('SELECT count(id...', 0)
#1 C:\xampp\htdocs\smartwholesale\client-report\system\Database\BaseConnection.php(670): CodeIgniter\Database\MySQLi\Connection->execute('SELECT count(id...')
#2 C:\xampp\htdocs\smartwholesale\client-report\system\Database\BaseConnection.php(598): CodeIgniter\Database\BaseConnection->simpleQuery('SELECT count(id...')
#3 C:\xampp\htdocs\smartwholesale\client-report\app\Controllers\Logs.php(28): CodeIgniter\Database\BaseConnection->query('SELECT count(id...')
#4 C:\xampp\htdocs\smartwholesale\client-report\system\CodeIgniter.php(824): App\Controllers\Logs->index()
#5 C:\xampp\htdocs\smartwholesale\client-report\system\CodeIgniter.php(410): CodeIgniter\CodeIgniter->runController(Object(App\Controllers\Logs))
#6 C:\xampp\htdocs\smartwholesale\client-report\system\CodeIgniter.php(318): CodeIgniter\CodeIgniter->handleRequest(NULL, Object(Config\Cache), false)
#7 C:\xampp\htdocs\smartwholesale\client-report\public\index.php(37): CodeIgniter\CodeIgniter->run()
#8 C:\xampp\htdocs\smartwholesale\client-report\system\Commands\Server\rewrite.php(43): require_once('C:\\xampp\\htdocs...')
#9 {main}
CRITICAL - 2022-08-02 04:16:21 --> Undefined variable: dataBrowser
#0 C:\xampp\htdocs\smartwholesale\client-report\app\Views\administrator\logs.php(78): CodeIgniter\Debug\Exceptions->errorHandler(8, 'Undefined varia...', 'C:\\xampp\\htdocs...', 78, Array)
#1 C:\xampp\htdocs\smartwholesale\client-report\system\View\View.php(214): include('C:\\xampp\\htdocs...')
#2 C:\xampp\htdocs\smartwholesale\client-report\system\View\View.php(217): CodeIgniter\View\View->CodeIgniter\View\{closure}()
#3 C:\xampp\htdocs\smartwholesale\client-report\system\Common.php(1097): CodeIgniter\View\View->render('administrator/l...', Array, true)
#4 C:\xampp\htdocs\smartwholesale\client-report\app\Controllers\Logs.php(43): view('administrator/l...', Array)
#5 C:\xampp\htdocs\smartwholesale\client-report\system\CodeIgniter.php(824): App\Controllers\Logs->index()
#6 C:\xampp\htdocs\smartwholesale\client-report\system\CodeIgniter.php(410): CodeIgniter\CodeIgniter->runController(Object(App\Controllers\Logs))
#7 C:\xampp\htdocs\smartwholesale\client-report\system\CodeIgniter.php(318): CodeIgniter\CodeIgniter->handleRequest(NULL, Object(Config\Cache), false)
#8 C:\xampp\htdocs\smartwholesale\client-report\public\index.php(37): CodeIgniter\CodeIgniter->run()
#9 C:\xampp\htdocs\smartwholesale\client-report\system\Commands\Server\rewrite.php(43): require_once('C:\\xampp\\htdocs...')
#10 {main}
CRITICAL - 2022-08-02 04:40:30 --> Undefined property: stdClass::$tootal
#0 C:\xampp\htdocs\smartwholesale\client-report\app\Views\administrator\logs.php(251): CodeIgniter\Debug\Exceptions->errorHandler(8, 'Undefined prope...', 'C:\\xampp\\htdocs...', 251, Array)
#1 C:\xampp\htdocs\smartwholesale\client-report\system\View\View.php(214): include('C:\\xampp\\htdocs...')
#2 C:\xampp\htdocs\smartwholesale\client-report\system\View\View.php(217): CodeIgniter\View\View->CodeIgniter\View\{closure}()
#3 C:\xampp\htdocs\smartwholesale\client-report\system\Common.php(1097): CodeIgniter\View\View->render('administrator/l...', Array, true)
#4 C:\xampp\htdocs\smartwholesale\client-report\app\Controllers\Logs.php(45): view('administrator/l...', Array)
#5 C:\xampp\htdocs\smartwholesale\client-report\system\CodeIgniter.php(824): App\Controllers\Logs->index()
#6 C:\xampp\htdocs\smartwholesale\client-report\system\CodeIgniter.php(410): CodeIgniter\CodeIgniter->runController(Object(App\Controllers\Logs))
#7 C:\xampp\htdocs\smartwholesale\client-report\system\CodeIgniter.php(318): CodeIgniter\CodeIgniter->handleRequest(NULL, Object(Config\Cache), false)
#8 C:\xampp\htdocs\smartwholesale\client-report\public\index.php(37): CodeIgniter\CodeIgniter->run()
#9 C:\xampp\htdocs\smartwholesale\client-report\system\Commands\Server\rewrite.php(43): require_once('C:\\xampp\\htdocs...')
#10 {main}
ERROR - 2022-08-02 05:00:12 --> Unknown column 'log_media.user_id' in 'on clause'
CRITICAL - 2022-08-02 05:00:12 --> Unknown column 'log_media.user_id' in 'on clause'
#0 C:\xampp\htdocs\smartwholesale\client-report\system\Database\MySQLi\Connection.php(292): mysqli->query('SELECT log_page...', 0)
#1 C:\xampp\htdocs\smartwholesale\client-report\system\Database\BaseConnection.php(670): CodeIgniter\Database\MySQLi\Connection->execute('SELECT log_page...')
#2 C:\xampp\htdocs\smartwholesale\client-report\system\Database\BaseConnection.php(598): CodeIgniter\Database\BaseConnection->simpleQuery('SELECT log_page...')
#3 C:\xampp\htdocs\smartwholesale\client-report\app\Controllers\Logs.php(33): CodeIgniter\Database\BaseConnection->query('SELECT log_page...')
#4 C:\xampp\htdocs\smartwholesale\client-report\system\CodeIgniter.php(824): App\Controllers\Logs->index()
#5 C:\xampp\htdocs\smartwholesale\client-report\system\CodeIgniter.php(410): CodeIgniter\CodeIgniter->runController(Object(App\Controllers\Logs))
#6 C:\xampp\htdocs\smartwholesale\client-report\system\CodeIgniter.php(318): CodeIgniter\CodeIgniter->handleRequest(NULL, Object(Config\Cache), false)
#7 C:\xampp\htdocs\smartwholesale\client-report\public\index.php(37): CodeIgniter\CodeIgniter->run()
#8 C:\xampp\htdocs\smartwholesale\client-report\system\Commands\Server\rewrite.php(43): require_once('C:\\xampp\\htdocs...')
#9 {main}
ERROR - 2022-08-02 05:02:02 --> Unknown column 'log_media.user_id' in 'on clause'
CRITICAL - 2022-08-02 05:02:02 --> Unknown column 'log_media.user_id' in 'on clause'
#0 C:\xampp\htdocs\smartwholesale\client-report\system\Database\MySQLi\Connection.php(292): mysqli->query('SELECT log_page...', 0)
#1 C:\xampp\htdocs\smartwholesale\client-report\system\Database\BaseConnection.php(670): CodeIgniter\Database\MySQLi\Connection->execute('SELECT log_page...')
#2 C:\xampp\htdocs\smartwholesale\client-report\system\Database\BaseConnection.php(598): CodeIgniter\Database\BaseConnection->simpleQuery('SELECT log_page...')
#3 C:\xampp\htdocs\smartwholesale\client-report\app\Controllers\Logs.php(33): CodeIgniter\Database\BaseConnection->query('SELECT log_page...')
#4 C:\xampp\htdocs\smartwholesale\client-report\system\CodeIgniter.php(824): App\Controllers\Logs->index()
#5 C:\xampp\htdocs\smartwholesale\client-report\system\CodeIgniter.php(410): CodeIgniter\CodeIgniter->runController(Object(App\Controllers\Logs))
#6 C:\xampp\htdocs\smartwholesale\client-report\system\CodeIgniter.php(318): CodeIgniter\CodeIgniter->handleRequest(NULL, Object(Config\Cache), false)
#7 C:\xampp\htdocs\smartwholesale\client-report\public\index.php(37): CodeIgniter\CodeIgniter->run()
#8 C:\xampp\htdocs\smartwholesale\client-report\system\Commands\Server\rewrite.php(43): require_once('C:\\xampp\\htdocs...')
#9 {main}
ERROR - 2022-08-02 05:02:30 --> Unknown column 'log_media.user_id' in 'on clause'
CRITICAL - 2022-08-02 05:02:30 --> Unknown column 'log_media.user_id' in 'on clause'
#0 C:\xampp\htdocs\smartwholesale\client-report\system\Database\MySQLi\Connection.php(292): mysqli->query('SELECT log_page...', 0)
#1 C:\xampp\htdocs\smartwholesale\client-report\system\Database\BaseConnection.php(670): CodeIgniter\Database\MySQLi\Connection->execute('SELECT log_page...')
#2 C:\xampp\htdocs\smartwholesale\client-report\system\Database\BaseConnection.php(598): CodeIgniter\Database\BaseConnection->simpleQuery('SELECT log_page...')
#3 C:\xampp\htdocs\smartwholesale\client-report\app\Controllers\Logs.php(33): CodeIgniter\Database\BaseConnection->query('SELECT log_page...')
#4 C:\xampp\htdocs\smartwholesale\client-report\system\CodeIgniter.php(824): App\Controllers\Logs->index()
#5 C:\xampp\htdocs\smartwholesale\client-report\system\CodeIgniter.php(410): CodeIgniter\CodeIgniter->runController(Object(App\Controllers\Logs))
#6 C:\xampp\htdocs\smartwholesale\client-report\system\CodeIgniter.php(318): CodeIgniter\CodeIgniter->handleRequest(NULL, Object(Config\Cache), false)
#7 C:\xampp\htdocs\smartwholesale\client-report\public\index.php(37): CodeIgniter\CodeIgniter->run()
#8 C:\xampp\htdocs\smartwholesale\client-report\system\Commands\Server\rewrite.php(43): require_once('C:\\xampp\\htdocs...')
#9 {main}
ERROR - 2022-08-02 05:03:27 --> Unknown column 'log_media.user_id' in 'on clause'
CRITICAL - 2022-08-02 05:03:27 --> Unknown column 'log_media.user_id' in 'on clause'
#0 C:\xampp\htdocs\smartwholesale\client-report\system\Database\MySQLi\Connection.php(292): mysqli->query('SELECT log_page...', 0)
#1 C:\xampp\htdocs\smartwholesale\client-report\system\Database\BaseConnection.php(670): CodeIgniter\Database\MySQLi\Connection->execute('SELECT log_page...')
#2 C:\xampp\htdocs\smartwholesale\client-report\system\Database\BaseConnection.php(598): CodeIgniter\Database\BaseConnection->simpleQuery('SELECT log_page...')
#3 C:\xampp\htdocs\smartwholesale\client-report\app\Controllers\Logs.php(33): CodeIgniter\Database\BaseConnection->query('SELECT log_page...')
#4 C:\xampp\htdocs\smartwholesale\client-report\system\CodeIgniter.php(824): App\Controllers\Logs->index()
#5 C:\xampp\htdocs\smartwholesale\client-report\system\CodeIgniter.php(410): CodeIgniter\CodeIgniter->runController(Object(App\Controllers\Logs))
#6 C:\xampp\htdocs\smartwholesale\client-report\system\CodeIgniter.php(318): CodeIgniter\CodeIgniter->handleRequest(NULL, Object(Config\Cache), false)
#7 C:\xampp\htdocs\smartwholesale\client-report\public\index.php(37): CodeIgniter\CodeIgniter->run()
#8 C:\xampp\htdocs\smartwholesale\client-report\system\Commands\Server\rewrite.php(43): require_once('C:\\xampp\\htdocs...')
#9 {main}
ERROR - 2022-08-02 05:03:31 --> Unknown column 'log_media.user_id' in 'on clause'
CRITICAL - 2022-08-02 05:03:31 --> Unknown column 'log_media.user_id' in 'on clause'
#0 C:\xampp\htdocs\smartwholesale\client-report\system\Database\MySQLi\Connection.php(292): mysqli->query('SELECT log_page...', 0)
#1 C:\xampp\htdocs\smartwholesale\client-report\system\Database\BaseConnection.php(670): CodeIgniter\Database\MySQLi\Connection->execute('SELECT log_page...')
#2 C:\xampp\htdocs\smartwholesale\client-report\system\Database\BaseConnection.php(598): CodeIgniter\Database\BaseConnection->simpleQuery('SELECT log_page...')
#3 C:\xampp\htdocs\smartwholesale\client-report\app\Controllers\Logs.php(33): CodeIgniter\Database\BaseConnection->query('SELECT log_page...')
#4 C:\xampp\htdocs\smartwholesale\client-report\system\CodeIgniter.php(824): App\Controllers\Logs->index()
#5 C:\xampp\htdocs\smartwholesale\client-report\system\CodeIgniter.php(410): CodeIgniter\CodeIgniter->runController(Object(App\Controllers\Logs))
#6 C:\xampp\htdocs\smartwholesale\client-report\system\CodeIgniter.php(318): CodeIgniter\CodeIgniter->handleRequest(NULL, Object(Config\Cache), false)
#7 C:\xampp\htdocs\smartwholesale\client-report\public\index.php(37): CodeIgniter\CodeIgniter->run()
#8 C:\xampp\htdocs\smartwholesale\client-report\system\Commands\Server\rewrite.php(43): require_once('C:\\xampp\\htdocs...')
#9 {main}
ERROR - 2022-08-02 05:03:32 --> Unknown column 'log_media.user_id' in 'on clause'
CRITICAL - 2022-08-02 05:03:32 --> Unknown column 'log_media.user_id' in 'on clause'
#0 C:\xampp\htdocs\smartwholesale\client-report\system\Database\MySQLi\Connection.php(292): mysqli->query('SELECT log_page...', 0)
#1 C:\xampp\htdocs\smartwholesale\client-report\system\Database\BaseConnection.php(670): CodeIgniter\Database\MySQLi\Connection->execute('SELECT log_page...')
#2 C:\xampp\htdocs\smartwholesale\client-report\system\Database\BaseConnection.php(598): CodeIgniter\Database\BaseConnection->simpleQuery('SELECT log_page...')
#3 C:\xampp\htdocs\smartwholesale\client-report\app\Controllers\Logs.php(33): CodeIgniter\Database\BaseConnection->query('SELECT log_page...')
#4 C:\xampp\htdocs\smartwholesale\client-report\system\CodeIgniter.php(824): App\Controllers\Logs->index()
#5 C:\xampp\htdocs\smartwholesale\client-report\system\CodeIgniter.php(410): CodeIgniter\CodeIgniter->runController(Object(App\Controllers\Logs))
#6 C:\xampp\htdocs\smartwholesale\client-report\system\CodeIgniter.php(318): CodeIgniter\CodeIgniter->handleRequest(NULL, Object(Config\Cache), false)
#7 C:\xampp\htdocs\smartwholesale\client-report\public\index.php(37): CodeIgniter\CodeIgniter->run()
#8 C:\xampp\htdocs\smartwholesale\client-report\system\Commands\Server\rewrite.php(43): require_once('C:\\xampp\\htdocs...')
#9 {main}
ERROR - 2022-08-02 05:03:56 --> Unknown column 'page' in 'field list'
CRITICAL - 2022-08-02 05:03:56 --> Unknown column 'page' in 'field list'
#0 C:\xampp\htdocs\smartwholesale\client-report\system\Database\MySQLi\Connection.php(292): mysqli->query('SELECT count(id...', 0)
#1 C:\xampp\htdocs\smartwholesale\client-report\system\Database\BaseConnection.php(670): CodeIgniter\Database\MySQLi\Connection->execute('SELECT count(id...')
#2 C:\xampp\htdocs\smartwholesale\client-report\system\Database\BaseConnection.php(598): CodeIgniter\Database\BaseConnection->simpleQuery('SELECT count(id...')
#3 C:\xampp\htdocs\smartwholesale\client-report\app\Controllers\Logs.php(34): CodeIgniter\Database\BaseConnection->query('SELECT count(id...')
#4 C:\xampp\htdocs\smartwholesale\client-report\system\CodeIgniter.php(824): App\Controllers\Logs->index()
#5 C:\xampp\htdocs\smartwholesale\client-report\system\CodeIgniter.php(410): CodeIgniter\CodeIgniter->runController(Object(App\Controllers\Logs))
#6 C:\xampp\htdocs\smartwholesale\client-report\system\CodeIgniter.php(318): CodeIgniter\CodeIgniter->handleRequest(NULL, Object(Config\Cache), false)
#7 C:\xampp\htdocs\smartwholesale\client-report\public\index.php(37): CodeIgniter\CodeIgniter->run()
#8 C:\xampp\htdocs\smartwholesale\client-report\system\Commands\Server\rewrite.php(43): require_once('C:\\xampp\\htdocs...')
#9 {main}
ERROR - 2022-08-02 05:04:08 --> Unknown column 'page' in 'field list'
CRITICAL - 2022-08-02 05:04:08 --> Unknown column 'page' in 'field list'
#0 C:\xampp\htdocs\smartwholesale\client-report\system\Database\MySQLi\Connection.php(292): mysqli->query('SELECT count(id...', 0)
#1 C:\xampp\htdocs\smartwholesale\client-report\system\Database\BaseConnection.php(670): CodeIgniter\Database\MySQLi\Connection->execute('SELECT count(id...')
#2 C:\xampp\htdocs\smartwholesale\client-report\system\Database\BaseConnection.php(598): CodeIgniter\Database\BaseConnection->simpleQuery('SELECT count(id...')
#3 C:\xampp\htdocs\smartwholesale\client-report\app\Controllers\Logs.php(34): CodeIgniter\Database\BaseConnection->query('SELECT count(id...')
#4 C:\xampp\htdocs\smartwholesale\client-report\system\CodeIgniter.php(824): App\Controllers\Logs->index()
#5 C:\xampp\htdocs\smartwholesale\client-report\system\CodeIgniter.php(410): CodeIgniter\CodeIgniter->runController(Object(App\Controllers\Logs))
#6 C:\xampp\htdocs\smartwholesale\client-report\system\CodeIgniter.php(318): CodeIgniter\CodeIgniter->handleRequest(NULL, Object(Config\Cache), false)
#7 C:\xampp\htdocs\smartwholesale\client-report\public\index.php(37): CodeIgniter\CodeIgniter->run()
#8 C:\xampp\htdocs\smartwholesale\client-report\system\Commands\Server\rewrite.php(43): require_once('C:\\xampp\\htdocs...')
#9 {main}
CRITICAL - 2022-08-02 05:04:17 --> Undefined offset: 0
#0 C:\xampp\htdocs\smartwholesale\client-report\app\Views\administrator\logs.php(413): CodeIgniter\Debug\Exceptions->errorHandler(8, 'Undefined offse...', 'C:\\xampp\\htdocs...', 413, Array)
#1 C:\xampp\htdocs\smartwholesale\client-report\system\View\View.php(214): include('C:\\xampp\\htdocs...')
#2 C:\xampp\htdocs\smartwholesale\client-report\system\View\View.php(217): CodeIgniter\View\View->CodeIgniter\View\{closure}()
#3 C:\xampp\htdocs\smartwholesale\client-report\system\Common.php(1097): CodeIgniter\View\View->render('administrator/l...', Array, true)
#4 C:\xampp\htdocs\smartwholesale\client-report\app\Controllers\Logs.php(51): view('administrator/l...', Array)
#5 C:\xampp\htdocs\smartwholesale\client-report\system\CodeIgniter.php(824): App\Controllers\Logs->index()
#6 C:\xampp\htdocs\smartwholesale\client-report\system\CodeIgniter.php(410): CodeIgniter\CodeIgniter->runController(Object(App\Controllers\Logs))
#7 C:\xampp\htdocs\smartwholesale\client-report\system\CodeIgniter.php(318): CodeIgniter\CodeIgniter->handleRequest(NULL, Object(Config\Cache), false)
#8 C:\xampp\htdocs\smartwholesale\client-report\public\index.php(37): CodeIgniter\CodeIgniter->run()
#9 C:\xampp\htdocs\smartwholesale\client-report\system\Commands\Server\rewrite.php(43): require_once('C:\\xampp\\htdocs...')
#10 {main}
CRITICAL - 2022-08-02 05:43:51 --> Class 'App\Controllers\Spreadsheet' not found
#0 C:\xampp\htdocs\smartwholesale\client-report\system\CodeIgniter.php(824): App\Controllers\Logs->exportLoginAct()
#1 C:\xampp\htdocs\smartwholesale\client-report\system\CodeIgniter.php(410): CodeIgniter\CodeIgniter->runController(Object(App\Controllers\Logs))
#2 C:\xampp\htdocs\smartwholesale\client-report\system\CodeIgniter.php(318): CodeIgniter\CodeIgniter->handleRequest(NULL, Object(Config\Cache), false)
#3 C:\xampp\htdocs\smartwholesale\client-report\public\index.php(37): CodeIgniter\CodeIgniter->run()
#4 C:\xampp\htdocs\smartwholesale\client-report\system\Commands\Server\rewrite.php(43): require_once('C:\\xampp\\htdocs...')
#5 {main}
CRITICAL - 2022-08-02 05:44:10 --> fopen(file/Login Log 1659437050.xlsx): failed to open stream: No such file or directory
#0 [internal function]: CodeIgniter\Debug\Exceptions->errorHandler(2, 'fopen(file/Logi...', 'C:\\xampp\\htdocs...', 123, Array)
#1 C:\xampp\htdocs\smartwholesale\client-report\vendor\phpoffice\phpspreadsheet\src\PhpSpreadsheet\Writer\BaseWriter.php(123): fopen('file/Login Log ...', 'wb+')
#2 C:\xampp\htdocs\smartwholesale\client-report\vendor\phpoffice\phpspreadsheet\src\PhpSpreadsheet\Writer\Xlsx.php(506): PhpOffice\PhpSpreadsheet\Writer\BaseWriter->openFileHandle('file/Login Log ...')
#3 C:\xampp\htdocs\smartwholesale\client-report\app\Controllers\Logs.php(112): PhpOffice\PhpSpreadsheet\Writer\Xlsx->save('file/Login Log ...')
#4 C:\xampp\htdocs\smartwholesale\client-report\system\CodeIgniter.php(824): App\Controllers\Logs->exportLoginAct()
#5 C:\xampp\htdocs\smartwholesale\client-report\system\CodeIgniter.php(410): CodeIgniter\CodeIgniter->runController(Object(App\Controllers\Logs))
#6 C:\xampp\htdocs\smartwholesale\client-report\system\CodeIgniter.php(318): CodeIgniter\CodeIgniter->handleRequest(NULL, Object(Config\Cache), false)
#7 C:\xampp\htdocs\smartwholesale\client-report\public\index.php(37): CodeIgniter\CodeIgniter->run()
#8 C:\xampp\htdocs\smartwholesale\client-report\system\Commands\Server\rewrite.php(43): require_once('C:\\xampp\\htdocs...')
#9 {main}
CRITICAL - 2022-08-02 05:44:18 --> fopen(file/Login Log 1659437058.xlsx): failed to open stream: No such file or directory
#0 [internal function]: CodeIgniter\Debug\Exceptions->errorHandler(2, 'fopen(file/Logi...', 'C:\\xampp\\htdocs...', 123, Array)
#1 C:\xampp\htdocs\smartwholesale\client-report\vendor\phpoffice\phpspreadsheet\src\PhpSpreadsheet\Writer\BaseWriter.php(123): fopen('file/Login Log ...', 'wb+')
#2 C:\xampp\htdocs\smartwholesale\client-report\vendor\phpoffice\phpspreadsheet\src\PhpSpreadsheet\Writer\Xlsx.php(506): PhpOffice\PhpSpreadsheet\Writer\BaseWriter->openFileHandle('file/Login Log ...')
#3 C:\xampp\htdocs\smartwholesale\client-report\app\Controllers\Logs.php(112): PhpOffice\PhpSpreadsheet\Writer\Xlsx->save('file/Login Log ...')
#4 C:\xampp\htdocs\smartwholesale\client-report\system\CodeIgniter.php(824): App\Controllers\Logs->exportLoginAct()
#5 C:\xampp\htdocs\smartwholesale\client-report\system\CodeIgniter.php(410): CodeIgniter\CodeIgniter->runController(Object(App\Controllers\Logs))
#6 C:\xampp\htdocs\smartwholesale\client-report\system\CodeIgniter.php(318): CodeIgniter\CodeIgniter->handleRequest(NULL, Object(Config\Cache), false)
#7 C:\xampp\htdocs\smartwholesale\client-report\public\index.php(37): CodeIgniter\CodeIgniter->run()
#8 C:\xampp\htdocs\smartwholesale\client-report\system\Commands\Server\rewrite.php(43): require_once('C:\\xampp\\htdocs...')
#9 {main}
CRITICAL - 2022-08-02 05:48:47 --> Undefined property: stdClass::$page
#0 C:\xampp\htdocs\smartwholesale\client-report\app\Controllers\Logs.php(183): CodeIgniter\Debug\Exceptions->errorHandler(8, 'Undefined prope...', 'C:\\xampp\\htdocs...', 183, Array)
#1 C:\xampp\htdocs\smartwholesale\client-report\system\CodeIgniter.php(824): App\Controllers\Logs->exportSocialAct()
#2 C:\xampp\htdocs\smartwholesale\client-report\system\CodeIgniter.php(410): CodeIgniter\CodeIgniter->runController(Object(App\Controllers\Logs))
#3 C:\xampp\htdocs\smartwholesale\client-report\system\CodeIgniter.php(318): CodeIgniter\CodeIgniter->handleRequest(NULL, Object(Config\Cache), false)
#4 C:\xampp\htdocs\smartwholesale\client-report\public\index.php(37): CodeIgniter\CodeIgniter->run()
#5 C:\xampp\htdocs\smartwholesale\client-report\system\Commands\Server\rewrite.php(43): require_once('C:\\xampp\\htdocs...')
#6 {main}
CRITICAL - 2022-08-02 05:50:03 --> Undefined property: stdClass::$media
#0 C:\xampp\htdocs\smartwholesale\client-report\app\Controllers\Logs.php(183): CodeIgniter\Debug\Exceptions->errorHandler(8, 'Undefined prope...', 'C:\\xampp\\htdocs...', 183, Array)
#1 C:\xampp\htdocs\smartwholesale\client-report\system\CodeIgniter.php(824): App\Controllers\Logs->exportSocialAct()
#2 C:\xampp\htdocs\smartwholesale\client-report\system\CodeIgniter.php(410): CodeIgniter\CodeIgniter->runController(Object(App\Controllers\Logs))
#3 C:\xampp\htdocs\smartwholesale\client-report\system\CodeIgniter.php(318): CodeIgniter\CodeIgniter->handleRequest(NULL, Object(Config\Cache), false)
#4 C:\xampp\htdocs\smartwholesale\client-report\public\index.php(37): CodeIgniter\CodeIgniter->run()
#5 C:\xampp\htdocs\smartwholesale\client-report\system\Commands\Server\rewrite.php(43): require_once('C:\\xampp\\htdocs...')
#6 {main}
