CRITICAL - 2022-01-31 03:02:18 --> Trying to get property 'file' of non-object
#0 C:\xampp\htdocs\wholesales\client-report\app\Controllers\Admin\Reports.php(182): CodeIgniter\Debug\Exceptions->errorHandler(8, 'Trying to get p...', 'C:\\xampp\\htdocs...', 182, Array)
#1 C:\xampp\htdocs\wholesales\client-report\system\CodeIgniter.php(824): App\Controllers\Admin\Reports->deleteReport('773')
#2 C:\xampp\htdocs\wholesales\client-report\system\CodeIgniter.php(410): CodeIgniter\CodeIgniter->runController(Object(App\Controllers\Admin\Reports))
#3 C:\xampp\htdocs\wholesales\client-report\system\CodeIgniter.php(318): CodeIgniter\CodeIgniter->handleRequest(NULL, Object(Config\Cache), false)
#4 C:\xampp\htdocs\wholesales\client-report\public\index.php(37): CodeIgniter\CodeIgniter->run()
#5 C:\xampp\htdocs\wholesales\client-report\system\Commands\Server\rewrite.php(43): require_once('C:\\xampp\\htdocs...')
#6 {main}
CRITICAL - 2022-01-31 03:04:42 --> Trying to get property 'file' of non-object
#0 C:\xampp\htdocs\wholesales\client-report\app\Controllers\Admin\Reports.php(183): CodeIgniter\Debug\Exceptions->errorHandler(8, 'Trying to get p...', 'C:\\xampp\\htdocs...', 183, Array)
#1 C:\xampp\htdocs\wholesales\client-report\system\CodeIgniter.php(824): App\Controllers\Admin\Reports->deleteReport('864')
#2 C:\xampp\htdocs\wholesales\client-report\system\CodeIgniter.php(410): CodeIgniter\CodeIgniter->runController(Object(App\Controllers\Admin\Reports))
#3 C:\xampp\htdocs\wholesales\client-report\system\CodeIgniter.php(318): CodeIgniter\CodeIgniter->handleRequest(NULL, Object(Config\Cache), false)
#4 C:\xampp\htdocs\wholesales\client-report\public\index.php(37): CodeIgniter\CodeIgniter->run()
#5 C:\xampp\htdocs\wholesales\client-report\system\Commands\Server\rewrite.php(43): require_once('C:\\xampp\\htdocs...')
#6 {main}
CRITICAL - 2022-01-31 03:05:11 --> unlink(files/16435362252001B - Alan Charpentier - Maxed Out Exclusives (SFBA) - $7k - Unrestricted Designer Women's Clothing - 9_1_20.xlsx): No such file or directory
#0 [internal function]: CodeIgniter\Debug\Exceptions->errorHandler(2, 'unlink(files/16...', 'C:\\xampp\\htdocs...', 184, Array)
#1 C:\xampp\htdocs\wholesales\client-report\app\Controllers\Admin\Reports.php(184): unlink('files/164353622...')
#2 C:\xampp\htdocs\wholesales\client-report\system\CodeIgniter.php(824): App\Controllers\Admin\Reports->deleteReport('864')
#3 C:\xampp\htdocs\wholesales\client-report\system\CodeIgniter.php(410): CodeIgniter\CodeIgniter->runController(Object(App\Controllers\Admin\Reports))
#4 C:\xampp\htdocs\wholesales\client-report\system\CodeIgniter.php(318): CodeIgniter\CodeIgniter->handleRequest(NULL, Object(Config\Cache), false)
#5 C:\xampp\htdocs\wholesales\client-report\public\index.php(37): CodeIgniter\CodeIgniter->run()
#6 C:\xampp\htdocs\wholesales\client-report\system\Commands\Server\rewrite.php(43): require_once('C:\\xampp\\htdocs...')
#7 {main}
CRITICAL - 2022-01-31 03:26:31 --> Object of class stdClass could not be converted to string
#0 C:\xampp\htdocs\wholesales\client-report\system\CodeIgniter.php(824): App\Controllers\Admin\Reports->deleteReport('865')
#1 C:\xampp\htdocs\wholesales\client-report\system\CodeIgniter.php(410): CodeIgniter\CodeIgniter->runController(Object(App\Controllers\Admin\Reports))
#2 C:\xampp\htdocs\wholesales\client-report\system\CodeIgniter.php(318): CodeIgniter\CodeIgniter->handleRequest(NULL, Object(Config\Cache), false)
#3 C:\xampp\htdocs\wholesales\client-report\public\index.php(37): CodeIgniter\CodeIgniter->run()
#4 C:\xampp\htdocs\wholesales\client-report\system\Commands\Server\rewrite.php(43): require_once('C:\\xampp\\htdocs...')
#5 {main}
ERROR - 2022-01-31 07:26:32 --> Column 'client_id' in group statement is ambiguous
CRITICAL - 2022-01-31 07:26:32 --> Column 'client_id' in group statement is ambiguous
#0 C:\xampp\htdocs\wholesales\client-report\system\Database\MySQLi\Connection.php(292): mysqli->query('SELECT investme...', 0)
#1 C:\xampp\htdocs\wholesales\client-report\system\Database\BaseConnection.php(670): CodeIgniter\Database\MySQLi\Connection->execute('SELECT investme...')
#2 C:\xampp\htdocs\wholesales\client-report\system\Database\BaseConnection.php(598): CodeIgniter\Database\BaseConnection->simpleQuery('SELECT investme...')
#3 C:\xampp\htdocs\wholesales\client-report\app\Models\AssignReportModel.php(45): CodeIgniter\Database\BaseConnection->query('SELECT investme...')
#4 C:\xampp\htdocs\wholesales\client-report\app\Controllers\Admin\Reports.php(349): App\Models\AssignReportModel->getAllClient()
#5 C:\xampp\htdocs\wholesales\client-report\system\CodeIgniter.php(824): App\Controllers\Admin\Reports->assignmentReport()
#6 C:\xampp\htdocs\wholesales\client-report\system\CodeIgniter.php(410): CodeIgniter\CodeIgniter->runController(Object(App\Controllers\Admin\Reports))
#7 C:\xampp\htdocs\wholesales\client-report\system\CodeIgniter.php(318): CodeIgniter\CodeIgniter->handleRequest(NULL, Object(Config\Cache), false)
#8 C:\xampp\htdocs\wholesales\client-report\public\index.php(37): CodeIgniter\CodeIgniter->run()
#9 C:\xampp\htdocs\wholesales\client-report\system\Commands\Server\rewrite.php(43): require_once('C:\\xampp\\htdocs...')
#10 {main}
CRITICAL - 2022-01-31 18:53:09 --> Trying to get property 'category_name' of non-object
#0 C:\xampp\htdocs\wholesales\client-report\app\Controllers\Clients.php(84): CodeIgniter\Debug\Exceptions->errorHandler(8, 'Trying to get p...', 'C:\\xampp\\htdocs...', 84, Array)
#1 C:\xampp\htdocs\wholesales\client-report\system\CodeIgniter.php(824): App\Controllers\Clients->index()
#2 C:\xampp\htdocs\wholesales\client-report\system\CodeIgniter.php(410): CodeIgniter\CodeIgniter->runController(Object(App\Controllers\Clients))
#3 C:\xampp\htdocs\wholesales\client-report\system\CodeIgniter.php(318): CodeIgniter\CodeIgniter->handleRequest(NULL, Object(Config\Cache), false)
#4 C:\xampp\htdocs\wholesales\client-report\public\index.php(37): CodeIgniter\CodeIgniter->run()
#5 C:\xampp\htdocs\wholesales\client-report\system\Commands\Server\rewrite.php(43): require_once('C:\\xampp\\htdocs...')
#6 {main}
CRITICAL - 2022-01-31 18:53:11 --> Trying to get property 'category_name' of non-object
#0 C:\xampp\htdocs\wholesales\client-report\app\Controllers\Clients.php(84): CodeIgniter\Debug\Exceptions->errorHandler(8, 'Trying to get p...', 'C:\\xampp\\htdocs...', 84, Array)
#1 C:\xampp\htdocs\wholesales\client-report\system\CodeIgniter.php(824): App\Controllers\Clients->index()
#2 C:\xampp\htdocs\wholesales\client-report\system\CodeIgniter.php(410): CodeIgniter\CodeIgniter->runController(Object(App\Controllers\Clients))
#3 C:\xampp\htdocs\wholesales\client-report\system\CodeIgniter.php(318): CodeIgniter\CodeIgniter->handleRequest(NULL, Object(Config\Cache), false)
#4 C:\xampp\htdocs\wholesales\client-report\public\index.php(37): CodeIgniter\CodeIgniter->run()
#5 C:\xampp\htdocs\wholesales\client-report\system\Commands\Server\rewrite.php(43): require_once('C:\\xampp\\htdocs...')
#6 {main}
