CRITICAL - 2022-09-11 00:07:52 --> syntax error, unexpected token "=>"
#0 C:\xampp\htdocs\smartwholesale\client-report\system\Autoloader\Autoloader.php(241): CodeIgniter\Autoloader\Autoloader->includeFile('C:\\xampp\\htdocs...')
#1 C:\xampp\htdocs\smartwholesale\client-report\system\Autoloader\Autoloader.php(219): CodeIgniter\Autoloader\Autoloader->loadInNamespace('App\\Controllers...')
#2 [internal function]: CodeIgniter\Autoloader\Autoloader->loadClass('App\\Controllers...')
#3 C:\xampp\htdocs\smartwholesale\client-report\system\CodeIgniter.php(789): class_exists('\\App\\Controller...', true)
#4 C:\xampp\htdocs\smartwholesale\client-report\system\CodeIgniter.php(397): CodeIgniter\CodeIgniter->startController()
#5 C:\xampp\htdocs\smartwholesale\client-report\system\CodeIgniter.php(318): CodeIgniter\CodeIgniter->handleRequest(NULL, Object(Config\Cache), false)
#6 C:\xampp\htdocs\smartwholesale\client-report\public\index.php(37): CodeIgniter\CodeIgniter->run()
#7 C:\xampp\htdocs\smartwholesale\client-report\system\Commands\Server\rewrite.php(43): require_once('C:\\xampp\\htdocs...')
#8 {main}
CRITICAL - 2022-09-11 00:08:02 --> File "" does not exist.
#0 C:\xampp\htdocs\smartwholesale\client-report\vendor\phpoffice\phpspreadsheet\src\PhpSpreadsheet\Reader\Xlsx.php(392): PhpOffice\PhpSpreadsheet\Shared\File::assertFile('', '_rels/.rels')
#1 C:\xampp\htdocs\smartwholesale\client-report\app\Controllers\Admin\Reports.php(1770): PhpOffice\PhpSpreadsheet\Reader\Xlsx->load('')
#2 C:\xampp\htdocs\smartwholesale\client-report\system\CodeIgniter.php(824): App\Controllers\Admin\Reports->uploadGeneratePL()
#3 C:\xampp\htdocs\smartwholesale\client-report\system\CodeIgniter.php(410): CodeIgniter\CodeIgniter->runController(Object(App\Controllers\Admin\Reports))
#4 C:\xampp\htdocs\smartwholesale\client-report\system\CodeIgniter.php(318): CodeIgniter\CodeIgniter->handleRequest(NULL, Object(Config\Cache), false)
#5 C:\xampp\htdocs\smartwholesale\client-report\public\index.php(37): CodeIgniter\CodeIgniter->run()
#6 C:\xampp\htdocs\smartwholesale\client-report\system\Commands\Server\rewrite.php(43): require_once('C:\\xampp\\htdocs...')
#7 {main}
CRITICAL - 2022-09-11 00:08:50 --> Undefined variable $skuNotFound
#0 C:\xampp\htdocs\smartwholesale\client-report\app\Views\administrator\transaction_detail.php(126): CodeIgniter\Debug\Exceptions->errorHandler(2, 'Undefined varia...', 'C:\\xampp\\htdocs...', 126)
#1 C:\xampp\htdocs\smartwholesale\client-report\system\View\View.php(214): include('C:\\xampp\\htdocs...')
#2 C:\xampp\htdocs\smartwholesale\client-report\system\View\View.php(217): CodeIgniter\View\View->CodeIgniter\View\{closure}()
#3 C:\xampp\htdocs\smartwholesale\client-report\system\Common.php(1097): CodeIgniter\View\View->render('administrator/t...', Array, true)
#4 C:\xampp\htdocs\smartwholesale\client-report\app\Controllers\Admin\Reports.php(1924): view('administrator/t...', Array)
#5 C:\xampp\htdocs\smartwholesale\client-report\system\CodeIgniter.php(824): App\Controllers\Admin\Reports->uploadGeneratePL()
#6 C:\xampp\htdocs\smartwholesale\client-report\system\CodeIgniter.php(410): CodeIgniter\CodeIgniter->runController(Object(App\Controllers\Admin\Reports))
#7 C:\xampp\htdocs\smartwholesale\client-report\system\CodeIgniter.php(318): CodeIgniter\CodeIgniter->handleRequest(NULL, Object(Config\Cache), false)
#8 C:\xampp\htdocs\smartwholesale\client-report\public\index.php(37): CodeIgniter\CodeIgniter->run()
#9 C:\xampp\htdocs\smartwholesale\client-report\system\Commands\Server\rewrite.php(43): require_once('C:\\xampp\\htdocs...')
#10 {main}
