CRITICAL - 2022-05-09 04:06:23 --> Invalid file: client/pl_report.php
#0 /Applications/MAMP/htdocs/smartfba/client-report/system/View/View.php(198): CodeIgniter\Exceptions\FrameworkException::forInvalidFile('client/pl_repor...')
#1 /Applications/MAMP/htdocs/smartfba/client-report/system/Common.php(1097): CodeIgniter\View\View->render('client/pl_repor...', Array, true)
#2 /Applications/MAMP/htdocs/smartfba/client-report/app/Controllers/Clients.php(196): view('client/pl_repor...', Array)
#3 /Applications/MAMP/htdocs/smartfba/client-report/system/CodeIgniter.php(824): App\Controllers\Clients->plReport()
#4 /Applications/MAMP/htdocs/smartfba/client-report/system/CodeIgniter.php(410): CodeIgniter\CodeIgniter->runController(Object(App\Controllers\Clients))
#5 /Applications/MAMP/htdocs/smartfba/client-report/system/CodeIgniter.php(318): CodeIgniter\CodeIgniter->handleRequest(NULL, Object(Config\Cache), false)
#6 /Applications/MAMP/htdocs/smartfba/client-report/public/index.php(37): CodeIgniter\CodeIgniter->run()
#7 /Applications/MAMP/htdocs/smartfba/client-report/system/Commands/Server/rewrite.php(43): require_once('/Applications/M...')
#8 {main}
CRITICAL - 2022-05-09 04:07:08 --> Division by zero
#0 /Applications/MAMP/htdocs/smartfba/client-report/app/Views/client/pl_report.php(54): CodeIgniter\Debug\Exceptions->errorHandler(2, 'Division by zer...', '/Applications/M...', 54, Array)
#1 /Applications/MAMP/htdocs/smartfba/client-report/system/View/View.php(214): include('/Applications/M...')
#2 /Applications/MAMP/htdocs/smartfba/client-report/system/View/View.php(217): CodeIgniter\View\View->CodeIgniter\View\{closure}()
#3 /Applications/MAMP/htdocs/smartfba/client-report/system/Common.php(1097): CodeIgniter\View\View->render('client/pl_repor...', Array, true)
#4 /Applications/MAMP/htdocs/smartfba/client-report/app/Controllers/Clients.php(196): view('client/pl_repor...', Array)
#5 /Applications/MAMP/htdocs/smartfba/client-report/system/CodeIgniter.php(824): App\Controllers\Clients->plReport()
#6 /Applications/MAMP/htdocs/smartfba/client-report/system/CodeIgniter.php(410): CodeIgniter\CodeIgniter->runController(Object(App\Controllers\Clients))
#7 /Applications/MAMP/htdocs/smartfba/client-report/system/CodeIgniter.php(318): CodeIgniter\CodeIgniter->handleRequest(NULL, Object(Config\Cache), false)
#8 /Applications/MAMP/htdocs/smartfba/client-report/public/index.php(37): CodeIgniter\CodeIgniter->run()
#9 /Applications/MAMP/htdocs/smartfba/client-report/system/Commands/Server/rewrite.php(43): require_once('/Applications/M...')
#10 {main}
CRITICAL - 2022-05-09 04:09:31 --> Undefined offset: 18
#0 /Applications/MAMP/htdocs/smartfba/client-report/app/Views/client/pl_report.php(82): CodeIgniter\Debug\Exceptions->errorHandler(8, 'Undefined offse...', '/Applications/M...', 82, Array)
#1 /Applications/MAMP/htdocs/smartfba/client-report/system/View/View.php(214): include('/Applications/M...')
#2 /Applications/MAMP/htdocs/smartfba/client-report/system/View/View.php(217): CodeIgniter\View\View->CodeIgniter\View\{closure}()
#3 /Applications/MAMP/htdocs/smartfba/client-report/system/Common.php(1097): CodeIgniter\View\View->render('client/pl_repor...', Array, true)
#4 /Applications/MAMP/htdocs/smartfba/client-report/app/Controllers/Clients.php(196): view('client/pl_repor...', Array)
#5 /Applications/MAMP/htdocs/smartfba/client-report/system/CodeIgniter.php(824): App\Controllers\Clients->plReport()
#6 /Applications/MAMP/htdocs/smartfba/client-report/system/CodeIgniter.php(410): CodeIgniter\CodeIgniter->runController(Object(App\Controllers\Clients))
#7 /Applications/MAMP/htdocs/smartfba/client-report/system/CodeIgniter.php(318): CodeIgniter\CodeIgniter->handleRequest(NULL, Object(Config\Cache), false)
#8 /Applications/MAMP/htdocs/smartfba/client-report/public/index.php(37): CodeIgniter\CodeIgniter->run()
#9 /Applications/MAMP/htdocs/smartfba/client-report/system/Commands/Server/rewrite.php(43): require_once('/Applications/M...')
#10 {main}
