CRITICAL - 2022-01-01 18:12:22 --> krsort() expects parameter 1 to be array, null given
#0 [internal function]: CodeIgniter\Debug\Exceptions->errorHandler(2, 'krsort() expect...', 'C:\\xampp\\htdocs...', 216, Array)
#1 C:\xampp\htdocs\wholesales\client-report\app\Views\client\dashboard.php(216): krsort(NULL)
#2 C:\xampp\htdocs\wholesales\client-report\system\View\View.php(214): include('C:\\xampp\\htdocs...')
#3 C:\xampp\htdocs\wholesales\client-report\system\View\View.php(217): CodeIgniter\View\View->CodeIgniter\View\{closure}()
#4 C:\xampp\htdocs\wholesales\client-report\system\Common.php(1097): CodeIgniter\View\View->render('client/dashboar...', Array, true)
#5 C:\xampp\htdocs\wholesales\client-report\app\Controllers\Clients.php(90): view('client/dashboar...', Array)
#6 C:\xampp\htdocs\wholesales\client-report\system\CodeIgniter.php(824): App\Controllers\Clients->index()
#7 C:\xampp\htdocs\wholesales\client-report\system\CodeIgniter.php(410): CodeIgniter\CodeIgniter->runController(Object(App\Controllers\Clients))
#8 C:\xampp\htdocs\wholesales\client-report\system\CodeIgniter.php(318): CodeIgniter\CodeIgniter->handleRequest(NULL, Object(Config\Cache), false)
#9 C:\xampp\htdocs\wholesales\client-report\public\index.php(37): CodeIgniter\CodeIgniter->run()
#10 C:\xampp\htdocs\wholesales\client-report\system\Commands\Server\rewrite.php(43): require_once('C:\\xampp\\htdocs...')
#11 {main}
CRITICAL - 2022-01-01 18:18:53 --> Call to undefined function dsort()
#0 C:\xampp\htdocs\wholesales\client-report\system\View\View.php(214): include()
#1 C:\xampp\htdocs\wholesales\client-report\system\View\View.php(217): CodeIgniter\View\View->CodeIgniter\View\{closure}()
#2 C:\xampp\htdocs\wholesales\client-report\system\Common.php(1097): CodeIgniter\View\View->render('client/dashboar...', Array, true)
#3 C:\xampp\htdocs\wholesales\client-report\app\Controllers\Clients.php(90): view('client/dashboar...', Array)
#4 C:\xampp\htdocs\wholesales\client-report\system\CodeIgniter.php(824): App\Controllers\Clients->index()
#5 C:\xampp\htdocs\wholesales\client-report\system\CodeIgniter.php(410): CodeIgniter\CodeIgniter->runController(Object(App\Controllers\Clients))
#6 C:\xampp\htdocs\wholesales\client-report\system\CodeIgniter.php(318): CodeIgniter\CodeIgniter->handleRequest(NULL, Object(Config\Cache), false)
#7 C:\xampp\htdocs\wholesales\client-report\public\index.php(37): CodeIgniter\CodeIgniter->run()
#8 C:\xampp\htdocs\wholesales\client-report\system\Commands\Server\rewrite.php(43): require_once('C:\\xampp\\htdocs...')
#9 {main}
