ERROR - 2023-05-31 01:57:31 --> You have an error in your SQL syntax; check the manual that corresponds to your MySQL server version for the right syntax to use near '"193372108013|)' at line 1
CRITICAL - 2023-05-31 01:57:31 --> You have an error in your SQL syntax; check the manual that corresponds to your MySQL server version for the right syntax to use near '"193372108013|)' at line 1
#0 /Applications/MAMP/htdocs/smartwholesale/client-report/system/Database/MySQLi/Connection.php(292): mysqli->query('SELECT fullname...', 0)
#1 /Applications/MAMP/htdocs/smartwholesale/client-report/system/Database/BaseConnection.php(670): CodeIgniter\Database\MySQLi\Connection->execute('SELECT fullname...')
#2 /Applications/MAMP/htdocs/smartwholesale/client-report/system/Database/BaseConnection.php(598): CodeIgniter\Database\BaseConnection->simpleQuery('SELECT fullname...')
#3 /Applications/MAMP/htdocs/smartwholesale/client-report/app/Controllers/UPC.php(165): CodeIgniter\Database\BaseConnection->query('SELECT fullname...')
#4 /Applications/MAMP/htdocs/smartwholesale/client-report/system/CodeIgniter.php(824): App\Controllers\UPC->uploadUPCSearch()
#5 /Applications/MAMP/htdocs/smartwholesale/client-report/system/CodeIgniter.php(410): CodeIgniter\CodeIgniter->runController(Object(App\Controllers\UPC))
#6 /Applications/MAMP/htdocs/smartwholesale/client-report/system/CodeIgniter.php(318): CodeIgniter\CodeIgniter->handleRequest(NULL, Object(Config\Cache), false)
#7 /Applications/MAMP/htdocs/smartwholesale/client-report/public/index.php(37): CodeIgniter\CodeIgniter->run()
#8 /Applications/MAMP/htdocs/smartwholesale/client-report/system/Commands/Server/rewrite.php(43): require_once('/Applications/M...')
#9 {main}
ERROR - 2023-05-31 01:57:59 --> You have an error in your SQL syntax; check the manual that corresponds to your MySQL server version for the right syntax to use near ')' at line 1
CRITICAL - 2023-05-31 01:57:59 --> You have an error in your SQL syntax; check the manual that corresponds to your MySQL server version for the right syntax to use near ')' at line 1
#0 /Applications/MAMP/htdocs/smartwholesale/client-report/system/Database/MySQLi/Connection.php(292): mysqli->query('SELECT fullname...', 0)
#1 /Applications/MAMP/htdocs/smartwholesale/client-report/system/Database/BaseConnection.php(670): CodeIgniter\Database\MySQLi\Connection->execute('SELECT fullname...')
#2 /Applications/MAMP/htdocs/smartwholesale/client-report/system/Database/BaseConnection.php(598): CodeIgniter\Database\BaseConnection->simpleQuery('SELECT fullname...')
#3 /Applications/MAMP/htdocs/smartwholesale/client-report/app/Controllers/UPC.php(160): CodeIgniter\Database\BaseConnection->query('SELECT fullname...')
#4 /Applications/MAMP/htdocs/smartwholesale/client-report/system/CodeIgniter.php(824): App\Controllers\UPC->uploadUPCSearch()
#5 /Applications/MAMP/htdocs/smartwholesale/client-report/system/CodeIgniter.php(410): CodeIgniter\CodeIgniter->runController(Object(App\Controllers\UPC))
#6 /Applications/MAMP/htdocs/smartwholesale/client-report/system/CodeIgniter.php(318): CodeIgniter\CodeIgniter->handleRequest(NULL, Object(Config\Cache), false)
#7 /Applications/MAMP/htdocs/smartwholesale/client-report/public/index.php(37): CodeIgniter\CodeIgniter->run()
#8 /Applications/MAMP/htdocs/smartwholesale/client-report/system/Commands/Server/rewrite.php(43): require_once('/Applications/M...')
#9 {main}
ERROR - 2023-05-31 02:03:03 --> You have an error in your SQL syntax; check the manual that corresponds to your MySQL server version for the right syntax to use near ')' at line 1
CRITICAL - 2023-05-31 02:03:03 --> You have an error in your SQL syntax; check the manual that corresponds to your MySQL server version for the right syntax to use near ')' at line 1
#0 /Applications/MAMP/htdocs/smartwholesale/client-report/system/Database/MySQLi/Connection.php(292): mysqli->query('SELECT fullname...', 0)
#1 /Applications/MAMP/htdocs/smartwholesale/client-report/system/Database/BaseConnection.php(670): CodeIgniter\Database\MySQLi\Connection->execute('SELECT fullname...')
#2 /Applications/MAMP/htdocs/smartwholesale/client-report/system/Database/BaseConnection.php(598): CodeIgniter\Database\BaseConnection->simpleQuery('SELECT fullname...')
#3 /Applications/MAMP/htdocs/smartwholesale/client-report/app/Controllers/UPC.php(159): CodeIgniter\Database\BaseConnection->query('SELECT fullname...')
#4 /Applications/MAMP/htdocs/smartwholesale/client-report/system/CodeIgniter.php(824): App\Controllers\UPC->uploadUPCSearch()
#5 /Applications/MAMP/htdocs/smartwholesale/client-report/system/CodeIgniter.php(410): CodeIgniter\CodeIgniter->runController(Object(App\Controllers\UPC))
#6 /Applications/MAMP/htdocs/smartwholesale/client-report/system/CodeIgniter.php(318): CodeIgniter\CodeIgniter->handleRequest(NULL, Object(Config\Cache), false)
#7 /Applications/MAMP/htdocs/smartwholesale/client-report/public/index.php(37): CodeIgniter\CodeIgniter->run()
#8 /Applications/MAMP/htdocs/smartwholesale/client-report/system/Commands/Server/rewrite.php(43): require_once('/Applications/M...')
#9 {main}
CRITICAL - 2023-05-31 02:17:58 --> syntax error, unexpected 'as' (T_AS), expecting variable (T_VARIABLE) or '{' or '$'
#0 /Applications/MAMP/htdocs/smartwholesale/client-report/system/Autoloader/Autoloader.php(241): CodeIgniter\Autoloader\Autoloader->includeFile('/Applications/M...')
#1 /Applications/MAMP/htdocs/smartwholesale/client-report/system/Autoloader/Autoloader.php(219): CodeIgniter\Autoloader\Autoloader->loadInNamespace('App\\Controllers...')
#2 [internal function]: CodeIgniter\Autoloader\Autoloader->loadClass('App\\Controllers...')
#3 [internal function]: spl_autoload_call('App\\Controllers...')
#4 /Applications/MAMP/htdocs/smartwholesale/client-report/system/CodeIgniter.php(789): class_exists('\\App\\Controller...', true)
#5 /Applications/MAMP/htdocs/smartwholesale/client-report/system/CodeIgniter.php(397): CodeIgniter\CodeIgniter->startController()
#6 /Applications/MAMP/htdocs/smartwholesale/client-report/system/CodeIgniter.php(318): CodeIgniter\CodeIgniter->handleRequest(NULL, Object(Config\Cache), false)
#7 /Applications/MAMP/htdocs/smartwholesale/client-report/public/index.php(37): CodeIgniter\CodeIgniter->run()
#8 /Applications/MAMP/htdocs/smartwholesale/client-report/system/Commands/Server/rewrite.php(43): require_once('/Applications/M...')
#9 {main}
CRITICAL - 2023-05-31 02:18:20 --> Call to a member function getResultObject() on array
#0 /Applications/MAMP/htdocs/smartwholesale/client-report/system/CodeIgniter.php(824): App\Controllers\UPC->uploadUPCSearch()
#1 /Applications/MAMP/htdocs/smartwholesale/client-report/system/CodeIgniter.php(410): CodeIgniter\CodeIgniter->runController(Object(App\Controllers\UPC))
#2 /Applications/MAMP/htdocs/smartwholesale/client-report/system/CodeIgniter.php(318): CodeIgniter\CodeIgniter->handleRequest(NULL, Object(Config\Cache), false)
#3 /Applications/MAMP/htdocs/smartwholesale/client-report/public/index.php(37): CodeIgniter\CodeIgniter->run()
#4 /Applications/MAMP/htdocs/smartwholesale/client-report/system/Commands/Server/rewrite.php(43): require_once('/Applications/M...')
#5 {main}
CRITICAL - 2023-05-31 02:18:58 --> Call to a member function getResultObject() on array
#0 /Applications/MAMP/htdocs/smartwholesale/client-report/system/CodeIgniter.php(824): App\Controllers\UPC->uploadUPCSearch()
#1 /Applications/MAMP/htdocs/smartwholesale/client-report/system/CodeIgniter.php(410): CodeIgniter\CodeIgniter->runController(Object(App\Controllers\UPC))
#2 /Applications/MAMP/htdocs/smartwholesale/client-report/system/CodeIgniter.php(318): CodeIgniter\CodeIgniter->handleRequest(NULL, Object(Config\Cache), false)
#3 /Applications/MAMP/htdocs/smartwholesale/client-report/public/index.php(37): CodeIgniter\CodeIgniter->run()
#4 /Applications/MAMP/htdocs/smartwholesale/client-report/system/Commands/Server/rewrite.php(43): require_once('/Applications/M...')
#5 {main}
CRITICAL - 2023-05-31 02:19:31 --> strstr(): needle is not a string or an integer
#0 [internal function]: CodeIgniter\Debug\Exceptions->errorHandler(2, 'strstr(): needl...', '/Applications/M...', 167, Array)
#1 /Applications/MAMP/htdocs/smartwholesale/client-report/app/Controllers/UPC.php(167): strstr('190917332292', Array)
#2 /Applications/MAMP/htdocs/smartwholesale/client-report/system/CodeIgniter.php(824): App\Controllers\UPC->uploadUPCSearch()
#3 /Applications/MAMP/htdocs/smartwholesale/client-report/system/CodeIgniter.php(410): CodeIgniter\CodeIgniter->runController(Object(App\Controllers\UPC))
#4 /Applications/MAMP/htdocs/smartwholesale/client-report/system/CodeIgniter.php(318): CodeIgniter\CodeIgniter->handleRequest(NULL, Object(Config\Cache), false)
#5 /Applications/MAMP/htdocs/smartwholesale/client-report/public/index.php(37): CodeIgniter\CodeIgniter->run()
#6 /Applications/MAMP/htdocs/smartwholesale/client-report/system/Commands/Server/rewrite.php(43): require_once('/Applications/M...')
#7 {main}
CRITICAL - 2023-05-31 02:19:57 --> strstr(): Non-string needles will be interpreted as strings in the future. Use an explicit chr() call to preserve the current behavior
#0 [internal function]: CodeIgniter\Debug\Exceptions->errorHandler(8192, 'strstr(): Non-s...', '/Applications/M...', 167, Array)
#1 /Applications/MAMP/htdocs/smartwholesale/client-report/app/Controllers/UPC.php(167): strstr('190917332292', NULL)
#2 /Applications/MAMP/htdocs/smartwholesale/client-report/system/CodeIgniter.php(824): App\Controllers\UPC->uploadUPCSearch()
#3 /Applications/MAMP/htdocs/smartwholesale/client-report/system/CodeIgniter.php(410): CodeIgniter\CodeIgniter->runController(Object(App\Controllers\UPC))
#4 /Applications/MAMP/htdocs/smartwholesale/client-report/system/CodeIgniter.php(318): CodeIgniter\CodeIgniter->handleRequest(NULL, Object(Config\Cache), false)
#5 /Applications/MAMP/htdocs/smartwholesale/client-report/public/index.php(37): CodeIgniter\CodeIgniter->run()
#6 /Applications/MAMP/htdocs/smartwholesale/client-report/system/Commands/Server/rewrite.php(43): require_once('/Applications/M...')
#7 {main}
CRITICAL - 2023-05-31 02:22:01 --> strstr(): Non-string needles will be interpreted as strings in the future. Use an explicit chr() call to preserve the current behavior
#0 [internal function]: CodeIgniter\Debug\Exceptions->errorHandler(8192, 'strstr(): Non-s...', '/Applications/M...', 169, Array)
#1 /Applications/MAMP/htdocs/smartwholesale/client-report/app/Controllers/UPC.php(169): strstr('190917332292', NULL)
#2 /Applications/MAMP/htdocs/smartwholesale/client-report/system/CodeIgniter.php(824): App\Controllers\UPC->uploadUPCSearch()
#3 /Applications/MAMP/htdocs/smartwholesale/client-report/system/CodeIgniter.php(410): CodeIgniter\CodeIgniter->runController(Object(App\Controllers\UPC))
#4 /Applications/MAMP/htdocs/smartwholesale/client-report/system/CodeIgniter.php(318): CodeIgniter\CodeIgniter->handleRequest(NULL, Object(Config\Cache), false)
#5 /Applications/MAMP/htdocs/smartwholesale/client-report/public/index.php(37): CodeIgniter\CodeIgniter->run()
#6 /Applications/MAMP/htdocs/smartwholesale/client-report/system/Commands/Server/rewrite.php(43): require_once('/Applications/M...')
#7 {main}
CRITICAL - 2023-05-31 02:27:14 --> strstr(): Empty needle
#0 [internal function]: CodeIgniter\Debug\Exceptions->errorHandler(2, 'strstr(): Empty...', '/Applications/M...', 170, Array)
#1 /Applications/MAMP/htdocs/smartwholesale/client-report/app/Controllers/UPC.php(170): strstr('190917332292', '')
#2 /Applications/MAMP/htdocs/smartwholesale/client-report/system/CodeIgniter.php(824): App\Controllers\UPC->uploadUPCSearch()
#3 /Applications/MAMP/htdocs/smartwholesale/client-report/system/CodeIgniter.php(410): CodeIgniter\CodeIgniter->runController(Object(App\Controllers\UPC))
#4 /Applications/MAMP/htdocs/smartwholesale/client-report/system/CodeIgniter.php(318): CodeIgniter\CodeIgniter->handleRequest(NULL, Object(Config\Cache), false)
#5 /Applications/MAMP/htdocs/smartwholesale/client-report/public/index.php(37): CodeIgniter\CodeIgniter->run()
#6 /Applications/MAMP/htdocs/smartwholesale/client-report/system/Commands/Server/rewrite.php(43): require_once('/Applications/M...')
#7 {main}
CRITICAL - 2023-05-31 02:31:20 --> strstr(): Empty needle
#0 [internal function]: CodeIgniter\Debug\Exceptions->errorHandler(2, 'strstr(): Empty...', '/Applications/M...', 172, Array)
#1 /Applications/MAMP/htdocs/smartwholesale/client-report/app/Controllers/UPC.php(172): strstr('190917332292', '')
#2 /Applications/MAMP/htdocs/smartwholesale/client-report/system/CodeIgniter.php(824): App\Controllers\UPC->uploadUPCSearch()
#3 /Applications/MAMP/htdocs/smartwholesale/client-report/system/CodeIgniter.php(410): CodeIgniter\CodeIgniter->runController(Object(App\Controllers\UPC))
#4 /Applications/MAMP/htdocs/smartwholesale/client-report/system/CodeIgniter.php(318): CodeIgniter\CodeIgniter->handleRequest(NULL, Object(Config\Cache), false)
#5 /Applications/MAMP/htdocs/smartwholesale/client-report/public/index.php(37): CodeIgniter\CodeIgniter->run()
#6 /Applications/MAMP/htdocs/smartwholesale/client-report/system/Commands/Server/rewrite.php(43): require_once('/Applications/M...')
#7 {main}
CRITICAL - 2023-05-31 02:41:03 --> Trying to get property 'item_description' of non-object
#0 /Applications/MAMP/htdocs/smartwholesale/client-report/app/Controllers/UPC.php(160): CodeIgniter\Debug\Exceptions->errorHandler(8, 'Trying to get p...', '/Applications/M...', 160, Array)
#1 /Applications/MAMP/htdocs/smartwholesale/client-report/system/CodeIgniter.php(824): App\Controllers\UPC->uploadUPCSearch()
#2 /Applications/MAMP/htdocs/smartwholesale/client-report/system/CodeIgniter.php(410): CodeIgniter\CodeIgniter->runController(Object(App\Controllers\UPC))
#3 /Applications/MAMP/htdocs/smartwholesale/client-report/system/CodeIgniter.php(318): CodeIgniter\CodeIgniter->handleRequest(NULL, Object(Config\Cache), false)
#4 /Applications/MAMP/htdocs/smartwholesale/client-report/public/index.php(37): CodeIgniter\CodeIgniter->run()
#5 /Applications/MAMP/htdocs/smartwholesale/client-report/system/Commands/Server/rewrite.php(43): require_once('/Applications/M...')
#6 {main}
CRITICAL - 2023-05-31 02:41:24 --> Trying to get property 'item_description' of non-object
#0 /Applications/MAMP/htdocs/smartwholesale/client-report/app/Controllers/UPC.php(161): CodeIgniter\Debug\Exceptions->errorHandler(8, 'Trying to get p...', '/Applications/M...', 161, Array)
#1 /Applications/MAMP/htdocs/smartwholesale/client-report/system/CodeIgniter.php(824): App\Controllers\UPC->uploadUPCSearch()
#2 /Applications/MAMP/htdocs/smartwholesale/client-report/system/CodeIgniter.php(410): CodeIgniter\CodeIgniter->runController(Object(App\Controllers\UPC))
#3 /Applications/MAMP/htdocs/smartwholesale/client-report/system/CodeIgniter.php(318): CodeIgniter\CodeIgniter->handleRequest(NULL, Object(Config\Cache), false)
#4 /Applications/MAMP/htdocs/smartwholesale/client-report/public/index.php(37): CodeIgniter\CodeIgniter->run()
#5 /Applications/MAMP/htdocs/smartwholesale/client-report/system/Commands/Server/rewrite.php(43): require_once('/Applications/M...')
#6 {main}
CRITICAL - 2023-05-31 04:05:22 --> Trying to get property 'sku' of non-object
#0 /Applications/MAMP/htdocs/smartwholesale/client-report/app/Controllers/UPC.php(236): CodeIgniter\Debug\Exceptions->errorHandler(8, 'Trying to get p...', '/Applications/M...', 236, Array)
#1 /Applications/MAMP/htdocs/smartwholesale/client-report/system/CodeIgniter.php(824): App\Controllers\UPC->uploadUPCSearch()
#2 /Applications/MAMP/htdocs/smartwholesale/client-report/system/CodeIgniter.php(410): CodeIgniter\CodeIgniter->runController(Object(App\Controllers\UPC))
#3 /Applications/MAMP/htdocs/smartwholesale/client-report/system/CodeIgniter.php(318): CodeIgniter\CodeIgniter->handleRequest(NULL, Object(Config\Cache), false)
#4 /Applications/MAMP/htdocs/smartwholesale/client-report/public/index.php(37): CodeIgniter\CodeIgniter->run()
#5 /Applications/MAMP/htdocs/smartwholesale/client-report/system/Commands/Server/rewrite.php(43): require_once('/Applications/M...')
#6 {main}
CRITICAL - 2023-05-31 04:05:36 --> Trying to get property 'upc' of non-object
#0 /Applications/MAMP/htdocs/smartwholesale/client-report/app/Controllers/UPC.php(236): CodeIgniter\Debug\Exceptions->errorHandler(8, 'Trying to get p...', '/Applications/M...', 236, Array)
#1 /Applications/MAMP/htdocs/smartwholesale/client-report/system/CodeIgniter.php(824): App\Controllers\UPC->uploadUPCSearch()
#2 /Applications/MAMP/htdocs/smartwholesale/client-report/system/CodeIgniter.php(410): CodeIgniter\CodeIgniter->runController(Object(App\Controllers\UPC))
#3 /Applications/MAMP/htdocs/smartwholesale/client-report/system/CodeIgniter.php(318): CodeIgniter\CodeIgniter->handleRequest(NULL, Object(Config\Cache), false)
#4 /Applications/MAMP/htdocs/smartwholesale/client-report/public/index.php(37): CodeIgniter\CodeIgniter->run()
#5 /Applications/MAMP/htdocs/smartwholesale/client-report/system/Commands/Server/rewrite.php(43): require_once('/Applications/M...')
#6 {main}
CRITICAL - 2023-05-31 04:05:50 --> Trying to get property 'item_description' of non-object
#0 /Applications/MAMP/htdocs/smartwholesale/client-report/app/Controllers/UPC.php(237): CodeIgniter\Debug\Exceptions->errorHandler(8, 'Trying to get p...', '/Applications/M...', 237, Array)
#1 /Applications/MAMP/htdocs/smartwholesale/client-report/system/CodeIgniter.php(824): App\Controllers\UPC->uploadUPCSearch()
#2 /Applications/MAMP/htdocs/smartwholesale/client-report/system/CodeIgniter.php(410): CodeIgniter\CodeIgniter->runController(Object(App\Controllers\UPC))
#3 /Applications/MAMP/htdocs/smartwholesale/client-report/system/CodeIgniter.php(318): CodeIgniter\CodeIgniter->handleRequest(NULL, Object(Config\Cache), false)
#4 /Applications/MAMP/htdocs/smartwholesale/client-report/public/index.php(37): CodeIgniter\CodeIgniter->run()
#5 /Applications/MAMP/htdocs/smartwholesale/client-report/system/Commands/Server/rewrite.php(43): require_once('/Applications/M...')
#6 {main}
CRITICAL - 2023-05-31 04:09:21 --> Trying to get property 'status' of non-object
#0 /Applications/MAMP/htdocs/smartwholesale/client-report/app/Views/client/dashboard.php(275): CodeIgniter\Debug\Exceptions->errorHandler(8, 'Trying to get p...', '/Applications/M...', 275, Array)
#1 /Applications/MAMP/htdocs/smartwholesale/client-report/system/View/View.php(214): include('/Applications/M...')
#2 /Applications/MAMP/htdocs/smartwholesale/client-report/system/View/View.php(217): CodeIgniter\View\View->CodeIgniter\View\{closure}()
#3 /Applications/MAMP/htdocs/smartwholesale/client-report/system/Common.php(1097): CodeIgniter\View\View->render('client/dashboar...', Array, true)
#4 /Applications/MAMP/htdocs/smartwholesale/client-report/app/Controllers/Clients.php(106): view('client/dashboar...', Array)
#5 /Applications/MAMP/htdocs/smartwholesale/client-report/system/CodeIgniter.php(824): App\Controllers\Clients->index()
#6 /Applications/MAMP/htdocs/smartwholesale/client-report/system/CodeIgniter.php(410): CodeIgniter\CodeIgniter->runController(Object(App\Controllers\Clients))
#7 /Applications/MAMP/htdocs/smartwholesale/client-report/system/CodeIgniter.php(318): CodeIgniter\CodeIgniter->handleRequest(NULL, Object(Config\Cache), false)
#8 /Applications/MAMP/htdocs/smartwholesale/client-report/public/index.php(37): CodeIgniter\CodeIgniter->run()
#9 /Applications/MAMP/htdocs/smartwholesale/client-report/system/Commands/Server/rewrite.php(43): require_once('/Applications/M...')
#10 {main}
CRITICAL - 2023-05-31 04:50:46 --> Trying to get property 'status' of non-object
#0 /Applications/MAMP/htdocs/smartwholesale/client-report/app/Views/client/dashboard.php(275): CodeIgniter\Debug\Exceptions->errorHandler(8, 'Trying to get p...', '/Applications/M...', 275, Array)
#1 /Applications/MAMP/htdocs/smartwholesale/client-report/system/View/View.php(214): include('/Applications/M...')
#2 /Applications/MAMP/htdocs/smartwholesale/client-report/system/View/View.php(217): CodeIgniter\View\View->CodeIgniter\View\{closure}()
#3 /Applications/MAMP/htdocs/smartwholesale/client-report/system/Common.php(1097): CodeIgniter\View\View->render('client/dashboar...', Array, true)
#4 /Applications/MAMP/htdocs/smartwholesale/client-report/app/Controllers/Clients.php(106): view('client/dashboar...', Array)
#5 /Applications/MAMP/htdocs/smartwholesale/client-report/system/CodeIgniter.php(824): App\Controllers\Clients->index()
#6 /Applications/MAMP/htdocs/smartwholesale/client-report/system/CodeIgniter.php(410): CodeIgniter\CodeIgniter->runController(Object(App\Controllers\Clients))
#7 /Applications/MAMP/htdocs/smartwholesale/client-report/system/CodeIgniter.php(318): CodeIgniter\CodeIgniter->handleRequest(NULL, Object(Config\Cache), false)
#8 /Applications/MAMP/htdocs/smartwholesale/client-report/public/index.php(37): CodeIgniter\CodeIgniter->run()
#9 /Applications/MAMP/htdocs/smartwholesale/client-report/system/Commands/Server/rewrite.php(43): require_once('/Applications/M...')
#10 {main}
