CRITICAL - 2022-08-04 23:12:57 --> strtolower(): Passing null to parameter #1 ($string) of type string is deprecated
#0 [internal function]: CodeIgniter\Debug\Exceptions->errorHandler(8192, 'strtolower(): P...', '/Applications/M...', 253)
#1 /Applications/MAMP/htdocs/client-report/system/Validation/FormatRules.php(253): strtolower(NULL)
#2 /Applications/MAMP/htdocs/client-report/system/HTTP/RequestTrait.php(151): CodeIgniter\Validation\FormatRules->valid_ip('::1')
#3 /Applications/MAMP/htdocs/client-report/system/Config/Services.php(570): CodeIgniter\HTTP\Request->getIPAddress()
#4 /Applications/MAMP/htdocs/client-report/system/Config/BaseService.php(248): CodeIgniter\Config\Services::session(Object(Config\App), false)
#5 /Applications/MAMP/htdocs/client-report/system/Config/BaseService.php(189): CodeIgniter\Config\BaseService::__callStatic('session', Array)
#6 /Applications/MAMP/htdocs/client-report/system/Config/Services.php(563): CodeIgniter\Config\BaseService::getSharedInstance('session', NULL)
#7 /Applications/MAMP/htdocs/client-report/system/Config/BaseService.php(248): CodeIgniter\Config\Services::session()
#8 /Applications/MAMP/htdocs/client-report/app/Controllers/BaseController.php(51): CodeIgniter\Config\BaseService::__callStatic('session', Array)
#9 /Applications/MAMP/htdocs/client-report/system/CodeIgniter.php(802): App\Controllers\BaseController->initController(Object(CodeIgniter\HTTP\IncomingRequest), Object(CodeIgniter\HTTP\Response), Object(CodeIgniter\Log\Logger))
#10 /Applications/MAMP/htdocs/client-report/system/CodeIgniter.php(401): CodeIgniter\CodeIgniter->createController()
#11 /Applications/MAMP/htdocs/client-report/system/CodeIgniter.php(318): CodeIgniter\CodeIgniter->handleRequest(NULL, Object(Config\Cache), false)
#12 /Applications/MAMP/htdocs/client-report/public/index.php(37): CodeIgniter\CodeIgniter->run()
#13 /Applications/MAMP/htdocs/client-report/system/Commands/Server/rewrite.php(43): require_once('/Applications/M...')
#14 {main}
ERROR - 2022-08-04 23:42:43 --> Error connecting to the database: Connection refused
CRITICAL - 2022-08-04 23:42:43 --> Unable to connect to the database.
Main connection [MySQLi]: Connection refused
#0 /Applications/MAMP_2022-08-05_11-35-05/htdocs/client-report/system/Database/BaseConnection.php(577): CodeIgniter\Database\BaseConnection->initialize()
#1 /Applications/MAMP_2022-08-05_11-35-05/htdocs/client-report/app/Controllers/Auth.php(23): CodeIgniter\Database\BaseConnection->query('SELECT logo FRO...')
#2 /Applications/MAMP_2022-08-05_11-35-05/htdocs/client-report/system/CodeIgniter.php(824): App\Controllers\Auth->login()
#3 /Applications/MAMP_2022-08-05_11-35-05/htdocs/client-report/system/CodeIgniter.php(410): CodeIgniter\CodeIgniter->runController(Object(App\Controllers\Auth))
#4 /Applications/MAMP_2022-08-05_11-35-05/htdocs/client-report/system/CodeIgniter.php(318): CodeIgniter\CodeIgniter->handleRequest(NULL, Object(Config\Cache), false)
#5 /Applications/MAMP_2022-08-05_11-35-05/htdocs/client-report/public/index.php(37): CodeIgniter\CodeIgniter->run()
#6 /Applications/MAMP_2022-08-05_11-35-05/htdocs/client-report/system/Commands/Server/rewrite.php(43): require_once('/Applications/M...')
#7 {main}
