ERROR - 2022-12-27 22:41:15 --> Expression #1 of SELECT list is not in GROUP BY clause and contains nonaggregated column 'rms.investments.date' which is not functionally dependent on columns in GROUP BY clause; this is incompatible with sql_mode=only_full_group_by
CRITICAL - 2022-12-27 22:41:15 --> Expression #1 of SELECT list is not in GROUP BY clause and contains nonaggregated column 'rms.investments.date' which is not functionally dependent on columns in GROUP BY clause; this is incompatible with sql_mode=only_full_group_by
#0 /Applications/MAMP/htdocs/smartwholesale/client-report/system/Database/MySQLi/Connection.php(292): mysqli->query('SELECT date_for...', 0)
#1 /Applications/MAMP/htdocs/smartwholesale/client-report/system/Database/BaseConnection.php(670): CodeIgniter\Database\MySQLi\Connection->execute('SELECT date_for...')
#2 /Applications/MAMP/htdocs/smartwholesale/client-report/system/Database/BaseConnection.php(598): CodeIgniter\Database\BaseConnection->simpleQuery('SELECT date_for...')
#3 /Applications/MAMP/htdocs/smartwholesale/client-report/app/Models/ReportModel.php(191): CodeIgniter\Database\BaseConnection->query('SELECT date_for...')
#4 /Applications/MAMP/htdocs/smartwholesale/client-report/app/Controllers/Admin/Reports.php(58): App\Models\ReportModel->finSummary('spend')
#5 /Applications/MAMP/htdocs/smartwholesale/client-report/system/CodeIgniter.php(824): App\Controllers\Admin\Reports->index()
#6 /Applications/MAMP/htdocs/smartwholesale/client-report/system/CodeIgniter.php(410): CodeIgniter\CodeIgniter->runController(Object(App\Controllers\Admin\Reports))
#7 /Applications/MAMP/htdocs/smartwholesale/client-report/system/CodeIgniter.php(318): CodeIgniter\CodeIgniter->handleRequest(NULL, Object(Config\Cache), false)
#8 /Applications/MAMP/htdocs/smartwholesale/client-report/public/index.php(37): CodeIgniter\CodeIgniter->run()
#9 /Applications/MAMP/htdocs/smartwholesale/client-report/system/Commands/Server/rewrite.php(43): require_once('/Applications/M...')
#10 {main}
CRITICAL - 2022-12-27 22:47:29 --> File "" does not exist.
#0 /Applications/MAMP/htdocs/smartwholesale/client-report/vendor/phpoffice/phpspreadsheet/src/PhpSpreadsheet/Reader/Xlsx.php(408): PhpOffice\PhpSpreadsheet\Shared\File::assertFile('', '_rels/.rels')
#1 /Applications/MAMP/htdocs/smartwholesale/client-report/vendor/phpoffice/phpspreadsheet/src/PhpSpreadsheet/Reader/BaseReader.php(166): PhpOffice\PhpSpreadsheet\Reader\Xlsx->loadSpreadsheetFromFile('')
#2 /Applications/MAMP/htdocs/smartwholesale/client-report/app/Controllers/Admin/Reports.php(498): PhpOffice\PhpSpreadsheet\Reader\BaseReader->load('')
#3 /Applications/MAMP/htdocs/smartwholesale/client-report/system/CodeIgniter.php(824): App\Controllers\Admin\Reports->uploadPLReport()
#4 /Applications/MAMP/htdocs/smartwholesale/client-report/system/CodeIgniter.php(410): CodeIgniter\CodeIgniter->runController(Object(App\Controllers\Admin\Reports))
#5 /Applications/MAMP/htdocs/smartwholesale/client-report/system/CodeIgniter.php(318): CodeIgniter\CodeIgniter->handleRequest(NULL, Object(Config\Cache), false)
#6 /Applications/MAMP/htdocs/smartwholesale/client-report/public/index.php(37): CodeIgniter\CodeIgniter->run()
#7 /Applications/MAMP/htdocs/smartwholesale/client-report/system/Commands/Server/rewrite.php(43): require_once('/Applications/M...')
#8 {main}
CRITICAL - 2022-12-27 22:47:45 --> File "" does not exist.
#0 /Applications/MAMP/htdocs/smartwholesale/client-report/vendor/phpoffice/phpspreadsheet/src/PhpSpreadsheet/Reader/Xlsx.php(408): PhpOffice\PhpSpreadsheet\Shared\File::assertFile('', '_rels/.rels')
#1 /Applications/MAMP/htdocs/smartwholesale/client-report/vendor/phpoffice/phpspreadsheet/src/PhpSpreadsheet/Reader/BaseReader.php(166): PhpOffice\PhpSpreadsheet\Reader\Xlsx->loadSpreadsheetFromFile('')
#2 /Applications/MAMP/htdocs/smartwholesale/client-report/app/Controllers/Admin/Reports.php(498): PhpOffice\PhpSpreadsheet\Reader\BaseReader->load('')
#3 /Applications/MAMP/htdocs/smartwholesale/client-report/system/CodeIgniter.php(824): App\Controllers\Admin\Reports->uploadPLReport()
#4 /Applications/MAMP/htdocs/smartwholesale/client-report/system/CodeIgniter.php(410): CodeIgniter\CodeIgniter->runController(Object(App\Controllers\Admin\Reports))
#5 /Applications/MAMP/htdocs/smartwholesale/client-report/system/CodeIgniter.php(318): CodeIgniter\CodeIgniter->handleRequest(NULL, Object(Config\Cache), false)
#6 /Applications/MAMP/htdocs/smartwholesale/client-report/public/index.php(37): CodeIgniter\CodeIgniter->run()
#7 /Applications/MAMP/htdocs/smartwholesale/client-report/system/Commands/Server/rewrite.php(43): require_once('/Applications/M...')
#8 {main}
CRITICAL - 2022-12-27 22:48:06 --> File "" does not exist.
#0 /Applications/MAMP/htdocs/smartwholesale/client-report/vendor/phpoffice/phpspreadsheet/src/PhpSpreadsheet/Reader/Xlsx.php(408): PhpOffice\PhpSpreadsheet\Shared\File::assertFile('', '_rels/.rels')
#1 /Applications/MAMP/htdocs/smartwholesale/client-report/vendor/phpoffice/phpspreadsheet/src/PhpSpreadsheet/Reader/BaseReader.php(166): PhpOffice\PhpSpreadsheet\Reader\Xlsx->loadSpreadsheetFromFile('')
#2 /Applications/MAMP/htdocs/smartwholesale/client-report/app/Controllers/Admin/Reports.php(498): PhpOffice\PhpSpreadsheet\Reader\BaseReader->load('')
#3 /Applications/MAMP/htdocs/smartwholesale/client-report/system/CodeIgniter.php(824): App\Controllers\Admin\Reports->uploadPLReport()
#4 /Applications/MAMP/htdocs/smartwholesale/client-report/system/CodeIgniter.php(410): CodeIgniter\CodeIgniter->runController(Object(App\Controllers\Admin\Reports))
#5 /Applications/MAMP/htdocs/smartwholesale/client-report/system/CodeIgniter.php(318): CodeIgniter\CodeIgniter->handleRequest(NULL, Object(Config\Cache), false)
#6 /Applications/MAMP/htdocs/smartwholesale/client-report/public/index.php(37): CodeIgniter\CodeIgniter->run()
#7 /Applications/MAMP/htdocs/smartwholesale/client-report/system/Commands/Server/rewrite.php(43): require_once('/Applications/M...')
#8 {main}
CRITICAL - 2022-12-27 22:48:59 --> File "" does not exist.
#0 /Applications/MAMP/htdocs/smartwholesale/client-report/vendor/phpoffice/phpspreadsheet/src/PhpSpreadsheet/Reader/Xlsx.php(408): PhpOffice\PhpSpreadsheet\Shared\File::assertFile('', '_rels/.rels')
#1 /Applications/MAMP/htdocs/smartwholesale/client-report/vendor/phpoffice/phpspreadsheet/src/PhpSpreadsheet/Reader/BaseReader.php(166): PhpOffice\PhpSpreadsheet\Reader\Xlsx->loadSpreadsheetFromFile('')
#2 /Applications/MAMP/htdocs/smartwholesale/client-report/app/Controllers/Admin/Reports.php(498): PhpOffice\PhpSpreadsheet\Reader\BaseReader->load('')
#3 /Applications/MAMP/htdocs/smartwholesale/client-report/system/CodeIgniter.php(824): App\Controllers\Admin\Reports->uploadPLReport()
#4 /Applications/MAMP/htdocs/smartwholesale/client-report/system/CodeIgniter.php(410): CodeIgniter\CodeIgniter->runController(Object(App\Controllers\Admin\Reports))
#5 /Applications/MAMP/htdocs/smartwholesale/client-report/system/CodeIgniter.php(318): CodeIgniter\CodeIgniter->handleRequest(NULL, Object(Config\Cache), false)
#6 /Applications/MAMP/htdocs/smartwholesale/client-report/public/index.php(37): CodeIgniter\CodeIgniter->run()
#7 /Applications/MAMP/htdocs/smartwholesale/client-report/system/Commands/Server/rewrite.php(43): require_once('/Applications/M...')
#8 {main}
CRITICAL - 2022-12-27 22:49:09 --> File "" does not exist.
#0 /Applications/MAMP/htdocs/smartwholesale/client-report/vendor/phpoffice/phpspreadsheet/src/PhpSpreadsheet/Reader/Xlsx.php(408): PhpOffice\PhpSpreadsheet\Shared\File::assertFile('', '_rels/.rels')
#1 /Applications/MAMP/htdocs/smartwholesale/client-report/vendor/phpoffice/phpspreadsheet/src/PhpSpreadsheet/Reader/BaseReader.php(166): PhpOffice\PhpSpreadsheet\Reader\Xlsx->loadSpreadsheetFromFile('')
#2 /Applications/MAMP/htdocs/smartwholesale/client-report/app/Controllers/Admin/Reports.php(498): PhpOffice\PhpSpreadsheet\Reader\BaseReader->load('')
#3 /Applications/MAMP/htdocs/smartwholesale/client-report/system/CodeIgniter.php(824): App\Controllers\Admin\Reports->uploadPLReport()
#4 /Applications/MAMP/htdocs/smartwholesale/client-report/system/CodeIgniter.php(410): CodeIgniter\CodeIgniter->runController(Object(App\Controllers\Admin\Reports))
#5 /Applications/MAMP/htdocs/smartwholesale/client-report/system/CodeIgniter.php(318): CodeIgniter\CodeIgniter->handleRequest(NULL, Object(Config\Cache), false)
#6 /Applications/MAMP/htdocs/smartwholesale/client-report/public/index.php(37): CodeIgniter\CodeIgniter->run()
#7 /Applications/MAMP/htdocs/smartwholesale/client-report/system/Commands/Server/rewrite.php(43): require_once('/Applications/M...')
#8 {main}
CRITICAL - 2022-12-27 22:49:25 --> File "" does not exist.
#0 /Applications/MAMP/htdocs/smartwholesale/client-report/vendor/phpoffice/phpspreadsheet/src/PhpSpreadsheet/Reader/Xlsx.php(408): PhpOffice\PhpSpreadsheet\Shared\File::assertFile('', '_rels/.rels')
#1 /Applications/MAMP/htdocs/smartwholesale/client-report/vendor/phpoffice/phpspreadsheet/src/PhpSpreadsheet/Reader/BaseReader.php(166): PhpOffice\PhpSpreadsheet\Reader\Xlsx->loadSpreadsheetFromFile('')
#2 /Applications/MAMP/htdocs/smartwholesale/client-report/app/Controllers/Admin/Reports.php(498): PhpOffice\PhpSpreadsheet\Reader\BaseReader->load('')
#3 /Applications/MAMP/htdocs/smartwholesale/client-report/system/CodeIgniter.php(824): App\Controllers\Admin\Reports->uploadPLReport()
#4 /Applications/MAMP/htdocs/smartwholesale/client-report/system/CodeIgniter.php(410): CodeIgniter\CodeIgniter->runController(Object(App\Controllers\Admin\Reports))
#5 /Applications/MAMP/htdocs/smartwholesale/client-report/system/CodeIgniter.php(318): CodeIgniter\CodeIgniter->handleRequest(NULL, Object(Config\Cache), false)
#6 /Applications/MAMP/htdocs/smartwholesale/client-report/public/index.php(37): CodeIgniter\CodeIgniter->run()
#7 /Applications/MAMP/htdocs/smartwholesale/client-report/system/Commands/Server/rewrite.php(43): require_once('/Applications/M...')
#8 {main}
