ERROR - 2023-01-22 00:19:49 --> You have an error in your SQL syntax; check the manual that corresponds to your MySQL server version for the right syntax to use near '%' OR item_description like '%'%' OR vendor like '%'%') ORDER BY reports.sku ASC' at line 1
CRITICAL - 2023-01-22 00:19:49 --> You have an error in your SQL syntax; check the manual that corresponds to your MySQL server version for the right syntax to use near '%' OR item_description like '%'%' OR vendor like '%'%') ORDER BY reports.sku ASC' at line 1
#0 /Applications/MAMP/htdocs/smartwholesale/client-report/system/Database/MySQLi/Connection.php(292): mysqli->query('SELECT users.fu...', 0)
#1 /Applications/MAMP/htdocs/smartwholesale/client-report/system/Database/BaseConnection.php(670): CodeIgniter\Database\MySQLi\Connection->execute('SELECT users.fu...')
#2 /Applications/MAMP/htdocs/smartwholesale/client-report/system/Database/BaseConnection.php(598): CodeIgniter\Database\BaseConnection->simpleQuery('SELECT users.fu...')
#3 /Applications/MAMP/htdocs/smartwholesale/client-report/app/Controllers/UPC.php(166): CodeIgniter\Database\BaseConnection->query('SELECT users.fu...')
#4 /Applications/MAMP/htdocs/smartwholesale/client-report/system/CodeIgniter.php(824): App\Controllers\UPC->loadClientUPC()
#5 /Applications/MAMP/htdocs/smartwholesale/client-report/system/CodeIgniter.php(410): CodeIgniter\CodeIgniter->runController(Object(App\Controllers\UPC))
#6 /Applications/MAMP/htdocs/smartwholesale/client-report/system/CodeIgniter.php(318): CodeIgniter\CodeIgniter->handleRequest(NULL, Object(Config\Cache), false)
#7 /Applications/MAMP/htdocs/smartwholesale/client-report/public/index.php(37): CodeIgniter\CodeIgniter->run()
#8 /Applications/MAMP/htdocs/smartwholesale/client-report/system/Commands/Server/rewrite.php(43): require_once('/Applications/M...')
#9 {main}
ERROR - 2023-01-22 00:20:04 --> You have an error in your SQL syntax; check the manual that corresponds to your MySQL server version for the right syntax to use near '%' OR item_description like '%asdas'%' OR vendor like '%asdas'%') ORDER BY repor' at line 1
CRITICAL - 2023-01-22 00:20:04 --> You have an error in your SQL syntax; check the manual that corresponds to your MySQL server version for the right syntax to use near '%' OR item_description like '%asdas'%' OR vendor like '%asdas'%') ORDER BY repor' at line 1
#0 /Applications/MAMP/htdocs/smartwholesale/client-report/system/Database/MySQLi/Connection.php(292): mysqli->query('SELECT users.fu...', 0)
#1 /Applications/MAMP/htdocs/smartwholesale/client-report/system/Database/BaseConnection.php(670): CodeIgniter\Database\MySQLi\Connection->execute('SELECT users.fu...')
#2 /Applications/MAMP/htdocs/smartwholesale/client-report/system/Database/BaseConnection.php(598): CodeIgniter\Database\BaseConnection->simpleQuery('SELECT users.fu...')
#3 /Applications/MAMP/htdocs/smartwholesale/client-report/app/Controllers/UPC.php(166): CodeIgniter\Database\BaseConnection->query('SELECT users.fu...')
#4 /Applications/MAMP/htdocs/smartwholesale/client-report/system/CodeIgniter.php(824): App\Controllers\UPC->loadClientUPC()
#5 /Applications/MAMP/htdocs/smartwholesale/client-report/system/CodeIgniter.php(410): CodeIgniter\CodeIgniter->runController(Object(App\Controllers\UPC))
#6 /Applications/MAMP/htdocs/smartwholesale/client-report/system/CodeIgniter.php(318): CodeIgniter\CodeIgniter->handleRequest(NULL, Object(Config\Cache), false)
#7 /Applications/MAMP/htdocs/smartwholesale/client-report/public/index.php(37): CodeIgniter\CodeIgniter->run()
#8 /Applications/MAMP/htdocs/smartwholesale/client-report/system/Commands/Server/rewrite.php(43): require_once('/Applications/M...')
#9 {main}
ERROR - 2023-01-22 00:22:45 --> You have an error in your SQL syntax; check the manual that corresponds to your MySQL server version for the right syntax to use near '%' OR item_description like '%'%' OR vendor like '%'%') ORDER BY reports.sku ASC' at line 1
CRITICAL - 2023-01-22 00:22:45 --> You have an error in your SQL syntax; check the manual that corresponds to your MySQL server version for the right syntax to use near '%' OR item_description like '%'%' OR vendor like '%'%') ORDER BY reports.sku ASC' at line 1
#0 /Applications/MAMP/htdocs/smartwholesale/client-report/system/Database/MySQLi/Connection.php(292): mysqli->query('SELECT users.fu...', 0)
#1 /Applications/MAMP/htdocs/smartwholesale/client-report/system/Database/BaseConnection.php(670): CodeIgniter\Database\MySQLi\Connection->execute('SELECT users.fu...')
#2 /Applications/MAMP/htdocs/smartwholesale/client-report/system/Database/BaseConnection.php(598): CodeIgniter\Database\BaseConnection->simpleQuery('SELECT users.fu...')
#3 /Applications/MAMP/htdocs/smartwholesale/client-report/app/Controllers/UPC.php(166): CodeIgniter\Database\BaseConnection->query('SELECT users.fu...')
#4 /Applications/MAMP/htdocs/smartwholesale/client-report/system/CodeIgniter.php(824): App\Controllers\UPC->loadClientUPC()
#5 /Applications/MAMP/htdocs/smartwholesale/client-report/system/CodeIgniter.php(410): CodeIgniter\CodeIgniter->runController(Object(App\Controllers\UPC))
#6 /Applications/MAMP/htdocs/smartwholesale/client-report/system/CodeIgniter.php(318): CodeIgniter\CodeIgniter->handleRequest(NULL, Object(Config\Cache), false)
#7 /Applications/MAMP/htdocs/smartwholesale/client-report/public/index.php(37): CodeIgniter\CodeIgniter->run()
#8 /Applications/MAMP/htdocs/smartwholesale/client-report/system/Commands/Server/rewrite.php(43): require_once('/Applications/M...')
#9 {main}
ERROR - 2023-01-22 00:23:51 --> You have an error in your SQL syntax; check the manual that corresponds to your MySQL server version for the right syntax to use near 'l'%' OR item_description like '%'l'%' OR vendor like '%'l'%') ORDER BY reports.s' at line 1
CRITICAL - 2023-01-22 00:23:51 --> You have an error in your SQL syntax; check the manual that corresponds to your MySQL server version for the right syntax to use near 'l'%' OR item_description like '%'l'%' OR vendor like '%'l'%') ORDER BY reports.s' at line 1
#0 /Applications/MAMP/htdocs/smartwholesale/client-report/system/Database/MySQLi/Connection.php(292): mysqli->query('SELECT users.fu...', 0)
#1 /Applications/MAMP/htdocs/smartwholesale/client-report/system/Database/BaseConnection.php(670): CodeIgniter\Database\MySQLi\Connection->execute('SELECT users.fu...')
#2 /Applications/MAMP/htdocs/smartwholesale/client-report/system/Database/BaseConnection.php(598): CodeIgniter\Database\BaseConnection->simpleQuery('SELECT users.fu...')
#3 /Applications/MAMP/htdocs/smartwholesale/client-report/app/Controllers/UPC.php(166): CodeIgniter\Database\BaseConnection->query('SELECT users.fu...')
#4 /Applications/MAMP/htdocs/smartwholesale/client-report/system/CodeIgniter.php(824): App\Controllers\UPC->loadClientUPC()
#5 /Applications/MAMP/htdocs/smartwholesale/client-report/system/CodeIgniter.php(410): CodeIgniter\CodeIgniter->runController(Object(App\Controllers\UPC))
#6 /Applications/MAMP/htdocs/smartwholesale/client-report/system/CodeIgniter.php(318): CodeIgniter\CodeIgniter->handleRequest(NULL, Object(Config\Cache), false)
#7 /Applications/MAMP/htdocs/smartwholesale/client-report/public/index.php(37): CodeIgniter\CodeIgniter->run()
#8 /Applications/MAMP/htdocs/smartwholesale/client-report/system/Commands/Server/rewrite.php(43): require_once('/Applications/M...')
#9 {main}
ERROR - 2023-01-22 00:23:53 --> You have an error in your SQL syntax; check the manual that corresponds to your MySQL server version for the right syntax to use near 'ls'%' OR item_description like '%'ls'%' OR vendor like '%'ls'%') ORDER BY report' at line 1
CRITICAL - 2023-01-22 00:23:53 --> You have an error in your SQL syntax; check the manual that corresponds to your MySQL server version for the right syntax to use near 'ls'%' OR item_description like '%'ls'%' OR vendor like '%'ls'%') ORDER BY report' at line 1
#0 /Applications/MAMP/htdocs/smartwholesale/client-report/system/Database/MySQLi/Connection.php(292): mysqli->query('SELECT users.fu...', 0)
#1 /Applications/MAMP/htdocs/smartwholesale/client-report/system/Database/BaseConnection.php(670): CodeIgniter\Database\MySQLi\Connection->execute('SELECT users.fu...')
#2 /Applications/MAMP/htdocs/smartwholesale/client-report/system/Database/BaseConnection.php(598): CodeIgniter\Database\BaseConnection->simpleQuery('SELECT users.fu...')
#3 /Applications/MAMP/htdocs/smartwholesale/client-report/app/Controllers/UPC.php(166): CodeIgniter\Database\BaseConnection->query('SELECT users.fu...')
#4 /Applications/MAMP/htdocs/smartwholesale/client-report/system/CodeIgniter.php(824): App\Controllers\UPC->loadClientUPC()
#5 /Applications/MAMP/htdocs/smartwholesale/client-report/system/CodeIgniter.php(410): CodeIgniter\CodeIgniter->runController(Object(App\Controllers\UPC))
#6 /Applications/MAMP/htdocs/smartwholesale/client-report/system/CodeIgniter.php(318): CodeIgniter\CodeIgniter->handleRequest(NULL, Object(Config\Cache), false)
#7 /Applications/MAMP/htdocs/smartwholesale/client-report/public/index.php(37): CodeIgniter\CodeIgniter->run()
#8 /Applications/MAMP/htdocs/smartwholesale/client-report/system/Commands/Server/rewrite.php(43): require_once('/Applications/M...')
#9 {main}
ERROR - 2023-01-22 00:26:31 --> You have an error in your SQL syntax; check the manual that corresponds to your MySQL server version for the right syntax to use near '%'a'% OR item_description like %'a'% OR vendor like %'a'%) ORDER BY reports.sku ' at line 1
CRITICAL - 2023-01-22 00:26:31 --> You have an error in your SQL syntax; check the manual that corresponds to your MySQL server version for the right syntax to use near '%'a'% OR item_description like %'a'% OR vendor like %'a'%) ORDER BY reports.sku ' at line 1
#0 /Applications/MAMP/htdocs/smartwholesale/client-report/system/Database/MySQLi/Connection.php(292): mysqli->query('SELECT users.fu...', 0)
#1 /Applications/MAMP/htdocs/smartwholesale/client-report/system/Database/BaseConnection.php(670): CodeIgniter\Database\MySQLi\Connection->execute('SELECT users.fu...')
#2 /Applications/MAMP/htdocs/smartwholesale/client-report/system/Database/BaseConnection.php(598): CodeIgniter\Database\BaseConnection->simpleQuery('SELECT users.fu...')
#3 /Applications/MAMP/htdocs/smartwholesale/client-report/app/Controllers/UPC.php(166): CodeIgniter\Database\BaseConnection->query('SELECT users.fu...')
#4 /Applications/MAMP/htdocs/smartwholesale/client-report/system/CodeIgniter.php(824): App\Controllers\UPC->loadClientUPC()
#5 /Applications/MAMP/htdocs/smartwholesale/client-report/system/CodeIgniter.php(410): CodeIgniter\CodeIgniter->runController(Object(App\Controllers\UPC))
#6 /Applications/MAMP/htdocs/smartwholesale/client-report/system/CodeIgniter.php(318): CodeIgniter\CodeIgniter->handleRequest(NULL, Object(Config\Cache), false)
#7 /Applications/MAMP/htdocs/smartwholesale/client-report/public/index.php(37): CodeIgniter\CodeIgniter->run()
#8 /Applications/MAMP/htdocs/smartwholesale/client-report/system/Commands/Server/rewrite.php(43): require_once('/Applications/M...')
#9 {main}
ERROR - 2023-01-22 00:26:33 --> You have an error in your SQL syntax; check the manual that corresponds to your MySQL server version for the right syntax to use near '%'ad'% OR item_description like %'ad'% OR vendor like %'ad'%) ORDER BY reports.s' at line 1
CRITICAL - 2023-01-22 00:26:33 --> You have an error in your SQL syntax; check the manual that corresponds to your MySQL server version for the right syntax to use near '%'ad'% OR item_description like %'ad'% OR vendor like %'ad'%) ORDER BY reports.s' at line 1
#0 /Applications/MAMP/htdocs/smartwholesale/client-report/system/Database/MySQLi/Connection.php(292): mysqli->query('SELECT users.fu...', 0)
#1 /Applications/MAMP/htdocs/smartwholesale/client-report/system/Database/BaseConnection.php(670): CodeIgniter\Database\MySQLi\Connection->execute('SELECT users.fu...')
#2 /Applications/MAMP/htdocs/smartwholesale/client-report/system/Database/BaseConnection.php(598): CodeIgniter\Database\BaseConnection->simpleQuery('SELECT users.fu...')
#3 /Applications/MAMP/htdocs/smartwholesale/client-report/app/Controllers/UPC.php(166): CodeIgniter\Database\BaseConnection->query('SELECT users.fu...')
#4 /Applications/MAMP/htdocs/smartwholesale/client-report/system/CodeIgniter.php(824): App\Controllers\UPC->loadClientUPC()
#5 /Applications/MAMP/htdocs/smartwholesale/client-report/system/CodeIgniter.php(410): CodeIgniter\CodeIgniter->runController(Object(App\Controllers\UPC))
#6 /Applications/MAMP/htdocs/smartwholesale/client-report/system/CodeIgniter.php(318): CodeIgniter\CodeIgniter->handleRequest(NULL, Object(Config\Cache), false)
#7 /Applications/MAMP/htdocs/smartwholesale/client-report/public/index.php(37): CodeIgniter\CodeIgniter->run()
#8 /Applications/MAMP/htdocs/smartwholesale/client-report/system/Commands/Server/rewrite.php(43): require_once('/Applications/M...')
#9 {main}
ERROR - 2023-01-22 00:26:34 --> You have an error in your SQL syntax; check the manual that corresponds to your MySQL server version for the right syntax to use near '%'ads'% OR item_description like %'ads'% OR vendor like %'ads'%) ORDER BY report' at line 1
CRITICAL - 2023-01-22 00:26:34 --> You have an error in your SQL syntax; check the manual that corresponds to your MySQL server version for the right syntax to use near '%'ads'% OR item_description like %'ads'% OR vendor like %'ads'%) ORDER BY report' at line 1
#0 /Applications/MAMP/htdocs/smartwholesale/client-report/system/Database/MySQLi/Connection.php(292): mysqli->query('SELECT users.fu...', 0)
#1 /Applications/MAMP/htdocs/smartwholesale/client-report/system/Database/BaseConnection.php(670): CodeIgniter\Database\MySQLi\Connection->execute('SELECT users.fu...')
#2 /Applications/MAMP/htdocs/smartwholesale/client-report/system/Database/BaseConnection.php(598): CodeIgniter\Database\BaseConnection->simpleQuery('SELECT users.fu...')
#3 /Applications/MAMP/htdocs/smartwholesale/client-report/app/Controllers/UPC.php(166): CodeIgniter\Database\BaseConnection->query('SELECT users.fu...')
#4 /Applications/MAMP/htdocs/smartwholesale/client-report/system/CodeIgniter.php(824): App\Controllers\UPC->loadClientUPC()
#5 /Applications/MAMP/htdocs/smartwholesale/client-report/system/CodeIgniter.php(410): CodeIgniter\CodeIgniter->runController(Object(App\Controllers\UPC))
#6 /Applications/MAMP/htdocs/smartwholesale/client-report/system/CodeIgniter.php(318): CodeIgniter\CodeIgniter->handleRequest(NULL, Object(Config\Cache), false)
#7 /Applications/MAMP/htdocs/smartwholesale/client-report/public/index.php(37): CodeIgniter\CodeIgniter->run()
#8 /Applications/MAMP/htdocs/smartwholesale/client-report/system/Commands/Server/rewrite.php(43): require_once('/Applications/M...')
#9 {main}
ERROR - 2023-01-22 00:27:50 --> You have an error in your SQL syntax; check the manual that corresponds to your MySQL server version for the right syntax to use near '%'w'% OR item_description like %'w'% OR vendor like %'w'%) ORDER BY reports.sku ' at line 1
CRITICAL - 2023-01-22 00:27:50 --> You have an error in your SQL syntax; check the manual that corresponds to your MySQL server version for the right syntax to use near '%'w'% OR item_description like %'w'% OR vendor like %'w'%) ORDER BY reports.sku ' at line 1
#0 /Applications/MAMP/htdocs/smartwholesale/client-report/system/Database/MySQLi/Connection.php(292): mysqli->query('SELECT users.fu...', 0)
#1 /Applications/MAMP/htdocs/smartwholesale/client-report/system/Database/BaseConnection.php(670): CodeIgniter\Database\MySQLi\Connection->execute('SELECT users.fu...')
#2 /Applications/MAMP/htdocs/smartwholesale/client-report/system/Database/BaseConnection.php(598): CodeIgniter\Database\BaseConnection->simpleQuery('SELECT users.fu...')
#3 /Applications/MAMP/htdocs/smartwholesale/client-report/app/Controllers/UPC.php(166): CodeIgniter\Database\BaseConnection->query('SELECT users.fu...')
#4 /Applications/MAMP/htdocs/smartwholesale/client-report/system/CodeIgniter.php(824): App\Controllers\UPC->loadClientUPC()
#5 /Applications/MAMP/htdocs/smartwholesale/client-report/system/CodeIgniter.php(410): CodeIgniter\CodeIgniter->runController(Object(App\Controllers\UPC))
#6 /Applications/MAMP/htdocs/smartwholesale/client-report/system/CodeIgniter.php(318): CodeIgniter\CodeIgniter->handleRequest(NULL, Object(Config\Cache), false)
#7 /Applications/MAMP/htdocs/smartwholesale/client-report/public/index.php(37): CodeIgniter\CodeIgniter->run()
#8 /Applications/MAMP/htdocs/smartwholesale/client-report/system/Commands/Server/rewrite.php(43): require_once('/Applications/M...')
#9 {main}
ERROR - 2023-01-22 00:28:23 --> You have an error in your SQL syntax; check the manual that corresponds to your MySQL server version for the right syntax to use near '\''%' OR item_description like '%'\''%' OR vendor like '%'\''%') ORDER BY report' at line 1
CRITICAL - 2023-01-22 00:28:23 --> You have an error in your SQL syntax; check the manual that corresponds to your MySQL server version for the right syntax to use near '\''%' OR item_description like '%'\''%' OR vendor like '%'\''%') ORDER BY report' at line 1
#0 /Applications/MAMP/htdocs/smartwholesale/client-report/system/Database/MySQLi/Connection.php(292): mysqli->query('SELECT users.fu...', 0)
#1 /Applications/MAMP/htdocs/smartwholesale/client-report/system/Database/BaseConnection.php(670): CodeIgniter\Database\MySQLi\Connection->execute('SELECT users.fu...')
#2 /Applications/MAMP/htdocs/smartwholesale/client-report/system/Database/BaseConnection.php(598): CodeIgniter\Database\BaseConnection->simpleQuery('SELECT users.fu...')
#3 /Applications/MAMP/htdocs/smartwholesale/client-report/app/Controllers/UPC.php(166): CodeIgniter\Database\BaseConnection->query('SELECT users.fu...')
#4 /Applications/MAMP/htdocs/smartwholesale/client-report/system/CodeIgniter.php(824): App\Controllers\UPC->loadClientUPC()
#5 /Applications/MAMP/htdocs/smartwholesale/client-report/system/CodeIgniter.php(410): CodeIgniter\CodeIgniter->runController(Object(App\Controllers\UPC))
#6 /Applications/MAMP/htdocs/smartwholesale/client-report/system/CodeIgniter.php(318): CodeIgniter\CodeIgniter->handleRequest(NULL, Object(Config\Cache), false)
#7 /Applications/MAMP/htdocs/smartwholesale/client-report/public/index.php(37): CodeIgniter\CodeIgniter->run()
#8 /Applications/MAMP/htdocs/smartwholesale/client-report/system/Commands/Server/rewrite.php(43): require_once('/Applications/M...')
#9 {main}
ERROR - 2023-01-22 00:28:24 --> You have an error in your SQL syntax; check the manual that corresponds to your MySQL server version for the right syntax to use near '\'w'%' OR item_description like '%'\'w'%' OR vendor like '%'\'w'%') ORDER BY rep' at line 1
CRITICAL - 2023-01-22 00:28:24 --> You have an error in your SQL syntax; check the manual that corresponds to your MySQL server version for the right syntax to use near '\'w'%' OR item_description like '%'\'w'%' OR vendor like '%'\'w'%') ORDER BY rep' at line 1
#0 /Applications/MAMP/htdocs/smartwholesale/client-report/system/Database/MySQLi/Connection.php(292): mysqli->query('SELECT users.fu...', 0)
#1 /Applications/MAMP/htdocs/smartwholesale/client-report/system/Database/BaseConnection.php(670): CodeIgniter\Database\MySQLi\Connection->execute('SELECT users.fu...')
#2 /Applications/MAMP/htdocs/smartwholesale/client-report/system/Database/BaseConnection.php(598): CodeIgniter\Database\BaseConnection->simpleQuery('SELECT users.fu...')
#3 /Applications/MAMP/htdocs/smartwholesale/client-report/app/Controllers/UPC.php(166): CodeIgniter\Database\BaseConnection->query('SELECT users.fu...')
#4 /Applications/MAMP/htdocs/smartwholesale/client-report/system/CodeIgniter.php(824): App\Controllers\UPC->loadClientUPC()
#5 /Applications/MAMP/htdocs/smartwholesale/client-report/system/CodeIgniter.php(410): CodeIgniter\CodeIgniter->runController(Object(App\Controllers\UPC))
#6 /Applications/MAMP/htdocs/smartwholesale/client-report/system/CodeIgniter.php(318): CodeIgniter\CodeIgniter->handleRequest(NULL, Object(Config\Cache), false)
#7 /Applications/MAMP/htdocs/smartwholesale/client-report/public/index.php(37): CodeIgniter\CodeIgniter->run()
#8 /Applications/MAMP/htdocs/smartwholesale/client-report/system/Commands/Server/rewrite.php(43): require_once('/Applications/M...')
#9 {main}
ERROR - 2023-01-22 00:28:24 --> You have an error in your SQL syntax; check the manual that corresponds to your MySQL server version for the right syntax to use near '\'wq'%' OR item_description like '%'\'wq'%' OR vendor like '%'\'wq'%') ORDER BY ' at line 1
CRITICAL - 2023-01-22 00:28:24 --> You have an error in your SQL syntax; check the manual that corresponds to your MySQL server version for the right syntax to use near '\'wq'%' OR item_description like '%'\'wq'%' OR vendor like '%'\'wq'%') ORDER BY ' at line 1
#0 /Applications/MAMP/htdocs/smartwholesale/client-report/system/Database/MySQLi/Connection.php(292): mysqli->query('SELECT users.fu...', 0)
#1 /Applications/MAMP/htdocs/smartwholesale/client-report/system/Database/BaseConnection.php(670): CodeIgniter\Database\MySQLi\Connection->execute('SELECT users.fu...')
#2 /Applications/MAMP/htdocs/smartwholesale/client-report/system/Database/BaseConnection.php(598): CodeIgniter\Database\BaseConnection->simpleQuery('SELECT users.fu...')
#3 /Applications/MAMP/htdocs/smartwholesale/client-report/app/Controllers/UPC.php(166): CodeIgniter\Database\BaseConnection->query('SELECT users.fu...')
#4 /Applications/MAMP/htdocs/smartwholesale/client-report/system/CodeIgniter.php(824): App\Controllers\UPC->loadClientUPC()
#5 /Applications/MAMP/htdocs/smartwholesale/client-report/system/CodeIgniter.php(410): CodeIgniter\CodeIgniter->runController(Object(App\Controllers\UPC))
#6 /Applications/MAMP/htdocs/smartwholesale/client-report/system/CodeIgniter.php(318): CodeIgniter\CodeIgniter->handleRequest(NULL, Object(Config\Cache), false)
#7 /Applications/MAMP/htdocs/smartwholesale/client-report/public/index.php(37): CodeIgniter\CodeIgniter->run()
#8 /Applications/MAMP/htdocs/smartwholesale/client-report/system/Commands/Server/rewrite.php(43): require_once('/Applications/M...')
#9 {main}
ERROR - 2023-01-22 00:28:46 --> You have an error in your SQL syntax; check the manual that corresponds to your MySQL server version for the right syntax to use near '3'%' OR item_description like '%'3'%' OR vendor like '%'3'%') ORDER BY reports.s' at line 1
CRITICAL - 2023-01-22 00:28:46 --> You have an error in your SQL syntax; check the manual that corresponds to your MySQL server version for the right syntax to use near '3'%' OR item_description like '%'3'%' OR vendor like '%'3'%') ORDER BY reports.s' at line 1
#0 /Applications/MAMP/htdocs/smartwholesale/client-report/system/Database/MySQLi/Connection.php(292): mysqli->query('SELECT users.fu...', 0)
#1 /Applications/MAMP/htdocs/smartwholesale/client-report/system/Database/BaseConnection.php(670): CodeIgniter\Database\MySQLi\Connection->execute('SELECT users.fu...')
#2 /Applications/MAMP/htdocs/smartwholesale/client-report/system/Database/BaseConnection.php(598): CodeIgniter\Database\BaseConnection->simpleQuery('SELECT users.fu...')
#3 /Applications/MAMP/htdocs/smartwholesale/client-report/app/Controllers/UPC.php(166): CodeIgniter\Database\BaseConnection->query('SELECT users.fu...')
#4 /Applications/MAMP/htdocs/smartwholesale/client-report/system/CodeIgniter.php(824): App\Controllers\UPC->loadClientUPC()
#5 /Applications/MAMP/htdocs/smartwholesale/client-report/system/CodeIgniter.php(410): CodeIgniter\CodeIgniter->runController(Object(App\Controllers\UPC))
#6 /Applications/MAMP/htdocs/smartwholesale/client-report/system/CodeIgniter.php(318): CodeIgniter\CodeIgniter->handleRequest(NULL, Object(Config\Cache), false)
#7 /Applications/MAMP/htdocs/smartwholesale/client-report/public/index.php(37): CodeIgniter\CodeIgniter->run()
#8 /Applications/MAMP/htdocs/smartwholesale/client-report/system/Commands/Server/rewrite.php(43): require_once('/Applications/M...')
#9 {main}
ERROR - 2023-01-22 00:32:30 --> You have an error in your SQL syntax; check the manual that corresponds to your MySQL server version for the right syntax to use near '%' OR item_description like '%nike'%' OR vendor like '%nike'%') ORDER BY reports' at line 1
CRITICAL - 2023-01-22 00:32:30 --> You have an error in your SQL syntax; check the manual that corresponds to your MySQL server version for the right syntax to use near '%' OR item_description like '%nike'%' OR vendor like '%nike'%') ORDER BY reports' at line 1
#0 /Applications/MAMP/htdocs/smartwholesale/client-report/system/Database/MySQLi/Connection.php(292): mysqli->query('SELECT users.fu...', 0)
#1 /Applications/MAMP/htdocs/smartwholesale/client-report/system/Database/BaseConnection.php(670): CodeIgniter\Database\MySQLi\Connection->execute('SELECT users.fu...')
#2 /Applications/MAMP/htdocs/smartwholesale/client-report/system/Database/BaseConnection.php(598): CodeIgniter\Database\BaseConnection->simpleQuery('SELECT users.fu...')
#3 /Applications/MAMP/htdocs/smartwholesale/client-report/app/Controllers/UPC.php(166): CodeIgniter\Database\BaseConnection->query('SELECT users.fu...')
#4 /Applications/MAMP/htdocs/smartwholesale/client-report/system/CodeIgniter.php(824): App\Controllers\UPC->loadClientUPC()
#5 /Applications/MAMP/htdocs/smartwholesale/client-report/system/CodeIgniter.php(410): CodeIgniter\CodeIgniter->runController(Object(App\Controllers\UPC))
#6 /Applications/MAMP/htdocs/smartwholesale/client-report/system/CodeIgniter.php(318): CodeIgniter\CodeIgniter->handleRequest(NULL, Object(Config\Cache), false)
#7 /Applications/MAMP/htdocs/smartwholesale/client-report/public/index.php(37): CodeIgniter\CodeIgniter->run()
#8 /Applications/MAMP/htdocs/smartwholesale/client-report/system/Commands/Server/rewrite.php(43): require_once('/Applications/M...')
#9 {main}
ERROR - 2023-01-22 00:39:08 --> You have an error in your SQL syntax; check the manual that corresponds to your MySQL server version for the right syntax to use near '%s% ) ORDER BY reports.sku ASC' at line 1
CRITICAL - 2023-01-22 00:39:08 --> You have an error in your SQL syntax; check the manual that corresponds to your MySQL server version for the right syntax to use near '%s% ) ORDER BY reports.sku ASC' at line 1
#0 /Applications/MAMP/htdocs/smartwholesale/client-report/system/Database/MySQLi/Connection.php(292): mysqli->query('SELECT users.fu...', 0)
#1 /Applications/MAMP/htdocs/smartwholesale/client-report/system/Database/BaseConnection.php(670): CodeIgniter\Database\MySQLi\Connection->execute('SELECT users.fu...')
#2 /Applications/MAMP/htdocs/smartwholesale/client-report/system/Database/BaseConnection.php(598): CodeIgniter\Database\BaseConnection->simpleQuery('SELECT users.fu...')
#3 /Applications/MAMP/htdocs/smartwholesale/client-report/app/Controllers/UPC.php(166): CodeIgniter\Database\BaseConnection->query('SELECT users.fu...')
#4 /Applications/MAMP/htdocs/smartwholesale/client-report/system/CodeIgniter.php(824): App\Controllers\UPC->loadClientUPC()
#5 /Applications/MAMP/htdocs/smartwholesale/client-report/system/CodeIgniter.php(410): CodeIgniter\CodeIgniter->runController(Object(App\Controllers\UPC))
#6 /Applications/MAMP/htdocs/smartwholesale/client-report/system/CodeIgniter.php(318): CodeIgniter\CodeIgniter->handleRequest(NULL, Object(Config\Cache), false)
#7 /Applications/MAMP/htdocs/smartwholesale/client-report/public/index.php(37): CodeIgniter\CodeIgniter->run()
#8 /Applications/MAMP/htdocs/smartwholesale/client-report/system/Commands/Server/rewrite.php(43): require_once('/Applications/M...')
#9 {main}
ERROR - 2023-01-22 00:39:08 --> You have an error in your SQL syntax; check the manual that corresponds to your MySQL server version for the right syntax to use near '%sd% ) ORDER BY reports.sku ASC' at line 1
CRITICAL - 2023-01-22 00:39:08 --> You have an error in your SQL syntax; check the manual that corresponds to your MySQL server version for the right syntax to use near '%sd% ) ORDER BY reports.sku ASC' at line 1
#0 /Applications/MAMP/htdocs/smartwholesale/client-report/system/Database/MySQLi/Connection.php(292): mysqli->query('SELECT users.fu...', 0)
#1 /Applications/MAMP/htdocs/smartwholesale/client-report/system/Database/BaseConnection.php(670): CodeIgniter\Database\MySQLi\Connection->execute('SELECT users.fu...')
#2 /Applications/MAMP/htdocs/smartwholesale/client-report/system/Database/BaseConnection.php(598): CodeIgniter\Database\BaseConnection->simpleQuery('SELECT users.fu...')
#3 /Applications/MAMP/htdocs/smartwholesale/client-report/app/Controllers/UPC.php(166): CodeIgniter\Database\BaseConnection->query('SELECT users.fu...')
#4 /Applications/MAMP/htdocs/smartwholesale/client-report/system/CodeIgniter.php(824): App\Controllers\UPC->loadClientUPC()
#5 /Applications/MAMP/htdocs/smartwholesale/client-report/system/CodeIgniter.php(410): CodeIgniter\CodeIgniter->runController(Object(App\Controllers\UPC))
#6 /Applications/MAMP/htdocs/smartwholesale/client-report/system/CodeIgniter.php(318): CodeIgniter\CodeIgniter->handleRequest(NULL, Object(Config\Cache), false)
#7 /Applications/MAMP/htdocs/smartwholesale/client-report/public/index.php(37): CodeIgniter\CodeIgniter->run()
#8 /Applications/MAMP/htdocs/smartwholesale/client-report/system/Commands/Server/rewrite.php(43): require_once('/Applications/M...')
#9 {main}
ERROR - 2023-01-22 00:39:10 --> You have an error in your SQL syntax; check the manual that corresponds to your MySQL server version for the right syntax to use near '%s% ) ORDER BY reports.sku ASC' at line 1
CRITICAL - 2023-01-22 00:39:10 --> You have an error in your SQL syntax; check the manual that corresponds to your MySQL server version for the right syntax to use near '%s% ) ORDER BY reports.sku ASC' at line 1
#0 /Applications/MAMP/htdocs/smartwholesale/client-report/system/Database/MySQLi/Connection.php(292): mysqli->query('SELECT users.fu...', 0)
#1 /Applications/MAMP/htdocs/smartwholesale/client-report/system/Database/BaseConnection.php(670): CodeIgniter\Database\MySQLi\Connection->execute('SELECT users.fu...')
#2 /Applications/MAMP/htdocs/smartwholesale/client-report/system/Database/BaseConnection.php(598): CodeIgniter\Database\BaseConnection->simpleQuery('SELECT users.fu...')
#3 /Applications/MAMP/htdocs/smartwholesale/client-report/app/Controllers/UPC.php(166): CodeIgniter\Database\BaseConnection->query('SELECT users.fu...')
#4 /Applications/MAMP/htdocs/smartwholesale/client-report/system/CodeIgniter.php(824): App\Controllers\UPC->loadClientUPC()
#5 /Applications/MAMP/htdocs/smartwholesale/client-report/system/CodeIgniter.php(410): CodeIgniter\CodeIgniter->runController(Object(App\Controllers\UPC))
#6 /Applications/MAMP/htdocs/smartwholesale/client-report/system/CodeIgniter.php(318): CodeIgniter\CodeIgniter->handleRequest(NULL, Object(Config\Cache), false)
#7 /Applications/MAMP/htdocs/smartwholesale/client-report/public/index.php(37): CodeIgniter\CodeIgniter->run()
#8 /Applications/MAMP/htdocs/smartwholesale/client-report/system/Commands/Server/rewrite.php(43): require_once('/Applications/M...')
#9 {main}
ERROR - 2023-01-22 00:39:49 --> You have an error in your SQL syntax; check the manual that corresponds to your MySQL server version for the right syntax to use near '%' ) ORDER BY reports.sku ASC' at line 1
CRITICAL - 2023-01-22 00:39:49 --> You have an error in your SQL syntax; check the manual that corresponds to your MySQL server version for the right syntax to use near '%' ) ORDER BY reports.sku ASC' at line 1
#0 /Applications/MAMP/htdocs/smartwholesale/client-report/system/Database/MySQLi/Connection.php(292): mysqli->query('SELECT users.fu...', 0)
#1 /Applications/MAMP/htdocs/smartwholesale/client-report/system/Database/BaseConnection.php(670): CodeIgniter\Database\MySQLi\Connection->execute('SELECT users.fu...')
#2 /Applications/MAMP/htdocs/smartwholesale/client-report/system/Database/BaseConnection.php(598): CodeIgniter\Database\BaseConnection->simpleQuery('SELECT users.fu...')
#3 /Applications/MAMP/htdocs/smartwholesale/client-report/app/Controllers/UPC.php(166): CodeIgniter\Database\BaseConnection->query('SELECT users.fu...')
#4 /Applications/MAMP/htdocs/smartwholesale/client-report/system/CodeIgniter.php(824): App\Controllers\UPC->loadClientUPC()
#5 /Applications/MAMP/htdocs/smartwholesale/client-report/system/CodeIgniter.php(410): CodeIgniter\CodeIgniter->runController(Object(App\Controllers\UPC))
#6 /Applications/MAMP/htdocs/smartwholesale/client-report/system/CodeIgniter.php(318): CodeIgniter\CodeIgniter->handleRequest(NULL, Object(Config\Cache), false)
#7 /Applications/MAMP/htdocs/smartwholesale/client-report/public/index.php(37): CodeIgniter\CodeIgniter->run()
#8 /Applications/MAMP/htdocs/smartwholesale/client-report/system/Commands/Server/rewrite.php(43): require_once('/Applications/M...')
#9 {main}
ERROR - 2023-01-22 00:40:01 --> You have an error in your SQL syntax; check the manual that corresponds to your MySQL server version for the right syntax to use near '%' ) ORDER BY reports.sku ASC' at line 1
CRITICAL - 2023-01-22 00:40:01 --> You have an error in your SQL syntax; check the manual that corresponds to your MySQL server version for the right syntax to use near '%' ) ORDER BY reports.sku ASC' at line 1
#0 /Applications/MAMP/htdocs/smartwholesale/client-report/system/Database/MySQLi/Connection.php(292): mysqli->query('SELECT users.fu...', 0)
#1 /Applications/MAMP/htdocs/smartwholesale/client-report/system/Database/BaseConnection.php(670): CodeIgniter\Database\MySQLi\Connection->execute('SELECT users.fu...')
#2 /Applications/MAMP/htdocs/smartwholesale/client-report/system/Database/BaseConnection.php(598): CodeIgniter\Database\BaseConnection->simpleQuery('SELECT users.fu...')
#3 /Applications/MAMP/htdocs/smartwholesale/client-report/app/Controllers/UPC.php(166): CodeIgniter\Database\BaseConnection->query('SELECT users.fu...')
#4 /Applications/MAMP/htdocs/smartwholesale/client-report/system/CodeIgniter.php(824): App\Controllers\UPC->loadClientUPC()
#5 /Applications/MAMP/htdocs/smartwholesale/client-report/system/CodeIgniter.php(410): CodeIgniter\CodeIgniter->runController(Object(App\Controllers\UPC))
#6 /Applications/MAMP/htdocs/smartwholesale/client-report/system/CodeIgniter.php(318): CodeIgniter\CodeIgniter->handleRequest(NULL, Object(Config\Cache), false)
#7 /Applications/MAMP/htdocs/smartwholesale/client-report/public/index.php(37): CodeIgniter\CodeIgniter->run()
#8 /Applications/MAMP/htdocs/smartwholesale/client-report/system/Commands/Server/rewrite.php(43): require_once('/Applications/M...')
#9 {main}
ERROR - 2023-01-22 00:40:05 --> You have an error in your SQL syntax; check the manual that corresponds to your MySQL server version for the right syntax to use near '%' ) ORDER BY reports.sku ASC' at line 1
CRITICAL - 2023-01-22 00:40:05 --> You have an error in your SQL syntax; check the manual that corresponds to your MySQL server version for the right syntax to use near '%' ) ORDER BY reports.sku ASC' at line 1
#0 /Applications/MAMP/htdocs/smartwholesale/client-report/system/Database/MySQLi/Connection.php(292): mysqli->query('SELECT users.fu...', 0)
#1 /Applications/MAMP/htdocs/smartwholesale/client-report/system/Database/BaseConnection.php(670): CodeIgniter\Database\MySQLi\Connection->execute('SELECT users.fu...')
#2 /Applications/MAMP/htdocs/smartwholesale/client-report/system/Database/BaseConnection.php(598): CodeIgniter\Database\BaseConnection->simpleQuery('SELECT users.fu...')
#3 /Applications/MAMP/htdocs/smartwholesale/client-report/app/Controllers/UPC.php(166): CodeIgniter\Database\BaseConnection->query('SELECT users.fu...')
#4 /Applications/MAMP/htdocs/smartwholesale/client-report/system/CodeIgniter.php(824): App\Controllers\UPC->loadClientUPC()
#5 /Applications/MAMP/htdocs/smartwholesale/client-report/system/CodeIgniter.php(410): CodeIgniter\CodeIgniter->runController(Object(App\Controllers\UPC))
#6 /Applications/MAMP/htdocs/smartwholesale/client-report/system/CodeIgniter.php(318): CodeIgniter\CodeIgniter->handleRequest(NULL, Object(Config\Cache), false)
#7 /Applications/MAMP/htdocs/smartwholesale/client-report/public/index.php(37): CodeIgniter\CodeIgniter->run()
#8 /Applications/MAMP/htdocs/smartwholesale/client-report/system/Commands/Server/rewrite.php(43): require_once('/Applications/M...')
#9 {main}
ERROR - 2023-01-22 00:40:45 --> You have an error in your SQL syntax; check the manual that corresponds to your MySQL server version for the right syntax to use near '2'%' ) ORDER BY reports.sku ASC' at line 1
CRITICAL - 2023-01-22 00:40:45 --> You have an error in your SQL syntax; check the manual that corresponds to your MySQL server version for the right syntax to use near '2'%' ) ORDER BY reports.sku ASC' at line 1
#0 /Applications/MAMP/htdocs/smartwholesale/client-report/system/Database/MySQLi/Connection.php(292): mysqli->query('SELECT users.fu...', 0)
#1 /Applications/MAMP/htdocs/smartwholesale/client-report/system/Database/BaseConnection.php(670): CodeIgniter\Database\MySQLi\Connection->execute('SELECT users.fu...')
#2 /Applications/MAMP/htdocs/smartwholesale/client-report/system/Database/BaseConnection.php(598): CodeIgniter\Database\BaseConnection->simpleQuery('SELECT users.fu...')
#3 /Applications/MAMP/htdocs/smartwholesale/client-report/app/Controllers/UPC.php(166): CodeIgniter\Database\BaseConnection->query('SELECT users.fu...')
#4 /Applications/MAMP/htdocs/smartwholesale/client-report/system/CodeIgniter.php(824): App\Controllers\UPC->loadClientUPC()
#5 /Applications/MAMP/htdocs/smartwholesale/client-report/system/CodeIgniter.php(410): CodeIgniter\CodeIgniter->runController(Object(App\Controllers\UPC))
#6 /Applications/MAMP/htdocs/smartwholesale/client-report/system/CodeIgniter.php(318): CodeIgniter\CodeIgniter->handleRequest(NULL, Object(Config\Cache), false)
#7 /Applications/MAMP/htdocs/smartwholesale/client-report/public/index.php(37): CodeIgniter\CodeIgniter->run()
#8 /Applications/MAMP/htdocs/smartwholesale/client-report/system/Commands/Server/rewrite.php(43): require_once('/Applications/M...')
#9 {main}
ERROR - 2023-01-22 00:40:46 --> You have an error in your SQL syntax; check the manual that corresponds to your MySQL server version for the right syntax to use near '21'%' ) ORDER BY reports.sku ASC' at line 1
CRITICAL - 2023-01-22 00:40:46 --> You have an error in your SQL syntax; check the manual that corresponds to your MySQL server version for the right syntax to use near '21'%' ) ORDER BY reports.sku ASC' at line 1
#0 /Applications/MAMP/htdocs/smartwholesale/client-report/system/Database/MySQLi/Connection.php(292): mysqli->query('SELECT users.fu...', 0)
#1 /Applications/MAMP/htdocs/smartwholesale/client-report/system/Database/BaseConnection.php(670): CodeIgniter\Database\MySQLi\Connection->execute('SELECT users.fu...')
#2 /Applications/MAMP/htdocs/smartwholesale/client-report/system/Database/BaseConnection.php(598): CodeIgniter\Database\BaseConnection->simpleQuery('SELECT users.fu...')
#3 /Applications/MAMP/htdocs/smartwholesale/client-report/app/Controllers/UPC.php(166): CodeIgniter\Database\BaseConnection->query('SELECT users.fu...')
#4 /Applications/MAMP/htdocs/smartwholesale/client-report/system/CodeIgniter.php(824): App\Controllers\UPC->loadClientUPC()
#5 /Applications/MAMP/htdocs/smartwholesale/client-report/system/CodeIgniter.php(410): CodeIgniter\CodeIgniter->runController(Object(App\Controllers\UPC))
#6 /Applications/MAMP/htdocs/smartwholesale/client-report/system/CodeIgniter.php(318): CodeIgniter\CodeIgniter->handleRequest(NULL, Object(Config\Cache), false)
#7 /Applications/MAMP/htdocs/smartwholesale/client-report/public/index.php(37): CodeIgniter\CodeIgniter->run()
#8 /Applications/MAMP/htdocs/smartwholesale/client-report/system/Commands/Server/rewrite.php(43): require_once('/Applications/M...')
#9 {main}
ERROR - 2023-01-22 00:41:41 --> You have an error in your SQL syntax; check the manual that corresponds to your MySQL server version for the right syntax to use near '3'%') ORDER BY reports.sku ASC limit 0, 10' at line 1
CRITICAL - 2023-01-22 00:41:41 --> You have an error in your SQL syntax; check the manual that corresponds to your MySQL server version for the right syntax to use near '3'%') ORDER BY reports.sku ASC limit 0, 10' at line 1
#0 /Applications/MAMP/htdocs/smartwholesale/client-report/system/Database/MySQLi/Connection.php(292): mysqli->query('SELECT users.fu...', 0)
#1 /Applications/MAMP/htdocs/smartwholesale/client-report/system/Database/BaseConnection.php(670): CodeIgniter\Database\MySQLi\Connection->execute('SELECT users.fu...')
#2 /Applications/MAMP/htdocs/smartwholesale/client-report/system/Database/BaseConnection.php(598): CodeIgniter\Database\BaseConnection->simpleQuery('SELECT users.fu...')
#3 /Applications/MAMP/htdocs/smartwholesale/client-report/app/Controllers/UPC.php(167): CodeIgniter\Database\BaseConnection->query('SELECT users.fu...')
#4 /Applications/MAMP/htdocs/smartwholesale/client-report/system/CodeIgniter.php(824): App\Controllers\UPC->loadClientUPC()
#5 /Applications/MAMP/htdocs/smartwholesale/client-report/system/CodeIgniter.php(410): CodeIgniter\CodeIgniter->runController(Object(App\Controllers\UPC))
#6 /Applications/MAMP/htdocs/smartwholesale/client-report/system/CodeIgniter.php(318): CodeIgniter\CodeIgniter->handleRequest(NULL, Object(Config\Cache), false)
#7 /Applications/MAMP/htdocs/smartwholesale/client-report/public/index.php(37): CodeIgniter\CodeIgniter->run()
#8 /Applications/MAMP/htdocs/smartwholesale/client-report/system/Commands/Server/rewrite.php(43): require_once('/Applications/M...')
#9 {main}
ERROR - 2023-01-22 00:41:43 --> You have an error in your SQL syntax; check the manual that corresponds to your MySQL server version for the right syntax to use near '3w'%') ORDER BY reports.sku ASC limit 0, 10' at line 1
CRITICAL - 2023-01-22 00:41:43 --> You have an error in your SQL syntax; check the manual that corresponds to your MySQL server version for the right syntax to use near '3w'%') ORDER BY reports.sku ASC limit 0, 10' at line 1
#0 /Applications/MAMP/htdocs/smartwholesale/client-report/system/Database/MySQLi/Connection.php(292): mysqli->query('SELECT users.fu...', 0)
#1 /Applications/MAMP/htdocs/smartwholesale/client-report/system/Database/BaseConnection.php(670): CodeIgniter\Database\MySQLi\Connection->execute('SELECT users.fu...')
#2 /Applications/MAMP/htdocs/smartwholesale/client-report/system/Database/BaseConnection.php(598): CodeIgniter\Database\BaseConnection->simpleQuery('SELECT users.fu...')
#3 /Applications/MAMP/htdocs/smartwholesale/client-report/app/Controllers/UPC.php(167): CodeIgniter\Database\BaseConnection->query('SELECT users.fu...')
#4 /Applications/MAMP/htdocs/smartwholesale/client-report/system/CodeIgniter.php(824): App\Controllers\UPC->loadClientUPC()
#5 /Applications/MAMP/htdocs/smartwholesale/client-report/system/CodeIgniter.php(410): CodeIgniter\CodeIgniter->runController(Object(App\Controllers\UPC))
#6 /Applications/MAMP/htdocs/smartwholesale/client-report/system/CodeIgniter.php(318): CodeIgniter\CodeIgniter->handleRequest(NULL, Object(Config\Cache), false)
#7 /Applications/MAMP/htdocs/smartwholesale/client-report/public/index.php(37): CodeIgniter\CodeIgniter->run()
#8 /Applications/MAMP/htdocs/smartwholesale/client-report/system/Commands/Server/rewrite.php(43): require_once('/Applications/M...')
#9 {main}
ERROR - 2023-01-22 00:41:43 --> You have an error in your SQL syntax; check the manual that corresponds to your MySQL server version for the right syntax to use near '3wqe'%') ORDER BY reports.sku ASC limit 0, 10' at line 1
CRITICAL - 2023-01-22 00:41:43 --> You have an error in your SQL syntax; check the manual that corresponds to your MySQL server version for the right syntax to use near '3wqe'%') ORDER BY reports.sku ASC limit 0, 10' at line 1
#0 /Applications/MAMP/htdocs/smartwholesale/client-report/system/Database/MySQLi/Connection.php(292): mysqli->query('SELECT users.fu...', 0)
#1 /Applications/MAMP/htdocs/smartwholesale/client-report/system/Database/BaseConnection.php(670): CodeIgniter\Database\MySQLi\Connection->execute('SELECT users.fu...')
#2 /Applications/MAMP/htdocs/smartwholesale/client-report/system/Database/BaseConnection.php(598): CodeIgniter\Database\BaseConnection->simpleQuery('SELECT users.fu...')
#3 /Applications/MAMP/htdocs/smartwholesale/client-report/app/Controllers/UPC.php(167): CodeIgniter\Database\BaseConnection->query('SELECT users.fu...')
#4 /Applications/MAMP/htdocs/smartwholesale/client-report/system/CodeIgniter.php(824): App\Controllers\UPC->loadClientUPC()
#5 /Applications/MAMP/htdocs/smartwholesale/client-report/system/CodeIgniter.php(410): CodeIgniter\CodeIgniter->runController(Object(App\Controllers\UPC))
#6 /Applications/MAMP/htdocs/smartwholesale/client-report/system/CodeIgniter.php(318): CodeIgniter\CodeIgniter->handleRequest(NULL, Object(Config\Cache), false)
#7 /Applications/MAMP/htdocs/smartwholesale/client-report/public/index.php(37): CodeIgniter\CodeIgniter->run()
#8 /Applications/MAMP/htdocs/smartwholesale/client-report/system/Commands/Server/rewrite.php(43): require_once('/Applications/M...')
#9 {main}
ERROR - 2023-01-22 00:43:01 --> You have an error in your SQL syntax; check the manual that corresponds to your MySQL server version for the right syntax to use near 'X00352UD0Dq'%') ORDER BY reports.sku ASC limit 0, 10' at line 1
CRITICAL - 2023-01-22 00:43:01 --> You have an error in your SQL syntax; check the manual that corresponds to your MySQL server version for the right syntax to use near 'X00352UD0Dq'%') ORDER BY reports.sku ASC limit 0, 10' at line 1
#0 /Applications/MAMP/htdocs/smartwholesale/client-report/system/Database/MySQLi/Connection.php(292): mysqli->query('SELECT users.fu...', 0)
#1 /Applications/MAMP/htdocs/smartwholesale/client-report/system/Database/BaseConnection.php(670): CodeIgniter\Database\MySQLi\Connection->execute('SELECT users.fu...')
#2 /Applications/MAMP/htdocs/smartwholesale/client-report/system/Database/BaseConnection.php(598): CodeIgniter\Database\BaseConnection->simpleQuery('SELECT users.fu...')
#3 /Applications/MAMP/htdocs/smartwholesale/client-report/app/Controllers/UPC.php(167): CodeIgniter\Database\BaseConnection->query('SELECT users.fu...')
#4 /Applications/MAMP/htdocs/smartwholesale/client-report/system/CodeIgniter.php(824): App\Controllers\UPC->loadClientUPC()
#5 /Applications/MAMP/htdocs/smartwholesale/client-report/system/CodeIgniter.php(410): CodeIgniter\CodeIgniter->runController(Object(App\Controllers\UPC))
#6 /Applications/MAMP/htdocs/smartwholesale/client-report/system/CodeIgniter.php(318): CodeIgniter\CodeIgniter->handleRequest(NULL, Object(Config\Cache), false)
#7 /Applications/MAMP/htdocs/smartwholesale/client-report/public/index.php(37): CodeIgniter\CodeIgniter->run()
#8 /Applications/MAMP/htdocs/smartwholesale/client-report/system/Commands/Server/rewrite.php(43): require_once('/Applications/M...')
#9 {main}
ERROR - 2023-01-22 00:43:02 --> You have an error in your SQL syntax; check the manual that corresponds to your MySQL server version for the right syntax to use near 'X00352UD0Dq\''%') ORDER BY reports.sku ASC limit 0, 10' at line 1
CRITICAL - 2023-01-22 00:43:02 --> You have an error in your SQL syntax; check the manual that corresponds to your MySQL server version for the right syntax to use near 'X00352UD0Dq\''%') ORDER BY reports.sku ASC limit 0, 10' at line 1
#0 /Applications/MAMP/htdocs/smartwholesale/client-report/system/Database/MySQLi/Connection.php(292): mysqli->query('SELECT users.fu...', 0)
#1 /Applications/MAMP/htdocs/smartwholesale/client-report/system/Database/BaseConnection.php(670): CodeIgniter\Database\MySQLi\Connection->execute('SELECT users.fu...')
#2 /Applications/MAMP/htdocs/smartwholesale/client-report/system/Database/BaseConnection.php(598): CodeIgniter\Database\BaseConnection->simpleQuery('SELECT users.fu...')
#3 /Applications/MAMP/htdocs/smartwholesale/client-report/app/Controllers/UPC.php(167): CodeIgniter\Database\BaseConnection->query('SELECT users.fu...')
#4 /Applications/MAMP/htdocs/smartwholesale/client-report/system/CodeIgniter.php(824): App\Controllers\UPC->loadClientUPC()
#5 /Applications/MAMP/htdocs/smartwholesale/client-report/system/CodeIgniter.php(410): CodeIgniter\CodeIgniter->runController(Object(App\Controllers\UPC))
#6 /Applications/MAMP/htdocs/smartwholesale/client-report/system/CodeIgniter.php(318): CodeIgniter\CodeIgniter->handleRequest(NULL, Object(Config\Cache), false)
#7 /Applications/MAMP/htdocs/smartwholesale/client-report/public/index.php(37): CodeIgniter\CodeIgniter->run()
#8 /Applications/MAMP/htdocs/smartwholesale/client-report/system/Commands/Server/rewrite.php(43): require_once('/Applications/M...')
#9 {main}
ERROR - 2023-01-22 00:43:31 --> You have an error in your SQL syntax; check the manual that corresponds to your MySQL server version for the right syntax to use near '%''1''%) ORDER BY reports.sku ASC limit 0, 10' at line 1
CRITICAL - 2023-01-22 00:43:31 --> You have an error in your SQL syntax; check the manual that corresponds to your MySQL server version for the right syntax to use near '%''1''%) ORDER BY reports.sku ASC limit 0, 10' at line 1
#0 /Applications/MAMP/htdocs/smartwholesale/client-report/system/Database/MySQLi/Connection.php(292): mysqli->query('SELECT users.fu...', 0)
#1 /Applications/MAMP/htdocs/smartwholesale/client-report/system/Database/BaseConnection.php(670): CodeIgniter\Database\MySQLi\Connection->execute('SELECT users.fu...')
#2 /Applications/MAMP/htdocs/smartwholesale/client-report/system/Database/BaseConnection.php(598): CodeIgniter\Database\BaseConnection->simpleQuery('SELECT users.fu...')
#3 /Applications/MAMP/htdocs/smartwholesale/client-report/app/Controllers/UPC.php(167): CodeIgniter\Database\BaseConnection->query('SELECT users.fu...')
#4 /Applications/MAMP/htdocs/smartwholesale/client-report/system/CodeIgniter.php(824): App\Controllers\UPC->loadClientUPC()
#5 /Applications/MAMP/htdocs/smartwholesale/client-report/system/CodeIgniter.php(410): CodeIgniter\CodeIgniter->runController(Object(App\Controllers\UPC))
#6 /Applications/MAMP/htdocs/smartwholesale/client-report/system/CodeIgniter.php(318): CodeIgniter\CodeIgniter->handleRequest(NULL, Object(Config\Cache), false)
#7 /Applications/MAMP/htdocs/smartwholesale/client-report/public/index.php(37): CodeIgniter\CodeIgniter->run()
#8 /Applications/MAMP/htdocs/smartwholesale/client-report/system/Commands/Server/rewrite.php(43): require_once('/Applications/M...')
#9 {main}
ERROR - 2023-01-22 00:43:32 --> You have an error in your SQL syntax; check the manual that corresponds to your MySQL server version for the right syntax to use near '%''123''%) ORDER BY reports.sku ASC limit 0, 10' at line 1
CRITICAL - 2023-01-22 00:43:32 --> You have an error in your SQL syntax; check the manual that corresponds to your MySQL server version for the right syntax to use near '%''123''%) ORDER BY reports.sku ASC limit 0, 10' at line 1
#0 /Applications/MAMP/htdocs/smartwholesale/client-report/system/Database/MySQLi/Connection.php(292): mysqli->query('SELECT users.fu...', 0)
#1 /Applications/MAMP/htdocs/smartwholesale/client-report/system/Database/BaseConnection.php(670): CodeIgniter\Database\MySQLi\Connection->execute('SELECT users.fu...')
#2 /Applications/MAMP/htdocs/smartwholesale/client-report/system/Database/BaseConnection.php(598): CodeIgniter\Database\BaseConnection->simpleQuery('SELECT users.fu...')
#3 /Applications/MAMP/htdocs/smartwholesale/client-report/app/Controllers/UPC.php(167): CodeIgniter\Database\BaseConnection->query('SELECT users.fu...')
#4 /Applications/MAMP/htdocs/smartwholesale/client-report/system/CodeIgniter.php(824): App\Controllers\UPC->loadClientUPC()
#5 /Applications/MAMP/htdocs/smartwholesale/client-report/system/CodeIgniter.php(410): CodeIgniter\CodeIgniter->runController(Object(App\Controllers\UPC))
#6 /Applications/MAMP/htdocs/smartwholesale/client-report/system/CodeIgniter.php(318): CodeIgniter\CodeIgniter->handleRequest(NULL, Object(Config\Cache), false)
#7 /Applications/MAMP/htdocs/smartwholesale/client-report/public/index.php(37): CodeIgniter\CodeIgniter->run()
#8 /Applications/MAMP/htdocs/smartwholesale/client-report/system/Commands/Server/rewrite.php(43): require_once('/Applications/M...')
#9 {main}
ERROR - 2023-01-22 00:43:56 --> You have an error in your SQL syntax; check the manual that corresponds to your MySQL server version for the right syntax to use near '%'1'%) ORDER BY reports.sku ASC limit 0, 10' at line 1
CRITICAL - 2023-01-22 00:43:56 --> You have an error in your SQL syntax; check the manual that corresponds to your MySQL server version for the right syntax to use near '%'1'%) ORDER BY reports.sku ASC limit 0, 10' at line 1
#0 /Applications/MAMP/htdocs/smartwholesale/client-report/system/Database/MySQLi/Connection.php(292): mysqli->query('SELECT users.fu...', 0)
#1 /Applications/MAMP/htdocs/smartwholesale/client-report/system/Database/BaseConnection.php(670): CodeIgniter\Database\MySQLi\Connection->execute('SELECT users.fu...')
#2 /Applications/MAMP/htdocs/smartwholesale/client-report/system/Database/BaseConnection.php(598): CodeIgniter\Database\BaseConnection->simpleQuery('SELECT users.fu...')
#3 /Applications/MAMP/htdocs/smartwholesale/client-report/app/Controllers/UPC.php(167): CodeIgniter\Database\BaseConnection->query('SELECT users.fu...')
#4 /Applications/MAMP/htdocs/smartwholesale/client-report/system/CodeIgniter.php(824): App\Controllers\UPC->loadClientUPC()
#5 /Applications/MAMP/htdocs/smartwholesale/client-report/system/CodeIgniter.php(410): CodeIgniter\CodeIgniter->runController(Object(App\Controllers\UPC))
#6 /Applications/MAMP/htdocs/smartwholesale/client-report/system/CodeIgniter.php(318): CodeIgniter\CodeIgniter->handleRequest(NULL, Object(Config\Cache), false)
#7 /Applications/MAMP/htdocs/smartwholesale/client-report/public/index.php(37): CodeIgniter\CodeIgniter->run()
#8 /Applications/MAMP/htdocs/smartwholesale/client-report/system/Commands/Server/rewrite.php(43): require_once('/Applications/M...')
#9 {main}
ERROR - 2023-01-22 00:43:56 --> You have an error in your SQL syntax; check the manual that corresponds to your MySQL server version for the right syntax to use near '%'123'%) ORDER BY reports.sku ASC limit 0, 10' at line 1
CRITICAL - 2023-01-22 00:43:56 --> You have an error in your SQL syntax; check the manual that corresponds to your MySQL server version for the right syntax to use near '%'123'%) ORDER BY reports.sku ASC limit 0, 10' at line 1
#0 /Applications/MAMP/htdocs/smartwholesale/client-report/system/Database/MySQLi/Connection.php(292): mysqli->query('SELECT users.fu...', 0)
#1 /Applications/MAMP/htdocs/smartwholesale/client-report/system/Database/BaseConnection.php(670): CodeIgniter\Database\MySQLi\Connection->execute('SELECT users.fu...')
#2 /Applications/MAMP/htdocs/smartwholesale/client-report/system/Database/BaseConnection.php(598): CodeIgniter\Database\BaseConnection->simpleQuery('SELECT users.fu...')
#3 /Applications/MAMP/htdocs/smartwholesale/client-report/app/Controllers/UPC.php(167): CodeIgniter\Database\BaseConnection->query('SELECT users.fu...')
#4 /Applications/MAMP/htdocs/smartwholesale/client-report/system/CodeIgniter.php(824): App\Controllers\UPC->loadClientUPC()
#5 /Applications/MAMP/htdocs/smartwholesale/client-report/system/CodeIgniter.php(410): CodeIgniter\CodeIgniter->runController(Object(App\Controllers\UPC))
#6 /Applications/MAMP/htdocs/smartwholesale/client-report/system/CodeIgniter.php(318): CodeIgniter\CodeIgniter->handleRequest(NULL, Object(Config\Cache), false)
#7 /Applications/MAMP/htdocs/smartwholesale/client-report/public/index.php(37): CodeIgniter\CodeIgniter->run()
#8 /Applications/MAMP/htdocs/smartwholesale/client-report/system/Commands/Server/rewrite.php(43): require_once('/Applications/M...')
#9 {main}
ERROR - 2023-01-22 00:44:31 --> You have an error in your SQL syntax; check the manual that corresponds to your MySQL server version for the right syntax to use near '% ''2'' %) ORDER BY reports.sku ASC limit 0, 10' at line 1
CRITICAL - 2023-01-22 00:44:31 --> You have an error in your SQL syntax; check the manual that corresponds to your MySQL server version for the right syntax to use near '% ''2'' %) ORDER BY reports.sku ASC limit 0, 10' at line 1
#0 /Applications/MAMP/htdocs/smartwholesale/client-report/system/Database/MySQLi/Connection.php(292): mysqli->query('SELECT users.fu...', 0)
#1 /Applications/MAMP/htdocs/smartwholesale/client-report/system/Database/BaseConnection.php(670): CodeIgniter\Database\MySQLi\Connection->execute('SELECT users.fu...')
#2 /Applications/MAMP/htdocs/smartwholesale/client-report/system/Database/BaseConnection.php(598): CodeIgniter\Database\BaseConnection->simpleQuery('SELECT users.fu...')
#3 /Applications/MAMP/htdocs/smartwholesale/client-report/app/Controllers/UPC.php(167): CodeIgniter\Database\BaseConnection->query('SELECT users.fu...')
#4 /Applications/MAMP/htdocs/smartwholesale/client-report/system/CodeIgniter.php(824): App\Controllers\UPC->loadClientUPC()
#5 /Applications/MAMP/htdocs/smartwholesale/client-report/system/CodeIgniter.php(410): CodeIgniter\CodeIgniter->runController(Object(App\Controllers\UPC))
#6 /Applications/MAMP/htdocs/smartwholesale/client-report/system/CodeIgniter.php(318): CodeIgniter\CodeIgniter->handleRequest(NULL, Object(Config\Cache), false)
#7 /Applications/MAMP/htdocs/smartwholesale/client-report/public/index.php(37): CodeIgniter\CodeIgniter->run()
#8 /Applications/MAMP/htdocs/smartwholesale/client-report/system/Commands/Server/rewrite.php(43): require_once('/Applications/M...')
#9 {main}
ERROR - 2023-01-22 00:44:32 --> You have an error in your SQL syntax; check the manual that corresponds to your MySQL server version for the right syntax to use near '% ''21'' %) ORDER BY reports.sku ASC limit 0, 10' at line 1
CRITICAL - 2023-01-22 00:44:32 --> You have an error in your SQL syntax; check the manual that corresponds to your MySQL server version for the right syntax to use near '% ''21'' %) ORDER BY reports.sku ASC limit 0, 10' at line 1
#0 /Applications/MAMP/htdocs/smartwholesale/client-report/system/Database/MySQLi/Connection.php(292): mysqli->query('SELECT users.fu...', 0)
#1 /Applications/MAMP/htdocs/smartwholesale/client-report/system/Database/BaseConnection.php(670): CodeIgniter\Database\MySQLi\Connection->execute('SELECT users.fu...')
#2 /Applications/MAMP/htdocs/smartwholesale/client-report/system/Database/BaseConnection.php(598): CodeIgniter\Database\BaseConnection->simpleQuery('SELECT users.fu...')
#3 /Applications/MAMP/htdocs/smartwholesale/client-report/app/Controllers/UPC.php(167): CodeIgniter\Database\BaseConnection->query('SELECT users.fu...')
#4 /Applications/MAMP/htdocs/smartwholesale/client-report/system/CodeIgniter.php(824): App\Controllers\UPC->loadClientUPC()
#5 /Applications/MAMP/htdocs/smartwholesale/client-report/system/CodeIgniter.php(410): CodeIgniter\CodeIgniter->runController(Object(App\Controllers\UPC))
#6 /Applications/MAMP/htdocs/smartwholesale/client-report/system/CodeIgniter.php(318): CodeIgniter\CodeIgniter->handleRequest(NULL, Object(Config\Cache), false)
#7 /Applications/MAMP/htdocs/smartwholesale/client-report/public/index.php(37): CodeIgniter\CodeIgniter->run()
#8 /Applications/MAMP/htdocs/smartwholesale/client-report/system/Commands/Server/rewrite.php(43): require_once('/Applications/M...')
#9 {main}
ERROR - 2023-01-22 00:44:44 --> You have an error in your SQL syntax; check the manual that corresponds to your MySQL server version for the right syntax to use near '% ''1'' %') ORDER BY reports.sku ASC limit 0, 10' at line 1
CRITICAL - 2023-01-22 00:44:44 --> You have an error in your SQL syntax; check the manual that corresponds to your MySQL server version for the right syntax to use near '% ''1'' %') ORDER BY reports.sku ASC limit 0, 10' at line 1
#0 /Applications/MAMP/htdocs/smartwholesale/client-report/system/Database/MySQLi/Connection.php(292): mysqli->query('SELECT users.fu...', 0)
#1 /Applications/MAMP/htdocs/smartwholesale/client-report/system/Database/BaseConnection.php(670): CodeIgniter\Database\MySQLi\Connection->execute('SELECT users.fu...')
#2 /Applications/MAMP/htdocs/smartwholesale/client-report/system/Database/BaseConnection.php(598): CodeIgniter\Database\BaseConnection->simpleQuery('SELECT users.fu...')
#3 /Applications/MAMP/htdocs/smartwholesale/client-report/app/Controllers/UPC.php(167): CodeIgniter\Database\BaseConnection->query('SELECT users.fu...')
#4 /Applications/MAMP/htdocs/smartwholesale/client-report/system/CodeIgniter.php(824): App\Controllers\UPC->loadClientUPC()
#5 /Applications/MAMP/htdocs/smartwholesale/client-report/system/CodeIgniter.php(410): CodeIgniter\CodeIgniter->runController(Object(App\Controllers\UPC))
#6 /Applications/MAMP/htdocs/smartwholesale/client-report/system/CodeIgniter.php(318): CodeIgniter\CodeIgniter->handleRequest(NULL, Object(Config\Cache), false)
#7 /Applications/MAMP/htdocs/smartwholesale/client-report/public/index.php(37): CodeIgniter\CodeIgniter->run()
#8 /Applications/MAMP/htdocs/smartwholesale/client-report/system/Commands/Server/rewrite.php(43): require_once('/Applications/M...')
#9 {main}
ERROR - 2023-01-22 00:44:45 --> You have an error in your SQL syntax; check the manual that corresponds to your MySQL server version for the right syntax to use near '% ''123'' %') ORDER BY reports.sku ASC limit 0, 10' at line 1
CRITICAL - 2023-01-22 00:44:45 --> You have an error in your SQL syntax; check the manual that corresponds to your MySQL server version for the right syntax to use near '% ''123'' %') ORDER BY reports.sku ASC limit 0, 10' at line 1
#0 /Applications/MAMP/htdocs/smartwholesale/client-report/system/Database/MySQLi/Connection.php(292): mysqli->query('SELECT users.fu...', 0)
#1 /Applications/MAMP/htdocs/smartwholesale/client-report/system/Database/BaseConnection.php(670): CodeIgniter\Database\MySQLi\Connection->execute('SELECT users.fu...')
#2 /Applications/MAMP/htdocs/smartwholesale/client-report/system/Database/BaseConnection.php(598): CodeIgniter\Database\BaseConnection->simpleQuery('SELECT users.fu...')
#3 /Applications/MAMP/htdocs/smartwholesale/client-report/app/Controllers/UPC.php(167): CodeIgniter\Database\BaseConnection->query('SELECT users.fu...')
#4 /Applications/MAMP/htdocs/smartwholesale/client-report/system/CodeIgniter.php(824): App\Controllers\UPC->loadClientUPC()
#5 /Applications/MAMP/htdocs/smartwholesale/client-report/system/CodeIgniter.php(410): CodeIgniter\CodeIgniter->runController(Object(App\Controllers\UPC))
#6 /Applications/MAMP/htdocs/smartwholesale/client-report/system/CodeIgniter.php(318): CodeIgniter\CodeIgniter->handleRequest(NULL, Object(Config\Cache), false)
#7 /Applications/MAMP/htdocs/smartwholesale/client-report/public/index.php(37): CodeIgniter\CodeIgniter->run()
#8 /Applications/MAMP/htdocs/smartwholesale/client-report/system/Commands/Server/rewrite.php(43): require_once('/Applications/M...')
#9 {main}
ERROR - 2023-01-22 00:45:00 --> You have an error in your SQL syntax; check the manual that corresponds to your MySQL server version for the right syntax to use near '% '1' %') ORDER BY reports.sku ASC limit 0, 10' at line 1
CRITICAL - 2023-01-22 00:45:00 --> You have an error in your SQL syntax; check the manual that corresponds to your MySQL server version for the right syntax to use near '% '1' %') ORDER BY reports.sku ASC limit 0, 10' at line 1
#0 /Applications/MAMP/htdocs/smartwholesale/client-report/system/Database/MySQLi/Connection.php(292): mysqli->query('SELECT users.fu...', 0)
#1 /Applications/MAMP/htdocs/smartwholesale/client-report/system/Database/BaseConnection.php(670): CodeIgniter\Database\MySQLi\Connection->execute('SELECT users.fu...')
#2 /Applications/MAMP/htdocs/smartwholesale/client-report/system/Database/BaseConnection.php(598): CodeIgniter\Database\BaseConnection->simpleQuery('SELECT users.fu...')
#3 /Applications/MAMP/htdocs/smartwholesale/client-report/app/Controllers/UPC.php(167): CodeIgniter\Database\BaseConnection->query('SELECT users.fu...')
#4 /Applications/MAMP/htdocs/smartwholesale/client-report/system/CodeIgniter.php(824): App\Controllers\UPC->loadClientUPC()
#5 /Applications/MAMP/htdocs/smartwholesale/client-report/system/CodeIgniter.php(410): CodeIgniter\CodeIgniter->runController(Object(App\Controllers\UPC))
#6 /Applications/MAMP/htdocs/smartwholesale/client-report/system/CodeIgniter.php(318): CodeIgniter\CodeIgniter->handleRequest(NULL, Object(Config\Cache), false)
#7 /Applications/MAMP/htdocs/smartwholesale/client-report/public/index.php(37): CodeIgniter\CodeIgniter->run()
#8 /Applications/MAMP/htdocs/smartwholesale/client-report/system/Commands/Server/rewrite.php(43): require_once('/Applications/M...')
#9 {main}
ERROR - 2023-01-22 00:45:01 --> You have an error in your SQL syntax; check the manual that corresponds to your MySQL server version for the right syntax to use near '% '123' %') ORDER BY reports.sku ASC limit 0, 10' at line 1
CRITICAL - 2023-01-22 00:45:01 --> You have an error in your SQL syntax; check the manual that corresponds to your MySQL server version for the right syntax to use near '% '123' %') ORDER BY reports.sku ASC limit 0, 10' at line 1
#0 /Applications/MAMP/htdocs/smartwholesale/client-report/system/Database/MySQLi/Connection.php(292): mysqli->query('SELECT users.fu...', 0)
#1 /Applications/MAMP/htdocs/smartwholesale/client-report/system/Database/BaseConnection.php(670): CodeIgniter\Database\MySQLi\Connection->execute('SELECT users.fu...')
#2 /Applications/MAMP/htdocs/smartwholesale/client-report/system/Database/BaseConnection.php(598): CodeIgniter\Database\BaseConnection->simpleQuery('SELECT users.fu...')
#3 /Applications/MAMP/htdocs/smartwholesale/client-report/app/Controllers/UPC.php(167): CodeIgniter\Database\BaseConnection->query('SELECT users.fu...')
#4 /Applications/MAMP/htdocs/smartwholesale/client-report/system/CodeIgniter.php(824): App\Controllers\UPC->loadClientUPC()
#5 /Applications/MAMP/htdocs/smartwholesale/client-report/system/CodeIgniter.php(410): CodeIgniter\CodeIgniter->runController(Object(App\Controllers\UPC))
#6 /Applications/MAMP/htdocs/smartwholesale/client-report/system/CodeIgniter.php(318): CodeIgniter\CodeIgniter->handleRequest(NULL, Object(Config\Cache), false)
#7 /Applications/MAMP/htdocs/smartwholesale/client-report/public/index.php(37): CodeIgniter\CodeIgniter->run()
#8 /Applications/MAMP/htdocs/smartwholesale/client-report/system/Commands/Server/rewrite.php(43): require_once('/Applications/M...')
#9 {main}
ERROR - 2023-01-22 00:46:06 --> You have an error in your SQL syntax; check the manual that corresponds to your MySQL server version for the right syntax to use near '%'17118883661'%) ORDER BY reports.sku ASC limit 0, 10' at line 1
CRITICAL - 2023-01-22 00:46:06 --> You have an error in your SQL syntax; check the manual that corresponds to your MySQL server version for the right syntax to use near '%'17118883661'%) ORDER BY reports.sku ASC limit 0, 10' at line 1
#0 /Applications/MAMP/htdocs/smartwholesale/client-report/system/Database/MySQLi/Connection.php(292): mysqli->query('SELECT users.fu...', 0)
#1 /Applications/MAMP/htdocs/smartwholesale/client-report/system/Database/BaseConnection.php(670): CodeIgniter\Database\MySQLi\Connection->execute('SELECT users.fu...')
#2 /Applications/MAMP/htdocs/smartwholesale/client-report/system/Database/BaseConnection.php(598): CodeIgniter\Database\BaseConnection->simpleQuery('SELECT users.fu...')
#3 /Applications/MAMP/htdocs/smartwholesale/client-report/app/Controllers/UPC.php(167): CodeIgniter\Database\BaseConnection->query('SELECT users.fu...')
#4 /Applications/MAMP/htdocs/smartwholesale/client-report/system/CodeIgniter.php(824): App\Controllers\UPC->loadClientUPC()
#5 /Applications/MAMP/htdocs/smartwholesale/client-report/system/CodeIgniter.php(410): CodeIgniter\CodeIgniter->runController(Object(App\Controllers\UPC))
#6 /Applications/MAMP/htdocs/smartwholesale/client-report/system/CodeIgniter.php(318): CodeIgniter\CodeIgniter->handleRequest(NULL, Object(Config\Cache), false)
#7 /Applications/MAMP/htdocs/smartwholesale/client-report/public/index.php(37): CodeIgniter\CodeIgniter->run()
#8 /Applications/MAMP/htdocs/smartwholesale/client-report/system/Commands/Server/rewrite.php(43): require_once('/Applications/M...')
#9 {main}
ERROR - 2023-01-22 00:46:45 --> You have an error in your SQL syntax; check the manual that corresponds to your MySQL server version for the right syntax to use near '%) ORDER BY reports.sku ASC limit 0, 10' at line 1
CRITICAL - 2023-01-22 00:46:45 --> You have an error in your SQL syntax; check the manual that corresponds to your MySQL server version for the right syntax to use near '%) ORDER BY reports.sku ASC limit 0, 10' at line 1
#0 /Applications/MAMP/htdocs/smartwholesale/client-report/system/Database/MySQLi/Connection.php(292): mysqli->query('SELECT users.fu...', 0)
#1 /Applications/MAMP/htdocs/smartwholesale/client-report/system/Database/BaseConnection.php(670): CodeIgniter\Database\MySQLi\Connection->execute('SELECT users.fu...')
#2 /Applications/MAMP/htdocs/smartwholesale/client-report/system/Database/BaseConnection.php(598): CodeIgniter\Database\BaseConnection->simpleQuery('SELECT users.fu...')
#3 /Applications/MAMP/htdocs/smartwholesale/client-report/app/Controllers/UPC.php(167): CodeIgniter\Database\BaseConnection->query('SELECT users.fu...')
#4 /Applications/MAMP/htdocs/smartwholesale/client-report/system/CodeIgniter.php(824): App\Controllers\UPC->loadClientUPC()
#5 /Applications/MAMP/htdocs/smartwholesale/client-report/system/CodeIgniter.php(410): CodeIgniter\CodeIgniter->runController(Object(App\Controllers\UPC))
#6 /Applications/MAMP/htdocs/smartwholesale/client-report/system/CodeIgniter.php(318): CodeIgniter\CodeIgniter->handleRequest(NULL, Object(Config\Cache), false)
#7 /Applications/MAMP/htdocs/smartwholesale/client-report/public/index.php(37): CodeIgniter\CodeIgniter->run()
#8 /Applications/MAMP/htdocs/smartwholesale/client-report/system/Commands/Server/rewrite.php(43): require_once('/Applications/M...')
#9 {main}
ERROR - 2023-01-22 00:46:47 --> You have an error in your SQL syntax; check the manual that corresponds to your MySQL server version for the right syntax to use near '%) ORDER BY reports.sku ASC limit 0, 10' at line 1
CRITICAL - 2023-01-22 00:46:47 --> You have an error in your SQL syntax; check the manual that corresponds to your MySQL server version for the right syntax to use near '%) ORDER BY reports.sku ASC limit 0, 10' at line 1
#0 /Applications/MAMP/htdocs/smartwholesale/client-report/system/Database/MySQLi/Connection.php(292): mysqli->query('SELECT users.fu...', 0)
#1 /Applications/MAMP/htdocs/smartwholesale/client-report/system/Database/BaseConnection.php(670): CodeIgniter\Database\MySQLi\Connection->execute('SELECT users.fu...')
#2 /Applications/MAMP/htdocs/smartwholesale/client-report/system/Database/BaseConnection.php(598): CodeIgniter\Database\BaseConnection->simpleQuery('SELECT users.fu...')
#3 /Applications/MAMP/htdocs/smartwholesale/client-report/app/Controllers/UPC.php(167): CodeIgniter\Database\BaseConnection->query('SELECT users.fu...')
#4 /Applications/MAMP/htdocs/smartwholesale/client-report/system/CodeIgniter.php(824): App\Controllers\UPC->loadClientUPC()
#5 /Applications/MAMP/htdocs/smartwholesale/client-report/system/CodeIgniter.php(410): CodeIgniter\CodeIgniter->runController(Object(App\Controllers\UPC))
#6 /Applications/MAMP/htdocs/smartwholesale/client-report/system/CodeIgniter.php(318): CodeIgniter\CodeIgniter->handleRequest(NULL, Object(Config\Cache), false)
#7 /Applications/MAMP/htdocs/smartwholesale/client-report/public/index.php(37): CodeIgniter\CodeIgniter->run()
#8 /Applications/MAMP/htdocs/smartwholesale/client-report/system/Commands/Server/rewrite.php(43): require_once('/Applications/M...')
#9 {main}
ERROR - 2023-01-22 00:46:47 --> You have an error in your SQL syntax; check the manual that corresponds to your MySQL server version for the right syntax to use near '%) ORDER BY reports.sku ASC limit 0, 10' at line 1
CRITICAL - 2023-01-22 00:46:47 --> You have an error in your SQL syntax; check the manual that corresponds to your MySQL server version for the right syntax to use near '%) ORDER BY reports.sku ASC limit 0, 10' at line 1
#0 /Applications/MAMP/htdocs/smartwholesale/client-report/system/Database/MySQLi/Connection.php(292): mysqli->query('SELECT users.fu...', 0)
#1 /Applications/MAMP/htdocs/smartwholesale/client-report/system/Database/BaseConnection.php(670): CodeIgniter\Database\MySQLi\Connection->execute('SELECT users.fu...')
#2 /Applications/MAMP/htdocs/smartwholesale/client-report/system/Database/BaseConnection.php(598): CodeIgniter\Database\BaseConnection->simpleQuery('SELECT users.fu...')
#3 /Applications/MAMP/htdocs/smartwholesale/client-report/app/Controllers/UPC.php(167): CodeIgniter\Database\BaseConnection->query('SELECT users.fu...')
#4 /Applications/MAMP/htdocs/smartwholesale/client-report/system/CodeIgniter.php(824): App\Controllers\UPC->loadClientUPC()
#5 /Applications/MAMP/htdocs/smartwholesale/client-report/system/CodeIgniter.php(410): CodeIgniter\CodeIgniter->runController(Object(App\Controllers\UPC))
#6 /Applications/MAMP/htdocs/smartwholesale/client-report/system/CodeIgniter.php(318): CodeIgniter\CodeIgniter->handleRequest(NULL, Object(Config\Cache), false)
#7 /Applications/MAMP/htdocs/smartwholesale/client-report/public/index.php(37): CodeIgniter\CodeIgniter->run()
#8 /Applications/MAMP/htdocs/smartwholesale/client-report/system/Commands/Server/rewrite.php(43): require_once('/Applications/M...')
#9 {main}
CRITICAL - 2023-01-22 00:52:57 --> Call to undefined method CodeIgniter\Database\MySQLi\Connection::escape_like_str()
#0 /Applications/MAMP/htdocs/smartwholesale/client-report/system/CodeIgniter.php(824): App\Controllers\UPC->loadClientUPC()
#1 /Applications/MAMP/htdocs/smartwholesale/client-report/system/CodeIgniter.php(410): CodeIgniter\CodeIgniter->runController(Object(App\Controllers\UPC))
#2 /Applications/MAMP/htdocs/smartwholesale/client-report/system/CodeIgniter.php(318): CodeIgniter\CodeIgniter->handleRequest(NULL, Object(Config\Cache), false)
#3 /Applications/MAMP/htdocs/smartwholesale/client-report/public/index.php(37): CodeIgniter\CodeIgniter->run()
#4 /Applications/MAMP/htdocs/smartwholesale/client-report/system/Commands/Server/rewrite.php(43): require_once('/Applications/M...')
#5 {main}
CRITICAL - 2023-01-22 00:54:07 --> Call to undefined method CodeIgniter\Database\MySQLi\Connection::escape_like_str()
#0 /Applications/MAMP/htdocs/smartwholesale/client-report/system/CodeIgniter.php(824): App\Controllers\UPC->loadClientUPC()
#1 /Applications/MAMP/htdocs/smartwholesale/client-report/system/CodeIgniter.php(410): CodeIgniter\CodeIgniter->runController(Object(App\Controllers\UPC))
#2 /Applications/MAMP/htdocs/smartwholesale/client-report/system/CodeIgniter.php(318): CodeIgniter\CodeIgniter->handleRequest(NULL, Object(Config\Cache), false)
#3 /Applications/MAMP/htdocs/smartwholesale/client-report/public/index.php(37): CodeIgniter\CodeIgniter->run()
#4 /Applications/MAMP/htdocs/smartwholesale/client-report/system/Commands/Server/rewrite.php(43): require_once('/Applications/M...')
#5 {main}
CRITICAL - 2023-01-22 00:54:08 --> Call to undefined method CodeIgniter\Database\MySQLi\Connection::escape_like_str()
#0 /Applications/MAMP/htdocs/smartwholesale/client-report/system/CodeIgniter.php(824): App\Controllers\UPC->loadClientUPC()
#1 /Applications/MAMP/htdocs/smartwholesale/client-report/system/CodeIgniter.php(410): CodeIgniter\CodeIgniter->runController(Object(App\Controllers\UPC))
#2 /Applications/MAMP/htdocs/smartwholesale/client-report/system/CodeIgniter.php(318): CodeIgniter\CodeIgniter->handleRequest(NULL, Object(Config\Cache), false)
#3 /Applications/MAMP/htdocs/smartwholesale/client-report/public/index.php(37): CodeIgniter\CodeIgniter->run()
#4 /Applications/MAMP/htdocs/smartwholesale/client-report/system/Commands/Server/rewrite.php(43): require_once('/Applications/M...')
#5 {main}
