CRITICAL - 2023-02-01 01:28:14 --> Allowed memory size of 134217728 bytes exhausted (tried to allocate 26644848 bytes)
#0 [internal function]: CodeIgniter\Debug\Exceptions->shutdownHandler()
#1 {main}
CRITICAL - 2023-02-01 01:29:42 --> {
  "error": {
    "code": 429,
    "message": "Quota exceeded for quota metric 'Read requests' and limit 'Read requests per minute per user' of service 'sheets.googleapis.com' for consumer 'project_number:497024862437'.",
    "errors": [
      {
        "message": "Quota exceeded for quota metric 'Read requests' and limit 'Read requests per minute per user' of service 'sheets.googleapis.com' for consumer 'project_number:497024862437'.",
        "domain": "global",
        "reason": "rateLimitExceeded"
      }
    ],
    "status": "RESOURCE_EXHAUSTED",
    "details": [
      {
        "@type": "type.googleapis.com/google.rpc.ErrorInfo",
        "reason": "RATE_LIMIT_EXCEEDED",
        "domain": "googleapis.com",
        "metadata": {
          "quota_location": "global",
          "service": "sheets.googleapis.com",
          "quota_limit": "ReadRequestsPerMinutePerUser",
          "quota_limit_value": "60",
          "consumer": "projects/497024862437",
          "quota_metric": "sheets.googleapis.com/read_requests"
        }
      },
      {
        "@type": "type.googleapis.com/google.rpc.Help",
        "links": [
          {
            "description": "Request a higher quota limit.",
            "url": "https://cloud.google.com/docs/quota#requesting_higher_quota"
          }
        ]
      }
    ]
  }
}

#0 /Applications/MAMP/htdocs/smartwholesale/client-report/vendor/google/apiclient/src/Http/REST.php(107): Google\Http\REST::decodeHttpResponse(Object(GuzzleHttp\Psr7\Response), Object(GuzzleHttp\Psr7\Request), 'Google\\Service\\...')
#1 [internal function]: Google\Http\REST::doExecute(Object(GuzzleHttp\Client), Object(GuzzleHttp\Psr7\Request), 'Google\\Service\\...')
#2 /Applications/MAMP/htdocs/smartwholesale/client-report/vendor/google/apiclient/src/Task/Runner.php(187): call_user_func_array(Array, Array)
#3 /Applications/MAMP/htdocs/smartwholesale/client-report/vendor/google/apiclient/src/Http/REST.php(66): Google\Task\Runner->run()
#4 /Applications/MAMP/htdocs/smartwholesale/client-report/vendor/google/apiclient/src/Client.php(921): Google\Http\REST::execute(Object(GuzzleHttp\Client), Object(GuzzleHttp\Psr7\Request), 'Google\\Service\\...', Array, NULL)
#5 /Applications/MAMP/htdocs/smartwholesale/client-report/vendor/google/apiclient/src/Service/Resource.php(238): Google\Client->execute(Object(GuzzleHttp\Psr7\Request), 'Google\\Service\\...')
#6 /Applications/MAMP/htdocs/smartwholesale/client-report/vendor/google/apiclient-services/src/Sheets/Resource/SpreadsheetsValues.php(241): Google\Service\Resource->call('get', Array, 'Google\\Service\\...')
#7 /Applications/MAMP/htdocs/smartwholesale/client-report/app/Controllers/Logs.php(300): Google\Service\Sheets\Resource\SpreadsheetsValues->get('1vzWV7EYM_5TZoW...', 'Sheet1')
#8 /Applications/MAMP/htdocs/smartwholesale/client-report/system/CodeIgniter.php(824): App\Controllers\Logs->testAPI()
#9 /Applications/MAMP/htdocs/smartwholesale/client-report/system/CodeIgniter.php(410): CodeIgniter\CodeIgniter->runController(Object(App\Controllers\Logs))
#10 /Applications/MAMP/htdocs/smartwholesale/client-report/system/CodeIgniter.php(318): CodeIgniter\CodeIgniter->handleRequest(NULL, Object(Config\Cache), false)
#11 /Applications/MAMP/htdocs/smartwholesale/client-report/public/index.php(37): CodeIgniter\CodeIgniter->run()
#12 /Applications/MAMP/htdocs/smartwholesale/client-report/system/Commands/Server/rewrite.php(43): require_once('/Applications/M...')
#13 {main}
