CRITICAL - 2022-01-15 22:56:52 --> Undefined variable: tittle
#0 C:\xampp\htdocs\wholesales\client-report\app\Views\client\layout\template.php(6): CodeIgniter\Debug\Exceptions->errorHandler(8, 'Undefined varia...', 'C:\\xampp\\htdocs...', 6, Array)
#1 C:\xampp\htdocs\wholesales\client-report\system\View\View.php(214): include('C:\\xampp\\htdocs...')
#2 C:\xampp\htdocs\wholesales\client-report\system\View\View.php(217): CodeIgniter\View\View->CodeIgniter\View\{closure}()
#3 C:\xampp\htdocs\wholesales\client-report\system\View\View.php(230): CodeIgniter\View\View->render('client/layout/t...', Array, true)
#4 C:\xampp\htdocs\wholesales\client-report\system\Common.php(1097): CodeIgniter\View\View->render('client/getstart...', Array, true)
#5 C:\xampp\htdocs\wholesales\client-report\app\Controllers\Clients.php(219): view('client/getstart...')
#6 C:\xampp\htdocs\wholesales\client-report\system\CodeIgniter.php(824): App\Controllers\Clients->getStarted()
#7 C:\xampp\htdocs\wholesales\client-report\system\CodeIgniter.php(410): CodeIgniter\CodeIgniter->runController(Object(App\Controllers\Clients))
#8 C:\xampp\htdocs\wholesales\client-report\system\CodeIgniter.php(318): CodeIgniter\CodeIgniter->handleRequest(NULL, Object(Config\Cache), false)
#9 C:\xampp\htdocs\wholesales\client-report\public\index.php(37): CodeIgniter\CodeIgniter->run()
#10 C:\xampp\htdocs\wholesales\client-report\system\Commands\Server\rewrite.php(43): require_once('C:\\xampp\\htdocs...')
#11 {main}
CRITICAL - 2022-01-15 22:57:09 --> Undefined variable: tittle
#0 C:\xampp\htdocs\wholesales\client-report\app\Views\client\layout\template.php(6): CodeIgniter\Debug\Exceptions->errorHandler(8, 'Undefined varia...', 'C:\\xampp\\htdocs...', 6, Array)
#1 C:\xampp\htdocs\wholesales\client-report\system\View\View.php(214): include('C:\\xampp\\htdocs...')
#2 C:\xampp\htdocs\wholesales\client-report\system\View\View.php(217): CodeIgniter\View\View->CodeIgniter\View\{closure}()
#3 C:\xampp\htdocs\wholesales\client-report\system\View\View.php(230): CodeIgniter\View\View->render('client/layout/t...', Array, true)
#4 C:\xampp\htdocs\wholesales\client-report\system\Common.php(1097): CodeIgniter\View\View->render('client/getstart...', Array, true)
#5 C:\xampp\htdocs\wholesales\client-report\app\Controllers\Clients.php(217): view('client/getstart...')
#6 C:\xampp\htdocs\wholesales\client-report\system\CodeIgniter.php(824): App\Controllers\Clients->getStarted()
#7 C:\xampp\htdocs\wholesales\client-report\system\CodeIgniter.php(410): CodeIgniter\CodeIgniter->runController(Object(App\Controllers\Clients))
#8 C:\xampp\htdocs\wholesales\client-report\system\CodeIgniter.php(318): CodeIgniter\CodeIgniter->handleRequest(NULL, Object(Config\Cache), false)
#9 C:\xampp\htdocs\wholesales\client-report\public\index.php(37): CodeIgniter\CodeIgniter->run()
#10 C:\xampp\htdocs\wholesales\client-report\system\Commands\Server\rewrite.php(43): require_once('C:\\xampp\\htdocs...')
#11 {main}
CRITICAL - 2022-01-15 23:15:39 --> Invalid file: client/brand_approvals.php
#0 C:\xampp\htdocs\wholesales\client-report\system\View\View.php(198): CodeIgniter\Exceptions\FrameworkException::forInvalidFile('client/brand_ap...')
#1 C:\xampp\htdocs\wholesales\client-report\system\Common.php(1097): CodeIgniter\View\View->render('client/brand_ap...', Array, true)
#2 C:\xampp\htdocs\wholesales\client-report\app\Controllers\Clients.php(232): view('client/brand_ap...', Array)
#3 C:\xampp\htdocs\wholesales\client-report\system\CodeIgniter.php(824): App\Controllers\Clients->brandApprovals()
#4 C:\xampp\htdocs\wholesales\client-report\system\CodeIgniter.php(410): CodeIgniter\CodeIgniter->runController(Object(App\Controllers\Clients))
#5 C:\xampp\htdocs\wholesales\client-report\system\CodeIgniter.php(318): CodeIgniter\CodeIgniter->handleRequest(NULL, Object(Config\Cache), false)
#6 C:\xampp\htdocs\wholesales\client-report\public\index.php(37): CodeIgniter\CodeIgniter->run()
#7 C:\xampp\htdocs\wholesales\client-report\system\Commands\Server\rewrite.php(43): require_once('C:\\xampp\\htdocs...')
#8 {main}
