ERROR - 2023-02-14 10:28:03 --> Expression #1 of SELECT list is not in GROUP BY clause and contains nonaggregated column 'rms.investments.date' which is not functionally dependent on columns in GROUP BY clause; this is incompatible with sql_mode=only_full_group_by
CRITICAL - 2023-02-14 10:28:03 --> Expression #1 of SELECT list is not in GROUP BY clause and contains nonaggregated column 'rms.investments.date' which is not functionally dependent on columns in GROUP BY clause; this is incompatible with sql_mode=only_full_group_by
#0 /Applications/MAMP/htdocs/smartwholesale/client-report/system/Database/MySQLi/Connection.php(292): mysqli->query('SELECT date_for...', 0)
#1 /Applications/MAMP/htdocs/smartwholesale/client-report/system/Database/BaseConnection.php(670): CodeIgniter\Database\MySQLi\Connection->execute('SELECT date_for...')
#2 /Applications/MAMP/htdocs/smartwholesale/client-report/system/Database/BaseConnection.php(598): CodeIgniter\Database\BaseConnection->simpleQuery('SELECT date_for...')
#3 /Applications/MAMP/htdocs/smartwholesale/client-report/app/Models/ReportModel.php(191): CodeIgniter\Database\BaseConnection->query('SELECT date_for...')
#4 /Applications/MAMP/htdocs/smartwholesale/client-report/app/Controllers/Admin/Reports.php(59): App\Models\ReportModel->finSummary('spend')
#5 /Applications/MAMP/htdocs/smartwholesale/client-report/system/CodeIgniter.php(824): App\Controllers\Admin\Reports->index()
#6 /Applications/MAMP/htdocs/smartwholesale/client-report/system/CodeIgniter.php(410): CodeIgniter\CodeIgniter->runController(Object(App\Controllers\Admin\Reports))
#7 /Applications/MAMP/htdocs/smartwholesale/client-report/system/CodeIgniter.php(318): CodeIgniter\CodeIgniter->handleRequest(NULL, Object(Config\Cache), false)
#8 /Applications/MAMP/htdocs/smartwholesale/client-report/public/index.php(37): CodeIgniter\CodeIgniter->run()
#9 /Applications/MAMP/htdocs/smartwholesale/client-report/system/Commands/Server/rewrite.php(43): require_once('/Applications/M...')
#10 {main}
CRITICAL - 2023-02-14 10:37:23 --> CodeIgniter\Autoloader\Autoloader::main(): Failed opening required 'PHPDecryptXLSXWithPassword.php' (include_path='.:/opt/homebrew/Cellar/php@7.4/7.4.32/share/php@7.4/pear')
#0 [internal function]: CodeIgniter\Debug\Exceptions->shutdownHandler()
#1 {main}
CRITICAL - 2023-02-14 10:37:53 --> Call to undefined function App\Controllers\decrypt()
#0 /Applications/MAMP/htdocs/smartwholesale/client-report/system/CodeIgniter.php(824): App\Controllers\API->unlockFile()
#1 /Applications/MAMP/htdocs/smartwholesale/client-report/system/CodeIgniter.php(410): CodeIgniter\CodeIgniter->runController(Object(App\Controllers\API))
#2 /Applications/MAMP/htdocs/smartwholesale/client-report/system/CodeIgniter.php(318): CodeIgniter\CodeIgniter->handleRequest(NULL, Object(Config\Cache), false)
#3 /Applications/MAMP/htdocs/smartwholesale/client-report/public/index.php(37): CodeIgniter\CodeIgniter->run()
#4 /Applications/MAMP/htdocs/smartwholesale/client-report/system/Commands/Server/rewrite.php(43): require_once('/Applications/M...')
#5 {main}
CRITICAL - 2023-02-14 10:38:34 --> Undefined offset: -31425
#0 /Applications/MAMP/htdocs/smartwholesale/client-report/public/OLE/ChainedBlockStream.php(126): CodeIgniter\Debug\Exceptions->errorHandler(8, 'Undefined offse...', '/Applications/M...', 126, Array)
#1 [internal function]: OLE_ChainedBlockStream->stream_open('ole-chainedbloc...', 'r', 0, NULL)
#2 /Applications/MAMP/htdocs/smartwholesale/client-report/public/lib/OLE.php(260): fopen('ole-chainedbloc...', 'r')
#3 /Applications/MAMP/htdocs/smartwholesale/client-report/public/lib/OLE.php(371): OLE->getStream(3)
#4 /Applications/MAMP/htdocs/smartwholesale/client-report/public/lib/OLE.php(215): OLE->_readPpsWks(1)
#5 /Applications/MAMP/htdocs/smartwholesale/client-report/app/Controllers/PHPDecryptXLSXWithPassword.php(25): OLE->read('Oaktree Associa...')
#6 /Applications/MAMP/htdocs/smartwholesale/client-report/app/Controllers/API.php(152): decrypt('Oaktree Associa...', 'eComm', 'unlocked Oaktre...')
#7 /Applications/MAMP/htdocs/smartwholesale/client-report/system/CodeIgniter.php(824): App\Controllers\API->unlockFile()
#8 /Applications/MAMP/htdocs/smartwholesale/client-report/system/CodeIgniter.php(410): CodeIgniter\CodeIgniter->runController(Object(App\Controllers\API))
#9 /Applications/MAMP/htdocs/smartwholesale/client-report/system/CodeIgniter.php(318): CodeIgniter\CodeIgniter->handleRequest(NULL, Object(Config\Cache), false)
#10 /Applications/MAMP/htdocs/smartwholesale/client-report/public/index.php(37): CodeIgniter\CodeIgniter->run()
#11 /Applications/MAMP/htdocs/smartwholesale/client-report/system/Commands/Server/rewrite.php(43): require_once('/Applications/M...')
#12 {main}
CRITICAL - 2023-02-14 10:38:50 --> Undefined offset: -31425
#0 /Applications/MAMP/htdocs/smartwholesale/client-report/public/OLE/ChainedBlockStream.php(126): CodeIgniter\Debug\Exceptions->errorHandler(8, 'Undefined offse...', '/Applications/M...', 126, Array)
#1 [internal function]: OLE_ChainedBlockStream->stream_open('ole-chainedbloc...', 'r', 0, NULL)
#2 /Applications/MAMP/htdocs/smartwholesale/client-report/public/lib/OLE.php(260): fopen('ole-chainedbloc...', 'r')
#3 /Applications/MAMP/htdocs/smartwholesale/client-report/public/lib/OLE.php(371): OLE->getStream(3)
#4 /Applications/MAMP/htdocs/smartwholesale/client-report/public/lib/OLE.php(215): OLE->_readPpsWks(1)
#5 /Applications/MAMP/htdocs/smartwholesale/client-report/app/Controllers/PHPDecryptXLSXWithPassword.php(25): OLE->read('Oaktree Associa...')
#6 /Applications/MAMP/htdocs/smartwholesale/client-report/app/Controllers/API.php(152): decrypt('Oaktree Associa...', 'eComm', 'unlocked Oaktre...')
#7 /Applications/MAMP/htdocs/smartwholesale/client-report/system/CodeIgniter.php(824): App\Controllers\API->unlockFile()
#8 /Applications/MAMP/htdocs/smartwholesale/client-report/system/CodeIgniter.php(410): CodeIgniter\CodeIgniter->runController(Object(App\Controllers\API))
#9 /Applications/MAMP/htdocs/smartwholesale/client-report/system/CodeIgniter.php(318): CodeIgniter\CodeIgniter->handleRequest(NULL, Object(Config\Cache), false)
#10 /Applications/MAMP/htdocs/smartwholesale/client-report/public/index.php(37): CodeIgniter\CodeIgniter->run()
#11 /Applications/MAMP/htdocs/smartwholesale/client-report/system/Commands/Server/rewrite.php(43): require_once('/Applications/M...')
#12 {main}
CRITICAL - 2023-02-14 10:39:20 --> String could not be parsed as XML
#0 /Applications/MAMP/htdocs/smartwholesale/client-report/app/Controllers/PHPDecryptXLSXWithPassword.php(30): SimpleXMLElement->__construct('')
#1 /Applications/MAMP/htdocs/smartwholesale/client-report/app/Controllers/API.php(152): decrypt('test.xlsx', '123', 'unlock test.xls...')
#2 /Applications/MAMP/htdocs/smartwholesale/client-report/system/CodeIgniter.php(824): App\Controllers\API->unlockFile()
#3 /Applications/MAMP/htdocs/smartwholesale/client-report/system/CodeIgniter.php(410): CodeIgniter\CodeIgniter->runController(Object(App\Controllers\API))
#4 /Applications/MAMP/htdocs/smartwholesale/client-report/system/CodeIgniter.php(318): CodeIgniter\CodeIgniter->handleRequest(NULL, Object(Config\Cache), false)
#5 /Applications/MAMP/htdocs/smartwholesale/client-report/public/index.php(37): CodeIgniter\CodeIgniter->run()
#6 /Applications/MAMP/htdocs/smartwholesale/client-report/system/Commands/Server/rewrite.php(43): require_once('/Applications/M...')
#7 {main}
CRITICAL - 2023-02-14 10:39:30 --> String could not be parsed as XML
#0 /Applications/MAMP/htdocs/smartwholesale/client-report/app/Controllers/PHPDecryptXLSXWithPassword.php(30): SimpleXMLElement->__construct('')
#1 /Applications/MAMP/htdocs/smartwholesale/client-report/app/Controllers/API.php(152): decrypt('test.xlsx', '123', 'test.xlsx')
#2 /Applications/MAMP/htdocs/smartwholesale/client-report/system/CodeIgniter.php(824): App\Controllers\API->unlockFile()
#3 /Applications/MAMP/htdocs/smartwholesale/client-report/system/CodeIgniter.php(410): CodeIgniter\CodeIgniter->runController(Object(App\Controllers\API))
#4 /Applications/MAMP/htdocs/smartwholesale/client-report/system/CodeIgniter.php(318): CodeIgniter\CodeIgniter->handleRequest(NULL, Object(Config\Cache), false)
#5 /Applications/MAMP/htdocs/smartwholesale/client-report/public/index.php(37): CodeIgniter\CodeIgniter->run()
#6 /Applications/MAMP/htdocs/smartwholesale/client-report/system/Commands/Server/rewrite.php(43): require_once('/Applications/M...')
#7 {main}
CRITICAL - 2023-02-14 10:39:31 --> String could not be parsed as XML
#0 /Applications/MAMP/htdocs/smartwholesale/client-report/app/Controllers/PHPDecryptXLSXWithPassword.php(30): SimpleXMLElement->__construct('')
#1 /Applications/MAMP/htdocs/smartwholesale/client-report/app/Controllers/API.php(152): decrypt('test.xlsx', '123', 'test.xlsx')
#2 /Applications/MAMP/htdocs/smartwholesale/client-report/system/CodeIgniter.php(824): App\Controllers\API->unlockFile()
#3 /Applications/MAMP/htdocs/smartwholesale/client-report/system/CodeIgniter.php(410): CodeIgniter\CodeIgniter->runController(Object(App\Controllers\API))
#4 /Applications/MAMP/htdocs/smartwholesale/client-report/system/CodeIgniter.php(318): CodeIgniter\CodeIgniter->handleRequest(NULL, Object(Config\Cache), false)
#5 /Applications/MAMP/htdocs/smartwholesale/client-report/public/index.php(37): CodeIgniter\CodeIgniter->run()
#6 /Applications/MAMP/htdocs/smartwholesale/client-report/system/Commands/Server/rewrite.php(43): require_once('/Applications/M...')
#7 {main}
CRITICAL - 2023-02-14 10:39:31 --> String could not be parsed as XML
#0 /Applications/MAMP/htdocs/smartwholesale/client-report/app/Controllers/PHPDecryptXLSXWithPassword.php(30): SimpleXMLElement->__construct('')
#1 /Applications/MAMP/htdocs/smartwholesale/client-report/app/Controllers/API.php(152): decrypt('test.xlsx', '123', 'test.xlsx')
#2 /Applications/MAMP/htdocs/smartwholesale/client-report/system/CodeIgniter.php(824): App\Controllers\API->unlockFile()
#3 /Applications/MAMP/htdocs/smartwholesale/client-report/system/CodeIgniter.php(410): CodeIgniter\CodeIgniter->runController(Object(App\Controllers\API))
#4 /Applications/MAMP/htdocs/smartwholesale/client-report/system/CodeIgniter.php(318): CodeIgniter\CodeIgniter->handleRequest(NULL, Object(Config\Cache), false)
#5 /Applications/MAMP/htdocs/smartwholesale/client-report/public/index.php(37): CodeIgniter\CodeIgniter->run()
#6 /Applications/MAMP/htdocs/smartwholesale/client-report/system/Commands/Server/rewrite.php(43): require_once('/Applications/M...')
#7 {main}
CRITICAL - 2023-02-14 10:39:31 --> String could not be parsed as XML
#0 /Applications/MAMP/htdocs/smartwholesale/client-report/app/Controllers/PHPDecryptXLSXWithPassword.php(30): SimpleXMLElement->__construct('')
#1 /Applications/MAMP/htdocs/smartwholesale/client-report/app/Controllers/API.php(152): decrypt('test.xlsx', '123', 'test.xlsx')
#2 /Applications/MAMP/htdocs/smartwholesale/client-report/system/CodeIgniter.php(824): App\Controllers\API->unlockFile()
#3 /Applications/MAMP/htdocs/smartwholesale/client-report/system/CodeIgniter.php(410): CodeIgniter\CodeIgniter->runController(Object(App\Controllers\API))
#4 /Applications/MAMP/htdocs/smartwholesale/client-report/system/CodeIgniter.php(318): CodeIgniter\CodeIgniter->handleRequest(NULL, Object(Config\Cache), false)
#5 /Applications/MAMP/htdocs/smartwholesale/client-report/public/index.php(37): CodeIgniter\CodeIgniter->run()
#6 /Applications/MAMP/htdocs/smartwholesale/client-report/system/Commands/Server/rewrite.php(43): require_once('/Applications/M...')
#7 {main}
CRITICAL - 2023-02-14 10:39:31 --> String could not be parsed as XML
#0 /Applications/MAMP/htdocs/smartwholesale/client-report/app/Controllers/PHPDecryptXLSXWithPassword.php(30): SimpleXMLElement->__construct('')
#1 /Applications/MAMP/htdocs/smartwholesale/client-report/app/Controllers/API.php(152): decrypt('test.xlsx', '123', 'test.xlsx')
#2 /Applications/MAMP/htdocs/smartwholesale/client-report/system/CodeIgniter.php(824): App\Controllers\API->unlockFile()
#3 /Applications/MAMP/htdocs/smartwholesale/client-report/system/CodeIgniter.php(410): CodeIgniter\CodeIgniter->runController(Object(App\Controllers\API))
#4 /Applications/MAMP/htdocs/smartwholesale/client-report/system/CodeIgniter.php(318): CodeIgniter\CodeIgniter->handleRequest(NULL, Object(Config\Cache), false)
#5 /Applications/MAMP/htdocs/smartwholesale/client-report/public/index.php(37): CodeIgniter\CodeIgniter->run()
#6 /Applications/MAMP/htdocs/smartwholesale/client-report/system/Commands/Server/rewrite.php(43): require_once('/Applications/M...')
#7 {main}
CRITICAL - 2023-02-14 10:39:32 --> String could not be parsed as XML
#0 /Applications/MAMP/htdocs/smartwholesale/client-report/app/Controllers/PHPDecryptXLSXWithPassword.php(30): SimpleXMLElement->__construct('')
#1 /Applications/MAMP/htdocs/smartwholesale/client-report/app/Controllers/API.php(152): decrypt('test.xlsx', '123', 'test.xlsx')
#2 /Applications/MAMP/htdocs/smartwholesale/client-report/system/CodeIgniter.php(824): App\Controllers\API->unlockFile()
#3 /Applications/MAMP/htdocs/smartwholesale/client-report/system/CodeIgniter.php(410): CodeIgniter\CodeIgniter->runController(Object(App\Controllers\API))
#4 /Applications/MAMP/htdocs/smartwholesale/client-report/system/CodeIgniter.php(318): CodeIgniter\CodeIgniter->handleRequest(NULL, Object(Config\Cache), false)
#5 /Applications/MAMP/htdocs/smartwholesale/client-report/public/index.php(37): CodeIgniter\CodeIgniter->run()
#6 /Applications/MAMP/htdocs/smartwholesale/client-report/system/Commands/Server/rewrite.php(43): require_once('/Applications/M...')
#7 {main}
CRITICAL - 2023-02-14 10:39:32 --> String could not be parsed as XML
#0 /Applications/MAMP/htdocs/smartwholesale/client-report/app/Controllers/PHPDecryptXLSXWithPassword.php(30): SimpleXMLElement->__construct('')
#1 /Applications/MAMP/htdocs/smartwholesale/client-report/app/Controllers/API.php(152): decrypt('test.xlsx', '123', 'test.xlsx')
#2 /Applications/MAMP/htdocs/smartwholesale/client-report/system/CodeIgniter.php(824): App\Controllers\API->unlockFile()
#3 /Applications/MAMP/htdocs/smartwholesale/client-report/system/CodeIgniter.php(410): CodeIgniter\CodeIgniter->runController(Object(App\Controllers\API))
#4 /Applications/MAMP/htdocs/smartwholesale/client-report/system/CodeIgniter.php(318): CodeIgniter\CodeIgniter->handleRequest(NULL, Object(Config\Cache), false)
#5 /Applications/MAMP/htdocs/smartwholesale/client-report/public/index.php(37): CodeIgniter\CodeIgniter->run()
#6 /Applications/MAMP/htdocs/smartwholesale/client-report/system/Commands/Server/rewrite.php(43): require_once('/Applications/M...')
#7 {main}
CRITICAL - 2023-02-14 10:41:01 --> String could not be parsed as XML
#0 /Applications/MAMP/htdocs/smartwholesale/client-report/app/Controllers/PHPDecryptXLSXWithPassword.php(30): SimpleXMLElement->__construct('')
#1 /Applications/MAMP/htdocs/smartwholesale/client-report/app/Controllers/API.php(152): decrypt('test.xlsx', '123', 'unlock test.xls...')
#2 /Applications/MAMP/htdocs/smartwholesale/client-report/system/CodeIgniter.php(824): App\Controllers\API->unlockFile()
#3 /Applications/MAMP/htdocs/smartwholesale/client-report/system/CodeIgniter.php(410): CodeIgniter\CodeIgniter->runController(Object(App\Controllers\API))
#4 /Applications/MAMP/htdocs/smartwholesale/client-report/system/CodeIgniter.php(318): CodeIgniter\CodeIgniter->handleRequest(NULL, Object(Config\Cache), false)
#5 /Applications/MAMP/htdocs/smartwholesale/client-report/public/index.php(37): CodeIgniter\CodeIgniter->run()
#6 /Applications/MAMP/htdocs/smartwholesale/client-report/system/Commands/Server/rewrite.php(43): require_once('/Applications/M...')
#7 {main}
CRITICAL - 2023-02-14 10:46:35 --> Undefined offset: -31425
#0 /Applications/MAMP/htdocs/smartwholesale/client-report/public/OLE/ChainedBlockStream.php(126): CodeIgniter\Debug\Exceptions->errorHandler(8, 'Undefined offse...', '/Applications/M...', 126, Array)
#1 [internal function]: OLE_ChainedBlockStream->stream_open('ole-chainedbloc...', 'r', 0, NULL)
#2 /Applications/MAMP/htdocs/smartwholesale/client-report/public/lib/OLE.php(260): fopen('ole-chainedbloc...', 'r')
#3 /Applications/MAMP/htdocs/smartwholesale/client-report/public/lib/OLE.php(371): OLE->getStream(3)
#4 /Applications/MAMP/htdocs/smartwholesale/client-report/public/lib/OLE.php(215): OLE->_readPpsWks(1)
#5 /Applications/MAMP/htdocs/smartwholesale/client-report/app/Controllers/PHPDecryptXLSXWithPassword.php(25): OLE->read('Oaktree Associa...')
#6 /Applications/MAMP/htdocs/smartwholesale/client-report/app/Controllers/API.php(152): decrypt('Oaktree Associa...', '123', 'Oaktree Associa...')
#7 /Applications/MAMP/htdocs/smartwholesale/client-report/system/CodeIgniter.php(824): App\Controllers\API->unlockFile()
#8 /Applications/MAMP/htdocs/smartwholesale/client-report/system/CodeIgniter.php(410): CodeIgniter\CodeIgniter->runController(Object(App\Controllers\API))
#9 /Applications/MAMP/htdocs/smartwholesale/client-report/system/CodeIgniter.php(318): CodeIgniter\CodeIgniter->handleRequest(NULL, Object(Config\Cache), false)
#10 /Applications/MAMP/htdocs/smartwholesale/client-report/public/index.php(37): CodeIgniter\CodeIgniter->run()
#11 /Applications/MAMP/htdocs/smartwholesale/client-report/system/Commands/Server/rewrite.php(43): require_once('/Applications/M...')
#12 {main}
CRITICAL - 2023-02-14 10:47:33 --> Undefined offset: -31425
#0 /Applications/MAMP/htdocs/smartwholesale/client-report/public/OLE/ChainedBlockStream.php(126): CodeIgniter\Debug\Exceptions->errorHandler(8, 'Undefined offse...', '/Applications/M...', 126, Array)
#1 [internal function]: OLE_ChainedBlockStream->stream_open('ole-chainedbloc...', 'r', 0, NULL)
#2 /Applications/MAMP/htdocs/smartwholesale/client-report/public/lib/OLE.php(260): fopen('ole-chainedbloc...', 'r')
#3 /Applications/MAMP/htdocs/smartwholesale/client-report/public/lib/OLE.php(371): OLE->getStream(3)
#4 /Applications/MAMP/htdocs/smartwholesale/client-report/public/lib/OLE.php(215): OLE->_readPpsWks(1)
#5 /Applications/MAMP/htdocs/smartwholesale/client-report/app/Controllers/PHPDecryptXLSXWithPassword.php(25): OLE->read('Oaktree Associa...')
#6 /Applications/MAMP/htdocs/smartwholesale/client-report/app/Controllers/API.php(152): decrypt('Oaktree Associa...', 'eComm', 'Oaktree Associa...')
#7 /Applications/MAMP/htdocs/smartwholesale/client-report/system/CodeIgniter.php(824): App\Controllers\API->unlockFile()
#8 /Applications/MAMP/htdocs/smartwholesale/client-report/system/CodeIgniter.php(410): CodeIgniter\CodeIgniter->runController(Object(App\Controllers\API))
#9 /Applications/MAMP/htdocs/smartwholesale/client-report/system/CodeIgniter.php(318): CodeIgniter\CodeIgniter->handleRequest(NULL, Object(Config\Cache), false)
#10 /Applications/MAMP/htdocs/smartwholesale/client-report/public/index.php(37): CodeIgniter\CodeIgniter->run()
#11 /Applications/MAMP/htdocs/smartwholesale/client-report/system/Commands/Server/rewrite.php(43): require_once('/Applications/M...')
#12 {main}
CRITICAL - 2023-02-14 10:47:37 --> Undefined offset: -31425
#0 /Applications/MAMP/htdocs/smartwholesale/client-report/public/OLE/ChainedBlockStream.php(126): CodeIgniter\Debug\Exceptions->errorHandler(8, 'Undefined offse...', '/Applications/M...', 126, Array)
#1 [internal function]: OLE_ChainedBlockStream->stream_open('ole-chainedbloc...', 'r', 0, NULL)
#2 /Applications/MAMP/htdocs/smartwholesale/client-report/public/lib/OLE.php(260): fopen('ole-chainedbloc...', 'r')
#3 /Applications/MAMP/htdocs/smartwholesale/client-report/public/lib/OLE.php(371): OLE->getStream(3)
#4 /Applications/MAMP/htdocs/smartwholesale/client-report/public/lib/OLE.php(215): OLE->_readPpsWks(1)
#5 /Applications/MAMP/htdocs/smartwholesale/client-report/app/Controllers/PHPDecryptXLSXWithPassword.php(25): OLE->read('Oaktree Associa...')
#6 /Applications/MAMP/htdocs/smartwholesale/client-report/app/Controllers/API.php(152): decrypt('Oaktree Associa...', 'eComm', 'Oaktree Associa...')
#7 /Applications/MAMP/htdocs/smartwholesale/client-report/system/CodeIgniter.php(824): App\Controllers\API->unlockFile()
#8 /Applications/MAMP/htdocs/smartwholesale/client-report/system/CodeIgniter.php(410): CodeIgniter\CodeIgniter->runController(Object(App\Controllers\API))
#9 /Applications/MAMP/htdocs/smartwholesale/client-report/system/CodeIgniter.php(318): CodeIgniter\CodeIgniter->handleRequest(NULL, Object(Config\Cache), false)
#10 /Applications/MAMP/htdocs/smartwholesale/client-report/public/index.php(37): CodeIgniter\CodeIgniter->run()
#11 /Applications/MAMP/htdocs/smartwholesale/client-report/system/Commands/Server/rewrite.php(43): require_once('/Applications/M...')
#12 {main}
CRITICAL - 2023-02-14 10:47:48 --> Undefined offset: -31425
#0 /Applications/MAMP/htdocs/smartwholesale/client-report/public/OLE/ChainedBlockStream.php(126): CodeIgniter\Debug\Exceptions->errorHandler(8, 'Undefined offse...', '/Applications/M...', 126, Array)
#1 [internal function]: OLE_ChainedBlockStream->stream_open('ole-chainedbloc...', 'r', 0, NULL)
#2 /Applications/MAMP/htdocs/smartwholesale/client-report/public/lib/OLE.php(260): fopen('ole-chainedbloc...', 'r')
#3 /Applications/MAMP/htdocs/smartwholesale/client-report/public/lib/OLE.php(371): OLE->getStream(3)
#4 /Applications/MAMP/htdocs/smartwholesale/client-report/public/lib/OLE.php(215): OLE->_readPpsWks(1)
#5 /Applications/MAMP/htdocs/smartwholesale/client-report/app/Controllers/PHPDecryptXLSXWithPassword.php(25): OLE->read('Oaktree Associa...')
#6 /Applications/MAMP/htdocs/smartwholesale/client-report/app/Controllers/API.php(152): decrypt('Oaktree Associa...', 'eComm', 'Oaktree Associa...')
#7 /Applications/MAMP/htdocs/smartwholesale/client-report/system/CodeIgniter.php(824): App\Controllers\API->unlockFile()
#8 /Applications/MAMP/htdocs/smartwholesale/client-report/system/CodeIgniter.php(410): CodeIgniter\CodeIgniter->runController(Object(App\Controllers\API))
#9 /Applications/MAMP/htdocs/smartwholesale/client-report/system/CodeIgniter.php(318): CodeIgniter\CodeIgniter->handleRequest(NULL, Object(Config\Cache), false)
#10 /Applications/MAMP/htdocs/smartwholesale/client-report/public/index.php(37): CodeIgniter\CodeIgniter->run()
#11 /Applications/MAMP/htdocs/smartwholesale/client-report/system/Commands/Server/rewrite.php(43): require_once('/Applications/M...')
#12 {main}
CRITICAL - 2023-02-14 10:48:11 --> Undefined offset: -31425
#0 /Applications/MAMP/htdocs/smartwholesale/client-report/public/OLE/ChainedBlockStream.php(126): CodeIgniter\Debug\Exceptions->errorHandler(8, 'Undefined offse...', '/Applications/M...', 126, Array)
#1 [internal function]: OLE_ChainedBlockStream->stream_open('ole-chainedbloc...', 'r', 0, NULL)
#2 /Applications/MAMP/htdocs/smartwholesale/client-report/public/lib/OLE.php(260): fopen('ole-chainedbloc...', 'r')
#3 /Applications/MAMP/htdocs/smartwholesale/client-report/public/lib/OLE.php(371): OLE->getStream(3)
#4 /Applications/MAMP/htdocs/smartwholesale/client-report/public/lib/OLE.php(215): OLE->_readPpsWks(1)
#5 /Applications/MAMP/htdocs/smartwholesale/client-report/app/Controllers/PHPDecryptXLSXWithPassword.php(25): OLE->read('Oaktree Associa...')
#6 /Applications/MAMP/htdocs/smartwholesale/client-report/app/Controllers/API.php(152): decrypt('Oaktree Associa...', 'eComm', 'Unlock Oaktree ...')
#7 /Applications/MAMP/htdocs/smartwholesale/client-report/system/CodeIgniter.php(824): App\Controllers\API->unlockFile()
#8 /Applications/MAMP/htdocs/smartwholesale/client-report/system/CodeIgniter.php(410): CodeIgniter\CodeIgniter->runController(Object(App\Controllers\API))
#9 /Applications/MAMP/htdocs/smartwholesale/client-report/system/CodeIgniter.php(318): CodeIgniter\CodeIgniter->handleRequest(NULL, Object(Config\Cache), false)
#10 /Applications/MAMP/htdocs/smartwholesale/client-report/public/index.php(37): CodeIgniter\CodeIgniter->run()
#11 /Applications/MAMP/htdocs/smartwholesale/client-report/system/Commands/Server/rewrite.php(43): require_once('/Applications/M...')
#12 {main}
CRITICAL - 2023-02-14 10:53:53 --> Undefined offset: -31425
#0 /Applications/MAMP/htdocs/smartwholesale/client-report/public/OLE/ChainedBlockStream.php(126): CodeIgniter\Debug\Exceptions->errorHandler(8, 'Undefined offse...', '/Applications/M...', 126, Array)
#1 [internal function]: OLE_ChainedBlockStream->stream_open('ole-chainedbloc...', 'r', 0, NULL)
#2 /Applications/MAMP/htdocs/smartwholesale/client-report/public/lib/OLE.php(260): fopen('ole-chainedbloc...', 'r')
#3 /Applications/MAMP/htdocs/smartwholesale/client-report/public/lib/OLE.php(371): OLE->getStream(3)
#4 /Applications/MAMP/htdocs/smartwholesale/client-report/public/lib/OLE.php(215): OLE->_readPpsWks(1)
#5 /Applications/MAMP/htdocs/smartwholesale/client-report/app/Controllers/PHPDecryptXLSXWithPassword.php(25): OLE->read('Oaktree Associa...')
#6 /Applications/MAMP/htdocs/smartwholesale/client-report/app/Controllers/API.php(152): decrypt('Oaktree Associa...', 'eComm', 'Oaktree Associa...')
#7 /Applications/MAMP/htdocs/smartwholesale/client-report/system/CodeIgniter.php(824): App\Controllers\API->unlockFile()
#8 /Applications/MAMP/htdocs/smartwholesale/client-report/system/CodeIgniter.php(410): CodeIgniter\CodeIgniter->runController(Object(App\Controllers\API))
#9 /Applications/MAMP/htdocs/smartwholesale/client-report/system/CodeIgniter.php(318): CodeIgniter\CodeIgniter->handleRequest(NULL, Object(Config\Cache), false)
#10 /Applications/MAMP/htdocs/smartwholesale/client-report/public/index.php(37): CodeIgniter\CodeIgniter->run()
#11 /Applications/MAMP/htdocs/smartwholesale/client-report/system/Commands/Server/rewrite.php(43): require_once('/Applications/M...')
#12 {main}
CRITICAL - 2023-02-14 10:53:54 --> Undefined offset: -31425
#0 /Applications/MAMP/htdocs/smartwholesale/client-report/public/OLE/ChainedBlockStream.php(126): CodeIgniter\Debug\Exceptions->errorHandler(8, 'Undefined offse...', '/Applications/M...', 126, Array)
#1 [internal function]: OLE_ChainedBlockStream->stream_open('ole-chainedbloc...', 'r', 0, NULL)
#2 /Applications/MAMP/htdocs/smartwholesale/client-report/public/lib/OLE.php(260): fopen('ole-chainedbloc...', 'r')
#3 /Applications/MAMP/htdocs/smartwholesale/client-report/public/lib/OLE.php(371): OLE->getStream(3)
#4 /Applications/MAMP/htdocs/smartwholesale/client-report/public/lib/OLE.php(215): OLE->_readPpsWks(1)
#5 /Applications/MAMP/htdocs/smartwholesale/client-report/app/Controllers/PHPDecryptXLSXWithPassword.php(25): OLE->read('Oaktree Associa...')
#6 /Applications/MAMP/htdocs/smartwholesale/client-report/app/Controllers/API.php(152): decrypt('Oaktree Associa...', 'eComm', 'Oaktree Associa...')
#7 /Applications/MAMP/htdocs/smartwholesale/client-report/system/CodeIgniter.php(824): App\Controllers\API->unlockFile()
#8 /Applications/MAMP/htdocs/smartwholesale/client-report/system/CodeIgniter.php(410): CodeIgniter\CodeIgniter->runController(Object(App\Controllers\API))
#9 /Applications/MAMP/htdocs/smartwholesale/client-report/system/CodeIgniter.php(318): CodeIgniter\CodeIgniter->handleRequest(NULL, Object(Config\Cache), false)
#10 /Applications/MAMP/htdocs/smartwholesale/client-report/public/index.php(37): CodeIgniter\CodeIgniter->run()
#11 /Applications/MAMP/htdocs/smartwholesale/client-report/system/Commands/Server/rewrite.php(43): require_once('/Applications/M...')
#12 {main}
CRITICAL - 2023-02-14 11:04:22 --> Undefined offset: -31453
#0 /Applications/MAMP/htdocs/smartwholesale/client-report/public/OLE/ChainedBlockStream.php(126): CodeIgniter\Debug\Exceptions->errorHandler(8, 'Undefined offse...', '/Applications/M...', 126, Array)
#1 [internal function]: OLE_ChainedBlockStream->stream_open('ole-chainedbloc...', 'r', 0, NULL)
#2 /Applications/MAMP/htdocs/smartwholesale/client-report/public/lib/OLE.php(260): fopen('ole-chainedbloc...', 'r')
#3 /Applications/MAMP/htdocs/smartwholesale/client-report/public/lib/OLE.php(371): OLE->getStream(3)
#4 /Applications/MAMP/htdocs/smartwholesale/client-report/public/lib/OLE.php(215): OLE->_readPpsWks(1)
#5 /Applications/MAMP/htdocs/smartwholesale/client-report/app/Controllers/PHPDecryptXLSXWithPassword.php(25): OLE->read('Oaktree Associa...')
#6 /Applications/MAMP/htdocs/smartwholesale/client-report/app/Controllers/API.php(152): decrypt('Oaktree Associa...', 'eComm', 'Oaktree Associa...')
#7 /Applications/MAMP/htdocs/smartwholesale/client-report/system/CodeIgniter.php(824): App\Controllers\API->unlockFile()
#8 /Applications/MAMP/htdocs/smartwholesale/client-report/system/CodeIgniter.php(410): CodeIgniter\CodeIgniter->runController(Object(App\Controllers\API))
#9 /Applications/MAMP/htdocs/smartwholesale/client-report/system/CodeIgniter.php(318): CodeIgniter\CodeIgniter->handleRequest(NULL, Object(Config\Cache), false)
#10 /Applications/MAMP/htdocs/smartwholesale/client-report/public/index.php(37): CodeIgniter\CodeIgniter->run()
#11 /Applications/MAMP/htdocs/smartwholesale/client-report/system/Commands/Server/rewrite.php(43): require_once('/Applications/M...')
#12 {main}
CRITICAL - 2023-02-14 11:04:24 --> Undefined offset: -31453
#0 /Applications/MAMP/htdocs/smartwholesale/client-report/public/OLE/ChainedBlockStream.php(126): CodeIgniter\Debug\Exceptions->errorHandler(8, 'Undefined offse...', '/Applications/M...', 126, Array)
#1 [internal function]: OLE_ChainedBlockStream->stream_open('ole-chainedbloc...', 'r', 0, NULL)
#2 /Applications/MAMP/htdocs/smartwholesale/client-report/public/lib/OLE.php(260): fopen('ole-chainedbloc...', 'r')
#3 /Applications/MAMP/htdocs/smartwholesale/client-report/public/lib/OLE.php(371): OLE->getStream(3)
#4 /Applications/MAMP/htdocs/smartwholesale/client-report/public/lib/OLE.php(215): OLE->_readPpsWks(1)
#5 /Applications/MAMP/htdocs/smartwholesale/client-report/app/Controllers/PHPDecryptXLSXWithPassword.php(25): OLE->read('Oaktree Associa...')
#6 /Applications/MAMP/htdocs/smartwholesale/client-report/app/Controllers/API.php(152): decrypt('Oaktree Associa...', 'eComm', 'Oaktree Associa...')
#7 /Applications/MAMP/htdocs/smartwholesale/client-report/system/CodeIgniter.php(824): App\Controllers\API->unlockFile()
#8 /Applications/MAMP/htdocs/smartwholesale/client-report/system/CodeIgniter.php(410): CodeIgniter\CodeIgniter->runController(Object(App\Controllers\API))
#9 /Applications/MAMP/htdocs/smartwholesale/client-report/system/CodeIgniter.php(318): CodeIgniter\CodeIgniter->handleRequest(NULL, Object(Config\Cache), false)
#10 /Applications/MAMP/htdocs/smartwholesale/client-report/public/index.php(37): CodeIgniter\CodeIgniter->run()
#11 /Applications/MAMP/htdocs/smartwholesale/client-report/system/Commands/Server/rewrite.php(43): require_once('/Applications/M...')
#12 {main}
CRITICAL - 2023-02-14 11:04:25 --> Undefined offset: -31453
#0 /Applications/MAMP/htdocs/smartwholesale/client-report/public/OLE/ChainedBlockStream.php(126): CodeIgniter\Debug\Exceptions->errorHandler(8, 'Undefined offse...', '/Applications/M...', 126, Array)
#1 [internal function]: OLE_ChainedBlockStream->stream_open('ole-chainedbloc...', 'r', 0, NULL)
#2 /Applications/MAMP/htdocs/smartwholesale/client-report/public/lib/OLE.php(260): fopen('ole-chainedbloc...', 'r')
#3 /Applications/MAMP/htdocs/smartwholesale/client-report/public/lib/OLE.php(371): OLE->getStream(3)
#4 /Applications/MAMP/htdocs/smartwholesale/client-report/public/lib/OLE.php(215): OLE->_readPpsWks(1)
#5 /Applications/MAMP/htdocs/smartwholesale/client-report/app/Controllers/PHPDecryptXLSXWithPassword.php(25): OLE->read('Oaktree Associa...')
#6 /Applications/MAMP/htdocs/smartwholesale/client-report/app/Controllers/API.php(152): decrypt('Oaktree Associa...', 'eComm', 'Oaktree Associa...')
#7 /Applications/MAMP/htdocs/smartwholesale/client-report/system/CodeIgniter.php(824): App\Controllers\API->unlockFile()
#8 /Applications/MAMP/htdocs/smartwholesale/client-report/system/CodeIgniter.php(410): CodeIgniter\CodeIgniter->runController(Object(App\Controllers\API))
#9 /Applications/MAMP/htdocs/smartwholesale/client-report/system/CodeIgniter.php(318): CodeIgniter\CodeIgniter->handleRequest(NULL, Object(Config\Cache), false)
#10 /Applications/MAMP/htdocs/smartwholesale/client-report/public/index.php(37): CodeIgniter\CodeIgniter->run()
#11 /Applications/MAMP/htdocs/smartwholesale/client-report/system/Commands/Server/rewrite.php(43): require_once('/Applications/M...')
#12 {main}
CRITICAL - 2023-02-14 11:04:26 --> Undefined offset: -31453
#0 /Applications/MAMP/htdocs/smartwholesale/client-report/public/OLE/ChainedBlockStream.php(126): CodeIgniter\Debug\Exceptions->errorHandler(8, 'Undefined offse...', '/Applications/M...', 126, Array)
#1 [internal function]: OLE_ChainedBlockStream->stream_open('ole-chainedbloc...', 'r', 0, NULL)
#2 /Applications/MAMP/htdocs/smartwholesale/client-report/public/lib/OLE.php(260): fopen('ole-chainedbloc...', 'r')
#3 /Applications/MAMP/htdocs/smartwholesale/client-report/public/lib/OLE.php(371): OLE->getStream(3)
#4 /Applications/MAMP/htdocs/smartwholesale/client-report/public/lib/OLE.php(215): OLE->_readPpsWks(1)
#5 /Applications/MAMP/htdocs/smartwholesale/client-report/app/Controllers/PHPDecryptXLSXWithPassword.php(25): OLE->read('Oaktree Associa...')
#6 /Applications/MAMP/htdocs/smartwholesale/client-report/app/Controllers/API.php(152): decrypt('Oaktree Associa...', 'eComm', 'Oaktree Associa...')
#7 /Applications/MAMP/htdocs/smartwholesale/client-report/system/CodeIgniter.php(824): App\Controllers\API->unlockFile()
#8 /Applications/MAMP/htdocs/smartwholesale/client-report/system/CodeIgniter.php(410): CodeIgniter\CodeIgniter->runController(Object(App\Controllers\API))
#9 /Applications/MAMP/htdocs/smartwholesale/client-report/system/CodeIgniter.php(318): CodeIgniter\CodeIgniter->handleRequest(NULL, Object(Config\Cache), false)
#10 /Applications/MAMP/htdocs/smartwholesale/client-report/public/index.php(37): CodeIgniter\CodeIgniter->run()
#11 /Applications/MAMP/htdocs/smartwholesale/client-report/system/Commands/Server/rewrite.php(43): require_once('/Applications/M...')
#12 {main}
CRITICAL - 2023-02-14 11:06:33 --> Undefined offset: -31453
#0 /Applications/MAMP/htdocs/smartwholesale/client-report/public/OLE/ChainedBlockStream.php(126): CodeIgniter\Debug\Exceptions->errorHandler(8, 'Undefined offse...', '/Applications/M...', 126, Array)
#1 [internal function]: OLE_ChainedBlockStream->stream_open('ole-chainedbloc...', 'r', 0, NULL)
#2 /Applications/MAMP/htdocs/smartwholesale/client-report/public/lib/OLE.php(260): fopen('ole-chainedbloc...', 'r')
#3 /Applications/MAMP/htdocs/smartwholesale/client-report/public/lib/OLE.php(371): OLE->getStream(3)
#4 /Applications/MAMP/htdocs/smartwholesale/client-report/public/lib/OLE.php(215): OLE->_readPpsWks(1)
#5 /Applications/MAMP/htdocs/smartwholesale/client-report/app/Controllers/PHPDecryptXLSXWithPassword.php(25): OLE->read('Oaktree Associa...')
#6 /Applications/MAMP/htdocs/smartwholesale/client-report/app/Controllers/API.php(152): decrypt('Oaktree Associa...', 'eComm', 'Oaktree Associa...')
#7 /Applications/MAMP/htdocs/smartwholesale/client-report/system/CodeIgniter.php(824): App\Controllers\API->unlockFile()
#8 /Applications/MAMP/htdocs/smartwholesale/client-report/system/CodeIgniter.php(410): CodeIgniter\CodeIgniter->runController(Object(App\Controllers\API))
#9 /Applications/MAMP/htdocs/smartwholesale/client-report/system/CodeIgniter.php(318): CodeIgniter\CodeIgniter->handleRequest(NULL, Object(Config\Cache), false)
#10 /Applications/MAMP/htdocs/smartwholesale/client-report/public/index.php(37): CodeIgniter\CodeIgniter->run()
#11 /Applications/MAMP/htdocs/smartwholesale/client-report/system/Commands/Server/rewrite.php(43): require_once('/Applications/M...')
#12 {main}
CRITICAL - 2023-02-14 11:11:28 --> Undefined offset: -31527
#0 /Applications/MAMP/htdocs/smartwholesale/client-report/public/OLE/ChainedBlockStream.php(126): CodeIgniter\Debug\Exceptions->errorHandler(8, 'Undefined offse...', '/Applications/M...', 126, Array)
#1 [internal function]: OLE_ChainedBlockStream->stream_open('ole-chainedbloc...', 'r', 0, NULL)
#2 /Applications/MAMP/htdocs/smartwholesale/client-report/public/lib/OLE.php(260): fopen('ole-chainedbloc...', 'r')
#3 /Applications/MAMP/htdocs/smartwholesale/client-report/public/lib/OLE.php(371): OLE->getStream(3)
#4 /Applications/MAMP/htdocs/smartwholesale/client-report/public/lib/OLE.php(215): OLE->_readPpsWks(1)
#5 /Applications/MAMP/htdocs/smartwholesale/client-report/app/Controllers/PHPDecryptXLSXWithPassword.php(25): OLE->read('Oaktree Associa...')
#6 /Applications/MAMP/htdocs/smartwholesale/client-report/app/Controllers/API.php(152): decrypt('Oaktree Associa...', 'eComm', 'Oaktree Associa...')
#7 /Applications/MAMP/htdocs/smartwholesale/client-report/system/CodeIgniter.php(824): App\Controllers\API->unlockFile()
#8 /Applications/MAMP/htdocs/smartwholesale/client-report/system/CodeIgniter.php(410): CodeIgniter\CodeIgniter->runController(Object(App\Controllers\API))
#9 /Applications/MAMP/htdocs/smartwholesale/client-report/system/CodeIgniter.php(318): CodeIgniter\CodeIgniter->handleRequest(NULL, Object(Config\Cache), false)
#10 /Applications/MAMP/htdocs/smartwholesale/client-report/public/index.php(37): CodeIgniter\CodeIgniter->run()
#11 /Applications/MAMP/htdocs/smartwholesale/client-report/system/Commands/Server/rewrite.php(43): require_once('/Applications/M...')
#12 {main}
CRITICAL - 2023-02-14 11:11:32 --> Undefined offset: -31527
#0 /Applications/MAMP/htdocs/smartwholesale/client-report/public/OLE/ChainedBlockStream.php(126): CodeIgniter\Debug\Exceptions->errorHandler(8, 'Undefined offse...', '/Applications/M...', 126, Array)
#1 [internal function]: OLE_ChainedBlockStream->stream_open('ole-chainedbloc...', 'r', 0, NULL)
#2 /Applications/MAMP/htdocs/smartwholesale/client-report/public/lib/OLE.php(260): fopen('ole-chainedbloc...', 'r')
#3 /Applications/MAMP/htdocs/smartwholesale/client-report/public/lib/OLE.php(371): OLE->getStream(3)
#4 /Applications/MAMP/htdocs/smartwholesale/client-report/public/lib/OLE.php(215): OLE->_readPpsWks(1)
#5 /Applications/MAMP/htdocs/smartwholesale/client-report/app/Controllers/PHPDecryptXLSXWithPassword.php(25): OLE->read('Oaktree Associa...')
#6 /Applications/MAMP/htdocs/smartwholesale/client-report/app/Controllers/API.php(152): decrypt('Oaktree Associa...', 'eComm', 'Oaktree Associa...')
#7 /Applications/MAMP/htdocs/smartwholesale/client-report/system/CodeIgniter.php(824): App\Controllers\API->unlockFile()
#8 /Applications/MAMP/htdocs/smartwholesale/client-report/system/CodeIgniter.php(410): CodeIgniter\CodeIgniter->runController(Object(App\Controllers\API))
#9 /Applications/MAMP/htdocs/smartwholesale/client-report/system/CodeIgniter.php(318): CodeIgniter\CodeIgniter->handleRequest(NULL, Object(Config\Cache), false)
#10 /Applications/MAMP/htdocs/smartwholesale/client-report/public/index.php(37): CodeIgniter\CodeIgniter->run()
#11 /Applications/MAMP/htdocs/smartwholesale/client-report/system/Commands/Server/rewrite.php(43): require_once('/Applications/M...')
#12 {main}
CRITICAL - 2023-02-14 11:12:29 --> Undefined offset: -31551
#0 /Applications/MAMP/htdocs/smartwholesale/client-report/public/OLE/ChainedBlockStream.php(126): CodeIgniter\Debug\Exceptions->errorHandler(8, 'Undefined offse...', '/Applications/M...', 126, Array)
#1 [internal function]: OLE_ChainedBlockStream->stream_open('ole-chainedbloc...', 'r', 0, NULL)
#2 /Applications/MAMP/htdocs/smartwholesale/client-report/public/lib/OLE.php(260): fopen('ole-chainedbloc...', 'r')
#3 /Applications/MAMP/htdocs/smartwholesale/client-report/public/lib/OLE.php(371): OLE->getStream(3)
#4 /Applications/MAMP/htdocs/smartwholesale/client-report/public/lib/OLE.php(215): OLE->_readPpsWks(1)
#5 /Applications/MAMP/htdocs/smartwholesale/client-report/app/Controllers/PHPDecryptXLSXWithPassword.php(25): OLE->read('Oaktree Associa...')
#6 /Applications/MAMP/htdocs/smartwholesale/client-report/app/Controllers/API.php(152): decrypt('Oaktree Associa...', 'eComm', 'Oaktree Associa...')
#7 /Applications/MAMP/htdocs/smartwholesale/client-report/system/CodeIgniter.php(824): App\Controllers\API->unlockFile()
#8 /Applications/MAMP/htdocs/smartwholesale/client-report/system/CodeIgniter.php(410): CodeIgniter\CodeIgniter->runController(Object(App\Controllers\API))
#9 /Applications/MAMP/htdocs/smartwholesale/client-report/system/CodeIgniter.php(318): CodeIgniter\CodeIgniter->handleRequest(NULL, Object(Config\Cache), false)
#10 /Applications/MAMP/htdocs/smartwholesale/client-report/public/index.php(37): CodeIgniter\CodeIgniter->run()
#11 /Applications/MAMP/htdocs/smartwholesale/client-report/system/Commands/Server/rewrite.php(43): require_once('/Applications/M...')
#12 {main}
CRITICAL - 2023-02-14 11:12:31 --> Undefined offset: -31551
#0 /Applications/MAMP/htdocs/smartwholesale/client-report/public/OLE/ChainedBlockStream.php(126): CodeIgniter\Debug\Exceptions->errorHandler(8, 'Undefined offse...', '/Applications/M...', 126, Array)
#1 [internal function]: OLE_ChainedBlockStream->stream_open('ole-chainedbloc...', 'r', 0, NULL)
#2 /Applications/MAMP/htdocs/smartwholesale/client-report/public/lib/OLE.php(260): fopen('ole-chainedbloc...', 'r')
#3 /Applications/MAMP/htdocs/smartwholesale/client-report/public/lib/OLE.php(371): OLE->getStream(3)
#4 /Applications/MAMP/htdocs/smartwholesale/client-report/public/lib/OLE.php(215): OLE->_readPpsWks(1)
#5 /Applications/MAMP/htdocs/smartwholesale/client-report/app/Controllers/PHPDecryptXLSXWithPassword.php(25): OLE->read('Oaktree Associa...')
#6 /Applications/MAMP/htdocs/smartwholesale/client-report/app/Controllers/API.php(152): decrypt('Oaktree Associa...', 'eComm', 'Oaktree Associa...')
#7 /Applications/MAMP/htdocs/smartwholesale/client-report/system/CodeIgniter.php(824): App\Controllers\API->unlockFile()
#8 /Applications/MAMP/htdocs/smartwholesale/client-report/system/CodeIgniter.php(410): CodeIgniter\CodeIgniter->runController(Object(App\Controllers\API))
#9 /Applications/MAMP/htdocs/smartwholesale/client-report/system/CodeIgniter.php(318): CodeIgniter\CodeIgniter->handleRequest(NULL, Object(Config\Cache), false)
#10 /Applications/MAMP/htdocs/smartwholesale/client-report/public/index.php(37): CodeIgniter\CodeIgniter->run()
#11 /Applications/MAMP/htdocs/smartwholesale/client-report/system/Commands/Server/rewrite.php(43): require_once('/Applications/M...')
#12 {main}
CRITICAL - 2023-02-14 11:12:32 --> Undefined offset: -31551
#0 /Applications/MAMP/htdocs/smartwholesale/client-report/public/OLE/ChainedBlockStream.php(126): CodeIgniter\Debug\Exceptions->errorHandler(8, 'Undefined offse...', '/Applications/M...', 126, Array)
#1 [internal function]: OLE_ChainedBlockStream->stream_open('ole-chainedbloc...', 'r', 0, NULL)
#2 /Applications/MAMP/htdocs/smartwholesale/client-report/public/lib/OLE.php(260): fopen('ole-chainedbloc...', 'r')
#3 /Applications/MAMP/htdocs/smartwholesale/client-report/public/lib/OLE.php(371): OLE->getStream(3)
#4 /Applications/MAMP/htdocs/smartwholesale/client-report/public/lib/OLE.php(215): OLE->_readPpsWks(1)
#5 /Applications/MAMP/htdocs/smartwholesale/client-report/app/Controllers/PHPDecryptXLSXWithPassword.php(25): OLE->read('Oaktree Associa...')
#6 /Applications/MAMP/htdocs/smartwholesale/client-report/app/Controllers/API.php(152): decrypt('Oaktree Associa...', 'eComm', 'Oaktree Associa...')
#7 /Applications/MAMP/htdocs/smartwholesale/client-report/system/CodeIgniter.php(824): App\Controllers\API->unlockFile()
#8 /Applications/MAMP/htdocs/smartwholesale/client-report/system/CodeIgniter.php(410): CodeIgniter\CodeIgniter->runController(Object(App\Controllers\API))
#9 /Applications/MAMP/htdocs/smartwholesale/client-report/system/CodeIgniter.php(318): CodeIgniter\CodeIgniter->handleRequest(NULL, Object(Config\Cache), false)
#10 /Applications/MAMP/htdocs/smartwholesale/client-report/public/index.php(37): CodeIgniter\CodeIgniter->run()
#11 /Applications/MAMP/htdocs/smartwholesale/client-report/system/Commands/Server/rewrite.php(43): require_once('/Applications/M...')
#12 {main}
CRITICAL - 2023-02-14 11:12:34 --> Undefined offset: -31551
#0 /Applications/MAMP/htdocs/smartwholesale/client-report/public/OLE/ChainedBlockStream.php(126): CodeIgniter\Debug\Exceptions->errorHandler(8, 'Undefined offse...', '/Applications/M...', 126, Array)
#1 [internal function]: OLE_ChainedBlockStream->stream_open('ole-chainedbloc...', 'r', 0, NULL)
#2 /Applications/MAMP/htdocs/smartwholesale/client-report/public/lib/OLE.php(260): fopen('ole-chainedbloc...', 'r')
#3 /Applications/MAMP/htdocs/smartwholesale/client-report/public/lib/OLE.php(371): OLE->getStream(3)
#4 /Applications/MAMP/htdocs/smartwholesale/client-report/public/lib/OLE.php(215): OLE->_readPpsWks(1)
#5 /Applications/MAMP/htdocs/smartwholesale/client-report/app/Controllers/PHPDecryptXLSXWithPassword.php(25): OLE->read('Oaktree Associa...')
#6 /Applications/MAMP/htdocs/smartwholesale/client-report/app/Controllers/API.php(152): decrypt('Oaktree Associa...', 'eComm', 'Oaktree Associa...')
#7 /Applications/MAMP/htdocs/smartwholesale/client-report/system/CodeIgniter.php(824): App\Controllers\API->unlockFile()
#8 /Applications/MAMP/htdocs/smartwholesale/client-report/system/CodeIgniter.php(410): CodeIgniter\CodeIgniter->runController(Object(App\Controllers\API))
#9 /Applications/MAMP/htdocs/smartwholesale/client-report/system/CodeIgniter.php(318): CodeIgniter\CodeIgniter->handleRequest(NULL, Object(Config\Cache), false)
#10 /Applications/MAMP/htdocs/smartwholesale/client-report/public/index.php(37): CodeIgniter\CodeIgniter->run()
#11 /Applications/MAMP/htdocs/smartwholesale/client-report/system/Commands/Server/rewrite.php(43): require_once('/Applications/M...')
#12 {main}
CRITICAL - 2023-02-14 11:13:23 --> Undefined offset: -31551
#0 /Applications/MAMP/htdocs/smartwholesale/client-report/public/OLE/ChainedBlockStream.php(126): CodeIgniter\Debug\Exceptions->errorHandler(8, 'Undefined offse...', '/Applications/M...', 126, Array)
#1 [internal function]: OLE_ChainedBlockStream->stream_open('ole-chainedbloc...', 'r', 0, NULL)
#2 /Applications/MAMP/htdocs/smartwholesale/client-report/public/lib/OLE.php(260): fopen('ole-chainedbloc...', 'r')
#3 /Applications/MAMP/htdocs/smartwholesale/client-report/public/lib/OLE.php(371): OLE->getStream(3)
#4 /Applications/MAMP/htdocs/smartwholesale/client-report/public/lib/OLE.php(215): OLE->_readPpsWks(1)
#5 /Applications/MAMP/htdocs/smartwholesale/client-report/app/Controllers/PHPDecryptXLSXWithPassword.php(25): OLE->read('Oaktree Associa...')
#6 /Applications/MAMP/htdocs/smartwholesale/client-report/app/Controllers/API.php(152): decrypt('Oaktree Associa...', 'eComm', 'Oaktree Associa...')
#7 /Applications/MAMP/htdocs/smartwholesale/client-report/system/CodeIgniter.php(824): App\Controllers\API->unlockFile()
#8 /Applications/MAMP/htdocs/smartwholesale/client-report/system/CodeIgniter.php(410): CodeIgniter\CodeIgniter->runController(Object(App\Controllers\API))
#9 /Applications/MAMP/htdocs/smartwholesale/client-report/system/CodeIgniter.php(318): CodeIgniter\CodeIgniter->handleRequest(NULL, Object(Config\Cache), false)
#10 /Applications/MAMP/htdocs/smartwholesale/client-report/public/index.php(37): CodeIgniter\CodeIgniter->run()
#11 /Applications/MAMP/htdocs/smartwholesale/client-report/system/Commands/Server/rewrite.php(43): require_once('/Applications/M...')
#12 {main}
CRITICAL - 2023-02-14 11:27:37 --> Could not find zip member zip://untestchart.xlsx#_rels/.rels
#0 /Applications/MAMP/htdocs/smartwholesale/client-report/vendor/phpoffice/phpspreadsheet/src/PhpSpreadsheet/Reader/Xlsx.php(408): PhpOffice\PhpSpreadsheet\Shared\File::assertFile('untestchart.xls...', '_rels/.rels')
#1 /Applications/MAMP/htdocs/smartwholesale/client-report/vendor/phpoffice/phpspreadsheet/src/PhpSpreadsheet/Reader/BaseReader.php(166): PhpOffice\PhpSpreadsheet\Reader\Xlsx->loadSpreadsheetFromFile('untestchart.xls...')
#2 /Applications/MAMP/htdocs/smartwholesale/client-report/app/Controllers/API.php(154): PhpOffice\PhpSpreadsheet\Reader\BaseReader->load('untestchart.xls...')
#3 /Applications/MAMP/htdocs/smartwholesale/client-report/system/CodeIgniter.php(824): App\Controllers\API->unlockFile()
#4 /Applications/MAMP/htdocs/smartwholesale/client-report/system/CodeIgniter.php(410): CodeIgniter\CodeIgniter->runController(Object(App\Controllers\API))
#5 /Applications/MAMP/htdocs/smartwholesale/client-report/system/CodeIgniter.php(318): CodeIgniter\CodeIgniter->handleRequest(NULL, Object(Config\Cache), false)
#6 /Applications/MAMP/htdocs/smartwholesale/client-report/public/index.php(37): CodeIgniter\CodeIgniter->run()
#7 /Applications/MAMP/htdocs/smartwholesale/client-report/system/Commands/Server/rewrite.php(43): require_once('/Applications/M...')
#8 {main}
CRITICAL - 2023-02-14 11:29:26 --> Could not find zip member zip://untestchart.xlsx#_rels/.rels
#0 /Applications/MAMP/htdocs/smartwholesale/client-report/vendor/phpoffice/phpspreadsheet/src/PhpSpreadsheet/Reader/Xlsx.php(408): PhpOffice\PhpSpreadsheet\Shared\File::assertFile('untestchart.xls...', '_rels/.rels')
#1 /Applications/MAMP/htdocs/smartwholesale/client-report/vendor/phpoffice/phpspreadsheet/src/PhpSpreadsheet/Reader/BaseReader.php(166): PhpOffice\PhpSpreadsheet\Reader\Xlsx->loadSpreadsheetFromFile('untestchart.xls...')
#2 /Applications/MAMP/htdocs/smartwholesale/client-report/app/Controllers/API.php(158): PhpOffice\PhpSpreadsheet\Reader\BaseReader->load('untestchart.xls...')
#3 /Applications/MAMP/htdocs/smartwholesale/client-report/system/CodeIgniter.php(824): App\Controllers\API->unlockFile()
#4 /Applications/MAMP/htdocs/smartwholesale/client-report/system/CodeIgniter.php(410): CodeIgniter\CodeIgniter->runController(Object(App\Controllers\API))
#5 /Applications/MAMP/htdocs/smartwholesale/client-report/system/CodeIgniter.php(318): CodeIgniter\CodeIgniter->handleRequest(NULL, Object(Config\Cache), false)
#6 /Applications/MAMP/htdocs/smartwholesale/client-report/public/index.php(37): CodeIgniter\CodeIgniter->run()
#7 /Applications/MAMP/htdocs/smartwholesale/client-report/system/Commands/Server/rewrite.php(43): require_once('/Applications/M...')
#8 {main}
CRITICAL - 2023-02-14 11:29:28 --> Could not find zip member zip://untestchart.xlsx#_rels/.rels
#0 /Applications/MAMP/htdocs/smartwholesale/client-report/vendor/phpoffice/phpspreadsheet/src/PhpSpreadsheet/Reader/Xlsx.php(408): PhpOffice\PhpSpreadsheet\Shared\File::assertFile('untestchart.xls...', '_rels/.rels')
#1 /Applications/MAMP/htdocs/smartwholesale/client-report/vendor/phpoffice/phpspreadsheet/src/PhpSpreadsheet/Reader/BaseReader.php(166): PhpOffice\PhpSpreadsheet\Reader\Xlsx->loadSpreadsheetFromFile('untestchart.xls...')
#2 /Applications/MAMP/htdocs/smartwholesale/client-report/app/Controllers/API.php(158): PhpOffice\PhpSpreadsheet\Reader\BaseReader->load('untestchart.xls...')
#3 /Applications/MAMP/htdocs/smartwholesale/client-report/system/CodeIgniter.php(824): App\Controllers\API->unlockFile()
#4 /Applications/MAMP/htdocs/smartwholesale/client-report/system/CodeIgniter.php(410): CodeIgniter\CodeIgniter->runController(Object(App\Controllers\API))
#5 /Applications/MAMP/htdocs/smartwholesale/client-report/system/CodeIgniter.php(318): CodeIgniter\CodeIgniter->handleRequest(NULL, Object(Config\Cache), false)
#6 /Applications/MAMP/htdocs/smartwholesale/client-report/public/index.php(37): CodeIgniter\CodeIgniter->run()
#7 /Applications/MAMP/htdocs/smartwholesale/client-report/system/Commands/Server/rewrite.php(43): require_once('/Applications/M...')
#8 {main}
CRITICAL - 2023-02-14 11:30:09 --> Too few arguments to function PhpOffice\PhpSpreadsheet\Writer\Xlsx::__construct(), 0 passed in /Applications/MAMP/htdocs/smartwholesale/client-report/app/Controllers/API.php on line 156 and exactly 1 expected
#0 /Applications/MAMP/htdocs/smartwholesale/client-report/app/Controllers/API.php(156): PhpOffice\PhpSpreadsheet\Writer\Xlsx->__construct()
#1 /Applications/MAMP/htdocs/smartwholesale/client-report/system/CodeIgniter.php(824): App\Controllers\API->unlockFile()
#2 /Applications/MAMP/htdocs/smartwholesale/client-report/system/CodeIgniter.php(410): CodeIgniter\CodeIgniter->runController(Object(App\Controllers\API))
#3 /Applications/MAMP/htdocs/smartwholesale/client-report/system/CodeIgniter.php(318): CodeIgniter\CodeIgniter->handleRequest(NULL, Object(Config\Cache), false)
#4 /Applications/MAMP/htdocs/smartwholesale/client-report/public/index.php(37): CodeIgniter\CodeIgniter->run()
#5 /Applications/MAMP/htdocs/smartwholesale/client-report/system/Commands/Server/rewrite.php(43): require_once('/Applications/M...')
#6 {main}
CRITICAL - 2023-02-14 11:31:43 --> Could not find zip member zip://untestchart.xlsx#_rels/.rels
#0 /Applications/MAMP/htdocs/smartwholesale/client-report/vendor/phpoffice/phpspreadsheet/src/PhpSpreadsheet/Reader/Xlsx.php(408): PhpOffice\PhpSpreadsheet\Shared\File::assertFile('untestchart.xls...', '_rels/.rels')
#1 /Applications/MAMP/htdocs/smartwholesale/client-report/vendor/phpoffice/phpspreadsheet/src/PhpSpreadsheet/Reader/BaseReader.php(166): PhpOffice\PhpSpreadsheet\Reader\Xlsx->loadSpreadsheetFromFile('untestchart.xls...')
#2 /Applications/MAMP/htdocs/smartwholesale/client-report/app/Controllers/API.php(159): PhpOffice\PhpSpreadsheet\Reader\BaseReader->load('untestchart.xls...')
#3 /Applications/MAMP/htdocs/smartwholesale/client-report/system/CodeIgniter.php(824): App\Controllers\API->unlockFile()
#4 /Applications/MAMP/htdocs/smartwholesale/client-report/system/CodeIgniter.php(410): CodeIgniter\CodeIgniter->runController(Object(App\Controllers\API))
#5 /Applications/MAMP/htdocs/smartwholesale/client-report/system/CodeIgniter.php(318): CodeIgniter\CodeIgniter->handleRequest(NULL, Object(Config\Cache), false)
#6 /Applications/MAMP/htdocs/smartwholesale/client-report/public/index.php(37): CodeIgniter\CodeIgniter->run()
#7 /Applications/MAMP/htdocs/smartwholesale/client-report/system/Commands/Server/rewrite.php(43): require_once('/Applications/M...')
#8 {main}
CRITICAL - 2023-02-14 11:32:06 --> Could not find zip member zip://untestchart.xlsx#_rels/.rels
#0 /Applications/MAMP/htdocs/smartwholesale/client-report/vendor/phpoffice/phpspreadsheet/src/PhpSpreadsheet/Reader/Xlsx.php(408): PhpOffice\PhpSpreadsheet\Shared\File::assertFile('untestchart.xls...', '_rels/.rels')
#1 /Applications/MAMP/htdocs/smartwholesale/client-report/vendor/phpoffice/phpspreadsheet/src/PhpSpreadsheet/Reader/BaseReader.php(166): PhpOffice\PhpSpreadsheet\Reader\Xlsx->loadSpreadsheetFromFile('untestchart.xls...')
#2 /Applications/MAMP/htdocs/smartwholesale/client-report/app/Controllers/API.php(159): PhpOffice\PhpSpreadsheet\Reader\BaseReader->load('untestchart.xls...')
#3 /Applications/MAMP/htdocs/smartwholesale/client-report/system/CodeIgniter.php(824): App\Controllers\API->unlockFile()
#4 /Applications/MAMP/htdocs/smartwholesale/client-report/system/CodeIgniter.php(410): CodeIgniter\CodeIgniter->runController(Object(App\Controllers\API))
#5 /Applications/MAMP/htdocs/smartwholesale/client-report/system/CodeIgniter.php(318): CodeIgniter\CodeIgniter->handleRequest(NULL, Object(Config\Cache), false)
#6 /Applications/MAMP/htdocs/smartwholesale/client-report/public/index.php(37): CodeIgniter\CodeIgniter->run()
#7 /Applications/MAMP/htdocs/smartwholesale/client-report/system/Commands/Server/rewrite.php(43): require_once('/Applications/M...')
#8 {main}
CRITICAL - 2023-02-14 11:32:48 --> The filename untestchart.xlsx is not recognised as an OLE file
#0 /Applications/MAMP/htdocs/smartwholesale/client-report/vendor/phpoffice/phpspreadsheet/src/PhpSpreadsheet/Reader/Xls.php(1383): PhpOffice\PhpSpreadsheet\Shared\OLERead->read('untestchart.xls...')
#1 /Applications/MAMP/htdocs/smartwholesale/client-report/vendor/phpoffice/phpspreadsheet/src/PhpSpreadsheet/Reader/Xls.php(633): PhpOffice\PhpSpreadsheet\Reader\Xls->loadOLE('untestchart.xls...')
#2 /Applications/MAMP/htdocs/smartwholesale/client-report/vendor/phpoffice/phpspreadsheet/src/PhpSpreadsheet/Reader/BaseReader.php(166): PhpOffice\PhpSpreadsheet\Reader\Xls->loadSpreadsheetFromFile('untestchart.xls...')
#3 /Applications/MAMP/htdocs/smartwholesale/client-report/app/Controllers/API.php(159): PhpOffice\PhpSpreadsheet\Reader\BaseReader->load('untestchart.xls...')
#4 /Applications/MAMP/htdocs/smartwholesale/client-report/system/CodeIgniter.php(824): App\Controllers\API->unlockFile()
#5 /Applications/MAMP/htdocs/smartwholesale/client-report/system/CodeIgniter.php(410): CodeIgniter\CodeIgniter->runController(Object(App\Controllers\API))
#6 /Applications/MAMP/htdocs/smartwholesale/client-report/system/CodeIgniter.php(318): CodeIgniter\CodeIgniter->handleRequest(NULL, Object(Config\Cache), false)
#7 /Applications/MAMP/htdocs/smartwholesale/client-report/public/index.php(37): CodeIgniter\CodeIgniter->run()
#8 /Applications/MAMP/htdocs/smartwholesale/client-report/system/Commands/Server/rewrite.php(43): require_once('/Applications/M...')
#9 {main}
CRITICAL - 2023-02-14 11:33:03 --> The filename untestchart.xlsx is not recognised as an OLE file
#0 /Applications/MAMP/htdocs/smartwholesale/client-report/vendor/phpoffice/phpspreadsheet/src/PhpSpreadsheet/Reader/Xls.php(1383): PhpOffice\PhpSpreadsheet\Shared\OLERead->read('untestchart.xls...')
#1 /Applications/MAMP/htdocs/smartwholesale/client-report/vendor/phpoffice/phpspreadsheet/src/PhpSpreadsheet/Reader/Xls.php(633): PhpOffice\PhpSpreadsheet\Reader\Xls->loadOLE('untestchart.xls...')
#2 /Applications/MAMP/htdocs/smartwholesale/client-report/vendor/phpoffice/phpspreadsheet/src/PhpSpreadsheet/Reader/BaseReader.php(166): PhpOffice\PhpSpreadsheet\Reader\Xls->loadSpreadsheetFromFile('untestchart.xls...')
#3 /Applications/MAMP/htdocs/smartwholesale/client-report/app/Controllers/API.php(159): PhpOffice\PhpSpreadsheet\Reader\BaseReader->load('untestchart.xls...')
#4 /Applications/MAMP/htdocs/smartwholesale/client-report/system/CodeIgniter.php(824): App\Controllers\API->unlockFile()
#5 /Applications/MAMP/htdocs/smartwholesale/client-report/system/CodeIgniter.php(410): CodeIgniter\CodeIgniter->runController(Object(App\Controllers\API))
#6 /Applications/MAMP/htdocs/smartwholesale/client-report/system/CodeIgniter.php(318): CodeIgniter\CodeIgniter->handleRequest(NULL, Object(Config\Cache), false)
#7 /Applications/MAMP/htdocs/smartwholesale/client-report/public/index.php(37): CodeIgniter\CodeIgniter->run()
#8 /Applications/MAMP/htdocs/smartwholesale/client-report/system/Commands/Server/rewrite.php(43): require_once('/Applications/M...')
#9 {main}
CRITICAL - 2023-02-14 11:33:05 --> The filename untestchart.xlsx is not recognised as an OLE file
#0 /Applications/MAMP/htdocs/smartwholesale/client-report/vendor/phpoffice/phpspreadsheet/src/PhpSpreadsheet/Reader/Xls.php(1383): PhpOffice\PhpSpreadsheet\Shared\OLERead->read('untestchart.xls...')
#1 /Applications/MAMP/htdocs/smartwholesale/client-report/vendor/phpoffice/phpspreadsheet/src/PhpSpreadsheet/Reader/Xls.php(633): PhpOffice\PhpSpreadsheet\Reader\Xls->loadOLE('untestchart.xls...')
#2 /Applications/MAMP/htdocs/smartwholesale/client-report/vendor/phpoffice/phpspreadsheet/src/PhpSpreadsheet/Reader/BaseReader.php(166): PhpOffice\PhpSpreadsheet\Reader\Xls->loadSpreadsheetFromFile('untestchart.xls...')
#3 /Applications/MAMP/htdocs/smartwholesale/client-report/app/Controllers/API.php(159): PhpOffice\PhpSpreadsheet\Reader\BaseReader->load('untestchart.xls...')
#4 /Applications/MAMP/htdocs/smartwholesale/client-report/system/CodeIgniter.php(824): App\Controllers\API->unlockFile()
#5 /Applications/MAMP/htdocs/smartwholesale/client-report/system/CodeIgniter.php(410): CodeIgniter\CodeIgniter->runController(Object(App\Controllers\API))
#6 /Applications/MAMP/htdocs/smartwholesale/client-report/system/CodeIgniter.php(318): CodeIgniter\CodeIgniter->handleRequest(NULL, Object(Config\Cache), false)
#7 /Applications/MAMP/htdocs/smartwholesale/client-report/public/index.php(37): CodeIgniter\CodeIgniter->run()
#8 /Applications/MAMP/htdocs/smartwholesale/client-report/system/Commands/Server/rewrite.php(43): require_once('/Applications/M...')
#9 {main}
CRITICAL - 2023-02-14 11:33:24 --> The filename untestchart.xlsx is not recognised as an OLE file
#0 /Applications/MAMP/htdocs/smartwholesale/client-report/vendor/phpoffice/phpspreadsheet/src/PhpSpreadsheet/Reader/Xls.php(1383): PhpOffice\PhpSpreadsheet\Shared\OLERead->read('untestchart.xls...')
#1 /Applications/MAMP/htdocs/smartwholesale/client-report/vendor/phpoffice/phpspreadsheet/src/PhpSpreadsheet/Reader/Xls.php(633): PhpOffice\PhpSpreadsheet\Reader\Xls->loadOLE('untestchart.xls...')
#2 /Applications/MAMP/htdocs/smartwholesale/client-report/vendor/phpoffice/phpspreadsheet/src/PhpSpreadsheet/Reader/BaseReader.php(166): PhpOffice\PhpSpreadsheet\Reader\Xls->loadSpreadsheetFromFile('untestchart.xls...')
#3 /Applications/MAMP/htdocs/smartwholesale/client-report/app/Controllers/API.php(159): PhpOffice\PhpSpreadsheet\Reader\BaseReader->load('untestchart.xls...')
#4 /Applications/MAMP/htdocs/smartwholesale/client-report/system/CodeIgniter.php(824): App\Controllers\API->unlockFile()
#5 /Applications/MAMP/htdocs/smartwholesale/client-report/system/CodeIgniter.php(410): CodeIgniter\CodeIgniter->runController(Object(App\Controllers\API))
#6 /Applications/MAMP/htdocs/smartwholesale/client-report/system/CodeIgniter.php(318): CodeIgniter\CodeIgniter->handleRequest(NULL, Object(Config\Cache), false)
#7 /Applications/MAMP/htdocs/smartwholesale/client-report/public/index.php(37): CodeIgniter\CodeIgniter->run()
#8 /Applications/MAMP/htdocs/smartwholesale/client-report/system/Commands/Server/rewrite.php(43): require_once('/Applications/M...')
#9 {main}
