CRITICAL - 2022-02-01 18:51:29 --> Undefined variable: getAllVA
#0 C:\xampp\htdocs\wholesales\client-report\app\Views\administrator\assignment_report.php(142): CodeIgniter\Debug\Exceptions->errorHandler(8, 'Undefined varia...', 'C:\\xampp\\htdocs...', 142, Array)
#1 C:\xampp\htdocs\wholesales\client-report\system\View\View.php(214): include('C:\\xampp\\htdocs...')
#2 C:\xampp\htdocs\wholesales\client-report\system\View\View.php(217): CodeIgniter\View\View->CodeIgniter\View\{closure}()
#3 C:\xampp\htdocs\wholesales\client-report\system\Common.php(1097): CodeIgniter\View\View->render('administrator/a...', Array, true)
#4 C:\xampp\htdocs\wholesales\client-report\app\Controllers\Admin\Reports.php(364): view('administrator/a...', Array)
#5 C:\xampp\htdocs\wholesales\client-report\system\CodeIgniter.php(824): App\Controllers\Admin\Reports->assignmentReport()
#6 C:\xampp\htdocs\wholesales\client-report\system\CodeIgniter.php(410): CodeIgniter\CodeIgniter->runController(Object(App\Controllers\Admin\Reports))
#7 C:\xampp\htdocs\wholesales\client-report\system\CodeIgniter.php(318): CodeIgniter\CodeIgniter->handleRequest(NULL, Object(Config\Cache), false)
#8 C:\xampp\htdocs\wholesales\client-report\public\index.php(37): CodeIgniter\CodeIgniter->run()
#9 C:\xampp\htdocs\wholesales\client-report\system\Commands\Server\rewrite.php(43): require_once('C:\\xampp\\htdocs...')
#10 {main}
CRITICAL - 2022-02-01 22:02:20 --> Undefined variable: rotues
#0 C:\xampp\htdocs\wholesales\client-report\app\Config\Routes.php(103): CodeIgniter\Debug\Exceptions->errorHandler(8, 'Undefined varia...', 'C:\\xampp\\htdocs...', 103, Array)
#1 C:\xampp\htdocs\wholesales\client-report\system\CodeIgniter.php(705): require('C:\\xampp\\htdocs...')
#2 C:\xampp\htdocs\wholesales\client-report\system\CodeIgniter.php(359): CodeIgniter\CodeIgniter->tryToRouteIt(Object(CodeIgniter\Router\RouteCollection))
#3 C:\xampp\htdocs\wholesales\client-report\system\CodeIgniter.php(318): CodeIgniter\CodeIgniter->handleRequest(NULL, Object(Config\Cache), false)
#4 C:\xampp\htdocs\wholesales\client-report\public\index.php(37): CodeIgniter\CodeIgniter->run()
#5 C:\xampp\htdocs\wholesales\client-report\system\Commands\Server\rewrite.php(43): require_once('C:\\xampp\\htdocs...')
#6 {main}
