CRITICAL - 2023-01-30 21:29:33 --> Call to undefined function App\Controllers\getClient()
#0 /Applications/MAMP/htdocs/smartwholesale/client-report/system/CodeIgniter.php(824): App\Controllers\Logs->testAPI()
#1 /Applications/MAMP/htdocs/smartwholesale/client-report/system/CodeIgniter.php(410): CodeIgniter\CodeIgniter->runController(Object(App\Controllers\Logs))
#2 /Applications/MAMP/htdocs/smartwholesale/client-report/system/CodeIgniter.php(318): CodeIgniter\CodeIgniter->handleRequest(NULL, Object(Config\Cache), false)
#3 /Applications/MAMP/htdocs/smartwholesale/client-report/public/index.php(37): CodeIgniter\CodeIgniter->run()
#4 /Applications/MAMP/htdocs/smartwholesale/client-report/system/Commands/Server/rewrite.php(43): require_once('/Applications/M...')
#5 {main}
CRITICAL - 2023-01-30 21:29:59 --> Call to undefined function App\Controllers\getClient()
#0 /Applications/MAMP/htdocs/smartwholesale/client-report/system/CodeIgniter.php(824): App\Controllers\Logs->testAPI()
#1 /Applications/MAMP/htdocs/smartwholesale/client-report/system/CodeIgniter.php(410): CodeIgniter\CodeIgniter->runController(Object(App\Controllers\Logs))
#2 /Applications/MAMP/htdocs/smartwholesale/client-report/system/CodeIgniter.php(318): CodeIgniter\CodeIgniter->handleRequest(NULL, Object(Config\Cache), false)
#3 /Applications/MAMP/htdocs/smartwholesale/client-report/public/index.php(37): CodeIgniter\CodeIgniter->run()
#4 /Applications/MAMP/htdocs/smartwholesale/client-report/system/Commands/Server/rewrite.php(43): require_once('/Applications/M...')
#5 {main}
CRITICAL - 2023-01-30 21:35:35 --> Class 'App\Controllers\Google\Client' not found
#0 /Applications/MAMP/htdocs/smartwholesale/client-report/system/CodeIgniter.php(824): App\Controllers\Logs->testAPI()
#1 /Applications/MAMP/htdocs/smartwholesale/client-report/system/CodeIgniter.php(410): CodeIgniter\CodeIgniter->runController(Object(App\Controllers\Logs))
#2 /Applications/MAMP/htdocs/smartwholesale/client-report/system/CodeIgniter.php(318): CodeIgniter\CodeIgniter->handleRequest(NULL, Object(Config\Cache), false)
#3 /Applications/MAMP/htdocs/smartwholesale/client-report/public/index.php(37): CodeIgniter\CodeIgniter->run()
#4 /Applications/MAMP/htdocs/smartwholesale/client-report/system/Commands/Server/rewrite.php(43): require_once('/Applications/M...')
#5 {main}
CRITICAL - 2023-01-30 21:36:32 --> Class 'App\Controllers\Google_Service_Sheets' not found
#0 /Applications/MAMP/htdocs/smartwholesale/client-report/system/CodeIgniter.php(824): App\Controllers\Logs->testAPI()
#1 /Applications/MAMP/htdocs/smartwholesale/client-report/system/CodeIgniter.php(410): CodeIgniter\CodeIgniter->runController(Object(App\Controllers\Logs))
#2 /Applications/MAMP/htdocs/smartwholesale/client-report/system/CodeIgniter.php(318): CodeIgniter\CodeIgniter->handleRequest(NULL, Object(Config\Cache), false)
#3 /Applications/MAMP/htdocs/smartwholesale/client-report/public/index.php(37): CodeIgniter\CodeIgniter->run()
#4 /Applications/MAMP/htdocs/smartwholesale/client-report/system/Commands/Server/rewrite.php(43): require_once('/Applications/M...')
#5 {main}
CRITICAL - 2023-01-30 21:37:24 --> Class 'Google\Service\Sheets\Google_Service_Sheets' not found
#0 /Applications/MAMP/htdocs/smartwholesale/client-report/system/CodeIgniter.php(824): App\Controllers\Logs->testAPI()
#1 /Applications/MAMP/htdocs/smartwholesale/client-report/system/CodeIgniter.php(410): CodeIgniter\CodeIgniter->runController(Object(App\Controllers\Logs))
#2 /Applications/MAMP/htdocs/smartwholesale/client-report/system/CodeIgniter.php(318): CodeIgniter\CodeIgniter->handleRequest(NULL, Object(Config\Cache), false)
#3 /Applications/MAMP/htdocs/smartwholesale/client-report/public/index.php(37): CodeIgniter\CodeIgniter->run()
#4 /Applications/MAMP/htdocs/smartwholesale/client-report/system/Commands/Server/rewrite.php(43): require_once('/Applications/M...')
#5 {main}
CRITICAL - 2023-01-30 21:38:51 --> Class 'Google\Service\Google_Service_Sheets' not found
#0 /Applications/MAMP/htdocs/smartwholesale/client-report/system/CodeIgniter.php(824): App\Controllers\Logs->testAPI()
#1 /Applications/MAMP/htdocs/smartwholesale/client-report/system/CodeIgniter.php(410): CodeIgniter\CodeIgniter->runController(Object(App\Controllers\Logs))
#2 /Applications/MAMP/htdocs/smartwholesale/client-report/system/CodeIgniter.php(318): CodeIgniter\CodeIgniter->handleRequest(NULL, Object(Config\Cache), false)
#3 /Applications/MAMP/htdocs/smartwholesale/client-report/public/index.php(37): CodeIgniter\CodeIgniter->run()
#4 /Applications/MAMP/htdocs/smartwholesale/client-report/system/Commands/Server/rewrite.php(43): require_once('/Applications/M...')
#5 {main}
CRITICAL - 2023-01-30 22:04:20 --> Class 'App\Controllers\Google_Service_Sheets' not found
#0 /Applications/MAMP/htdocs/smartwholesale/client-report/system/CodeIgniter.php(824): App\Controllers\Logs->testAPI()
#1 /Applications/MAMP/htdocs/smartwholesale/client-report/system/CodeIgniter.php(410): CodeIgniter\CodeIgniter->runController(Object(App\Controllers\Logs))
#2 /Applications/MAMP/htdocs/smartwholesale/client-report/system/CodeIgniter.php(318): CodeIgniter\CodeIgniter->handleRequest(NULL, Object(Config\Cache), false)
#3 /Applications/MAMP/htdocs/smartwholesale/client-report/public/index.php(37): CodeIgniter\CodeIgniter->run()
#4 /Applications/MAMP/htdocs/smartwholesale/client-report/system/Commands/Server/rewrite.php(43): require_once('/Applications/M...')
#5 {main}
CRITICAL - 2023-01-30 22:04:30 --> Could not load the default credentials. Browse to https://developers.google.com/accounts/docs/application-default-credentials for more information
#0 /Applications/MAMP/htdocs/smartwholesale/client-report/vendor/google/apiclient/src/Client.php(1247): Google\Auth\ApplicationDefaultCredentials::getCredentials('https://www.goo...', Object(Google\Auth\HttpHandler\Guzzle7HttpHandler), Array, Object(Google\Auth\Cache\MemoryCacheItemPool), NULL)
#1 /Applications/MAMP/htdocs/smartwholesale/client-report/vendor/google/apiclient/src/Client.php(434): Google\Client->createApplicationDefaultCredentials()
#2 /Applications/MAMP/htdocs/smartwholesale/client-report/vendor/google/apiclient/src/Client.php(914): Google\Client->authorize()
#3 /Applications/MAMP/htdocs/smartwholesale/client-report/vendor/google/apiclient/src/Service/Resource.php(238): Google\Client->execute(Object(GuzzleHttp\Psr7\Request), 'Google\\Service\\...')
#4 /Applications/MAMP/htdocs/smartwholesale/client-report/vendor/google/apiclient-services/src/Sheets/Resource/SpreadsheetsValues.php(241): Google\Service\Resource->call('get', Array, 'Google\\Service\\...')
#5 /Applications/MAMP/htdocs/smartwholesale/client-report/app/Controllers/Logs.php(273): Google\Service\Sheets\Resource\SpreadsheetsValues->get('1aQYTYBr8ekFU2n...', 'Sheet1')
#6 /Applications/MAMP/htdocs/smartwholesale/client-report/system/CodeIgniter.php(824): App\Controllers\Logs->testAPI()
#7 /Applications/MAMP/htdocs/smartwholesale/client-report/system/CodeIgniter.php(410): CodeIgniter\CodeIgniter->runController(Object(App\Controllers\Logs))
#8 /Applications/MAMP/htdocs/smartwholesale/client-report/system/CodeIgniter.php(318): CodeIgniter\CodeIgniter->handleRequest(NULL, Object(Config\Cache), false)
#9 /Applications/MAMP/htdocs/smartwholesale/client-report/public/index.php(37): CodeIgniter\CodeIgniter->run()
#10 /Applications/MAMP/htdocs/smartwholesale/client-report/system/Commands/Server/rewrite.php(43): require_once('/Applications/M...')
#11 {main}
CRITICAL - 2023-01-30 22:10:45 --> Could not load the default credentials. Browse to https://developers.google.com/accounts/docs/application-default-credentials for more information
#0 /Applications/MAMP/htdocs/smartwholesale/client-report/vendor/google/apiclient/src/Client.php(1247): Google\Auth\ApplicationDefaultCredentials::getCredentials('https://www.goo...', Object(Google\Auth\HttpHandler\Guzzle7HttpHandler), Array, Object(Google\Auth\Cache\MemoryCacheItemPool), NULL)
#1 /Applications/MAMP/htdocs/smartwholesale/client-report/vendor/google/apiclient/src/Client.php(434): Google\Client->createApplicationDefaultCredentials()
#2 /Applications/MAMP/htdocs/smartwholesale/client-report/vendor/google/apiclient/src/Client.php(914): Google\Client->authorize()
#3 /Applications/MAMP/htdocs/smartwholesale/client-report/vendor/google/apiclient/src/Service/Resource.php(238): Google\Client->execute(Object(GuzzleHttp\Psr7\Request), 'Google\\Service\\...')
#4 /Applications/MAMP/htdocs/smartwholesale/client-report/vendor/google/apiclient-services/src/Sheets/Resource/SpreadsheetsValues.php(241): Google\Service\Resource->call('get', Array, 'Google\\Service\\...')
#5 /Applications/MAMP/htdocs/smartwholesale/client-report/app/Controllers/Logs.php(275): Google\Service\Sheets\Resource\SpreadsheetsValues->get('1aQYTYBr8ekFU2n...', 'Sheet1')
#6 /Applications/MAMP/htdocs/smartwholesale/client-report/system/CodeIgniter.php(824): App\Controllers\Logs->testAPI()
#7 /Applications/MAMP/htdocs/smartwholesale/client-report/system/CodeIgniter.php(410): CodeIgniter\CodeIgniter->runController(Object(App\Controllers\Logs))
#8 /Applications/MAMP/htdocs/smartwholesale/client-report/system/CodeIgniter.php(318): CodeIgniter\CodeIgniter->handleRequest(NULL, Object(Config\Cache), false)
#9 /Applications/MAMP/htdocs/smartwholesale/client-report/public/index.php(37): CodeIgniter\CodeIgniter->run()
#10 /Applications/MAMP/htdocs/smartwholesale/client-report/system/Commands/Server/rewrite.php(43): require_once('/Applications/M...')
#11 {main}
CRITICAL - 2023-01-30 22:12:11 --> {
  "error": {
    "code": 403,
    "message": "The request is missing a valid API key.",
    "errors": [
      {
        "message": "The request is missing a valid API key.",
        "domain": "global",
        "reason": "forbidden"
      }
    ],
    "status": "PERMISSION_DENIED"
  }
}

#0 /Applications/MAMP/htdocs/smartwholesale/client-report/vendor/google/apiclient/src/Http/REST.php(107): Google\Http\REST::decodeHttpResponse(Object(GuzzleHttp\Psr7\Response), Object(GuzzleHttp\Psr7\Request), 'Google\\Service\\...')
#1 [internal function]: Google\Http\REST::doExecute(Object(GuzzleHttp\Client), Object(GuzzleHttp\Psr7\Request), 'Google\\Service\\...')
#2 /Applications/MAMP/htdocs/smartwholesale/client-report/vendor/google/apiclient/src/Task/Runner.php(187): call_user_func_array(Array, Array)
#3 /Applications/MAMP/htdocs/smartwholesale/client-report/vendor/google/apiclient/src/Http/REST.php(66): Google\Task\Runner->run()
#4 /Applications/MAMP/htdocs/smartwholesale/client-report/vendor/google/apiclient/src/Client.php(921): Google\Http\REST::execute(Object(GuzzleHttp\Client), Object(GuzzleHttp\Psr7\Request), 'Google\\Service\\...', Array, NULL)
#5 /Applications/MAMP/htdocs/smartwholesale/client-report/vendor/google/apiclient/src/Service/Resource.php(238): Google\Client->execute(Object(GuzzleHttp\Psr7\Request), 'Google\\Service\\...')
#6 /Applications/MAMP/htdocs/smartwholesale/client-report/vendor/google/apiclient-services/src/Sheets/Resource/SpreadsheetsValues.php(241): Google\Service\Resource->call('get', Array, 'Google\\Service\\...')
#7 /Applications/MAMP/htdocs/smartwholesale/client-report/app/Controllers/Logs.php(275): Google\Service\Sheets\Resource\SpreadsheetsValues->get('1aQYTYBr8ekFU2n...', 'Sheet1')
#8 /Applications/MAMP/htdocs/smartwholesale/client-report/system/CodeIgniter.php(824): App\Controllers\Logs->testAPI()
#9 /Applications/MAMP/htdocs/smartwholesale/client-report/system/CodeIgniter.php(410): CodeIgniter\CodeIgniter->runController(Object(App\Controllers\Logs))
#10 /Applications/MAMP/htdocs/smartwholesale/client-report/system/CodeIgniter.php(318): CodeIgniter\CodeIgniter->handleRequest(NULL, Object(Config\Cache), false)
#11 /Applications/MAMP/htdocs/smartwholesale/client-report/public/index.php(37): CodeIgniter\CodeIgniter->run()
#12 /Applications/MAMP/htdocs/smartwholesale/client-report/system/Commands/Server/rewrite.php(43): require_once('/Applications/M...')
#13 {main}
CRITICAL - 2023-01-30 22:17:06 --> file "/credentials/client_secret_497024862437-5r7687hjsnqdbhr0ttnar19gt0h8j61i.apps.googleusercontent.com.json" does not exist
#0 /Applications/MAMP/htdocs/smartwholesale/client-report/app/Controllers/Logs.php(273): Google\Client->setAuthConfig('/credentials/cl...')
#1 /Applications/MAMP/htdocs/smartwholesale/client-report/system/CodeIgniter.php(824): App\Controllers\Logs->testAPI()
#2 /Applications/MAMP/htdocs/smartwholesale/client-report/system/CodeIgniter.php(410): CodeIgniter\CodeIgniter->runController(Object(App\Controllers\Logs))
#3 /Applications/MAMP/htdocs/smartwholesale/client-report/system/CodeIgniter.php(318): CodeIgniter\CodeIgniter->handleRequest(NULL, Object(Config\Cache), false)
#4 /Applications/MAMP/htdocs/smartwholesale/client-report/public/index.php(37): CodeIgniter\CodeIgniter->run()
#5 /Applications/MAMP/htdocs/smartwholesale/client-report/system/Commands/Server/rewrite.php(43): require_once('/Applications/M...')
#6 {main}
CRITICAL - 2023-01-30 22:17:17 --> Could not load the default credentials. Browse to https://developers.google.com/accounts/docs/application-default-credentials for more information
#0 /Applications/MAMP/htdocs/smartwholesale/client-report/vendor/google/apiclient/src/Client.php(1247): Google\Auth\ApplicationDefaultCredentials::getCredentials('https://www.goo...', Object(Google\Auth\HttpHandler\Guzzle7HttpHandler), Array, Object(Google\Auth\Cache\MemoryCacheItemPool), NULL)
#1 /Applications/MAMP/htdocs/smartwholesale/client-report/vendor/google/apiclient/src/Client.php(434): Google\Client->createApplicationDefaultCredentials()
#2 /Applications/MAMP/htdocs/smartwholesale/client-report/vendor/google/apiclient/src/Client.php(914): Google\Client->authorize()
#3 /Applications/MAMP/htdocs/smartwholesale/client-report/vendor/google/apiclient/src/Service/Resource.php(238): Google\Client->execute(Object(GuzzleHttp\Psr7\Request), 'Google\\Service\\...')
#4 /Applications/MAMP/htdocs/smartwholesale/client-report/vendor/google/apiclient-services/src/Sheets/Resource/SpreadsheetsValues.php(241): Google\Service\Resource->call('get', Array, 'Google\\Service\\...')
#5 /Applications/MAMP/htdocs/smartwholesale/client-report/app/Controllers/Logs.php(275): Google\Service\Sheets\Resource\SpreadsheetsValues->get('1aQYTYBr8ekFU2n...', 'Sheet1')
#6 /Applications/MAMP/htdocs/smartwholesale/client-report/system/CodeIgniter.php(824): App\Controllers\Logs->testAPI()
#7 /Applications/MAMP/htdocs/smartwholesale/client-report/system/CodeIgniter.php(410): CodeIgniter\CodeIgniter->runController(Object(App\Controllers\Logs))
#8 /Applications/MAMP/htdocs/smartwholesale/client-report/system/CodeIgniter.php(318): CodeIgniter\CodeIgniter->handleRequest(NULL, Object(Config\Cache), false)
#9 /Applications/MAMP/htdocs/smartwholesale/client-report/public/index.php(37): CodeIgniter\CodeIgniter->run()
#10 /Applications/MAMP/htdocs/smartwholesale/client-report/system/Commands/Server/rewrite.php(43): require_once('/Applications/M...')
#11 {main}
CRITICAL - 2023-01-30 22:17:26 --> {
  "error": {
    "code": 403,
    "message": "The request is missing a valid API key.",
    "errors": [
      {
        "message": "The request is missing a valid API key.",
        "domain": "global",
        "reason": "forbidden"
      }
    ],
    "status": "PERMISSION_DENIED"
  }
}

#0 /Applications/MAMP/htdocs/smartwholesale/client-report/vendor/google/apiclient/src/Http/REST.php(107): Google\Http\REST::decodeHttpResponse(Object(GuzzleHttp\Psr7\Response), Object(GuzzleHttp\Psr7\Request), 'Google\\Service\\...')
#1 [internal function]: Google\Http\REST::doExecute(Object(GuzzleHttp\Client), Object(GuzzleHttp\Psr7\Request), 'Google\\Service\\...')
#2 /Applications/MAMP/htdocs/smartwholesale/client-report/vendor/google/apiclient/src/Task/Runner.php(187): call_user_func_array(Array, Array)
#3 /Applications/MAMP/htdocs/smartwholesale/client-report/vendor/google/apiclient/src/Http/REST.php(66): Google\Task\Runner->run()
#4 /Applications/MAMP/htdocs/smartwholesale/client-report/vendor/google/apiclient/src/Client.php(921): Google\Http\REST::execute(Object(GuzzleHttp\Client), Object(GuzzleHttp\Psr7\Request), 'Google\\Service\\...', Array, NULL)
#5 /Applications/MAMP/htdocs/smartwholesale/client-report/vendor/google/apiclient/src/Service/Resource.php(238): Google\Client->execute(Object(GuzzleHttp\Psr7\Request), 'Google\\Service\\...')
#6 /Applications/MAMP/htdocs/smartwholesale/client-report/vendor/google/apiclient-services/src/Sheets/Resource/SpreadsheetsValues.php(241): Google\Service\Resource->call('get', Array, 'Google\\Service\\...')
#7 /Applications/MAMP/htdocs/smartwholesale/client-report/app/Controllers/Logs.php(275): Google\Service\Sheets\Resource\SpreadsheetsValues->get('1aQYTYBr8ekFU2n...', 'Sheet1')
#8 /Applications/MAMP/htdocs/smartwholesale/client-report/system/CodeIgniter.php(824): App\Controllers\Logs->testAPI()
#9 /Applications/MAMP/htdocs/smartwholesale/client-report/system/CodeIgniter.php(410): CodeIgniter\CodeIgniter->runController(Object(App\Controllers\Logs))
#10 /Applications/MAMP/htdocs/smartwholesale/client-report/system/CodeIgniter.php(318): CodeIgniter\CodeIgniter->handleRequest(NULL, Object(Config\Cache), false)
#11 /Applications/MAMP/htdocs/smartwholesale/client-report/public/index.php(37): CodeIgniter\CodeIgniter->run()
#12 /Applications/MAMP/htdocs/smartwholesale/client-report/system/Commands/Server/rewrite.php(43): require_once('/Applications/M...')
#13 {main}
CRITICAL - 2023-01-30 22:18:20 --> {
  "error": {
    "code": 403,
    "message": "The request is missing a valid API key.",
    "errors": [
      {
        "message": "The request is missing a valid API key.",
        "domain": "global",
        "reason": "forbidden"
      }
    ],
    "status": "PERMISSION_DENIED"
  }
}

#0 /Applications/MAMP/htdocs/smartwholesale/client-report/vendor/google/apiclient/src/Http/REST.php(107): Google\Http\REST::decodeHttpResponse(Object(GuzzleHttp\Psr7\Response), Object(GuzzleHttp\Psr7\Request), 'Google\\Service\\...')
#1 [internal function]: Google\Http\REST::doExecute(Object(GuzzleHttp\Client), Object(GuzzleHttp\Psr7\Request), 'Google\\Service\\...')
#2 /Applications/MAMP/htdocs/smartwholesale/client-report/vendor/google/apiclient/src/Task/Runner.php(187): call_user_func_array(Array, Array)
#3 /Applications/MAMP/htdocs/smartwholesale/client-report/vendor/google/apiclient/src/Http/REST.php(66): Google\Task\Runner->run()
#4 /Applications/MAMP/htdocs/smartwholesale/client-report/vendor/google/apiclient/src/Client.php(921): Google\Http\REST::execute(Object(GuzzleHttp\Client), Object(GuzzleHttp\Psr7\Request), 'Google\\Service\\...', Array, NULL)
#5 /Applications/MAMP/htdocs/smartwholesale/client-report/vendor/google/apiclient/src/Service/Resource.php(238): Google\Client->execute(Object(GuzzleHttp\Psr7\Request), 'Google\\Service\\...')
#6 /Applications/MAMP/htdocs/smartwholesale/client-report/vendor/google/apiclient-services/src/Sheets/Resource/SpreadsheetsValues.php(241): Google\Service\Resource->call('get', Array, 'Google\\Service\\...')
#7 /Applications/MAMP/htdocs/smartwholesale/client-report/app/Controllers/Logs.php(275): Google\Service\Sheets\Resource\SpreadsheetsValues->get('1aQYTYBr8ekFU2n...', 'Sheet1')
#8 /Applications/MAMP/htdocs/smartwholesale/client-report/system/CodeIgniter.php(824): App\Controllers\Logs->testAPI()
#9 /Applications/MAMP/htdocs/smartwholesale/client-report/system/CodeIgniter.php(410): CodeIgniter\CodeIgniter->runController(Object(App\Controllers\Logs))
#10 /Applications/MAMP/htdocs/smartwholesale/client-report/system/CodeIgniter.php(318): CodeIgniter\CodeIgniter->handleRequest(NULL, Object(Config\Cache), false)
#11 /Applications/MAMP/htdocs/smartwholesale/client-report/public/index.php(37): CodeIgniter\CodeIgniter->run()
#12 /Applications/MAMP/htdocs/smartwholesale/client-report/system/Commands/Server/rewrite.php(43): require_once('/Applications/M...')
#13 {main}
CRITICAL - 2023-01-30 22:20:32 --> Could not load the default credentials. Browse to https://developers.google.com/accounts/docs/application-default-credentials for more information
#0 /Applications/MAMP/htdocs/smartwholesale/client-report/vendor/google/apiclient/src/Client.php(1247): Google\Auth\ApplicationDefaultCredentials::getCredentials('https://www.goo...', Object(Google\Auth\HttpHandler\Guzzle7HttpHandler), Array, Object(Google\Auth\Cache\MemoryCacheItemPool), NULL)
#1 /Applications/MAMP/htdocs/smartwholesale/client-report/vendor/google/apiclient/src/Client.php(434): Google\Client->createApplicationDefaultCredentials()
#2 /Applications/MAMP/htdocs/smartwholesale/client-report/vendor/google/apiclient/src/Client.php(914): Google\Client->authorize()
#3 /Applications/MAMP/htdocs/smartwholesale/client-report/vendor/google/apiclient/src/Service/Resource.php(238): Google\Client->execute(Object(GuzzleHttp\Psr7\Request), 'Google\\Service\\...')
#4 /Applications/MAMP/htdocs/smartwholesale/client-report/vendor/google/apiclient-services/src/Sheets/Resource/SpreadsheetsValues.php(241): Google\Service\Resource->call('get', Array, 'Google\\Service\\...')
#5 /Applications/MAMP/htdocs/smartwholesale/client-report/app/Controllers/Logs.php(275): Google\Service\Sheets\Resource\SpreadsheetsValues->get('1aQYTYBr8ekFU2n...', 'Sheet1')
#6 /Applications/MAMP/htdocs/smartwholesale/client-report/system/CodeIgniter.php(824): App\Controllers\Logs->testAPI()
#7 /Applications/MAMP/htdocs/smartwholesale/client-report/system/CodeIgniter.php(410): CodeIgniter\CodeIgniter->runController(Object(App\Controllers\Logs))
#8 /Applications/MAMP/htdocs/smartwholesale/client-report/system/CodeIgniter.php(318): CodeIgniter\CodeIgniter->handleRequest(NULL, Object(Config\Cache), false)
#9 /Applications/MAMP/htdocs/smartwholesale/client-report/public/index.php(37): CodeIgniter\CodeIgniter->run()
#10 /Applications/MAMP/htdocs/smartwholesale/client-report/system/Commands/Server/rewrite.php(43): require_once('/Applications/M...')
#11 {main}
CRITICAL - 2023-01-30 22:22:58 --> {
  "error": {
    "code": 403,
    "message": "The request is missing a valid API key.",
    "errors": [
      {
        "message": "The request is missing a valid API key.",
        "domain": "global",
        "reason": "forbidden"
      }
    ],
    "status": "PERMISSION_DENIED"
  }
}

#0 /Applications/MAMP/htdocs/smartwholesale/client-report/vendor/google/apiclient/src/Http/REST.php(107): Google\Http\REST::decodeHttpResponse(Object(GuzzleHttp\Psr7\Response), Object(GuzzleHttp\Psr7\Request), 'Google\\Service\\...')
#1 [internal function]: Google\Http\REST::doExecute(Object(GuzzleHttp\Client), Object(GuzzleHttp\Psr7\Request), 'Google\\Service\\...')
#2 /Applications/MAMP/htdocs/smartwholesale/client-report/vendor/google/apiclient/src/Task/Runner.php(187): call_user_func_array(Array, Array)
#3 /Applications/MAMP/htdocs/smartwholesale/client-report/vendor/google/apiclient/src/Http/REST.php(66): Google\Task\Runner->run()
#4 /Applications/MAMP/htdocs/smartwholesale/client-report/vendor/google/apiclient/src/Client.php(921): Google\Http\REST::execute(Object(GuzzleHttp\Client), Object(GuzzleHttp\Psr7\Request), 'Google\\Service\\...', Array, NULL)
#5 /Applications/MAMP/htdocs/smartwholesale/client-report/vendor/google/apiclient/src/Service/Resource.php(238): Google\Client->execute(Object(GuzzleHttp\Psr7\Request), 'Google\\Service\\...')
#6 /Applications/MAMP/htdocs/smartwholesale/client-report/vendor/google/apiclient-services/src/Sheets/Resource/SpreadsheetsValues.php(241): Google\Service\Resource->call('get', Array, 'Google\\Service\\...')
#7 /Applications/MAMP/htdocs/smartwholesale/client-report/app/Controllers/Logs.php(276): Google\Service\Sheets\Resource\SpreadsheetsValues->get('1aQYTYBr8ekFU2n...', 'Sheet1')
#8 /Applications/MAMP/htdocs/smartwholesale/client-report/system/CodeIgniter.php(824): App\Controllers\Logs->testAPI()
#9 /Applications/MAMP/htdocs/smartwholesale/client-report/system/CodeIgniter.php(410): CodeIgniter\CodeIgniter->runController(Object(App\Controllers\Logs))
#10 /Applications/MAMP/htdocs/smartwholesale/client-report/system/CodeIgniter.php(318): CodeIgniter\CodeIgniter->handleRequest(NULL, Object(Config\Cache), false)
#11 /Applications/MAMP/htdocs/smartwholesale/client-report/public/index.php(37): CodeIgniter\CodeIgniter->run()
#12 /Applications/MAMP/htdocs/smartwholesale/client-report/system/Commands/Server/rewrite.php(43): require_once('/Applications/M...')
#13 {main}
CRITICAL - 2023-01-30 22:23:13 --> {
  "error": {
    "code": 403,
    "message": "The request is missing a valid API key.",
    "errors": [
      {
        "message": "The request is missing a valid API key.",
        "domain": "global",
        "reason": "forbidden"
      }
    ],
    "status": "PERMISSION_DENIED"
  }
}

#0 /Applications/MAMP/htdocs/smartwholesale/client-report/vendor/google/apiclient/src/Http/REST.php(107): Google\Http\REST::decodeHttpResponse(Object(GuzzleHttp\Psr7\Response), Object(GuzzleHttp\Psr7\Request), 'Google\\Service\\...')
#1 [internal function]: Google\Http\REST::doExecute(Object(GuzzleHttp\Client), Object(GuzzleHttp\Psr7\Request), 'Google\\Service\\...')
#2 /Applications/MAMP/htdocs/smartwholesale/client-report/vendor/google/apiclient/src/Task/Runner.php(187): call_user_func_array(Array, Array)
#3 /Applications/MAMP/htdocs/smartwholesale/client-report/vendor/google/apiclient/src/Http/REST.php(66): Google\Task\Runner->run()
#4 /Applications/MAMP/htdocs/smartwholesale/client-report/vendor/google/apiclient/src/Client.php(921): Google\Http\REST::execute(Object(GuzzleHttp\Client), Object(GuzzleHttp\Psr7\Request), 'Google\\Service\\...', Array, NULL)
#5 /Applications/MAMP/htdocs/smartwholesale/client-report/vendor/google/apiclient/src/Service/Resource.php(238): Google\Client->execute(Object(GuzzleHttp\Psr7\Request), 'Google\\Service\\...')
#6 /Applications/MAMP/htdocs/smartwholesale/client-report/vendor/google/apiclient-services/src/Sheets/Resource/SpreadsheetsValues.php(241): Google\Service\Resource->call('get', Array, 'Google\\Service\\...')
#7 /Applications/MAMP/htdocs/smartwholesale/client-report/app/Controllers/Logs.php(276): Google\Service\Sheets\Resource\SpreadsheetsValues->get('1aQYTYBr8ekFU2n...', 'Sheet1')
#8 /Applications/MAMP/htdocs/smartwholesale/client-report/system/CodeIgniter.php(824): App\Controllers\Logs->testAPI()
#9 /Applications/MAMP/htdocs/smartwholesale/client-report/system/CodeIgniter.php(410): CodeIgniter\CodeIgniter->runController(Object(App\Controllers\Logs))
#10 /Applications/MAMP/htdocs/smartwholesale/client-report/system/CodeIgniter.php(318): CodeIgniter\CodeIgniter->handleRequest(NULL, Object(Config\Cache), false)
#11 /Applications/MAMP/htdocs/smartwholesale/client-report/public/index.php(37): CodeIgniter\CodeIgniter->run()
#12 /Applications/MAMP/htdocs/smartwholesale/client-report/system/Commands/Server/rewrite.php(43): require_once('/Applications/M...')
#13 {main}
CRITICAL - 2023-01-30 22:25:30 --> Undefined variable: path
#0 /Applications/MAMP/htdocs/smartwholesale/client-report/app/Controllers/Logs.php(275): CodeIgniter\Debug\Exceptions->errorHandler(8, 'Undefined varia...', '/Applications/M...', 275, Array)
#1 /Applications/MAMP/htdocs/smartwholesale/client-report/system/CodeIgniter.php(824): App\Controllers\Logs->testAPI()
#2 /Applications/MAMP/htdocs/smartwholesale/client-report/system/CodeIgniter.php(410): CodeIgniter\CodeIgniter->runController(Object(App\Controllers\Logs))
#3 /Applications/MAMP/htdocs/smartwholesale/client-report/system/CodeIgniter.php(318): CodeIgniter\CodeIgniter->handleRequest(NULL, Object(Config\Cache), false)
#4 /Applications/MAMP/htdocs/smartwholesale/client-report/public/index.php(37): CodeIgniter\CodeIgniter->run()
#5 /Applications/MAMP/htdocs/smartwholesale/client-report/system/Commands/Server/rewrite.php(43): require_once('/Applications/M...')
#6 {main}
CRITICAL - 2023-01-30 22:25:37 --> Could not load the default credentials. Browse to https://developers.google.com/accounts/docs/application-default-credentials for more information
#0 /Applications/MAMP/htdocs/smartwholesale/client-report/vendor/google/apiclient/src/Client.php(1247): Google\Auth\ApplicationDefaultCredentials::getCredentials('https://www.goo...', Object(Google\Auth\HttpHandler\Guzzle7HttpHandler), Array, Object(Google\Auth\Cache\MemoryCacheItemPool), NULL)
#1 /Applications/MAMP/htdocs/smartwholesale/client-report/vendor/google/apiclient/src/Client.php(434): Google\Client->createApplicationDefaultCredentials()
#2 /Applications/MAMP/htdocs/smartwholesale/client-report/vendor/google/apiclient/src/Client.php(914): Google\Client->authorize()
#3 /Applications/MAMP/htdocs/smartwholesale/client-report/vendor/google/apiclient/src/Service/Resource.php(238): Google\Client->execute(Object(GuzzleHttp\Psr7\Request), 'Google\\Service\\...')
#4 /Applications/MAMP/htdocs/smartwholesale/client-report/vendor/google/apiclient-services/src/Sheets/Resource/SpreadsheetsValues.php(241): Google\Service\Resource->call('get', Array, 'Google\\Service\\...')
#5 /Applications/MAMP/htdocs/smartwholesale/client-report/app/Controllers/Logs.php(277): Google\Service\Sheets\Resource\SpreadsheetsValues->get('1aQYTYBr8ekFU2n...', 'Sheet1')
#6 /Applications/MAMP/htdocs/smartwholesale/client-report/system/CodeIgniter.php(824): App\Controllers\Logs->testAPI()
#7 /Applications/MAMP/htdocs/smartwholesale/client-report/system/CodeIgniter.php(410): CodeIgniter\CodeIgniter->runController(Object(App\Controllers\Logs))
#8 /Applications/MAMP/htdocs/smartwholesale/client-report/system/CodeIgniter.php(318): CodeIgniter\CodeIgniter->handleRequest(NULL, Object(Config\Cache), false)
#9 /Applications/MAMP/htdocs/smartwholesale/client-report/public/index.php(37): CodeIgniter\CodeIgniter->run()
#10 /Applications/MAMP/htdocs/smartwholesale/client-report/system/Commands/Server/rewrite.php(43): require_once('/Applications/M...')
#11 {main}
CRITICAL - 2023-01-30 22:26:21 --> Could not load the default credentials. Browse to https://developers.google.com/accounts/docs/application-default-credentials for more information
#0 /Applications/MAMP/htdocs/smartwholesale/client-report/vendor/google/apiclient/src/Client.php(1247): Google\Auth\ApplicationDefaultCredentials::getCredentials('https://www.goo...', Object(Google\Auth\HttpHandler\Guzzle7HttpHandler), Array, Object(Google\Auth\Cache\MemoryCacheItemPool), NULL)
#1 /Applications/MAMP/htdocs/smartwholesale/client-report/vendor/google/apiclient/src/Client.php(434): Google\Client->createApplicationDefaultCredentials()
#2 /Applications/MAMP/htdocs/smartwholesale/client-report/vendor/google/apiclient/src/Client.php(914): Google\Client->authorize()
#3 /Applications/MAMP/htdocs/smartwholesale/client-report/vendor/google/apiclient/src/Service/Resource.php(238): Google\Client->execute(Object(GuzzleHttp\Psr7\Request), 'Google\\Service\\...')
#4 /Applications/MAMP/htdocs/smartwholesale/client-report/vendor/google/apiclient-services/src/Sheets/Resource/SpreadsheetsValues.php(241): Google\Service\Resource->call('get', Array, 'Google\\Service\\...')
#5 /Applications/MAMP/htdocs/smartwholesale/client-report/app/Controllers/Logs.php(277): Google\Service\Sheets\Resource\SpreadsheetsValues->get('1aQYTYBr8ekFU2n...', 'Sheet1')
#6 /Applications/MAMP/htdocs/smartwholesale/client-report/system/CodeIgniter.php(824): App\Controllers\Logs->testAPI()
#7 /Applications/MAMP/htdocs/smartwholesale/client-report/system/CodeIgniter.php(410): CodeIgniter\CodeIgniter->runController(Object(App\Controllers\Logs))
#8 /Applications/MAMP/htdocs/smartwholesale/client-report/system/CodeIgniter.php(318): CodeIgniter\CodeIgniter->handleRequest(NULL, Object(Config\Cache), false)
#9 /Applications/MAMP/htdocs/smartwholesale/client-report/public/index.php(37): CodeIgniter\CodeIgniter->run()
#10 /Applications/MAMP/htdocs/smartwholesale/client-report/system/Commands/Server/rewrite.php(43): require_once('/Applications/M...')
#11 {main}
CRITICAL - 2023-01-30 22:26:22 --> Could not load the default credentials. Browse to https://developers.google.com/accounts/docs/application-default-credentials for more information
#0 /Applications/MAMP/htdocs/smartwholesale/client-report/vendor/google/apiclient/src/Client.php(1247): Google\Auth\ApplicationDefaultCredentials::getCredentials('https://www.goo...', Object(Google\Auth\HttpHandler\Guzzle7HttpHandler), Array, Object(Google\Auth\Cache\MemoryCacheItemPool), NULL)
#1 /Applications/MAMP/htdocs/smartwholesale/client-report/vendor/google/apiclient/src/Client.php(434): Google\Client->createApplicationDefaultCredentials()
#2 /Applications/MAMP/htdocs/smartwholesale/client-report/vendor/google/apiclient/src/Client.php(914): Google\Client->authorize()
#3 /Applications/MAMP/htdocs/smartwholesale/client-report/vendor/google/apiclient/src/Service/Resource.php(238): Google\Client->execute(Object(GuzzleHttp\Psr7\Request), 'Google\\Service\\...')
#4 /Applications/MAMP/htdocs/smartwholesale/client-report/vendor/google/apiclient-services/src/Sheets/Resource/SpreadsheetsValues.php(241): Google\Service\Resource->call('get', Array, 'Google\\Service\\...')
#5 /Applications/MAMP/htdocs/smartwholesale/client-report/app/Controllers/Logs.php(277): Google\Service\Sheets\Resource\SpreadsheetsValues->get('1aQYTYBr8ekFU2n...', 'Sheet1')
#6 /Applications/MAMP/htdocs/smartwholesale/client-report/system/CodeIgniter.php(824): App\Controllers\Logs->testAPI()
#7 /Applications/MAMP/htdocs/smartwholesale/client-report/system/CodeIgniter.php(410): CodeIgniter\CodeIgniter->runController(Object(App\Controllers\Logs))
#8 /Applications/MAMP/htdocs/smartwholesale/client-report/system/CodeIgniter.php(318): CodeIgniter\CodeIgniter->handleRequest(NULL, Object(Config\Cache), false)
#9 /Applications/MAMP/htdocs/smartwholesale/client-report/public/index.php(37): CodeIgniter\CodeIgniter->run()
#10 /Applications/MAMP/htdocs/smartwholesale/client-report/system/Commands/Server/rewrite.php(43): require_once('/Applications/M...')
#11 {main}
CRITICAL - 2023-01-30 22:28:39 --> Could not load the default credentials. Browse to https://developers.google.com/accounts/docs/application-default-credentials for more information
#0 /Applications/MAMP/htdocs/smartwholesale/client-report/vendor/google/apiclient/src/Client.php(1247): Google\Auth\ApplicationDefaultCredentials::getCredentials('https://www.goo...', Object(Google\Auth\HttpHandler\Guzzle7HttpHandler), Array, Object(Google\Auth\Cache\MemoryCacheItemPool), NULL)
#1 /Applications/MAMP/htdocs/smartwholesale/client-report/vendor/google/apiclient/src/Client.php(434): Google\Client->createApplicationDefaultCredentials()
#2 /Applications/MAMP/htdocs/smartwholesale/client-report/vendor/google/apiclient/src/Client.php(914): Google\Client->authorize()
#3 /Applications/MAMP/htdocs/smartwholesale/client-report/vendor/google/apiclient/src/Service/Resource.php(238): Google\Client->execute(Object(GuzzleHttp\Psr7\Request), 'Google\\Service\\...')
#4 /Applications/MAMP/htdocs/smartwholesale/client-report/vendor/google/apiclient-services/src/Sheets/Resource/SpreadsheetsValues.php(241): Google\Service\Resource->call('get', Array, 'Google\\Service\\...')
#5 /Applications/MAMP/htdocs/smartwholesale/client-report/app/Controllers/Logs.php(277): Google\Service\Sheets\Resource\SpreadsheetsValues->get('1aQYTYBr8ekFU2n...', 'Sheet1')
#6 /Applications/MAMP/htdocs/smartwholesale/client-report/system/CodeIgniter.php(824): App\Controllers\Logs->testAPI()
#7 /Applications/MAMP/htdocs/smartwholesale/client-report/system/CodeIgniter.php(410): CodeIgniter\CodeIgniter->runController(Object(App\Controllers\Logs))
#8 /Applications/MAMP/htdocs/smartwholesale/client-report/system/CodeIgniter.php(318): CodeIgniter\CodeIgniter->handleRequest(NULL, Object(Config\Cache), false)
#9 /Applications/MAMP/htdocs/smartwholesale/client-report/public/index.php(37): CodeIgniter\CodeIgniter->run()
#10 /Applications/MAMP/htdocs/smartwholesale/client-report/system/Commands/Server/rewrite.php(43): require_once('/Applications/M...')
#11 {main}
CRITICAL - 2023-01-30 22:29:49 --> {
  "error": {
    "code": 403,
    "message": "The caller does not have permission",
    "errors": [
      {
        "message": "The caller does not have permission",
        "domain": "global",
        "reason": "forbidden"
      }
    ],
    "status": "PERMISSION_DENIED"
  }
}

#0 /Applications/MAMP/htdocs/smartwholesale/client-report/vendor/google/apiclient/src/Http/REST.php(107): Google\Http\REST::decodeHttpResponse(Object(GuzzleHttp\Psr7\Response), Object(GuzzleHttp\Psr7\Request), 'Google\\Service\\...')
#1 [internal function]: Google\Http\REST::doExecute(Object(GuzzleHttp\Client), Object(GuzzleHttp\Psr7\Request), 'Google\\Service\\...')
#2 /Applications/MAMP/htdocs/smartwholesale/client-report/vendor/google/apiclient/src/Task/Runner.php(187): call_user_func_array(Array, Array)
#3 /Applications/MAMP/htdocs/smartwholesale/client-report/vendor/google/apiclient/src/Http/REST.php(66): Google\Task\Runner->run()
#4 /Applications/MAMP/htdocs/smartwholesale/client-report/vendor/google/apiclient/src/Client.php(921): Google\Http\REST::execute(Object(GuzzleHttp\Client), Object(GuzzleHttp\Psr7\Request), 'Google\\Service\\...', Array, NULL)
#5 /Applications/MAMP/htdocs/smartwholesale/client-report/vendor/google/apiclient/src/Service/Resource.php(238): Google\Client->execute(Object(GuzzleHttp\Psr7\Request), 'Google\\Service\\...')
#6 /Applications/MAMP/htdocs/smartwholesale/client-report/vendor/google/apiclient-services/src/Sheets/Resource/SpreadsheetsValues.php(241): Google\Service\Resource->call('get', Array, 'Google\\Service\\...')
#7 /Applications/MAMP/htdocs/smartwholesale/client-report/app/Controllers/Logs.php(276): Google\Service\Sheets\Resource\SpreadsheetsValues->get('1Qf3zbb2_xbC1Ay...', 'Sheet1')
#8 /Applications/MAMP/htdocs/smartwholesale/client-report/system/CodeIgniter.php(824): App\Controllers\Logs->testAPI()
#9 /Applications/MAMP/htdocs/smartwholesale/client-report/system/CodeIgniter.php(410): CodeIgniter\CodeIgniter->runController(Object(App\Controllers\Logs))
#10 /Applications/MAMP/htdocs/smartwholesale/client-report/system/CodeIgniter.php(318): CodeIgniter\CodeIgniter->handleRequest(NULL, Object(Config\Cache), false)
#11 /Applications/MAMP/htdocs/smartwholesale/client-report/public/index.php(37): CodeIgniter\CodeIgniter->run()
#12 /Applications/MAMP/htdocs/smartwholesale/client-report/system/Commands/Server/rewrite.php(43): require_once('/Applications/M...')
#13 {main}
CRITICAL - 2023-01-30 22:31:27 --> {
  "error": {
    "code": 403,
    "message": "The request is missing a valid API key.",
    "errors": [
      {
        "message": "The request is missing a valid API key.",
        "domain": "global",
        "reason": "forbidden"
      }
    ],
    "status": "PERMISSION_DENIED"
  }
}

#0 /Applications/MAMP/htdocs/smartwholesale/client-report/vendor/google/apiclient/src/Http/REST.php(107): Google\Http\REST::decodeHttpResponse(Object(GuzzleHttp\Psr7\Response), Object(GuzzleHttp\Psr7\Request), 'Google\\Service\\...')
#1 [internal function]: Google\Http\REST::doExecute(Object(GuzzleHttp\Client), Object(GuzzleHttp\Psr7\Request), 'Google\\Service\\...')
#2 /Applications/MAMP/htdocs/smartwholesale/client-report/vendor/google/apiclient/src/Task/Runner.php(187): call_user_func_array(Array, Array)
#3 /Applications/MAMP/htdocs/smartwholesale/client-report/vendor/google/apiclient/src/Http/REST.php(66): Google\Task\Runner->run()
#4 /Applications/MAMP/htdocs/smartwholesale/client-report/vendor/google/apiclient/src/Client.php(921): Google\Http\REST::execute(Object(GuzzleHttp\Client), Object(GuzzleHttp\Psr7\Request), 'Google\\Service\\...', Array, NULL)
#5 /Applications/MAMP/htdocs/smartwholesale/client-report/vendor/google/apiclient/src/Service/Resource.php(238): Google\Client->execute(Object(GuzzleHttp\Psr7\Request), 'Google\\Service\\...')
#6 /Applications/MAMP/htdocs/smartwholesale/client-report/vendor/google/apiclient-services/src/Sheets/Resource/SpreadsheetsValues.php(241): Google\Service\Resource->call('get', Array, 'Google\\Service\\...')
#7 /Applications/MAMP/htdocs/smartwholesale/client-report/app/Controllers/Logs.php(277): Google\Service\Sheets\Resource\SpreadsheetsValues->get('1aQYTYBr8ekFU2n...', 'Sheet1')
#8 /Applications/MAMP/htdocs/smartwholesale/client-report/system/CodeIgniter.php(824): App\Controllers\Logs->testAPI()
#9 /Applications/MAMP/htdocs/smartwholesale/client-report/system/CodeIgniter.php(410): CodeIgniter\CodeIgniter->runController(Object(App\Controllers\Logs))
#10 /Applications/MAMP/htdocs/smartwholesale/client-report/system/CodeIgniter.php(318): CodeIgniter\CodeIgniter->handleRequest(NULL, Object(Config\Cache), false)
#11 /Applications/MAMP/htdocs/smartwholesale/client-report/public/index.php(37): CodeIgniter\CodeIgniter->run()
#12 /Applications/MAMP/htdocs/smartwholesale/client-report/system/Commands/Server/rewrite.php(43): require_once('/Applications/M...')
#13 {main}
CRITICAL - 2023-01-30 22:35:20 --> {
  "error": {
    "code": 403,
    "message": "The caller does not have permission",
    "errors": [
      {
        "message": "The caller does not have permission",
        "domain": "global",
        "reason": "forbidden"
      }
    ],
    "status": "PERMISSION_DENIED"
  }
}

#0 /Applications/MAMP/htdocs/smartwholesale/client-report/vendor/google/apiclient/src/Http/REST.php(107): Google\Http\REST::decodeHttpResponse(Object(GuzzleHttp\Psr7\Response), Object(GuzzleHttp\Psr7\Request), 'Google\\Service\\...')
#1 [internal function]: Google\Http\REST::doExecute(Object(GuzzleHttp\Client), Object(GuzzleHttp\Psr7\Request), 'Google\\Service\\...')
#2 /Applications/MAMP/htdocs/smartwholesale/client-report/vendor/google/apiclient/src/Task/Runner.php(187): call_user_func_array(Array, Array)
#3 /Applications/MAMP/htdocs/smartwholesale/client-report/vendor/google/apiclient/src/Http/REST.php(66): Google\Task\Runner->run()
#4 /Applications/MAMP/htdocs/smartwholesale/client-report/vendor/google/apiclient/src/Client.php(921): Google\Http\REST::execute(Object(GuzzleHttp\Client), Object(GuzzleHttp\Psr7\Request), 'Google\\Service\\...', Array, NULL)
#5 /Applications/MAMP/htdocs/smartwholesale/client-report/vendor/google/apiclient/src/Service/Resource.php(238): Google\Client->execute(Object(GuzzleHttp\Psr7\Request), 'Google\\Service\\...')
#6 /Applications/MAMP/htdocs/smartwholesale/client-report/vendor/google/apiclient-services/src/Sheets/Resource/SpreadsheetsValues.php(241): Google\Service\Resource->call('get', Array, 'Google\\Service\\...')
#7 /Applications/MAMP/htdocs/smartwholesale/client-report/app/Controllers/Logs.php(274): Google\Service\Sheets\Resource\SpreadsheetsValues->get('1Qf3zbb2_xbC1Ay...', 'NEW RECON')
#8 /Applications/MAMP/htdocs/smartwholesale/client-report/system/CodeIgniter.php(824): App\Controllers\Logs->testAPI()
#9 /Applications/MAMP/htdocs/smartwholesale/client-report/system/CodeIgniter.php(410): CodeIgniter\CodeIgniter->runController(Object(App\Controllers\Logs))
#10 /Applications/MAMP/htdocs/smartwholesale/client-report/system/CodeIgniter.php(318): CodeIgniter\CodeIgniter->handleRequest(NULL, Object(Config\Cache), false)
#11 /Applications/MAMP/htdocs/smartwholesale/client-report/public/index.php(37): CodeIgniter\CodeIgniter->run()
#12 /Applications/MAMP/htdocs/smartwholesale/client-report/system/Commands/Server/rewrite.php(43): require_once('/Applications/M...')
#13 {main}
CRITICAL - 2023-01-30 22:55:28 --> {
  "error": {
    "code": 403,
    "message": "The request is missing a valid API key.",
    "errors": [
      {
        "message": "The request is missing a valid API key.",
        "domain": "global",
        "reason": "forbidden"
      }
    ],
    "status": "PERMISSION_DENIED"
  }
}

#0 /Applications/MAMP/htdocs/smartwholesale/client-report/vendor/google/apiclient/src/Http/REST.php(107): Google\Http\REST::decodeHttpResponse(Object(GuzzleHttp\Psr7\Response), Object(GuzzleHttp\Psr7\Request), 'Google\\Service\\...')
#1 [internal function]: Google\Http\REST::doExecute(Object(GuzzleHttp\Client), Object(GuzzleHttp\Psr7\Request), 'Google\\Service\\...')
#2 /Applications/MAMP/htdocs/smartwholesale/client-report/vendor/google/apiclient/src/Task/Runner.php(187): call_user_func_array(Array, Array)
#3 /Applications/MAMP/htdocs/smartwholesale/client-report/vendor/google/apiclient/src/Http/REST.php(66): Google\Task\Runner->run()
#4 /Applications/MAMP/htdocs/smartwholesale/client-report/vendor/google/apiclient/src/Client.php(921): Google\Http\REST::execute(Object(GuzzleHttp\Client), Object(GuzzleHttp\Psr7\Request), 'Google\\Service\\...', Array, NULL)
#5 /Applications/MAMP/htdocs/smartwholesale/client-report/vendor/google/apiclient/src/Service/Resource.php(238): Google\Client->execute(Object(GuzzleHttp\Psr7\Request), 'Google\\Service\\...')
#6 /Applications/MAMP/htdocs/smartwholesale/client-report/vendor/google/apiclient-services/src/Sheets/Resource/SpreadsheetsValues.php(241): Google\Service\Resource->call('get', Array, 'Google\\Service\\...')
#7 /Applications/MAMP/htdocs/smartwholesale/client-report/app/Controllers/Logs.php(274): Google\Service\Sheets\Resource\SpreadsheetsValues->get('1Qf3zbb2_xbC1Ay...', 'NEW RECON')
#8 /Applications/MAMP/htdocs/smartwholesale/client-report/system/CodeIgniter.php(824): App\Controllers\Logs->testAPI()
#9 /Applications/MAMP/htdocs/smartwholesale/client-report/system/CodeIgniter.php(410): CodeIgniter\CodeIgniter->runController(Object(App\Controllers\Logs))
#10 /Applications/MAMP/htdocs/smartwholesale/client-report/system/CodeIgniter.php(318): CodeIgniter\CodeIgniter->handleRequest(NULL, Object(Config\Cache), false)
#11 /Applications/MAMP/htdocs/smartwholesale/client-report/public/index.php(37): CodeIgniter\CodeIgniter->run()
#12 /Applications/MAMP/htdocs/smartwholesale/client-report/system/Commands/Server/rewrite.php(43): require_once('/Applications/M...')
#13 {main}
CRITICAL - 2023-01-30 22:59:53 --> {
  "error": {
    "code": 403,
    "message": "The caller does not have permission",
    "errors": [
      {
        "message": "The caller does not have permission",
        "domain": "global",
        "reason": "forbidden"
      }
    ],
    "status": "PERMISSION_DENIED"
  }
}

#0 /Applications/MAMP/htdocs/smartwholesale/client-report/vendor/google/apiclient/src/Http/REST.php(107): Google\Http\REST::decodeHttpResponse(Object(GuzzleHttp\Psr7\Response), Object(GuzzleHttp\Psr7\Request), 'Google\\Service\\...')
#1 [internal function]: Google\Http\REST::doExecute(Object(GuzzleHttp\Client), Object(GuzzleHttp\Psr7\Request), 'Google\\Service\\...')
#2 /Applications/MAMP/htdocs/smartwholesale/client-report/vendor/google/apiclient/src/Task/Runner.php(187): call_user_func_array(Array, Array)
#3 /Applications/MAMP/htdocs/smartwholesale/client-report/vendor/google/apiclient/src/Http/REST.php(66): Google\Task\Runner->run()
#4 /Applications/MAMP/htdocs/smartwholesale/client-report/vendor/google/apiclient/src/Client.php(921): Google\Http\REST::execute(Object(GuzzleHttp\Client), Object(GuzzleHttp\Psr7\Request), 'Google\\Service\\...', Array, NULL)
#5 /Applications/MAMP/htdocs/smartwholesale/client-report/vendor/google/apiclient/src/Service/Resource.php(238): Google\Client->execute(Object(GuzzleHttp\Psr7\Request), 'Google\\Service\\...')
#6 /Applications/MAMP/htdocs/smartwholesale/client-report/vendor/google/apiclient-services/src/Sheets/Resource/SpreadsheetsValues.php(241): Google\Service\Resource->call('get', Array, 'Google\\Service\\...')
#7 /Applications/MAMP/htdocs/smartwholesale/client-report/app/Controllers/Logs.php(275): Google\Service\Sheets\Resource\SpreadsheetsValues->get('1Qf3zbb2_xbC1Ay...', 'NEW RECON')
#8 /Applications/MAMP/htdocs/smartwholesale/client-report/system/CodeIgniter.php(824): App\Controllers\Logs->testAPI()
#9 /Applications/MAMP/htdocs/smartwholesale/client-report/system/CodeIgniter.php(410): CodeIgniter\CodeIgniter->runController(Object(App\Controllers\Logs))
#10 /Applications/MAMP/htdocs/smartwholesale/client-report/system/CodeIgniter.php(318): CodeIgniter\CodeIgniter->handleRequest(NULL, Object(Config\Cache), false)
#11 /Applications/MAMP/htdocs/smartwholesale/client-report/public/index.php(37): CodeIgniter\CodeIgniter->run()
#12 /Applications/MAMP/htdocs/smartwholesale/client-report/system/Commands/Server/rewrite.php(43): require_once('/Applications/M...')
#13 {main}
CRITICAL - 2023-01-30 23:02:14 --> {
  "error": {
    "code": 403,
    "message": "The request is missing a valid API key.",
    "errors": [
      {
        "message": "The request is missing a valid API key.",
        "domain": "global",
        "reason": "forbidden"
      }
    ],
    "status": "PERMISSION_DENIED"
  }
}

#0 /Applications/MAMP/htdocs/smartwholesale/client-report/vendor/google/apiclient/src/Http/REST.php(107): Google\Http\REST::decodeHttpResponse(Object(GuzzleHttp\Psr7\Response), Object(GuzzleHttp\Psr7\Request), 'Google\\Service\\...')
#1 [internal function]: Google\Http\REST::doExecute(Object(GuzzleHttp\Client), Object(GuzzleHttp\Psr7\Request), 'Google\\Service\\...')
#2 /Applications/MAMP/htdocs/smartwholesale/client-report/vendor/google/apiclient/src/Task/Runner.php(187): call_user_func_array(Array, Array)
#3 /Applications/MAMP/htdocs/smartwholesale/client-report/vendor/google/apiclient/src/Http/REST.php(66): Google\Task\Runner->run()
#4 /Applications/MAMP/htdocs/smartwholesale/client-report/vendor/google/apiclient/src/Client.php(921): Google\Http\REST::execute(Object(GuzzleHttp\Client), Object(GuzzleHttp\Psr7\Request), 'Google\\Service\\...', Array, NULL)
#5 /Applications/MAMP/htdocs/smartwholesale/client-report/vendor/google/apiclient/src/Service/Resource.php(238): Google\Client->execute(Object(GuzzleHttp\Psr7\Request), 'Google\\Service\\...')
#6 /Applications/MAMP/htdocs/smartwholesale/client-report/vendor/google/apiclient-services/src/Sheets/Resource/SpreadsheetsValues.php(241): Google\Service\Resource->call('get', Array, 'Google\\Service\\...')
#7 /Applications/MAMP/htdocs/smartwholesale/client-report/app/Controllers/Logs.php(283): Google\Service\Sheets\Resource\SpreadsheetsValues->get('1Qf3zbb2_xbC1Ay...', 'NEW RECON')
#8 /Applications/MAMP/htdocs/smartwholesale/client-report/system/CodeIgniter.php(824): App\Controllers\Logs->testAPI()
#9 /Applications/MAMP/htdocs/smartwholesale/client-report/system/CodeIgniter.php(410): CodeIgniter\CodeIgniter->runController(Object(App\Controllers\Logs))
#10 /Applications/MAMP/htdocs/smartwholesale/client-report/system/CodeIgniter.php(318): CodeIgniter\CodeIgniter->handleRequest(NULL, Object(Config\Cache), false)
#11 /Applications/MAMP/htdocs/smartwholesale/client-report/public/index.php(37): CodeIgniter\CodeIgniter->run()
#12 /Applications/MAMP/htdocs/smartwholesale/client-report/system/Commands/Server/rewrite.php(43): require_once('/Applications/M...')
#13 {main}
CRITICAL - 2023-01-30 23:02:50 --> {
  "error": {
    "code": 403,
    "message": "The request is missing a valid API key.",
    "errors": [
      {
        "message": "The request is missing a valid API key.",
        "domain": "global",
        "reason": "forbidden"
      }
    ],
    "status": "PERMISSION_DENIED"
  }
}

#0 /Applications/MAMP/htdocs/smartwholesale/client-report/vendor/google/apiclient/src/Http/REST.php(107): Google\Http\REST::decodeHttpResponse(Object(GuzzleHttp\Psr7\Response), Object(GuzzleHttp\Psr7\Request), 'Google\\Service\\...')
#1 [internal function]: Google\Http\REST::doExecute(Object(GuzzleHttp\Client), Object(GuzzleHttp\Psr7\Request), 'Google\\Service\\...')
#2 /Applications/MAMP/htdocs/smartwholesale/client-report/vendor/google/apiclient/src/Task/Runner.php(187): call_user_func_array(Array, Array)
#3 /Applications/MAMP/htdocs/smartwholesale/client-report/vendor/google/apiclient/src/Http/REST.php(66): Google\Task\Runner->run()
#4 /Applications/MAMP/htdocs/smartwholesale/client-report/vendor/google/apiclient/src/Client.php(921): Google\Http\REST::execute(Object(GuzzleHttp\Client), Object(GuzzleHttp\Psr7\Request), 'Google\\Service\\...', Array, NULL)
#5 /Applications/MAMP/htdocs/smartwholesale/client-report/vendor/google/apiclient/src/Service/Resource.php(238): Google\Client->execute(Object(GuzzleHttp\Psr7\Request), 'Google\\Service\\...')
#6 /Applications/MAMP/htdocs/smartwholesale/client-report/vendor/google/apiclient-services/src/Sheets/Resource/SpreadsheetsValues.php(241): Google\Service\Resource->call('get', Array, 'Google\\Service\\...')
#7 /Applications/MAMP/htdocs/smartwholesale/client-report/app/Controllers/Logs.php(284): Google\Service\Sheets\Resource\SpreadsheetsValues->get('1Qf3zbb2_xbC1Ay...', 'NEW RECON')
#8 /Applications/MAMP/htdocs/smartwholesale/client-report/system/CodeIgniter.php(824): App\Controllers\Logs->testAPI()
#9 /Applications/MAMP/htdocs/smartwholesale/client-report/system/CodeIgniter.php(410): CodeIgniter\CodeIgniter->runController(Object(App\Controllers\Logs))
#10 /Applications/MAMP/htdocs/smartwholesale/client-report/system/CodeIgniter.php(318): CodeIgniter\CodeIgniter->handleRequest(NULL, Object(Config\Cache), false)
#11 /Applications/MAMP/htdocs/smartwholesale/client-report/public/index.php(37): CodeIgniter\CodeIgniter->run()
#12 /Applications/MAMP/htdocs/smartwholesale/client-report/system/Commands/Server/rewrite.php(43): require_once('/Applications/M...')
#13 {main}
CRITICAL - 2023-01-30 23:03:57 --> {
  "error": {
    "code": 403,
    "message": "Request had insufficient authentication scopes.",
    "errors": [
      {
        "message": "Insufficient Permission",
        "domain": "global",
        "reason": "insufficientPermissions"
      }
    ],
    "status": "PERMISSION_DENIED",
    "details": [
      {
        "@type": "type.googleapis.com/google.rpc.ErrorInfo",
        "reason": "ACCESS_TOKEN_SCOPE_INSUFFICIENT",
        "domain": "googleapis.com",
        "metadata": {
          "method": "google.apps.sheets.v4.SpreadsheetsService.GetValues",
          "service": "sheets.googleapis.com"
        }
      }
    ]
  }
}

#0 /Applications/MAMP/htdocs/smartwholesale/client-report/vendor/google/apiclient/src/Http/REST.php(107): Google\Http\REST::decodeHttpResponse(Object(GuzzleHttp\Psr7\Response), Object(GuzzleHttp\Psr7\Request), 'Google\\Service\\...')
#1 [internal function]: Google\Http\REST::doExecute(Object(GuzzleHttp\Client), Object(GuzzleHttp\Psr7\Request), 'Google\\Service\\...')
#2 /Applications/MAMP/htdocs/smartwholesale/client-report/vendor/google/apiclient/src/Task/Runner.php(187): call_user_func_array(Array, Array)
#3 /Applications/MAMP/htdocs/smartwholesale/client-report/vendor/google/apiclient/src/Http/REST.php(66): Google\Task\Runner->run()
#4 /Applications/MAMP/htdocs/smartwholesale/client-report/vendor/google/apiclient/src/Client.php(921): Google\Http\REST::execute(Object(GuzzleHttp\Client), Object(GuzzleHttp\Psr7\Request), 'Google\\Service\\...', Array, NULL)
#5 /Applications/MAMP/htdocs/smartwholesale/client-report/vendor/google/apiclient/src/Service/Resource.php(238): Google\Client->execute(Object(GuzzleHttp\Psr7\Request), 'Google\\Service\\...')
#6 /Applications/MAMP/htdocs/smartwholesale/client-report/vendor/google/apiclient-services/src/Sheets/Resource/SpreadsheetsValues.php(241): Google\Service\Resource->call('get', Array, 'Google\\Service\\...')
#7 /Applications/MAMP/htdocs/smartwholesale/client-report/app/Controllers/Logs.php(276): Google\Service\Sheets\Resource\SpreadsheetsValues->get('1Qf3zbb2_xbC1Ay...', 'NEW RECON')
#8 /Applications/MAMP/htdocs/smartwholesale/client-report/system/CodeIgniter.php(824): App\Controllers\Logs->testAPI()
#9 /Applications/MAMP/htdocs/smartwholesale/client-report/system/CodeIgniter.php(410): CodeIgniter\CodeIgniter->runController(Object(App\Controllers\Logs))
#10 /Applications/MAMP/htdocs/smartwholesale/client-report/system/CodeIgniter.php(318): CodeIgniter\CodeIgniter->handleRequest(NULL, Object(Config\Cache), false)
#11 /Applications/MAMP/htdocs/smartwholesale/client-report/public/index.php(37): CodeIgniter\CodeIgniter->run()
#12 /Applications/MAMP/htdocs/smartwholesale/client-report/system/Commands/Server/rewrite.php(43): require_once('/Applications/M...')
#13 {main}
CRITICAL - 2023-01-30 23:04:17 --> {
  "error": {
    "code": 403,
    "message": "The caller does not have permission",
    "errors": [
      {
        "message": "The caller does not have permission",
        "domain": "global",
        "reason": "forbidden"
      }
    ],
    "status": "PERMISSION_DENIED"
  }
}

#0 /Applications/MAMP/htdocs/smartwholesale/client-report/vendor/google/apiclient/src/Http/REST.php(107): Google\Http\REST::decodeHttpResponse(Object(GuzzleHttp\Psr7\Response), Object(GuzzleHttp\Psr7\Request), 'Google\\Service\\...')
#1 [internal function]: Google\Http\REST::doExecute(Object(GuzzleHttp\Client), Object(GuzzleHttp\Psr7\Request), 'Google\\Service\\...')
#2 /Applications/MAMP/htdocs/smartwholesale/client-report/vendor/google/apiclient/src/Task/Runner.php(187): call_user_func_array(Array, Array)
#3 /Applications/MAMP/htdocs/smartwholesale/client-report/vendor/google/apiclient/src/Http/REST.php(66): Google\Task\Runner->run()
#4 /Applications/MAMP/htdocs/smartwholesale/client-report/vendor/google/apiclient/src/Client.php(921): Google\Http\REST::execute(Object(GuzzleHttp\Client), Object(GuzzleHttp\Psr7\Request), 'Google\\Service\\...', Array, NULL)
#5 /Applications/MAMP/htdocs/smartwholesale/client-report/vendor/google/apiclient/src/Service/Resource.php(238): Google\Client->execute(Object(GuzzleHttp\Psr7\Request), 'Google\\Service\\...')
#6 /Applications/MAMP/htdocs/smartwholesale/client-report/vendor/google/apiclient-services/src/Sheets/Resource/SpreadsheetsValues.php(241): Google\Service\Resource->call('get', Array, 'Google\\Service\\...')
#7 /Applications/MAMP/htdocs/smartwholesale/client-report/app/Controllers/Logs.php(276): Google\Service\Sheets\Resource\SpreadsheetsValues->get('1Qf3zbb2_xbC1Ay...', 'NEW RECON')
#8 /Applications/MAMP/htdocs/smartwholesale/client-report/system/CodeIgniter.php(824): App\Controllers\Logs->testAPI()
#9 /Applications/MAMP/htdocs/smartwholesale/client-report/system/CodeIgniter.php(410): CodeIgniter\CodeIgniter->runController(Object(App\Controllers\Logs))
#10 /Applications/MAMP/htdocs/smartwholesale/client-report/system/CodeIgniter.php(318): CodeIgniter\CodeIgniter->handleRequest(NULL, Object(Config\Cache), false)
#11 /Applications/MAMP/htdocs/smartwholesale/client-report/public/index.php(37): CodeIgniter\CodeIgniter->run()
#12 /Applications/MAMP/htdocs/smartwholesale/client-report/system/Commands/Server/rewrite.php(43): require_once('/Applications/M...')
#13 {main}
CRITICAL - 2023-01-30 23:04:55 --> {
  "error": {
    "code": 403,
    "message": "The caller does not have permission",
    "errors": [
      {
        "message": "The caller does not have permission",
        "domain": "global",
        "reason": "forbidden"
      }
    ],
    "status": "PERMISSION_DENIED"
  }
}

#0 /Applications/MAMP/htdocs/smartwholesale/client-report/vendor/google/apiclient/src/Http/REST.php(107): Google\Http\REST::decodeHttpResponse(Object(GuzzleHttp\Psr7\Response), Object(GuzzleHttp\Psr7\Request), 'Google\\Service\\...')
#1 [internal function]: Google\Http\REST::doExecute(Object(GuzzleHttp\Client), Object(GuzzleHttp\Psr7\Request), 'Google\\Service\\...')
#2 /Applications/MAMP/htdocs/smartwholesale/client-report/vendor/google/apiclient/src/Task/Runner.php(187): call_user_func_array(Array, Array)
#3 /Applications/MAMP/htdocs/smartwholesale/client-report/vendor/google/apiclient/src/Http/REST.php(66): Google\Task\Runner->run()
#4 /Applications/MAMP/htdocs/smartwholesale/client-report/vendor/google/apiclient/src/Client.php(921): Google\Http\REST::execute(Object(GuzzleHttp\Client), Object(GuzzleHttp\Psr7\Request), 'Google\\Service\\...', Array, NULL)
#5 /Applications/MAMP/htdocs/smartwholesale/client-report/vendor/google/apiclient/src/Service/Resource.php(238): Google\Client->execute(Object(GuzzleHttp\Psr7\Request), 'Google\\Service\\...')
#6 /Applications/MAMP/htdocs/smartwholesale/client-report/vendor/google/apiclient-services/src/Sheets/Resource/SpreadsheetsValues.php(241): Google\Service\Resource->call('get', Array, 'Google\\Service\\...')
#7 /Applications/MAMP/htdocs/smartwholesale/client-report/app/Controllers/Logs.php(277): Google\Service\Sheets\Resource\SpreadsheetsValues->get('1Qf3zbb2_xbC1Ay...', 'NEW RECON')
#8 /Applications/MAMP/htdocs/smartwholesale/client-report/system/CodeIgniter.php(824): App\Controllers\Logs->testAPI()
#9 /Applications/MAMP/htdocs/smartwholesale/client-report/system/CodeIgniter.php(410): CodeIgniter\CodeIgniter->runController(Object(App\Controllers\Logs))
#10 /Applications/MAMP/htdocs/smartwholesale/client-report/system/CodeIgniter.php(318): CodeIgniter\CodeIgniter->handleRequest(NULL, Object(Config\Cache), false)
#11 /Applications/MAMP/htdocs/smartwholesale/client-report/public/index.php(37): CodeIgniter\CodeIgniter->run()
#12 /Applications/MAMP/htdocs/smartwholesale/client-report/system/Commands/Server/rewrite.php(43): require_once('/Applications/M...')
#13 {main}
CRITICAL - 2023-01-30 23:05:37 --> {
  "error": {
    "code": 403,
    "message": "The caller does not have permission",
    "errors": [
      {
        "message": "The caller does not have permission",
        "domain": "global",
        "reason": "forbidden"
      }
    ],
    "status": "PERMISSION_DENIED"
  }
}

#0 /Applications/MAMP/htdocs/smartwholesale/client-report/vendor/google/apiclient/src/Http/REST.php(107): Google\Http\REST::decodeHttpResponse(Object(GuzzleHttp\Psr7\Response), Object(GuzzleHttp\Psr7\Request), 'Google\\Service\\...')
#1 [internal function]: Google\Http\REST::doExecute(Object(GuzzleHttp\Client), Object(GuzzleHttp\Psr7\Request), 'Google\\Service\\...')
#2 /Applications/MAMP/htdocs/smartwholesale/client-report/vendor/google/apiclient/src/Task/Runner.php(187): call_user_func_array(Array, Array)
#3 /Applications/MAMP/htdocs/smartwholesale/client-report/vendor/google/apiclient/src/Http/REST.php(66): Google\Task\Runner->run()
#4 /Applications/MAMP/htdocs/smartwholesale/client-report/vendor/google/apiclient/src/Client.php(921): Google\Http\REST::execute(Object(GuzzleHttp\Client), Object(GuzzleHttp\Psr7\Request), 'Google\\Service\\...', Array, NULL)
#5 /Applications/MAMP/htdocs/smartwholesale/client-report/vendor/google/apiclient/src/Service/Resource.php(238): Google\Client->execute(Object(GuzzleHttp\Psr7\Request), 'Google\\Service\\...')
#6 /Applications/MAMP/htdocs/smartwholesale/client-report/vendor/google/apiclient-services/src/Sheets/Resource/SpreadsheetsValues.php(241): Google\Service\Resource->call('get', Array, 'Google\\Service\\...')
#7 /Applications/MAMP/htdocs/smartwholesale/client-report/app/Controllers/Logs.php(277): Google\Service\Sheets\Resource\SpreadsheetsValues->get('1Qf3zbb2_xbC1Ay...', 'NEW RECON')
#8 /Applications/MAMP/htdocs/smartwholesale/client-report/system/CodeIgniter.php(824): App\Controllers\Logs->testAPI()
#9 /Applications/MAMP/htdocs/smartwholesale/client-report/system/CodeIgniter.php(410): CodeIgniter\CodeIgniter->runController(Object(App\Controllers\Logs))
#10 /Applications/MAMP/htdocs/smartwholesale/client-report/system/CodeIgniter.php(318): CodeIgniter\CodeIgniter->handleRequest(NULL, Object(Config\Cache), false)
#11 /Applications/MAMP/htdocs/smartwholesale/client-report/public/index.php(37): CodeIgniter\CodeIgniter->run()
#12 /Applications/MAMP/htdocs/smartwholesale/client-report/system/Commands/Server/rewrite.php(43): require_once('/Applications/M...')
#13 {main}
CRITICAL - 2023-01-30 23:05:55 --> {
  "error": {
    "code": 403,
    "message": "The caller does not have permission",
    "errors": [
      {
        "message": "The caller does not have permission",
        "domain": "global",
        "reason": "forbidden"
      }
    ],
    "status": "PERMISSION_DENIED"
  }
}

#0 /Applications/MAMP/htdocs/smartwholesale/client-report/vendor/google/apiclient/src/Http/REST.php(107): Google\Http\REST::decodeHttpResponse(Object(GuzzleHttp\Psr7\Response), Object(GuzzleHttp\Psr7\Request), 'Google\\Service\\...')
#1 [internal function]: Google\Http\REST::doExecute(Object(GuzzleHttp\Client), Object(GuzzleHttp\Psr7\Request), 'Google\\Service\\...')
#2 /Applications/MAMP/htdocs/smartwholesale/client-report/vendor/google/apiclient/src/Task/Runner.php(187): call_user_func_array(Array, Array)
#3 /Applications/MAMP/htdocs/smartwholesale/client-report/vendor/google/apiclient/src/Http/REST.php(66): Google\Task\Runner->run()
#4 /Applications/MAMP/htdocs/smartwholesale/client-report/vendor/google/apiclient/src/Client.php(921): Google\Http\REST::execute(Object(GuzzleHttp\Client), Object(GuzzleHttp\Psr7\Request), 'Google\\Service\\...', Array, NULL)
#5 /Applications/MAMP/htdocs/smartwholesale/client-report/vendor/google/apiclient/src/Service/Resource.php(238): Google\Client->execute(Object(GuzzleHttp\Psr7\Request), 'Google\\Service\\...')
#6 /Applications/MAMP/htdocs/smartwholesale/client-report/vendor/google/apiclient-services/src/Sheets/Resource/SpreadsheetsValues.php(241): Google\Service\Resource->call('get', Array, 'Google\\Service\\...')
#7 /Applications/MAMP/htdocs/smartwholesale/client-report/app/Controllers/Logs.php(278): Google\Service\Sheets\Resource\SpreadsheetsValues->get('1Qf3zbb2_xbC1Ay...', 'NEW RECON')
#8 /Applications/MAMP/htdocs/smartwholesale/client-report/system/CodeIgniter.php(824): App\Controllers\Logs->testAPI()
#9 /Applications/MAMP/htdocs/smartwholesale/client-report/system/CodeIgniter.php(410): CodeIgniter\CodeIgniter->runController(Object(App\Controllers\Logs))
#10 /Applications/MAMP/htdocs/smartwholesale/client-report/system/CodeIgniter.php(318): CodeIgniter\CodeIgniter->handleRequest(NULL, Object(Config\Cache), false)
#11 /Applications/MAMP/htdocs/smartwholesale/client-report/public/index.php(37): CodeIgniter\CodeIgniter->run()
#12 /Applications/MAMP/htdocs/smartwholesale/client-report/system/Commands/Server/rewrite.php(43): require_once('/Applications/M...')
#13 {main}
CRITICAL - 2023-01-30 23:06:00 --> {
  "error": {
    "code": 403,
    "message": "The caller does not have permission",
    "errors": [
      {
        "message": "The caller does not have permission",
        "domain": "global",
        "reason": "forbidden"
      }
    ],
    "status": "PERMISSION_DENIED"
  }
}

#0 /Applications/MAMP/htdocs/smartwholesale/client-report/vendor/google/apiclient/src/Http/REST.php(107): Google\Http\REST::decodeHttpResponse(Object(GuzzleHttp\Psr7\Response), Object(GuzzleHttp\Psr7\Request), 'Google\\Service\\...')
#1 [internal function]: Google\Http\REST::doExecute(Object(GuzzleHttp\Client), Object(GuzzleHttp\Psr7\Request), 'Google\\Service\\...')
#2 /Applications/MAMP/htdocs/smartwholesale/client-report/vendor/google/apiclient/src/Task/Runner.php(187): call_user_func_array(Array, Array)
#3 /Applications/MAMP/htdocs/smartwholesale/client-report/vendor/google/apiclient/src/Http/REST.php(66): Google\Task\Runner->run()
#4 /Applications/MAMP/htdocs/smartwholesale/client-report/vendor/google/apiclient/src/Client.php(921): Google\Http\REST::execute(Object(GuzzleHttp\Client), Object(GuzzleHttp\Psr7\Request), 'Google\\Service\\...', Array, NULL)
#5 /Applications/MAMP/htdocs/smartwholesale/client-report/vendor/google/apiclient/src/Service/Resource.php(238): Google\Client->execute(Object(GuzzleHttp\Psr7\Request), 'Google\\Service\\...')
#6 /Applications/MAMP/htdocs/smartwholesale/client-report/vendor/google/apiclient-services/src/Sheets/Resource/SpreadsheetsValues.php(241): Google\Service\Resource->call('get', Array, 'Google\\Service\\...')
#7 /Applications/MAMP/htdocs/smartwholesale/client-report/app/Controllers/Logs.php(278): Google\Service\Sheets\Resource\SpreadsheetsValues->get('1Qf3zbb2_xbC1Ay...', 'NEW RECON')
#8 /Applications/MAMP/htdocs/smartwholesale/client-report/system/CodeIgniter.php(824): App\Controllers\Logs->testAPI()
#9 /Applications/MAMP/htdocs/smartwholesale/client-report/system/CodeIgniter.php(410): CodeIgniter\CodeIgniter->runController(Object(App\Controllers\Logs))
#10 /Applications/MAMP/htdocs/smartwholesale/client-report/system/CodeIgniter.php(318): CodeIgniter\CodeIgniter->handleRequest(NULL, Object(Config\Cache), false)
#11 /Applications/MAMP/htdocs/smartwholesale/client-report/public/index.php(37): CodeIgniter\CodeIgniter->run()
#12 /Applications/MAMP/htdocs/smartwholesale/client-report/system/Commands/Server/rewrite.php(43): require_once('/Applications/M...')
#13 {main}
CRITICAL - 2023-01-30 23:06:17 --> {
  "error": {
    "code": 403,
    "message": "The request is missing a valid API key.",
    "errors": [
      {
        "message": "The request is missing a valid API key.",
        "domain": "global",
        "reason": "forbidden"
      }
    ],
    "status": "PERMISSION_DENIED"
  }
}

#0 /Applications/MAMP/htdocs/smartwholesale/client-report/vendor/google/apiclient/src/Http/REST.php(107): Google\Http\REST::decodeHttpResponse(Object(GuzzleHttp\Psr7\Response), Object(GuzzleHttp\Psr7\Request), 'Google\\Service\\...')
#1 [internal function]: Google\Http\REST::doExecute(Object(GuzzleHttp\Client), Object(GuzzleHttp\Psr7\Request), 'Google\\Service\\...')
#2 /Applications/MAMP/htdocs/smartwholesale/client-report/vendor/google/apiclient/src/Task/Runner.php(187): call_user_func_array(Array, Array)
#3 /Applications/MAMP/htdocs/smartwholesale/client-report/vendor/google/apiclient/src/Http/REST.php(66): Google\Task\Runner->run()
#4 /Applications/MAMP/htdocs/smartwholesale/client-report/vendor/google/apiclient/src/Client.php(921): Google\Http\REST::execute(Object(GuzzleHttp\Client), Object(GuzzleHttp\Psr7\Request), 'Google\\Service\\...', Array, NULL)
#5 /Applications/MAMP/htdocs/smartwholesale/client-report/vendor/google/apiclient/src/Service/Resource.php(238): Google\Client->execute(Object(GuzzleHttp\Psr7\Request), 'Google\\Service\\...')
#6 /Applications/MAMP/htdocs/smartwholesale/client-report/vendor/google/apiclient-services/src/Sheets/Resource/SpreadsheetsValues.php(241): Google\Service\Resource->call('get', Array, 'Google\\Service\\...')
#7 /Applications/MAMP/htdocs/smartwholesale/client-report/app/Controllers/Logs.php(278): Google\Service\Sheets\Resource\SpreadsheetsValues->get('1Qf3zbb2_xbC1Ay...', 'NEW RECON')
#8 /Applications/MAMP/htdocs/smartwholesale/client-report/system/CodeIgniter.php(824): App\Controllers\Logs->testAPI()
#9 /Applications/MAMP/htdocs/smartwholesale/client-report/system/CodeIgniter.php(410): CodeIgniter\CodeIgniter->runController(Object(App\Controllers\Logs))
#10 /Applications/MAMP/htdocs/smartwholesale/client-report/system/CodeIgniter.php(318): CodeIgniter\CodeIgniter->handleRequest(NULL, Object(Config\Cache), false)
#11 /Applications/MAMP/htdocs/smartwholesale/client-report/public/index.php(37): CodeIgniter\CodeIgniter->run()
#12 /Applications/MAMP/htdocs/smartwholesale/client-report/system/Commands/Server/rewrite.php(43): require_once('/Applications/M...')
#13 {main}
CRITICAL - 2023-01-30 23:06:52 --> {
  "error": {
    "code": 403,
    "message": "The caller does not have permission",
    "errors": [
      {
        "message": "The caller does not have permission",
        "domain": "global",
        "reason": "forbidden"
      }
    ],
    "status": "PERMISSION_DENIED"
  }
}

#0 /Applications/MAMP/htdocs/smartwholesale/client-report/vendor/google/apiclient/src/Http/REST.php(107): Google\Http\REST::decodeHttpResponse(Object(GuzzleHttp\Psr7\Response), Object(GuzzleHttp\Psr7\Request), 'Google\\Service\\...')
#1 [internal function]: Google\Http\REST::doExecute(Object(GuzzleHttp\Client), Object(GuzzleHttp\Psr7\Request), 'Google\\Service\\...')
#2 /Applications/MAMP/htdocs/smartwholesale/client-report/vendor/google/apiclient/src/Task/Runner.php(187): call_user_func_array(Array, Array)
#3 /Applications/MAMP/htdocs/smartwholesale/client-report/vendor/google/apiclient/src/Http/REST.php(66): Google\Task\Runner->run()
#4 /Applications/MAMP/htdocs/smartwholesale/client-report/vendor/google/apiclient/src/Client.php(921): Google\Http\REST::execute(Object(GuzzleHttp\Client), Object(GuzzleHttp\Psr7\Request), 'Google\\Service\\...', Array, NULL)
#5 /Applications/MAMP/htdocs/smartwholesale/client-report/vendor/google/apiclient/src/Service/Resource.php(238): Google\Client->execute(Object(GuzzleHttp\Psr7\Request), 'Google\\Service\\...')
#6 /Applications/MAMP/htdocs/smartwholesale/client-report/vendor/google/apiclient-services/src/Sheets/Resource/SpreadsheetsValues.php(241): Google\Service\Resource->call('get', Array, 'Google\\Service\\...')
#7 /Applications/MAMP/htdocs/smartwholesale/client-report/app/Controllers/Logs.php(278): Google\Service\Sheets\Resource\SpreadsheetsValues->get('1Qf3zbb2_xbC1Ay...', 'NEW RECON')
#8 /Applications/MAMP/htdocs/smartwholesale/client-report/system/CodeIgniter.php(824): App\Controllers\Logs->testAPI()
#9 /Applications/MAMP/htdocs/smartwholesale/client-report/system/CodeIgniter.php(410): CodeIgniter\CodeIgniter->runController(Object(App\Controllers\Logs))
#10 /Applications/MAMP/htdocs/smartwholesale/client-report/system/CodeIgniter.php(318): CodeIgniter\CodeIgniter->handleRequest(NULL, Object(Config\Cache), false)
#11 /Applications/MAMP/htdocs/smartwholesale/client-report/public/index.php(37): CodeIgniter\CodeIgniter->run()
#12 /Applications/MAMP/htdocs/smartwholesale/client-report/system/Commands/Server/rewrite.php(43): require_once('/Applications/M...')
#13 {main}
