CRITICAL - 2022-10-07 03:07:47 --> Trying to get property 'id' of non-object
#0 /Applications/MAMP/htdocs/smartwholesale/client-report/app/Controllers/Warehouse/Reports.php(160): CodeIgniter\Debug\Exceptions->errorHandler(8, 'Trying to get p...', '/Applications/M...', 160, Array)
#1 /Applications/MAMP/htdocs/smartwholesale/client-report/system/CodeIgniter.php(824): App\Controllers\Warehouse\Reports->saveItem()
#2 /Applications/MAMP/htdocs/smartwholesale/client-report/system/CodeIgniter.php(410): CodeIgniter\CodeIgniter->runController(Object(App\Controllers\Warehouse\Reports))
#3 /Applications/MAMP/htdocs/smartwholesale/client-report/system/CodeIgniter.php(318): CodeIgniter\CodeIgniter->handleRequest(NULL, Object(Config\Cache), false)
#4 /Applications/MAMP/htdocs/smartwholesale/client-report/public/index.php(37): CodeIgniter\CodeIgniter->run()
#5 /Applications/MAMP/htdocs/smartwholesale/client-report/system/Commands/Server/rewrite.php(43): require_once('/Applications/M...')
#6 {main}
CRITICAL - 2022-10-07 03:10:43 --> Undefined index: investment
#0 /Applications/MAMP/htdocs/smartwholesale/client-report/app/Controllers/Warehouse/Reports.php(158): CodeIgniter\Debug\Exceptions->errorHandler(8, 'Undefined index...', '/Applications/M...', 158, Array)
#1 /Applications/MAMP/htdocs/smartwholesale/client-report/system/CodeIgniter.php(824): App\Controllers\Warehouse\Reports->saveItem()
#2 /Applications/MAMP/htdocs/smartwholesale/client-report/system/CodeIgniter.php(410): CodeIgniter\CodeIgniter->runController(Object(App\Controllers\Warehouse\Reports))
#3 /Applications/MAMP/htdocs/smartwholesale/client-report/system/CodeIgniter.php(318): CodeIgniter\CodeIgniter->handleRequest(NULL, Object(Config\Cache), false)
#4 /Applications/MAMP/htdocs/smartwholesale/client-report/public/index.php(37): CodeIgniter\CodeIgniter->run()
#5 /Applications/MAMP/htdocs/smartwholesale/client-report/system/Commands/Server/rewrite.php(43): require_once('/Applications/M...')
#6 {main}
CRITICAL - 2022-10-07 03:11:12 --> Undefined index: investment
#0 /Applications/MAMP/htdocs/smartwholesale/client-report/app/Controllers/Warehouse/Reports.php(148): CodeIgniter\Debug\Exceptions->errorHandler(8, 'Undefined index...', '/Applications/M...', 148, Array)
#1 /Applications/MAMP/htdocs/smartwholesale/client-report/system/CodeIgniter.php(824): App\Controllers\Warehouse\Reports->saveItem()
#2 /Applications/MAMP/htdocs/smartwholesale/client-report/system/CodeIgniter.php(410): CodeIgniter\CodeIgniter->runController(Object(App\Controllers\Warehouse\Reports))
#3 /Applications/MAMP/htdocs/smartwholesale/client-report/system/CodeIgniter.php(318): CodeIgniter\CodeIgniter->handleRequest(NULL, Object(Config\Cache), false)
#4 /Applications/MAMP/htdocs/smartwholesale/client-report/public/index.php(37): CodeIgniter\CodeIgniter->run()
#5 /Applications/MAMP/htdocs/smartwholesale/client-report/system/Commands/Server/rewrite.php(43): require_once('/Applications/M...')
#6 {main}
CRITICAL - 2022-10-07 03:11:43 --> Undefined index: investment
#0 /Applications/MAMP/htdocs/smartwholesale/client-report/app/Controllers/Warehouse/Reports.php(148): CodeIgniter\Debug\Exceptions->errorHandler(8, 'Undefined index...', '/Applications/M...', 148, Array)
#1 /Applications/MAMP/htdocs/smartwholesale/client-report/system/CodeIgniter.php(824): App\Controllers\Warehouse\Reports->saveItem()
#2 /Applications/MAMP/htdocs/smartwholesale/client-report/system/CodeIgniter.php(410): CodeIgniter\CodeIgniter->runController(Object(App\Controllers\Warehouse\Reports))
#3 /Applications/MAMP/htdocs/smartwholesale/client-report/system/CodeIgniter.php(318): CodeIgniter\CodeIgniter->handleRequest(NULL, Object(Config\Cache), false)
#4 /Applications/MAMP/htdocs/smartwholesale/client-report/public/index.php(37): CodeIgniter\CodeIgniter->run()
#5 /Applications/MAMP/htdocs/smartwholesale/client-report/system/Commands/Server/rewrite.php(43): require_once('/Applications/M...')
#6 {main}
CRITICAL - 2022-10-07 03:12:40 --> Undefined offset: 1
#0 /Applications/MAMP/htdocs/smartwholesale/client-report/app/Controllers/Warehouse/Reports.php(156): CodeIgniter\Debug\Exceptions->errorHandler(8, 'Undefined offse...', '/Applications/M...', 156, Array)
#1 /Applications/MAMP/htdocs/smartwholesale/client-report/system/CodeIgniter.php(824): App\Controllers\Warehouse\Reports->saveItem()
#2 /Applications/MAMP/htdocs/smartwholesale/client-report/system/CodeIgniter.php(410): CodeIgniter\CodeIgniter->runController(Object(App\Controllers\Warehouse\Reports))
#3 /Applications/MAMP/htdocs/smartwholesale/client-report/system/CodeIgniter.php(318): CodeIgniter\CodeIgniter->handleRequest(NULL, Object(Config\Cache), false)
#4 /Applications/MAMP/htdocs/smartwholesale/client-report/public/index.php(37): CodeIgniter\CodeIgniter->run()
#5 /Applications/MAMP/htdocs/smartwholesale/client-report/system/Commands/Server/rewrite.php(43): require_once('/Applications/M...')
#6 {main}
CRITICAL - 2022-10-07 03:13:41 --> Undefined offset: 1
#0 /Applications/MAMP/htdocs/smartwholesale/client-report/app/Controllers/Warehouse/Reports.php(156): CodeIgniter\Debug\Exceptions->errorHandler(8, 'Undefined offse...', '/Applications/M...', 156, Array)
#1 /Applications/MAMP/htdocs/smartwholesale/client-report/system/CodeIgniter.php(824): App\Controllers\Warehouse\Reports->saveItem()
#2 /Applications/MAMP/htdocs/smartwholesale/client-report/system/CodeIgniter.php(410): CodeIgniter\CodeIgniter->runController(Object(App\Controllers\Warehouse\Reports))
#3 /Applications/MAMP/htdocs/smartwholesale/client-report/system/CodeIgniter.php(318): CodeIgniter\CodeIgniter->handleRequest(NULL, Object(Config\Cache), false)
#4 /Applications/MAMP/htdocs/smartwholesale/client-report/public/index.php(37): CodeIgniter\CodeIgniter->run()
#5 /Applications/MAMP/htdocs/smartwholesale/client-report/system/Commands/Server/rewrite.php(43): require_once('/Applications/M...')
#6 {main}
CRITICAL - 2022-10-07 03:16:25 --> Undefined index: investment
#0 /Applications/MAMP/htdocs/smartwholesale/client-report/app/Controllers/Warehouse/Reports.php(148): CodeIgniter\Debug\Exceptions->errorHandler(8, 'Undefined index...', '/Applications/M...', 148, Array)
#1 /Applications/MAMP/htdocs/smartwholesale/client-report/system/CodeIgniter.php(824): App\Controllers\Warehouse\Reports->saveItem()
#2 /Applications/MAMP/htdocs/smartwholesale/client-report/system/CodeIgniter.php(410): CodeIgniter\CodeIgniter->runController(Object(App\Controllers\Warehouse\Reports))
#3 /Applications/MAMP/htdocs/smartwholesale/client-report/system/CodeIgniter.php(318): CodeIgniter\CodeIgniter->handleRequest(NULL, Object(Config\Cache), false)
#4 /Applications/MAMP/htdocs/smartwholesale/client-report/public/index.php(37): CodeIgniter\CodeIgniter->run()
#5 /Applications/MAMP/htdocs/smartwholesale/client-report/system/Commands/Server/rewrite.php(43): require_once('/Applications/M...')
#6 {main}
CRITICAL - 2022-10-07 03:36:18 --> Undefined variable: totalOriginal
#0 /Applications/MAMP/htdocs/smartwholesale/client-report/app/Controllers/Warehouse/Reports.php(143): CodeIgniter\Debug\Exceptions->errorHandler(8, 'Undefined varia...', '/Applications/M...', 143, Array)
#1 /Applications/MAMP/htdocs/smartwholesale/client-report/system/CodeIgniter.php(824): App\Controllers\Warehouse\Reports->inputItem()
#2 /Applications/MAMP/htdocs/smartwholesale/client-report/system/CodeIgniter.php(410): CodeIgniter\CodeIgniter->runController(Object(App\Controllers\Warehouse\Reports))
#3 /Applications/MAMP/htdocs/smartwholesale/client-report/system/CodeIgniter.php(318): CodeIgniter\CodeIgniter->handleRequest(NULL, Object(Config\Cache), false)
#4 /Applications/MAMP/htdocs/smartwholesale/client-report/public/index.php(37): CodeIgniter\CodeIgniter->run()
#5 /Applications/MAMP/htdocs/smartwholesale/client-report/system/Commands/Server/rewrite.php(43): require_once('/Applications/M...')
#6 {main}
CRITICAL - 2022-10-07 03:37:56 --> Cannot use object of type stdClass as array
#0 /Applications/MAMP/htdocs/smartwholesale/client-report/system/View/View.php(214): include()
#1 /Applications/MAMP/htdocs/smartwholesale/client-report/system/View/View.php(217): CodeIgniter\View\View->CodeIgniter\View\{closure}()
#2 /Applications/MAMP/htdocs/smartwholesale/client-report/system/Common.php(1097): CodeIgniter\View\View->render('warehouse/input...', Array, true)
#3 /Applications/MAMP/htdocs/smartwholesale/client-report/app/Controllers/Warehouse/Reports.php(150): view('warehouse/input...', Array)
#4 /Applications/MAMP/htdocs/smartwholesale/client-report/system/CodeIgniter.php(824): App\Controllers\Warehouse\Reports->inputItem()
#5 /Applications/MAMP/htdocs/smartwholesale/client-report/system/CodeIgniter.php(410): CodeIgniter\CodeIgniter->runController(Object(App\Controllers\Warehouse\Reports))
#6 /Applications/MAMP/htdocs/smartwholesale/client-report/system/CodeIgniter.php(318): CodeIgniter\CodeIgniter->handleRequest(NULL, Object(Config\Cache), false)
#7 /Applications/MAMP/htdocs/smartwholesale/client-report/public/index.php(37): CodeIgniter\CodeIgniter->run()
#8 /Applications/MAMP/htdocs/smartwholesale/client-report/system/Commands/Server/rewrite.php(43): require_once('/Applications/M...')
#9 {main}
CRITICAL - 2022-10-07 03:38:52 --> Undefined variable: totalCost
#0 /Applications/MAMP/htdocs/smartwholesale/client-report/app/Views/warehouse/input_item.php(130): CodeIgniter\Debug\Exceptions->errorHandler(8, 'Undefined varia...', '/Applications/M...', 130, Array)
#1 /Applications/MAMP/htdocs/smartwholesale/client-report/system/View/View.php(214): include('/Applications/M...')
#2 /Applications/MAMP/htdocs/smartwholesale/client-report/system/View/View.php(217): CodeIgniter\View\View->CodeIgniter\View\{closure}()
#3 /Applications/MAMP/htdocs/smartwholesale/client-report/system/Common.php(1097): CodeIgniter\View\View->render('warehouse/input...', Array, true)
#4 /Applications/MAMP/htdocs/smartwholesale/client-report/app/Controllers/Warehouse/Reports.php(151): view('warehouse/input...', Array)
#5 /Applications/MAMP/htdocs/smartwholesale/client-report/system/CodeIgniter.php(824): App\Controllers\Warehouse\Reports->inputItem()
#6 /Applications/MAMP/htdocs/smartwholesale/client-report/system/CodeIgniter.php(410): CodeIgniter\CodeIgniter->runController(Object(App\Controllers\Warehouse\Reports))
#7 /Applications/MAMP/htdocs/smartwholesale/client-report/system/CodeIgniter.php(318): CodeIgniter\CodeIgniter->handleRequest(NULL, Object(Config\Cache), false)
#8 /Applications/MAMP/htdocs/smartwholesale/client-report/public/index.php(37): CodeIgniter\CodeIgniter->run()
#9 /Applications/MAMP/htdocs/smartwholesale/client-report/system/Commands/Server/rewrite.php(43): require_once('/Applications/M...')
#10 {main}
CRITICAL - 2022-10-07 03:54:08 --> Invalid file: administrator/promococde.php
#0 /Applications/MAMP/htdocs/smartwholesale/client-report/system/View/View.php(198): CodeIgniter\Exceptions\FrameworkException::forInvalidFile('administrator/p...')
#1 /Applications/MAMP/htdocs/smartwholesale/client-report/system/Common.php(1097): CodeIgniter\View\View->render('administrator/p...', Array, true)
#2 /Applications/MAMP/htdocs/smartwholesale/client-report/app/Controllers/Admin/PromoCode.php(25): view('administrator/p...', Array)
#3 /Applications/MAMP/htdocs/smartwholesale/client-report/system/CodeIgniter.php(824): App\Controllers\Admin\PromoCode->index()
#4 /Applications/MAMP/htdocs/smartwholesale/client-report/system/CodeIgniter.php(410): CodeIgniter\CodeIgniter->runController(Object(App\Controllers\Admin\PromoCode))
#5 /Applications/MAMP/htdocs/smartwholesale/client-report/system/CodeIgniter.php(318): CodeIgniter\CodeIgniter->handleRequest(NULL, Object(Config\Cache), false)
#6 /Applications/MAMP/htdocs/smartwholesale/client-report/public/index.php(37): CodeIgniter\CodeIgniter->run()
#7 /Applications/MAMP/htdocs/smartwholesale/client-report/system/Commands/Server/rewrite.php(43): require_once('/Applications/M...')
#8 {main}
CRITICAL - 2022-10-07 03:54:24 --> Undefined variable: users
#0 /Applications/MAMP/htdocs/smartwholesale/client-report/app/Views/administrator/promocode.php(68): CodeIgniter\Debug\Exceptions->errorHandler(8, 'Undefined varia...', '/Applications/M...', 68, Array)
#1 /Applications/MAMP/htdocs/smartwholesale/client-report/system/View/View.php(214): include('/Applications/M...')
#2 /Applications/MAMP/htdocs/smartwholesale/client-report/system/View/View.php(217): CodeIgniter\View\View->CodeIgniter\View\{closure}()
#3 /Applications/MAMP/htdocs/smartwholesale/client-report/system/Common.php(1097): CodeIgniter\View\View->render('administrator/p...', Array, true)
#4 /Applications/MAMP/htdocs/smartwholesale/client-report/app/Controllers/Admin/PromoCode.php(25): view('administrator/p...', Array)
#5 /Applications/MAMP/htdocs/smartwholesale/client-report/system/CodeIgniter.php(824): App\Controllers\Admin\PromoCode->index()
#6 /Applications/MAMP/htdocs/smartwholesale/client-report/system/CodeIgniter.php(410): CodeIgniter\CodeIgniter->runController(Object(App\Controllers\Admin\PromoCode))
#7 /Applications/MAMP/htdocs/smartwholesale/client-report/system/CodeIgniter.php(318): CodeIgniter\CodeIgniter->handleRequest(NULL, Object(Config\Cache), false)
#8 /Applications/MAMP/htdocs/smartwholesale/client-report/public/index.php(37): CodeIgniter\CodeIgniter->run()
#9 /Applications/MAMP/htdocs/smartwholesale/client-report/system/Commands/Server/rewrite.php(43): require_once('/Applications/M...')
#10 {main}
CRITICAL - 2022-10-07 04:33:52 --> Undefined index: fullname
#0 /Applications/MAMP/htdocs/smartwholesale/client-report/app/Controllers/Admin/Users.php(42): CodeIgniter\Debug\Exceptions->errorHandler(8, 'Undefined index...', '/Applications/M...', 42, Array)
#1 /Applications/MAMP/htdocs/smartwholesale/client-report/system/CodeIgniter.php(824): App\Controllers\Admin\Users->addClient()
#2 /Applications/MAMP/htdocs/smartwholesale/client-report/system/CodeIgniter.php(410): CodeIgniter\CodeIgniter->runController(Object(App\Controllers\Admin\Users))
#3 /Applications/MAMP/htdocs/smartwholesale/client-report/system/CodeIgniter.php(318): CodeIgniter\CodeIgniter->handleRequest(NULL, Object(Config\Cache), false)
#4 /Applications/MAMP/htdocs/smartwholesale/client-report/public/index.php(37): CodeIgniter\CodeIgniter->run()
#5 /Applications/MAMP/htdocs/smartwholesale/client-report/system/Commands/Server/rewrite.php(43): require_once('/Applications/M...')
#6 {main}
ERROR - 2022-10-07 04:34:45 --> You have an error in your SQL syntax; check the manual that corresponds to your MySQL server version for the right syntax to use near '')' at line 1
CRITICAL - 2022-10-07 04:34:45 --> You have an error in your SQL syntax; check the manual that corresponds to your MySQL server version for the right syntax to use near '')' at line 1
#0 /Applications/MAMP/htdocs/smartwholesale/client-report/system/Database/MySQLi/Connection.php(292): mysqli->query('INSERT INTO pro...', 0)
#1 /Applications/MAMP/htdocs/smartwholesale/client-report/system/Database/BaseConnection.php(670): CodeIgniter\Database\MySQLi\Connection->execute('INSERT INTO pro...')
#2 /Applications/MAMP/htdocs/smartwholesale/client-report/system/Database/BaseConnection.php(598): CodeIgniter\Database\BaseConnection->simpleQuery('INSERT INTO pro...')
#3 /Applications/MAMP/htdocs/smartwholesale/client-report/app/Controllers/Admin/PromoCode.php(36): CodeIgniter\Database\BaseConnection->query('INSERT INTO pro...')
#4 /Applications/MAMP/htdocs/smartwholesale/client-report/system/CodeIgniter.php(824): App\Controllers\Admin\PromoCode->addPromo()
#5 /Applications/MAMP/htdocs/smartwholesale/client-report/system/CodeIgniter.php(410): CodeIgniter\CodeIgniter->runController(Object(App\Controllers\Admin\PromoCode))
#6 /Applications/MAMP/htdocs/smartwholesale/client-report/system/CodeIgniter.php(318): CodeIgniter\CodeIgniter->handleRequest(NULL, Object(Config\Cache), false)
#7 /Applications/MAMP/htdocs/smartwholesale/client-report/public/index.php(37): CodeIgniter\CodeIgniter->run()
#8 /Applications/MAMP/htdocs/smartwholesale/client-report/system/Commands/Server/rewrite.php(43): require_once('/Applications/M...')
#9 {main}
CRITICAL - 2022-10-07 04:35:01 --> Undefined property: stdClass::$created_at
#0 /Applications/MAMP/htdocs/smartwholesale/client-report/app/Views/administrator/promocode.php(95): CodeIgniter\Debug\Exceptions->errorHandler(8, 'Undefined prope...', '/Applications/M...', 95, Array)
#1 /Applications/MAMP/htdocs/smartwholesale/client-report/system/View/View.php(214): include('/Applications/M...')
#2 /Applications/MAMP/htdocs/smartwholesale/client-report/system/View/View.php(217): CodeIgniter\View\View->CodeIgniter\View\{closure}()
#3 /Applications/MAMP/htdocs/smartwholesale/client-report/system/Common.php(1097): CodeIgniter\View\View->render('administrator/p...', Array, true)
#4 /Applications/MAMP/htdocs/smartwholesale/client-report/app/Controllers/Admin/PromoCode.php(27): view('administrator/p...', Array)
#5 /Applications/MAMP/htdocs/smartwholesale/client-report/system/CodeIgniter.php(824): App\Controllers\Admin\PromoCode->index()
#6 /Applications/MAMP/htdocs/smartwholesale/client-report/system/CodeIgniter.php(410): CodeIgniter\CodeIgniter->runController(Object(App\Controllers\Admin\PromoCode))
#7 /Applications/MAMP/htdocs/smartwholesale/client-report/system/CodeIgniter.php(318): CodeIgniter\CodeIgniter->handleRequest(NULL, Object(Config\Cache), false)
#8 /Applications/MAMP/htdocs/smartwholesale/client-report/public/index.php(37): CodeIgniter\CodeIgniter->run()
#9 /Applications/MAMP/htdocs/smartwholesale/client-report/system/Commands/Server/rewrite.php(43): require_once('/Applications/M...')
#10 {main}
