ERROR - 2022-01-30 14:25:54 --> Unknown column 'assing_report_box.id' in 'order clause'
CRITICAL - 2022-01-30 14:25:54 --> Unknown column 'assing_report_box.id' in 'order clause'
#0 C:\xampp\htdocs\wholesales\client-report\system\Database\MySQLi\Connection.php(292): mysqli->query('SELECT assign_r...', 0)
#1 C:\xampp\htdocs\wholesales\client-report\system\Database\BaseConnection.php(670): CodeIgniter\Database\MySQLi\Connection->execute('SELECT assign_r...')
#2 C:\xampp\htdocs\wholesales\client-report\system\Database\BaseConnection.php(598): CodeIgniter\Database\BaseConnection->simpleQuery('SELECT assign_r...')
#3 C:\xampp\htdocs\wholesales\client-report\app\Models\AssignReportModel.php(31): CodeIgniter\Database\BaseConnection->query('SELECT assign_r...')
#4 C:\xampp\htdocs\wholesales\client-report\app\Controllers\Admin\Reports.php(344): App\Models\AssignReportModel->getAllAssignReport()
#5 C:\xampp\htdocs\wholesales\client-report\system\CodeIgniter.php(824): App\Controllers\Admin\Reports->assignmentReport()
#6 C:\xampp\htdocs\wholesales\client-report\system\CodeIgniter.php(410): CodeIgniter\CodeIgniter->runController(Object(App\Controllers\Admin\Reports))
#7 C:\xampp\htdocs\wholesales\client-report\system\CodeIgniter.php(318): CodeIgniter\CodeIgniter->handleRequest(NULL, Object(Config\Cache), false)
#8 C:\xampp\htdocs\wholesales\client-report\public\index.php(37): CodeIgniter\CodeIgniter->run()
#9 C:\xampp\htdocs\wholesales\client-report\system\Commands\Server\rewrite.php(43): require_once('C:\\xampp\\htdocs...')
#10 {main}
ERROR - 2022-01-30 17:42:29 --> You have an error in your SQL syntax; check the manual that corresponds to your MariaDB server version for the right syntax to use near ' , Total Retail, Total Client Cost)' at line 1
CRITICAL - 2022-01-30 17:42:29 --> You have an error in your SQL syntax; check the manual that corresponds to your MariaDB server version for the right syntax to use near ' , Total Retail, Total Client Cost)' at line 1
#0 C:\xampp\htdocs\wholesales\client-report\system\Database\MySQLi\Connection.php(292): mysqli->query('INSERT INTO ass...', 0)
#1 C:\xampp\htdocs\wholesales\client-report\system\Database\BaseConnection.php(670): CodeIgniter\Database\MySQLi\Connection->execute('INSERT INTO ass...')
#2 C:\xampp\htdocs\wholesales\client-report\system\Database\BaseConnection.php(598): CodeIgniter\Database\BaseConnection->simpleQuery('INSERT INTO ass...')
#3 C:\xampp\htdocs\wholesales\client-report\app\Controllers\Admin\Reports.php(388): CodeIgniter\Database\BaseConnection->query('INSERT INTO ass...')
#4 C:\xampp\htdocs\wholesales\client-report\system\CodeIgniter.php(824): App\Controllers\Admin\Reports->assignmentReportSubmit()
#5 C:\xampp\htdocs\wholesales\client-report\system\CodeIgniter.php(410): CodeIgniter\CodeIgniter->runController(Object(App\Controllers\Admin\Reports))
#6 C:\xampp\htdocs\wholesales\client-report\system\CodeIgniter.php(318): CodeIgniter\CodeIgniter->handleRequest(NULL, Object(Config\Cache), false)
#7 C:\xampp\htdocs\wholesales\client-report\public\index.php(37): CodeIgniter\CodeIgniter->run()
#8 C:\xampp\htdocs\wholesales\client-report\system\Commands\Server\rewrite.php(43): require_once('C:\\xampp\\htdocs...')
#9 {main}
CRITICAL - 2022-01-30 18:04:52 --> syntax error, unexpected 'if' (T_IF)
#0 C:\xampp\htdocs\wholesales\client-report\system\Autoloader\Autoloader.php(241): CodeIgniter\Autoloader\Autoloader->includeFile('C:\\xampp\\htdocs...')
#1 C:\xampp\htdocs\wholesales\client-report\system\Autoloader\Autoloader.php(219): CodeIgniter\Autoloader\Autoloader->loadInNamespace('App\\Controllers...')
#2 [internal function]: CodeIgniter\Autoloader\Autoloader->loadClass('App\\Controllers...')
#3 [internal function]: spl_autoload_call('App\\Controllers...')
#4 C:\xampp\htdocs\wholesales\client-report\system\CodeIgniter.php(789): class_exists('\\App\\Controller...', true)
#5 C:\xampp\htdocs\wholesales\client-report\system\CodeIgniter.php(397): CodeIgniter\CodeIgniter->startController()
#6 C:\xampp\htdocs\wholesales\client-report\system\CodeIgniter.php(318): CodeIgniter\CodeIgniter->handleRequest(NULL, Object(Config\Cache), false)
#7 C:\xampp\htdocs\wholesales\client-report\public\index.php(37): CodeIgniter\CodeIgniter->run()
#8 C:\xampp\htdocs\wholesales\client-report\system\Commands\Server\rewrite.php(43): require_once('C:\\xampp\\htdocs...')
#9 {main}
ERROR - 2022-01-30 19:09:44 --> You have an error in your SQL syntax; check the manual that corresponds to your MariaDB server version for the right syntax to use near 'DESCSELECT assign_report_box.id as box_id, assign_report_box.box_name, assign_re' at line 1
CRITICAL - 2022-01-30 19:09:44 --> You have an error in your SQL syntax; check the manual that corresponds to your MariaDB server version for the right syntax to use near 'DESCSELECT assign_report_box.id as box_id, assign_report_box.box_name, assign_re' at line 1
#0 C:\xampp\htdocs\wholesales\client-report\system\Database\MySQLi\Connection.php(292): mysqli->query('SELECT assign_r...', 0)
#1 C:\xampp\htdocs\wholesales\client-report\system\Database\BaseConnection.php(670): CodeIgniter\Database\MySQLi\Connection->execute('SELECT assign_r...')
#2 C:\xampp\htdocs\wholesales\client-report\system\Database\BaseConnection.php(598): CodeIgniter\Database\BaseConnection->simpleQuery('SELECT assign_r...')
#3 C:\xampp\htdocs\wholesales\client-report\app\Models\AssignReportModel.php(39): CodeIgniter\Database\BaseConnection->query('SELECT assign_r...')
#4 C:\xampp\htdocs\wholesales\client-report\app\Controllers\Admin\Reports.php(347): App\Models\AssignReportModel->getAllAssignReportProcess()
#5 C:\xampp\htdocs\wholesales\client-report\system\CodeIgniter.php(824): App\Controllers\Admin\Reports->assignmentReport()
#6 C:\xampp\htdocs\wholesales\client-report\system\CodeIgniter.php(410): CodeIgniter\CodeIgniter->runController(Object(App\Controllers\Admin\Reports))
#7 C:\xampp\htdocs\wholesales\client-report\system\CodeIgniter.php(318): CodeIgniter\CodeIgniter->handleRequest(NULL, Object(Config\Cache), false)
#8 C:\xampp\htdocs\wholesales\client-report\public\index.php(37): CodeIgniter\CodeIgniter->run()
#9 C:\xampp\htdocs\wholesales\client-report\system\Commands\Server\rewrite.php(43): require_once('C:\\xampp\\htdocs...')
#10 {main}
CRITICAL - 2022-01-30 19:11:08 --> Undefined index: id
#0 C:\xampp\htdocs\wholesales\client-report\app\Views\administrator\assignment_report.php(202): CodeIgniter\Debug\Exceptions->errorHandler(8, 'Undefined index...', 'C:\\xampp\\htdocs...', 202, Array)
#1 C:\xampp\htdocs\wholesales\client-report\system\View\View.php(214): include('C:\\xampp\\htdocs...')
#2 C:\xampp\htdocs\wholesales\client-report\system\View\View.php(217): CodeIgniter\View\View->CodeIgniter\View\{closure}()
#3 C:\xampp\htdocs\wholesales\client-report\system\Common.php(1097): CodeIgniter\View\View->render('administrator/a...', Array, true)
#4 C:\xampp\htdocs\wholesales\client-report\app\Controllers\Admin\Reports.php(358): view('administrator/a...', Array)
#5 C:\xampp\htdocs\wholesales\client-report\system\CodeIgniter.php(824): App\Controllers\Admin\Reports->assignmentReport()
#6 C:\xampp\htdocs\wholesales\client-report\system\CodeIgniter.php(410): CodeIgniter\CodeIgniter->runController(Object(App\Controllers\Admin\Reports))
#7 C:\xampp\htdocs\wholesales\client-report\system\CodeIgniter.php(318): CodeIgniter\CodeIgniter->handleRequest(NULL, Object(Config\Cache), false)
#8 C:\xampp\htdocs\wholesales\client-report\public\index.php(37): CodeIgniter\CodeIgniter->run()
#9 C:\xampp\htdocs\wholesales\client-report\system\Commands\Server\rewrite.php(43): require_once('C:\\xampp\\htdocs...')
#10 {main}
CRITICAL - 2022-01-30 19:12:35 --> Undefined index: id
#0 C:\xampp\htdocs\wholesales\client-report\app\Views\administrator\assignment_report.php(276): CodeIgniter\Debug\Exceptions->errorHandler(8, 'Undefined index...', 'C:\\xampp\\htdocs...', 276, Array)
#1 C:\xampp\htdocs\wholesales\client-report\system\View\View.php(214): include('C:\\xampp\\htdocs...')
#2 C:\xampp\htdocs\wholesales\client-report\system\View\View.php(217): CodeIgniter\View\View->CodeIgniter\View\{closure}()
#3 C:\xampp\htdocs\wholesales\client-report\system\Common.php(1097): CodeIgniter\View\View->render('administrator/a...', Array, true)
#4 C:\xampp\htdocs\wholesales\client-report\app\Controllers\Admin\Reports.php(358): view('administrator/a...', Array)
#5 C:\xampp\htdocs\wholesales\client-report\system\CodeIgniter.php(824): App\Controllers\Admin\Reports->assignmentReport()
#6 C:\xampp\htdocs\wholesales\client-report\system\CodeIgniter.php(410): CodeIgniter\CodeIgniter->runController(Object(App\Controllers\Admin\Reports))
#7 C:\xampp\htdocs\wholesales\client-report\system\CodeIgniter.php(318): CodeIgniter\CodeIgniter->handleRequest(NULL, Object(Config\Cache), false)
#8 C:\xampp\htdocs\wholesales\client-report\public\index.php(37): CodeIgniter\CodeIgniter->run()
#9 C:\xampp\htdocs\wholesales\client-report\system\Commands\Server\rewrite.php(43): require_once('C:\\xampp\\htdocs...')
#10 {main}
CRITICAL - 2022-01-30 19:13:27 --> Undefined index: new_box_value
#0 C:\xampp\htdocs\wholesales\client-report\app\Views\administrator\assignment_report.php(293): CodeIgniter\Debug\Exceptions->errorHandler(8, 'Undefined index...', 'C:\\xampp\\htdocs...', 293, Array)
#1 C:\xampp\htdocs\wholesales\client-report\system\View\View.php(214): include('C:\\xampp\\htdocs...')
#2 C:\xampp\htdocs\wholesales\client-report\system\View\View.php(217): CodeIgniter\View\View->CodeIgniter\View\{closure}()
#3 C:\xampp\htdocs\wholesales\client-report\system\Common.php(1097): CodeIgniter\View\View->render('administrator/a...', Array, true)
#4 C:\xampp\htdocs\wholesales\client-report\app\Controllers\Admin\Reports.php(358): view('administrator/a...', Array)
#5 C:\xampp\htdocs\wholesales\client-report\system\CodeIgniter.php(824): App\Controllers\Admin\Reports->assignmentReport()
#6 C:\xampp\htdocs\wholesales\client-report\system\CodeIgniter.php(410): CodeIgniter\CodeIgniter->runController(Object(App\Controllers\Admin\Reports))
#7 C:\xampp\htdocs\wholesales\client-report\system\CodeIgniter.php(318): CodeIgniter\CodeIgniter->handleRequest(NULL, Object(Config\Cache), false)
#8 C:\xampp\htdocs\wholesales\client-report\public\index.php(37): CodeIgniter\CodeIgniter->run()
#9 C:\xampp\htdocs\wholesales\client-report\system\Commands\Server\rewrite.php(43): require_once('C:\\xampp\\htdocs...')
#10 {main}
CRITICAL - 2022-01-30 19:28:42 --> Undefined index: id
#0 C:\xampp\htdocs\wholesales\client-report\app\Views\administrator\assignment_report.php(276): CodeIgniter\Debug\Exceptions->errorHandler(8, 'Undefined index...', 'C:\\xampp\\htdocs...', 276, Array)
#1 C:\xampp\htdocs\wholesales\client-report\system\View\View.php(214): include('C:\\xampp\\htdocs...')
#2 C:\xampp\htdocs\wholesales\client-report\system\View\View.php(217): CodeIgniter\View\View->CodeIgniter\View\{closure}()
#3 C:\xampp\htdocs\wholesales\client-report\system\Common.php(1097): CodeIgniter\View\View->render('administrator/a...', Array, true)
#4 C:\xampp\htdocs\wholesales\client-report\app\Controllers\Admin\Reports.php(358): view('administrator/a...', Array)
#5 C:\xampp\htdocs\wholesales\client-report\system\CodeIgniter.php(824): App\Controllers\Admin\Reports->assignmentReport()
#6 C:\xampp\htdocs\wholesales\client-report\system\CodeIgniter.php(410): CodeIgniter\CodeIgniter->runController(Object(App\Controllers\Admin\Reports))
#7 C:\xampp\htdocs\wholesales\client-report\system\CodeIgniter.php(318): CodeIgniter\CodeIgniter->handleRequest(NULL, Object(Config\Cache), false)
#8 C:\xampp\htdocs\wholesales\client-report\public\index.php(37): CodeIgniter\CodeIgniter->run()
#9 C:\xampp\htdocs\wholesales\client-report\system\Commands\Server\rewrite.php(43): require_once('C:\\xampp\\htdocs...')
#10 {main}
ERROR - 2022-01-30 20:04:31 --> Column 'cost' in field list is ambiguous
CRITICAL - 2022-01-30 20:04:31 --> Column 'cost' in field list is ambiguous
#0 C:\xampp\htdocs\wholesales\client-report\system\Database\MySQLi\Connection.php(292): mysqli->query('SELECT SUM(cost...', 0)
#1 C:\xampp\htdocs\wholesales\client-report\system\Database\BaseConnection.php(670): CodeIgniter\Database\MySQLi\Connection->execute('SELECT SUM(cost...')
#2 C:\xampp\htdocs\wholesales\client-report\system\Database\BaseConnection.php(598): CodeIgniter\Database\BaseConnection->simpleQuery('SELECT SUM(cost...')
#3 C:\xampp\htdocs\wholesales\client-report\app\Models\ReportModel.php(150): CodeIgniter\Database\BaseConnection->query('SELECT SUM(cost...')
#4 C:\xampp\htdocs\wholesales\client-report\app\Controllers\Clients.php(211): App\Models\ReportModel->getClientCostLeft('9')
#5 C:\xampp\htdocs\wholesales\client-report\system\CodeIgniter.php(824): App\Controllers\Clients->getStarted()
#6 C:\xampp\htdocs\wholesales\client-report\system\CodeIgniter.php(410): CodeIgniter\CodeIgniter->runController(Object(App\Controllers\Clients))
#7 C:\xampp\htdocs\wholesales\client-report\system\CodeIgniter.php(318): CodeIgniter\CodeIgniter->handleRequest(NULL, Object(Config\Cache), false)
#8 C:\xampp\htdocs\wholesales\client-report\public\index.php(37): CodeIgniter\CodeIgniter->run()
#9 C:\xampp\htdocs\wholesales\client-report\system\Commands\Server\rewrite.php(43): require_once('C:\\xampp\\htdocs...')
#10 {main}
ERROR - 2022-01-30 20:04:51 --> Unknown column 'reports.investments_id' in 'on clause'
CRITICAL - 2022-01-30 20:04:51 --> Unknown column 'reports.investments_id' in 'on clause'
#0 C:\xampp\htdocs\wholesales\client-report\system\Database\MySQLi\Connection.php(292): mysqli->query('SELECT SUM(repo...', 0)
#1 C:\xampp\htdocs\wholesales\client-report\system\Database\BaseConnection.php(670): CodeIgniter\Database\MySQLi\Connection->execute('SELECT SUM(repo...')
#2 C:\xampp\htdocs\wholesales\client-report\system\Database\BaseConnection.php(598): CodeIgniter\Database\BaseConnection->simpleQuery('SELECT SUM(repo...')
#3 C:\xampp\htdocs\wholesales\client-report\app\Models\ReportModel.php(150): CodeIgniter\Database\BaseConnection->query('SELECT SUM(repo...')
#4 C:\xampp\htdocs\wholesales\client-report\app\Controllers\Clients.php(211): App\Models\ReportModel->getClientCostLeft('9')
#5 C:\xampp\htdocs\wholesales\client-report\system\CodeIgniter.php(824): App\Controllers\Clients->getStarted()
#6 C:\xampp\htdocs\wholesales\client-report\system\CodeIgniter.php(410): CodeIgniter\CodeIgniter->runController(Object(App\Controllers\Clients))
#7 C:\xampp\htdocs\wholesales\client-report\system\CodeIgniter.php(318): CodeIgniter\CodeIgniter->handleRequest(NULL, Object(Config\Cache), false)
#8 C:\xampp\htdocs\wholesales\client-report\public\index.php(37): CodeIgniter\CodeIgniter->run()
#9 C:\xampp\htdocs\wholesales\client-report\system\Commands\Server\rewrite.php(43): require_once('C:\\xampp\\htdocs...')
#10 {main}
ERROR - 2022-01-30 20:05:04 --> Unknown column 'investments.id' in 'order clause'
CRITICAL - 2022-01-30 20:05:04 --> Unknown column 'investments.id' in 'order clause'
#0 C:\xampp\htdocs\wholesales\client-report\system\Database\MySQLi\Connection.php(292): mysqli->query('SELECT SUM(cost...', 0)
#1 C:\xampp\htdocs\wholesales\client-report\system\Database\BaseConnection.php(670): CodeIgniter\Database\MySQLi\Connection->execute('SELECT SUM(cost...')
#2 C:\xampp\htdocs\wholesales\client-report\system\Database\BaseConnection.php(598): CodeIgniter\Database\BaseConnection->simpleQuery('SELECT SUM(cost...')
#3 C:\xampp\htdocs\wholesales\client-report\app\Models\ReportModel.php(151): CodeIgniter\Database\BaseConnection->query('SELECT SUM(cost...')
#4 C:\xampp\htdocs\wholesales\client-report\app\Controllers\Clients.php(211): App\Models\ReportModel->getClientCostLeft('9')
#5 C:\xampp\htdocs\wholesales\client-report\system\CodeIgniter.php(824): App\Controllers\Clients->getStarted()
#6 C:\xampp\htdocs\wholesales\client-report\system\CodeIgniter.php(410): CodeIgniter\CodeIgniter->runController(Object(App\Controllers\Clients))
#7 C:\xampp\htdocs\wholesales\client-report\system\CodeIgniter.php(318): CodeIgniter\CodeIgniter->handleRequest(NULL, Object(Config\Cache), false)
#8 C:\xampp\htdocs\wholesales\client-report\public\index.php(37): CodeIgniter\CodeIgniter->run()
#9 C:\xampp\htdocs\wholesales\client-report\system\Commands\Server\rewrite.php(43): require_once('C:\\xampp\\htdocs...')
#10 {main}
CRITICAL - 2022-01-30 20:19:59 --> unlink(files/1641741065Janice Valencia - Family Ecommere LLC (Elite) - $10K - 01_07_2022.xlsx): No such file or directory
#0 [internal function]: CodeIgniter\Debug\Exceptions->errorHandler(2, 'unlink(files/16...', 'C:\\xampp\\htdocs...', 183, Array)
#1 C:\xampp\htdocs\wholesales\client-report\app\Controllers\Admin\Reports.php(183): unlink('files/164174106...')
#2 C:\xampp\htdocs\wholesales\client-report\system\CodeIgniter.php(824): App\Controllers\Admin\Reports->deleteReport('737')
#3 C:\xampp\htdocs\wholesales\client-report\system\CodeIgniter.php(410): CodeIgniter\CodeIgniter->runController(Object(App\Controllers\Admin\Reports))
#4 C:\xampp\htdocs\wholesales\client-report\system\CodeIgniter.php(318): CodeIgniter\CodeIgniter->handleRequest(NULL, Object(Config\Cache), false)
#5 C:\xampp\htdocs\wholesales\client-report\public\index.php(37): CodeIgniter\CodeIgniter->run()
#6 C:\xampp\htdocs\wholesales\client-report\system\Commands\Server\rewrite.php(43): require_once('C:\\xampp\\htdocs...')
#7 {main}
CRITICAL - 2022-01-30 20:21:08 --> Trying to get property 'file' of non-object
#0 C:\xampp\htdocs\wholesales\client-report\app\Models\ReportModel.php(145): CodeIgniter\Debug\Exceptions->errorHandler(8, 'Trying to get p...', 'C:\\xampp\\htdocs...', 145, Array)
#1 C:\xampp\htdocs\wholesales\client-report\app\Controllers\Admin\Reports.php(181): App\Models\ReportModel->getFileManifest('742')
#2 C:\xampp\htdocs\wholesales\client-report\system\CodeIgniter.php(824): App\Controllers\Admin\Reports->deleteReport('742')
#3 C:\xampp\htdocs\wholesales\client-report\system\CodeIgniter.php(410): CodeIgniter\CodeIgniter->runController(Object(App\Controllers\Admin\Reports))
#4 C:\xampp\htdocs\wholesales\client-report\system\CodeIgniter.php(318): CodeIgniter\CodeIgniter->handleRequest(NULL, Object(Config\Cache), false)
#5 C:\xampp\htdocs\wholesales\client-report\public\index.php(37): CodeIgniter\CodeIgniter->run()
#6 C:\xampp\htdocs\wholesales\client-report\system\Commands\Server\rewrite.php(43): require_once('C:\\xampp\\htdocs...')
#7 {main}
CRITICAL - 2022-01-30 20:21:32 --> Trying to access array offset on value of type null
#0 C:\xampp\htdocs\wholesales\client-report\app\Models\ReportModel.php(145): CodeIgniter\Debug\Exceptions->errorHandler(8, 'Trying to acces...', 'C:\\xampp\\htdocs...', 145, Array)
#1 C:\xampp\htdocs\wholesales\client-report\app\Controllers\Admin\Reports.php(181): App\Models\ReportModel->getFileManifest('742')
#2 C:\xampp\htdocs\wholesales\client-report\system\CodeIgniter.php(824): App\Controllers\Admin\Reports->deleteReport('742')
#3 C:\xampp\htdocs\wholesales\client-report\system\CodeIgniter.php(410): CodeIgniter\CodeIgniter->runController(Object(App\Controllers\Admin\Reports))
#4 C:\xampp\htdocs\wholesales\client-report\system\CodeIgniter.php(318): CodeIgniter\CodeIgniter->handleRequest(NULL, Object(Config\Cache), false)
#5 C:\xampp\htdocs\wholesales\client-report\public\index.php(37): CodeIgniter\CodeIgniter->run()
#6 C:\xampp\htdocs\wholesales\client-report\system\Commands\Server\rewrite.php(43): require_once('C:\\xampp\\htdocs...')
#7 {main}
CRITICAL - 2022-01-30 20:21:50 --> syntax error, unexpected 'unlink' (T_STRING)
#0 C:\xampp\htdocs\wholesales\client-report\system\Autoloader\Autoloader.php(241): CodeIgniter\Autoloader\Autoloader->includeFile('C:\\xampp\\htdocs...')
#1 C:\xampp\htdocs\wholesales\client-report\system\Autoloader\Autoloader.php(219): CodeIgniter\Autoloader\Autoloader->loadInNamespace('App\\Controllers...')
#2 [internal function]: CodeIgniter\Autoloader\Autoloader->loadClass('App\\Controllers...')
#3 [internal function]: spl_autoload_call('App\\Controllers...')
#4 C:\xampp\htdocs\wholesales\client-report\system\CodeIgniter.php(789): class_exists('\\App\\Controller...', true)
#5 C:\xampp\htdocs\wholesales\client-report\system\CodeIgniter.php(397): CodeIgniter\CodeIgniter->startController()
#6 C:\xampp\htdocs\wholesales\client-report\system\CodeIgniter.php(318): CodeIgniter\CodeIgniter->handleRequest(NULL, Object(Config\Cache), false)
#7 C:\xampp\htdocs\wholesales\client-report\public\index.php(37): CodeIgniter\CodeIgniter->run()
#8 C:\xampp\htdocs\wholesales\client-report\system\Commands\Server\rewrite.php(43): require_once('C:\\xampp\\htdocs...')
#9 {main}
