CRITICAL - 2023-02-02 18:57:13 --> {
  "error": {
    "code": 429,
    "message": "Quota exceeded for quota metric 'Read requests' and limit 'Read requests per minute per user' of service 'sheets.googleapis.com' for consumer 'project_number:497024862437'.",
    "errors": [
      {
        "message": "Quota exceeded for quota metric 'Read requests' and limit 'Read requests per minute per user' of service 'sheets.googleapis.com' for consumer 'project_number:497024862437'.",
        "domain": "global",
        "reason": "rateLimitExceeded"
      }
    ],
    "status": "RESOURCE_EXHAUSTED",
    "details": [
      {
        "@type": "type.googleapis.com/google.rpc.ErrorInfo",
        "reason": "RATE_LIMIT_EXCEEDED",
        "domain": "googleapis.com",
        "metadata": {
          "quota_limit_value": "60",
          "quota_metric": "sheets.googleapis.com/read_requests",
          "service": "sheets.googleapis.com",
          "consumer": "projects/497024862437",
          "quota_limit": "ReadRequestsPerMinutePerUser",
          "quota_location": "global"
        }
      },
      {
        "@type": "type.googleapis.com/google.rpc.Help",
        "links": [
          {
            "description": "Request a higher quota limit.",
            "url": "https://cloud.google.com/docs/quota#requesting_higher_quota"
          }
        ]
      }
    ]
  }
}

#0 /Applications/MAMP/htdocs/smartwholesale/client-report/vendor/google/apiclient/src/Http/REST.php(107): Google\Http\REST::decodeHttpResponse(Object(GuzzleHttp\Psr7\Response), Object(GuzzleHttp\Psr7\Request), 'Google\\Service\\...')
#1 [internal function]: Google\Http\REST::doExecute(Object(GuzzleHttp\Client), Object(GuzzleHttp\Psr7\Request), 'Google\\Service\\...')
#2 /Applications/MAMP/htdocs/smartwholesale/client-report/vendor/google/apiclient/src/Task/Runner.php(187): call_user_func_array(Array, Array)
#3 /Applications/MAMP/htdocs/smartwholesale/client-report/vendor/google/apiclient/src/Http/REST.php(66): Google\Task\Runner->run()
#4 /Applications/MAMP/htdocs/smartwholesale/client-report/vendor/google/apiclient/src/Client.php(921): Google\Http\REST::execute(Object(GuzzleHttp\Client), Object(GuzzleHttp\Psr7\Request), 'Google\\Service\\...', Array, NULL)
#5 /Applications/MAMP/htdocs/smartwholesale/client-report/vendor/google/apiclient/src/Service/Resource.php(238): Google\Client->execute(Object(GuzzleHttp\Psr7\Request), 'Google\\Service\\...')
#6 /Applications/MAMP/htdocs/smartwholesale/client-report/vendor/google/apiclient-services/src/Sheets/Resource/SpreadsheetsValues.php(241): Google\Service\Resource->call('get', Array, 'Google\\Service\\...')
#7 /Applications/MAMP/htdocs/smartwholesale/client-report/app/Controllers/Logs.php(299): Google\Service\Sheets\Resource\SpreadsheetsValues->get('1OZKEhz_a7s2brj...', 'Sheet1')
#8 /Applications/MAMP/htdocs/smartwholesale/client-report/system/CodeIgniter.php(824): App\Controllers\Logs->testAPI()
#9 /Applications/MAMP/htdocs/smartwholesale/client-report/system/CodeIgniter.php(410): CodeIgniter\CodeIgniter->runController(Object(App\Controllers\Logs))
#10 /Applications/MAMP/htdocs/smartwholesale/client-report/system/CodeIgniter.php(318): CodeIgniter\CodeIgniter->handleRequest(NULL, Object(Config\Cache), false)
#11 /Applications/MAMP/htdocs/smartwholesale/client-report/public/index.php(37): CodeIgniter\CodeIgniter->run()
#12 /Applications/MAMP/htdocs/smartwholesale/client-report/system/Commands/Server/rewrite.php(43): require_once('/Applications/M...')
#13 {main}
CRITICAL - 2023-02-02 22:25:22 --> Call to undefined method CodeIgniter\Database\MySQLi\Result::row()
#0 /Applications/MAMP/htdocs/smartwholesale/client-report/system/CodeIgniter.php(824): App\Controllers\Logs->testAPI()
#1 /Applications/MAMP/htdocs/smartwholesale/client-report/system/CodeIgniter.php(410): CodeIgniter\CodeIgniter->runController(Object(App\Controllers\Logs))
#2 /Applications/MAMP/htdocs/smartwholesale/client-report/system/CodeIgniter.php(318): CodeIgniter\CodeIgniter->handleRequest(NULL, Object(Config\Cache), false)
#3 /Applications/MAMP/htdocs/smartwholesale/client-report/public/index.php(37): CodeIgniter\CodeIgniter->run()
#4 /Applications/MAMP/htdocs/smartwholesale/client-report/system/Commands/Server/rewrite.php(43): require_once('/Applications/M...')
#5 {main}
CRITICAL - 2023-02-02 22:45:56 --> Call to undefined method stdClass::getNumRows()
#0 /Applications/MAMP/htdocs/smartwholesale/client-report/system/CodeIgniter.php(824): App\Controllers\Logs->testAPI()
#1 /Applications/MAMP/htdocs/smartwholesale/client-report/system/CodeIgniter.php(410): CodeIgniter\CodeIgniter->runController(Object(App\Controllers\Logs))
#2 /Applications/MAMP/htdocs/smartwholesale/client-report/system/CodeIgniter.php(318): CodeIgniter\CodeIgniter->handleRequest(NULL, Object(Config\Cache), false)
#3 /Applications/MAMP/htdocs/smartwholesale/client-report/public/index.php(37): CodeIgniter\CodeIgniter->run()
#4 /Applications/MAMP/htdocs/smartwholesale/client-report/system/Commands/Server/rewrite.php(43): require_once('/Applications/M...')
#5 {main}
CRITICAL - 2023-02-02 22:46:23 --> count(): Parameter must be an array or an object that implements Countable
#0 [internal function]: CodeIgniter\Debug\Exceptions->errorHandler(2, 'count(): Parame...', '/Applications/M...', 304, Array)
#1 /Applications/MAMP/htdocs/smartwholesale/client-report/app/Controllers/Logs.php(304): count(Object(stdClass))
#2 /Applications/MAMP/htdocs/smartwholesale/client-report/system/CodeIgniter.php(824): App\Controllers\Logs->testAPI()
#3 /Applications/MAMP/htdocs/smartwholesale/client-report/system/CodeIgniter.php(410): CodeIgniter\CodeIgniter->runController(Object(App\Controllers\Logs))
#4 /Applications/MAMP/htdocs/smartwholesale/client-report/system/CodeIgniter.php(318): CodeIgniter\CodeIgniter->handleRequest(NULL, Object(Config\Cache), false)
#5 /Applications/MAMP/htdocs/smartwholesale/client-report/public/index.php(37): CodeIgniter\CodeIgniter->run()
#6 /Applications/MAMP/htdocs/smartwholesale/client-report/system/Commands/Server/rewrite.php(43): require_once('/Applications/M...')
#7 {main}
CRITICAL - 2023-02-02 22:46:46 --> Object of class stdClass could not be converted to int
#0 /Applications/MAMP/htdocs/smartwholesale/client-report/app/Controllers/Logs.php(304): CodeIgniter\Debug\Exceptions->errorHandler(8, 'Object of class...', '/Applications/M...', 304, Array)
#1 /Applications/MAMP/htdocs/smartwholesale/client-report/system/CodeIgniter.php(824): App\Controllers\Logs->testAPI()
#2 /Applications/MAMP/htdocs/smartwholesale/client-report/system/CodeIgniter.php(410): CodeIgniter\CodeIgniter->runController(Object(App\Controllers\Logs))
#3 /Applications/MAMP/htdocs/smartwholesale/client-report/system/CodeIgniter.php(318): CodeIgniter\CodeIgniter->handleRequest(NULL, Object(Config\Cache), false)
#4 /Applications/MAMP/htdocs/smartwholesale/client-report/public/index.php(37): CodeIgniter\CodeIgniter->run()
#5 /Applications/MAMP/htdocs/smartwholesale/client-report/system/Commands/Server/rewrite.php(43): require_once('/Applications/M...')
#6 {main}
CRITICAL - 2023-02-02 22:48:09 --> Array to string conversion
#0 /Applications/MAMP/htdocs/smartwholesale/client-report/app/Controllers/Logs.php(342): CodeIgniter\Debug\Exceptions->errorHandler(8, 'Array to string...', '/Applications/M...', 342, Array)
#1 /Applications/MAMP/htdocs/smartwholesale/client-report/system/CodeIgniter.php(824): App\Controllers\Logs->testAPI()
#2 /Applications/MAMP/htdocs/smartwholesale/client-report/system/CodeIgniter.php(410): CodeIgniter\CodeIgniter->runController(Object(App\Controllers\Logs))
#3 /Applications/MAMP/htdocs/smartwholesale/client-report/system/CodeIgniter.php(318): CodeIgniter\CodeIgniter->handleRequest(NULL, Object(Config\Cache), false)
#4 /Applications/MAMP/htdocs/smartwholesale/client-report/public/index.php(37): CodeIgniter\CodeIgniter->run()
#5 /Applications/MAMP/htdocs/smartwholesale/client-report/system/Commands/Server/rewrite.php(43): require_once('/Applications/M...')
#6 {main}
CRITICAL - 2023-02-02 22:49:59 --> Undefined offset: 4
#0 /Applications/MAMP/htdocs/smartwholesale/client-report/app/Controllers/Logs.php(313): CodeIgniter\Debug\Exceptions->errorHandler(8, 'Undefined offse...', '/Applications/M...', 313, Array)
#1 /Applications/MAMP/htdocs/smartwholesale/client-report/system/CodeIgniter.php(824): App\Controllers\Logs->testAPI()
#2 /Applications/MAMP/htdocs/smartwholesale/client-report/system/CodeIgniter.php(410): CodeIgniter\CodeIgniter->runController(Object(App\Controllers\Logs))
#3 /Applications/MAMP/htdocs/smartwholesale/client-report/system/CodeIgniter.php(318): CodeIgniter\CodeIgniter->handleRequest(NULL, Object(Config\Cache), false)
#4 /Applications/MAMP/htdocs/smartwholesale/client-report/public/index.php(37): CodeIgniter\CodeIgniter->run()
#5 /Applications/MAMP/htdocs/smartwholesale/client-report/system/Commands/Server/rewrite.php(43): require_once('/Applications/M...')
#6 {main}
CRITICAL - 2023-02-02 23:42:29 --> There is no data to insert.
#0 /Applications/MAMP/htdocs/smartwholesale/client-report/system/BaseModel.php(718): CodeIgniter\Database\Exceptions\DataException::forEmptyDataset('insert')
#1 /Applications/MAMP/htdocs/smartwholesale/client-report/system/Model.php(620): CodeIgniter\BaseModel->insert(Array, false)
#2 /Applications/MAMP/htdocs/smartwholesale/client-report/system/BaseModel.php(658): CodeIgniter\Model->insert(Array, false)
#3 /Applications/MAMP/htdocs/smartwholesale/client-report/app/Controllers/Logs.php(332): CodeIgniter\BaseModel->save(Array)
#4 /Applications/MAMP/htdocs/smartwholesale/client-report/system/CodeIgniter.php(824): App\Controllers\Logs->testAPI()
#5 /Applications/MAMP/htdocs/smartwholesale/client-report/system/CodeIgniter.php(410): CodeIgniter\CodeIgniter->runController(Object(App\Controllers\Logs))
#6 /Applications/MAMP/htdocs/smartwholesale/client-report/system/CodeIgniter.php(318): CodeIgniter\CodeIgniter->handleRequest(NULL, Object(Config\Cache), false)
#7 /Applications/MAMP/htdocs/smartwholesale/client-report/public/index.php(37): CodeIgniter\CodeIgniter->run()
#8 /Applications/MAMP/htdocs/smartwholesale/client-report/system/Commands/Server/rewrite.php(43): require_once('/Applications/M...')
#9 {main}
