CRITICAL - 2022-02-02 02:18:23 --> Trying to get property 'role' of non-object
#0 C:\xampp\htdocs\wholesales\client-report\app\Controllers\VA\Reports.php(540): CodeIgniter\Debug\Exceptions->errorHandler(8, 'Trying to get p...', 'C:\\xampp\\htdocs...', 540, Array)
#1 C:\xampp\htdocs\wholesales\client-report\system\CodeIgniter.php(824): App\Controllers\VA\Reports->assignmentReportProcess()
#2 C:\xampp\htdocs\wholesales\client-report\system\CodeIgniter.php(410): CodeIgniter\CodeIgniter->runController(Object(App\Controllers\VA\Reports))
#3 C:\xampp\htdocs\wholesales\client-report\system\CodeIgniter.php(318): CodeIgniter\CodeIgniter->handleRequest(NULL, Object(Config\Cache), false)
#4 C:\xampp\htdocs\wholesales\client-report\public\index.php(37): CodeIgniter\CodeIgniter->run()
#5 C:\xampp\htdocs\wholesales\client-report\system\Commands\Server\rewrite.php(43): require_once('C:\\xampp\\htdocs...')
#6 {main}
CRITICAL - 2022-02-02 02:19:04 --> Undefined index: status
#0 C:\xampp\htdocs\wholesales\client-report\app\Controllers\Admin\Reports.php(519): CodeIgniter\Debug\Exceptions->errorHandler(8, 'Undefined index...', 'C:\\xampp\\htdocs...', 519, Array)
#1 C:\xampp\htdocs\wholesales\client-report\system\CodeIgniter.php(824): App\Controllers\Admin\Reports->saveAssignmentProcess()
#2 C:\xampp\htdocs\wholesales\client-report\system\CodeIgniter.php(410): CodeIgniter\CodeIgniter->runController(Object(App\Controllers\Admin\Reports))
#3 C:\xampp\htdocs\wholesales\client-report\system\CodeIgniter.php(318): CodeIgniter\CodeIgniter->handleRequest(NULL, Object(Config\Cache), false)
#4 C:\xampp\htdocs\wholesales\client-report\public\index.php(37): CodeIgniter\CodeIgniter->run()
#5 C:\xampp\htdocs\wholesales\client-report\system\Commands\Server\rewrite.php(43): require_once('C:\\xampp\\htdocs...')
#6 {main}
CRITICAL - 2022-02-02 02:19:48 --> Undefined index: status
#0 C:\xampp\htdocs\wholesales\client-report\app\Controllers\Admin\Reports.php(520): CodeIgniter\Debug\Exceptions->errorHandler(8, 'Undefined index...', 'C:\\xampp\\htdocs...', 520, Array)
#1 C:\xampp\htdocs\wholesales\client-report\system\CodeIgniter.php(824): App\Controllers\Admin\Reports->saveAssignmentProcess()
#2 C:\xampp\htdocs\wholesales\client-report\system\CodeIgniter.php(410): CodeIgniter\CodeIgniter->runController(Object(App\Controllers\Admin\Reports))
#3 C:\xampp\htdocs\wholesales\client-report\system\CodeIgniter.php(318): CodeIgniter\CodeIgniter->handleRequest(NULL, Object(Config\Cache), false)
#4 C:\xampp\htdocs\wholesales\client-report\public\index.php(37): CodeIgniter\CodeIgniter->run()
#5 C:\xampp\htdocs\wholesales\client-report\system\Commands\Server\rewrite.php(43): require_once('C:\\xampp\\htdocs...')
#6 {main}
CRITICAL - 2022-02-02 02:21:13 --> Undefined index: status
#0 C:\xampp\htdocs\wholesales\client-report\app\Controllers\Admin\Reports.php(519): CodeIgniter\Debug\Exceptions->errorHandler(8, 'Undefined index...', 'C:\\xampp\\htdocs...', 519, Array)
#1 C:\xampp\htdocs\wholesales\client-report\system\CodeIgniter.php(824): App\Controllers\Admin\Reports->saveAssignmentProcess()
#2 C:\xampp\htdocs\wholesales\client-report\system\CodeIgniter.php(410): CodeIgniter\CodeIgniter->runController(Object(App\Controllers\Admin\Reports))
#3 C:\xampp\htdocs\wholesales\client-report\system\CodeIgniter.php(318): CodeIgniter\CodeIgniter->handleRequest(NULL, Object(Config\Cache), false)
#4 C:\xampp\htdocs\wholesales\client-report\public\index.php(37): CodeIgniter\CodeIgniter->run()
#5 C:\xampp\htdocs\wholesales\client-report\system\Commands\Server\rewrite.php(43): require_once('C:\\xampp\\htdocs...')
#6 {main}
CRITICAL - 2022-02-02 02:21:22 --> Undefined index: status
#0 C:\xampp\htdocs\wholesales\client-report\app\Controllers\Admin\Reports.php(519): CodeIgniter\Debug\Exceptions->errorHandler(8, 'Undefined index...', 'C:\\xampp\\htdocs...', 519, Array)
#1 C:\xampp\htdocs\wholesales\client-report\system\CodeIgniter.php(824): App\Controllers\Admin\Reports->saveAssignmentProcess()
#2 C:\xampp\htdocs\wholesales\client-report\system\CodeIgniter.php(410): CodeIgniter\CodeIgniter->runController(Object(App\Controllers\Admin\Reports))
#3 C:\xampp\htdocs\wholesales\client-report\system\CodeIgniter.php(318): CodeIgniter\CodeIgniter->handleRequest(NULL, Object(Config\Cache), false)
#4 C:\xampp\htdocs\wholesales\client-report\public\index.php(37): CodeIgniter\CodeIgniter->run()
#5 C:\xampp\htdocs\wholesales\client-report\system\Commands\Server\rewrite.php(43): require_once('C:\\xampp\\htdocs...')
#6 {main}
CRITICAL - 2022-02-02 02:21:28 --> Undefined index: status
#0 C:\xampp\htdocs\wholesales\client-report\app\Controllers\Admin\Reports.php(523): CodeIgniter\Debug\Exceptions->errorHandler(8, 'Undefined index...', 'C:\\xampp\\htdocs...', 523, Array)
#1 C:\xampp\htdocs\wholesales\client-report\system\CodeIgniter.php(824): App\Controllers\Admin\Reports->saveAssignmentProcess()
#2 C:\xampp\htdocs\wholesales\client-report\system\CodeIgniter.php(410): CodeIgniter\CodeIgniter->runController(Object(App\Controllers\Admin\Reports))
#3 C:\xampp\htdocs\wholesales\client-report\system\CodeIgniter.php(318): CodeIgniter\CodeIgniter->handleRequest(NULL, Object(Config\Cache), false)
#4 C:\xampp\htdocs\wholesales\client-report\public\index.php(37): CodeIgniter\CodeIgniter->run()
#5 C:\xampp\htdocs\wholesales\client-report\system\Commands\Server\rewrite.php(43): require_once('C:\\xampp\\htdocs...')
#6 {main}
CRITICAL - 2022-02-02 02:21:46 --> Undefined index: status
#0 C:\xampp\htdocs\wholesales\client-report\app\Controllers\Admin\Reports.php(519): CodeIgniter\Debug\Exceptions->errorHandler(8, 'Undefined index...', 'C:\\xampp\\htdocs...', 519, Array)
#1 C:\xampp\htdocs\wholesales\client-report\system\CodeIgniter.php(824): App\Controllers\Admin\Reports->saveAssignmentProcess()
#2 C:\xampp\htdocs\wholesales\client-report\system\CodeIgniter.php(410): CodeIgniter\CodeIgniter->runController(Object(App\Controllers\Admin\Reports))
#3 C:\xampp\htdocs\wholesales\client-report\system\CodeIgniter.php(318): CodeIgniter\CodeIgniter->handleRequest(NULL, Object(Config\Cache), false)
#4 C:\xampp\htdocs\wholesales\client-report\public\index.php(37): CodeIgniter\CodeIgniter->run()
#5 C:\xampp\htdocs\wholesales\client-report\system\Commands\Server\rewrite.php(43): require_once('C:\\xampp\\htdocs...')
#6 {main}
CRITICAL - 2022-02-02 02:22:15 --> Undefined index: status
#0 C:\xampp\htdocs\wholesales\client-report\app\Controllers\Admin\Reports.php(519): CodeIgniter\Debug\Exceptions->errorHandler(8, 'Undefined index...', 'C:\\xampp\\htdocs...', 519, Array)
#1 C:\xampp\htdocs\wholesales\client-report\system\CodeIgniter.php(824): App\Controllers\Admin\Reports->saveAssignmentProcess()
#2 C:\xampp\htdocs\wholesales\client-report\system\CodeIgniter.php(410): CodeIgniter\CodeIgniter->runController(Object(App\Controllers\Admin\Reports))
#3 C:\xampp\htdocs\wholesales\client-report\system\CodeIgniter.php(318): CodeIgniter\CodeIgniter->handleRequest(NULL, Object(Config\Cache), false)
#4 C:\xampp\htdocs\wholesales\client-report\public\index.php(37): CodeIgniter\CodeIgniter->run()
#5 C:\xampp\htdocs\wholesales\client-report\system\Commands\Server\rewrite.php(43): require_once('C:\\xampp\\htdocs...')
#6 {main}
CRITICAL - 2022-02-02 02:46:55 --> Undefined index: check
#0 C:\xampp\htdocs\wholesales\client-report\app\Controllers\Admin\Reports.php(671): CodeIgniter\Debug\Exceptions->errorHandler(8, 'Undefined index...', 'C:\\xampp\\htdocs...', 671, Array)
#1 C:\xampp\htdocs\wholesales\client-report\system\CodeIgniter.php(824): App\Controllers\Admin\Reports->saveBoxDetails()
#2 C:\xampp\htdocs\wholesales\client-report\system\CodeIgniter.php(410): CodeIgniter\CodeIgniter->runController(Object(App\Controllers\Admin\Reports))
#3 C:\xampp\htdocs\wholesales\client-report\system\CodeIgniter.php(318): CodeIgniter\CodeIgniter->handleRequest(NULL, Object(Config\Cache), false)
#4 C:\xampp\htdocs\wholesales\client-report\public\index.php(37): CodeIgniter\CodeIgniter->run()
#5 C:\xampp\htdocs\wholesales\client-report\system\Commands\Server\rewrite.php(43): require_once('C:\\xampp\\htdocs...')
#6 {main}
CRITICAL - 2022-02-02 02:47:02 --> Undefined index: check
#0 C:\xampp\htdocs\wholesales\client-report\app\Controllers\Admin\Reports.php(671): CodeIgniter\Debug\Exceptions->errorHandler(8, 'Undefined index...', 'C:\\xampp\\htdocs...', 671, Array)
#1 C:\xampp\htdocs\wholesales\client-report\system\CodeIgniter.php(824): App\Controllers\Admin\Reports->saveBoxDetails()
#2 C:\xampp\htdocs\wholesales\client-report\system\CodeIgniter.php(410): CodeIgniter\CodeIgniter->runController(Object(App\Controllers\Admin\Reports))
#3 C:\xampp\htdocs\wholesales\client-report\system\CodeIgniter.php(318): CodeIgniter\CodeIgniter->handleRequest(NULL, Object(Config\Cache), false)
#4 C:\xampp\htdocs\wholesales\client-report\public\index.php(37): CodeIgniter\CodeIgniter->run()
#5 C:\xampp\htdocs\wholesales\client-report\system\Commands\Server\rewrite.php(43): require_once('C:\\xampp\\htdocs...')
#6 {main}
CRITICAL - 2022-02-02 02:47:02 --> Undefined index: check
#0 C:\xampp\htdocs\wholesales\client-report\app\Controllers\Admin\Reports.php(671): CodeIgniter\Debug\Exceptions->errorHandler(8, 'Undefined index...', 'C:\\xampp\\htdocs...', 671, Array)
#1 C:\xampp\htdocs\wholesales\client-report\system\CodeIgniter.php(824): App\Controllers\Admin\Reports->saveBoxDetails()
#2 C:\xampp\htdocs\wholesales\client-report\system\CodeIgniter.php(410): CodeIgniter\CodeIgniter->runController(Object(App\Controllers\Admin\Reports))
#3 C:\xampp\htdocs\wholesales\client-report\system\CodeIgniter.php(318): CodeIgniter\CodeIgniter->handleRequest(NULL, Object(Config\Cache), false)
#4 C:\xampp\htdocs\wholesales\client-report\public\index.php(37): CodeIgniter\CodeIgniter->run()
#5 C:\xampp\htdocs\wholesales\client-report\system\Commands\Server\rewrite.php(43): require_once('C:\\xampp\\htdocs...')
#6 {main}
CRITICAL - 2022-02-02 02:47:05 --> Undefined index: check
#0 C:\xampp\htdocs\wholesales\client-report\app\Controllers\Admin\Reports.php(671): CodeIgniter\Debug\Exceptions->errorHandler(8, 'Undefined index...', 'C:\\xampp\\htdocs...', 671, Array)
#1 C:\xampp\htdocs\wholesales\client-report\system\CodeIgniter.php(824): App\Controllers\Admin\Reports->saveBoxDetails()
#2 C:\xampp\htdocs\wholesales\client-report\system\CodeIgniter.php(410): CodeIgniter\CodeIgniter->runController(Object(App\Controllers\Admin\Reports))
#3 C:\xampp\htdocs\wholesales\client-report\system\CodeIgniter.php(318): CodeIgniter\CodeIgniter->handleRequest(NULL, Object(Config\Cache), false)
#4 C:\xampp\htdocs\wholesales\client-report\public\index.php(37): CodeIgniter\CodeIgniter->run()
#5 C:\xampp\htdocs\wholesales\client-report\system\Commands\Server\rewrite.php(43): require_once('C:\\xampp\\htdocs...')
#6 {main}
CRITICAL - 2022-02-02 02:47:19 --> Undefined index: check
#0 C:\xampp\htdocs\wholesales\client-report\app\Controllers\Admin\Reports.php(671): CodeIgniter\Debug\Exceptions->errorHandler(8, 'Undefined index...', 'C:\\xampp\\htdocs...', 671, Array)
#1 C:\xampp\htdocs\wholesales\client-report\system\CodeIgniter.php(824): App\Controllers\Admin\Reports->saveBoxDetails()
#2 C:\xampp\htdocs\wholesales\client-report\system\CodeIgniter.php(410): CodeIgniter\CodeIgniter->runController(Object(App\Controllers\Admin\Reports))
#3 C:\xampp\htdocs\wholesales\client-report\system\CodeIgniter.php(318): CodeIgniter\CodeIgniter->handleRequest(NULL, Object(Config\Cache), false)
#4 C:\xampp\htdocs\wholesales\client-report\public\index.php(37): CodeIgniter\CodeIgniter->run()
#5 C:\xampp\htdocs\wholesales\client-report\system\Commands\Server\rewrite.php(43): require_once('C:\\xampp\\htdocs...')
#6 {main}
CRITICAL - 2022-02-02 02:47:58 --> Undefined index: check
#0 C:\xampp\htdocs\wholesales\client-report\app\Controllers\Admin\Reports.php(671): CodeIgniter\Debug\Exceptions->errorHandler(8, 'Undefined index...', 'C:\\xampp\\htdocs...', 671, Array)
#1 C:\xampp\htdocs\wholesales\client-report\system\CodeIgniter.php(824): App\Controllers\Admin\Reports->saveBoxDetails()
#2 C:\xampp\htdocs\wholesales\client-report\system\CodeIgniter.php(410): CodeIgniter\CodeIgniter->runController(Object(App\Controllers\Admin\Reports))
#3 C:\xampp\htdocs\wholesales\client-report\system\CodeIgniter.php(318): CodeIgniter\CodeIgniter->handleRequest(NULL, Object(Config\Cache), false)
#4 C:\xampp\htdocs\wholesales\client-report\public\index.php(37): CodeIgniter\CodeIgniter->run()
#5 C:\xampp\htdocs\wholesales\client-report\system\Commands\Server\rewrite.php(43): require_once('C:\\xampp\\htdocs...')
#6 {main}
CRITICAL - 2022-02-02 02:49:05 --> Undefined index: check
#0 C:\xampp\htdocs\wholesales\client-report\app\Controllers\Admin\Reports.php(671): CodeIgniter\Debug\Exceptions->errorHandler(8, 'Undefined index...', 'C:\\xampp\\htdocs...', 671, Array)
#1 C:\xampp\htdocs\wholesales\client-report\system\CodeIgniter.php(824): App\Controllers\Admin\Reports->saveBoxDetails()
#2 C:\xampp\htdocs\wholesales\client-report\system\CodeIgniter.php(410): CodeIgniter\CodeIgniter->runController(Object(App\Controllers\Admin\Reports))
#3 C:\xampp\htdocs\wholesales\client-report\system\CodeIgniter.php(318): CodeIgniter\CodeIgniter->handleRequest(NULL, Object(Config\Cache), false)
#4 C:\xampp\htdocs\wholesales\client-report\public\index.php(37): CodeIgniter\CodeIgniter->run()
#5 C:\xampp\htdocs\wholesales\client-report\system\Commands\Server\rewrite.php(43): require_once('C:\\xampp\\htdocs...')
#6 {main}
CRITICAL - 2022-02-02 02:50:30 --> Undefined index: check
#0 C:\xampp\htdocs\wholesales\client-report\app\Controllers\Admin\Reports.php(671): CodeIgniter\Debug\Exceptions->errorHandler(8, 'Undefined index...', 'C:\\xampp\\htdocs...', 671, Array)
#1 C:\xampp\htdocs\wholesales\client-report\system\CodeIgniter.php(824): App\Controllers\Admin\Reports->saveBoxDetails()
#2 C:\xampp\htdocs\wholesales\client-report\system\CodeIgniter.php(410): CodeIgniter\CodeIgniter->runController(Object(App\Controllers\Admin\Reports))
#3 C:\xampp\htdocs\wholesales\client-report\system\CodeIgniter.php(318): CodeIgniter\CodeIgniter->handleRequest(NULL, Object(Config\Cache), false)
#4 C:\xampp\htdocs\wholesales\client-report\public\index.php(37): CodeIgniter\CodeIgniter->run()
#5 C:\xampp\htdocs\wholesales\client-report\system\Commands\Server\rewrite.php(43): require_once('C:\\xampp\\htdocs...')
#6 {main}
CRITICAL - 2022-02-02 02:50:30 --> Undefined index: check
#0 C:\xampp\htdocs\wholesales\client-report\app\Controllers\Admin\Reports.php(671): CodeIgniter\Debug\Exceptions->errorHandler(8, 'Undefined index...', 'C:\\xampp\\htdocs...', 671, Array)
#1 C:\xampp\htdocs\wholesales\client-report\system\CodeIgniter.php(824): App\Controllers\Admin\Reports->saveBoxDetails()
#2 C:\xampp\htdocs\wholesales\client-report\system\CodeIgniter.php(410): CodeIgniter\CodeIgniter->runController(Object(App\Controllers\Admin\Reports))
#3 C:\xampp\htdocs\wholesales\client-report\system\CodeIgniter.php(318): CodeIgniter\CodeIgniter->handleRequest(NULL, Object(Config\Cache), false)
#4 C:\xampp\htdocs\wholesales\client-report\public\index.php(37): CodeIgniter\CodeIgniter->run()
#5 C:\xampp\htdocs\wholesales\client-report\system\Commands\Server\rewrite.php(43): require_once('C:\\xampp\\htdocs...')
#6 {main}
CRITICAL - 2022-02-02 02:50:31 --> Undefined index: check
#0 C:\xampp\htdocs\wholesales\client-report\app\Controllers\Admin\Reports.php(671): CodeIgniter\Debug\Exceptions->errorHandler(8, 'Undefined index...', 'C:\\xampp\\htdocs...', 671, Array)
#1 C:\xampp\htdocs\wholesales\client-report\system\CodeIgniter.php(824): App\Controllers\Admin\Reports->saveBoxDetails()
#2 C:\xampp\htdocs\wholesales\client-report\system\CodeIgniter.php(410): CodeIgniter\CodeIgniter->runController(Object(App\Controllers\Admin\Reports))
#3 C:\xampp\htdocs\wholesales\client-report\system\CodeIgniter.php(318): CodeIgniter\CodeIgniter->handleRequest(NULL, Object(Config\Cache), false)
#4 C:\xampp\htdocs\wholesales\client-report\public\index.php(37): CodeIgniter\CodeIgniter->run()
#5 C:\xampp\htdocs\wholesales\client-report\system\Commands\Server\rewrite.php(43): require_once('C:\\xampp\\htdocs...')
#6 {main}
CRITICAL - 2022-02-02 02:50:31 --> Undefined index: check
#0 C:\xampp\htdocs\wholesales\client-report\app\Controllers\Admin\Reports.php(671): CodeIgniter\Debug\Exceptions->errorHandler(8, 'Undefined index...', 'C:\\xampp\\htdocs...', 671, Array)
#1 C:\xampp\htdocs\wholesales\client-report\system\CodeIgniter.php(824): App\Controllers\Admin\Reports->saveBoxDetails()
#2 C:\xampp\htdocs\wholesales\client-report\system\CodeIgniter.php(410): CodeIgniter\CodeIgniter->runController(Object(App\Controllers\Admin\Reports))
#3 C:\xampp\htdocs\wholesales\client-report\system\CodeIgniter.php(318): CodeIgniter\CodeIgniter->handleRequest(NULL, Object(Config\Cache), false)
#4 C:\xampp\htdocs\wholesales\client-report\public\index.php(37): CodeIgniter\CodeIgniter->run()
#5 C:\xampp\htdocs\wholesales\client-report\system\Commands\Server\rewrite.php(43): require_once('C:\\xampp\\htdocs...')
#6 {main}
CRITICAL - 2022-02-02 02:50:31 --> Undefined index: check
#0 C:\xampp\htdocs\wholesales\client-report\app\Controllers\Admin\Reports.php(671): CodeIgniter\Debug\Exceptions->errorHandler(8, 'Undefined index...', 'C:\\xampp\\htdocs...', 671, Array)
#1 C:\xampp\htdocs\wholesales\client-report\system\CodeIgniter.php(824): App\Controllers\Admin\Reports->saveBoxDetails()
#2 C:\xampp\htdocs\wholesales\client-report\system\CodeIgniter.php(410): CodeIgniter\CodeIgniter->runController(Object(App\Controllers\Admin\Reports))
#3 C:\xampp\htdocs\wholesales\client-report\system\CodeIgniter.php(318): CodeIgniter\CodeIgniter->handleRequest(NULL, Object(Config\Cache), false)
#4 C:\xampp\htdocs\wholesales\client-report\public\index.php(37): CodeIgniter\CodeIgniter->run()
#5 C:\xampp\htdocs\wholesales\client-report\system\Commands\Server\rewrite.php(43): require_once('C:\\xampp\\htdocs...')
#6 {main}
CRITICAL - 2022-02-02 02:50:31 --> Undefined index: check
#0 C:\xampp\htdocs\wholesales\client-report\app\Controllers\Admin\Reports.php(671): CodeIgniter\Debug\Exceptions->errorHandler(8, 'Undefined index...', 'C:\\xampp\\htdocs...', 671, Array)
#1 C:\xampp\htdocs\wholesales\client-report\system\CodeIgniter.php(824): App\Controllers\Admin\Reports->saveBoxDetails()
#2 C:\xampp\htdocs\wholesales\client-report\system\CodeIgniter.php(410): CodeIgniter\CodeIgniter->runController(Object(App\Controllers\Admin\Reports))
#3 C:\xampp\htdocs\wholesales\client-report\system\CodeIgniter.php(318): CodeIgniter\CodeIgniter->handleRequest(NULL, Object(Config\Cache), false)
#4 C:\xampp\htdocs\wholesales\client-report\public\index.php(37): CodeIgniter\CodeIgniter->run()
#5 C:\xampp\htdocs\wholesales\client-report\system\Commands\Server\rewrite.php(43): require_once('C:\\xampp\\htdocs...')
#6 {main}
CRITICAL - 2022-02-02 02:50:32 --> Undefined index: check
#0 C:\xampp\htdocs\wholesales\client-report\app\Controllers\Admin\Reports.php(671): CodeIgniter\Debug\Exceptions->errorHandler(8, 'Undefined index...', 'C:\\xampp\\htdocs...', 671, Array)
#1 C:\xampp\htdocs\wholesales\client-report\system\CodeIgniter.php(824): App\Controllers\Admin\Reports->saveBoxDetails()
#2 C:\xampp\htdocs\wholesales\client-report\system\CodeIgniter.php(410): CodeIgniter\CodeIgniter->runController(Object(App\Controllers\Admin\Reports))
#3 C:\xampp\htdocs\wholesales\client-report\system\CodeIgniter.php(318): CodeIgniter\CodeIgniter->handleRequest(NULL, Object(Config\Cache), false)
#4 C:\xampp\htdocs\wholesales\client-report\public\index.php(37): CodeIgniter\CodeIgniter->run()
#5 C:\xampp\htdocs\wholesales\client-report\system\Commands\Server\rewrite.php(43): require_once('C:\\xampp\\htdocs...')
#6 {main}
CRITICAL - 2022-02-02 03:43:34 --> Trying to get property 'role' of non-object
#0 C:\xampp\htdocs\wholesales\client-report\app\Controllers\Admin\Reports.php(353): CodeIgniter\Debug\Exceptions->errorHandler(8, 'Trying to get p...', 'C:\\xampp\\htdocs...', 353, Array)
#1 C:\xampp\htdocs\wholesales\client-report\system\CodeIgniter.php(824): App\Controllers\Admin\Reports->assignmentReport()
#2 C:\xampp\htdocs\wholesales\client-report\system\CodeIgniter.php(410): CodeIgniter\CodeIgniter->runController(Object(App\Controllers\Admin\Reports))
#3 C:\xampp\htdocs\wholesales\client-report\system\CodeIgniter.php(318): CodeIgniter\CodeIgniter->handleRequest(NULL, Object(Config\Cache), false)
#4 C:\xampp\htdocs\wholesales\client-report\public\index.php(37): CodeIgniter\CodeIgniter->run()
#5 C:\xampp\htdocs\wholesales\client-report\system\Commands\Server\rewrite.php(43): require_once('C:\\xampp\\htdocs...')
#6 {main}
CRITICAL - 2022-02-02 03:44:03 --> Undefined variable: getAllAssignReportPending
#0 C:\xampp\htdocs\wholesales\client-report\app\Controllers\Admin\Reports.php(361): CodeIgniter\Debug\Exceptions->errorHandler(8, 'Undefined varia...', 'C:\\xampp\\htdocs...', 361, Array)
#1 C:\xampp\htdocs\wholesales\client-report\system\CodeIgniter.php(824): App\Controllers\Admin\Reports->assignmentReport()
#2 C:\xampp\htdocs\wholesales\client-report\system\CodeIgniter.php(410): CodeIgniter\CodeIgniter->runController(Object(App\Controllers\Admin\Reports))
#3 C:\xampp\htdocs\wholesales\client-report\system\CodeIgniter.php(318): CodeIgniter\CodeIgniter->handleRequest(NULL, Object(Config\Cache), false)
#4 C:\xampp\htdocs\wholesales\client-report\public\index.php(37): CodeIgniter\CodeIgniter->run()
#5 C:\xampp\htdocs\wholesales\client-report\system\Commands\Server\rewrite.php(43): require_once('C:\\xampp\\htdocs...')
#6 {main}
CRITICAL - 2022-02-02 07:34:32 --> Undefined index: va_id
#0 C:\xampp\htdocs\wholesales\client-report\app\Views\administrator\assignment_report.php(97): CodeIgniter\Debug\Exceptions->errorHandler(8, 'Undefined index...', 'C:\\xampp\\htdocs...', 97, Array)
#1 C:\xampp\htdocs\wholesales\client-report\system\View\View.php(214): include('C:\\xampp\\htdocs...')
#2 C:\xampp\htdocs\wholesales\client-report\system\View\View.php(217): CodeIgniter\View\View->CodeIgniter\View\{closure}()
#3 C:\xampp\htdocs\wholesales\client-report\system\Common.php(1097): CodeIgniter\View\View->render('administrator/a...', Array, true)
#4 C:\xampp\htdocs\wholesales\client-report\app\Controllers\Admin\Reports.php(365): view('administrator/a...', Array)
#5 C:\xampp\htdocs\wholesales\client-report\system\CodeIgniter.php(824): App\Controllers\Admin\Reports->assignmentReport()
#6 C:\xampp\htdocs\wholesales\client-report\system\CodeIgniter.php(410): CodeIgniter\CodeIgniter->runController(Object(App\Controllers\Admin\Reports))
#7 C:\xampp\htdocs\wholesales\client-report\system\CodeIgniter.php(318): CodeIgniter\CodeIgniter->handleRequest(NULL, Object(Config\Cache), false)
#8 C:\xampp\htdocs\wholesales\client-report\public\index.php(37): CodeIgniter\CodeIgniter->run()
#9 C:\xampp\htdocs\wholesales\client-report\system\Commands\Server\rewrite.php(43): require_once('C:\\xampp\\htdocs...')
#10 {main}
CRITICAL - 2022-02-02 07:48:36 --> Undefined variable: va
#0 C:\xampp\htdocs\wholesales\client-report\app\Views\administrator\assignment_report.php(94): CodeIgniter\Debug\Exceptions->errorHandler(8, 'Undefined varia...', 'C:\\xampp\\htdocs...', 94, Array)
#1 C:\xampp\htdocs\wholesales\client-report\system\View\View.php(214): include('C:\\xampp\\htdocs...')
#2 C:\xampp\htdocs\wholesales\client-report\system\View\View.php(217): CodeIgniter\View\View->CodeIgniter\View\{closure}()
#3 C:\xampp\htdocs\wholesales\client-report\system\Common.php(1097): CodeIgniter\View\View->render('administrator/a...', Array, true)
#4 C:\xampp\htdocs\wholesales\client-report\app\Controllers\Admin\Reports.php(365): view('administrator/a...', Array)
#5 C:\xampp\htdocs\wholesales\client-report\system\CodeIgniter.php(824): App\Controllers\Admin\Reports->assignmentReport()
#6 C:\xampp\htdocs\wholesales\client-report\system\CodeIgniter.php(410): CodeIgniter\CodeIgniter->runController(Object(App\Controllers\Admin\Reports))
#7 C:\xampp\htdocs\wholesales\client-report\system\CodeIgniter.php(318): CodeIgniter\CodeIgniter->handleRequest(NULL, Object(Config\Cache), false)
#8 C:\xampp\htdocs\wholesales\client-report\public\index.php(37): CodeIgniter\CodeIgniter->run()
#9 C:\xampp\htdocs\wholesales\client-report\system\Commands\Server\rewrite.php(43): require_once('C:\\xampp\\htdocs...')
#10 {main}
CRITICAL - 2022-02-02 10:01:45 --> Undefined offset: 0
#0 C:\xampp\htdocs\wholesales\client-report\app\Controllers\Admin\Reports.php(372): CodeIgniter\Debug\Exceptions->errorHandler(8, 'Undefined offse...', 'C:\\xampp\\htdocs...', 372, Array)
#1 C:\xampp\htdocs\wholesales\client-report\system\CodeIgniter.php(824): App\Controllers\Admin\Reports->updatePriceBox()
#2 C:\xampp\htdocs\wholesales\client-report\system\CodeIgniter.php(410): CodeIgniter\CodeIgniter->runController(Object(App\Controllers\Admin\Reports))
#3 C:\xampp\htdocs\wholesales\client-report\system\CodeIgniter.php(318): CodeIgniter\CodeIgniter->handleRequest(NULL, Object(Config\Cache), false)
#4 C:\xampp\htdocs\wholesales\client-report\public\index.php(37): CodeIgniter\CodeIgniter->run()
#5 C:\xampp\htdocs\wholesales\client-report\system\Commands\Server\rewrite.php(43): require_once('C:\\xampp\\htdocs...')
#6 {main}
CRITICAL - 2022-02-02 12:09:55 --> Undefined variable: getAllVA
#0 C:\xampp\htdocs\wholesales\client-report\app\Views\va\assignment_report.php(149): CodeIgniter\Debug\Exceptions->errorHandler(8, 'Undefined varia...', 'C:\\xampp\\htdocs...', 149, Array)
#1 C:\xampp\htdocs\wholesales\client-report\system\View\View.php(214): include('C:\\xampp\\htdocs...')
#2 C:\xampp\htdocs\wholesales\client-report\system\View\View.php(217): CodeIgniter\View\View->CodeIgniter\View\{closure}()
#3 C:\xampp\htdocs\wholesales\client-report\system\Common.php(1097): CodeIgniter\View\View->render('va/assignment_r...', Array, true)
#4 C:\xampp\htdocs\wholesales\client-report\app\Controllers\VA\Reports.php(309): view('va/assignment_r...', Array)
#5 C:\xampp\htdocs\wholesales\client-report\system\CodeIgniter.php(824): App\Controllers\VA\Reports->assignmentReport()
#6 C:\xampp\htdocs\wholesales\client-report\system\CodeIgniter.php(410): CodeIgniter\CodeIgniter->runController(Object(App\Controllers\VA\Reports))
#7 C:\xampp\htdocs\wholesales\client-report\system\CodeIgniter.php(318): CodeIgniter\CodeIgniter->handleRequest(NULL, Object(Config\Cache), false)
#8 C:\xampp\htdocs\wholesales\client-report\public\index.php(37): CodeIgniter\CodeIgniter->run()
#9 C:\xampp\htdocs\wholesales\client-report\system\Commands\Server\rewrite.php(43): require_once('C:\\xampp\\htdocs...')
#10 {main}
CRITICAL - 2022-02-02 12:58:31 --> Trying to get property 'category_name' of non-object
#0 C:\xampp\htdocs\wholesales\client-report\app\Controllers\Clients.php(84): CodeIgniter\Debug\Exceptions->errorHandler(8, 'Trying to get p...', 'C:\\xampp\\htdocs...', 84, Array)
#1 C:\xampp\htdocs\wholesales\client-report\system\CodeIgniter.php(824): App\Controllers\Clients->index()
#2 C:\xampp\htdocs\wholesales\client-report\system\CodeIgniter.php(410): CodeIgniter\CodeIgniter->runController(Object(App\Controllers\Clients))
#3 C:\xampp\htdocs\wholesales\client-report\system\CodeIgniter.php(318): CodeIgniter\CodeIgniter->handleRequest(NULL, Object(Config\Cache), false)
#4 C:\xampp\htdocs\wholesales\client-report\public\index.php(37): CodeIgniter\CodeIgniter->run()
#5 C:\xampp\htdocs\wholesales\client-report\system\Commands\Server\rewrite.php(43): require_once('C:\\xampp\\htdocs...')
#6 {main}
CRITICAL - 2022-02-02 12:58:35 --> Trying to get property 'category_name' of non-object
#0 C:\xampp\htdocs\wholesales\client-report\app\Controllers\Clients.php(84): CodeIgniter\Debug\Exceptions->errorHandler(8, 'Trying to get p...', 'C:\\xampp\\htdocs...', 84, Array)
#1 C:\xampp\htdocs\wholesales\client-report\system\CodeIgniter.php(824): App\Controllers\Clients->index()
#2 C:\xampp\htdocs\wholesales\client-report\system\CodeIgniter.php(410): CodeIgniter\CodeIgniter->runController(Object(App\Controllers\Clients))
#3 C:\xampp\htdocs\wholesales\client-report\system\CodeIgniter.php(318): CodeIgniter\CodeIgniter->handleRequest(NULL, Object(Config\Cache), false)
#4 C:\xampp\htdocs\wholesales\client-report\public\index.php(37): CodeIgniter\CodeIgniter->run()
#5 C:\xampp\htdocs\wholesales\client-report\system\Commands\Server\rewrite.php(43): require_once('C:\\xampp\\htdocs...')
#6 {main}
CRITICAL - 2022-02-02 13:49:20 --> Trying to get property 'category_name' of non-object
#0 C:\xampp\htdocs\wholesales\client-report\app\Controllers\Clients.php(84): CodeIgniter\Debug\Exceptions->errorHandler(8, 'Trying to get p...', 'C:\\xampp\\htdocs...', 84, Array)
#1 C:\xampp\htdocs\wholesales\client-report\system\CodeIgniter.php(824): App\Controllers\Clients->index()
#2 C:\xampp\htdocs\wholesales\client-report\system\CodeIgniter.php(410): CodeIgniter\CodeIgniter->runController(Object(App\Controllers\Clients))
#3 C:\xampp\htdocs\wholesales\client-report\system\CodeIgniter.php(318): CodeIgniter\CodeIgniter->handleRequest(NULL, Object(Config\Cache), false)
#4 C:\xampp\htdocs\wholesales\client-report\public\index.php(37): CodeIgniter\CodeIgniter->run()
#5 C:\xampp\htdocs\wholesales\client-report\system\Commands\Server\rewrite.php(43): require_once('C:\\xampp\\htdocs...')
#6 {main}
CRITICAL - 2022-02-02 13:49:21 --> Trying to get property 'category_name' of non-object
#0 C:\xampp\htdocs\wholesales\client-report\app\Controllers\Clients.php(84): CodeIgniter\Debug\Exceptions->errorHandler(8, 'Trying to get p...', 'C:\\xampp\\htdocs...', 84, Array)
#1 C:\xampp\htdocs\wholesales\client-report\system\CodeIgniter.php(824): App\Controllers\Clients->index()
#2 C:\xampp\htdocs\wholesales\client-report\system\CodeIgniter.php(410): CodeIgniter\CodeIgniter->runController(Object(App\Controllers\Clients))
#3 C:\xampp\htdocs\wholesales\client-report\system\CodeIgniter.php(318): CodeIgniter\CodeIgniter->handleRequest(NULL, Object(Config\Cache), false)
#4 C:\xampp\htdocs\wholesales\client-report\public\index.php(37): CodeIgniter\CodeIgniter->run()
#5 C:\xampp\htdocs\wholesales\client-report\system\Commands\Server\rewrite.php(43): require_once('C:\\xampp\\htdocs...')
#6 {main}
CRITICAL - 2022-02-02 13:49:31 --> Trying to get property 'category_name' of non-object
#0 C:\xampp\htdocs\wholesales\client-report\app\Controllers\Clients.php(84): CodeIgniter\Debug\Exceptions->errorHandler(8, 'Trying to get p...', 'C:\\xampp\\htdocs...', 84, Array)
#1 C:\xampp\htdocs\wholesales\client-report\system\CodeIgniter.php(824): App\Controllers\Clients->index()
#2 C:\xampp\htdocs\wholesales\client-report\system\CodeIgniter.php(410): CodeIgniter\CodeIgniter->runController(Object(App\Controllers\Clients))
#3 C:\xampp\htdocs\wholesales\client-report\system\CodeIgniter.php(318): CodeIgniter\CodeIgniter->handleRequest(NULL, Object(Config\Cache), false)
#4 C:\xampp\htdocs\wholesales\client-report\public\index.php(37): CodeIgniter\CodeIgniter->run()
#5 C:\xampp\htdocs\wholesales\client-report\system\Commands\Server\rewrite.php(43): require_once('C:\\xampp\\htdocs...')
#6 {main}
