ERROR - 2022-09-21 00:00:21 --> Expression #1 of SELECT list is not in GROUP BY clause and contains nonaggregated column 'rms.investments.date' which is not functionally dependent on columns in GROUP BY clause; this is incompatible with sql_mode=only_full_group_by
CRITICAL - 2022-09-21 00:00:21 --> Expression #1 of SELECT list is not in GROUP BY clause and contains nonaggregated column 'rms.investments.date' which is not functionally dependent on columns in GROUP BY clause; this is incompatible with sql_mode=only_full_group_by
#0 /Applications/MAMP/htdocs/smartwholesale/client-report/system/Database/MySQLi/Connection.php(292): mysqli->query('SELECT date_for...', 0)
#1 /Applications/MAMP/htdocs/smartwholesale/client-report/system/Database/BaseConnection.php(670): CodeIgniter\Database\MySQLi\Connection->execute('SELECT date_for...')
#2 /Applications/MAMP/htdocs/smartwholesale/client-report/system/Database/BaseConnection.php(598): CodeIgniter\Database\BaseConnection->simpleQuery('SELECT date_for...')
#3 /Applications/MAMP/htdocs/smartwholesale/client-report/app/Models/ReportModel.php(186): CodeIgniter\Database\BaseConnection->query('SELECT date_for...')
#4 /Applications/MAMP/htdocs/smartwholesale/client-report/app/Controllers/Admin/Reports.php(54): App\Models\ReportModel->finSummary('spend')
#5 /Applications/MAMP/htdocs/smartwholesale/client-report/system/CodeIgniter.php(824): App\Controllers\Admin\Reports->index()
#6 /Applications/MAMP/htdocs/smartwholesale/client-report/system/CodeIgniter.php(410): CodeIgniter\CodeIgniter->runController(Object(App\Controllers\Admin\Reports))
#7 /Applications/MAMP/htdocs/smartwholesale/client-report/system/CodeIgniter.php(318): CodeIgniter\CodeIgniter->handleRequest(NULL, Object(Config\Cache), false)
#8 /Applications/MAMP/htdocs/smartwholesale/client-report/public/index.php(37): CodeIgniter\CodeIgniter->run()
#9 /Applications/MAMP/htdocs/smartwholesale/client-report/system/Commands/Server/rewrite.php(43): require_once('/Applications/M...')
#10 {main}
ERROR - 2022-09-21 00:09:01 --> Unknown column 'id' in 'where clause'
CRITICAL - 2022-09-21 00:09:01 --> Unknown column 'id' in 'where clause'
#0 /Applications/MAMP/htdocs/smartwholesale/client-report/system/Database/MySQLi/Connection.php(292): mysqli->query('SELECT COUNT(*)...', 0)
#1 /Applications/MAMP/htdocs/smartwholesale/client-report/system/Database/BaseConnection.php(670): CodeIgniter\Database\MySQLi\Connection->execute('SELECT COUNT(*)...')
#2 /Applications/MAMP/htdocs/smartwholesale/client-report/system/Database/BaseConnection.php(598): CodeIgniter\Database\BaseConnection->simpleQuery('SELECT COUNT(*)...')
#3 /Applications/MAMP/htdocs/smartwholesale/client-report/system/Database/BaseBuilder.php(1527): CodeIgniter\Database\BaseConnection->query('SELECT COUNT(*)...', Array, false)
#4 /Applications/MAMP/htdocs/smartwholesale/client-report/system/Model.php(509): CodeIgniter\Database\BaseBuilder->countAllResults(true)
#5 /Applications/MAMP/htdocs/smartwholesale/client-report/system/Model.php(592): CodeIgniter\Model->countAllResults()
#6 /Applications/MAMP/htdocs/smartwholesale/client-report/system/BaseModel.php(655): CodeIgniter\Model->shouldUpdate(Array)
#7 /Applications/MAMP/htdocs/smartwholesale/client-report/app/Controllers/UPC.php(57): CodeIgniter\BaseModel->save(Array)
#8 /Applications/MAMP/htdocs/smartwholesale/client-report/system/CodeIgniter.php(824): App\Controllers\UPC->uploadUPC()
#9 /Applications/MAMP/htdocs/smartwholesale/client-report/system/CodeIgniter.php(410): CodeIgniter\CodeIgniter->runController(Object(App\Controllers\UPC))
#10 /Applications/MAMP/htdocs/smartwholesale/client-report/system/CodeIgniter.php(318): CodeIgniter\CodeIgniter->handleRequest(NULL, Object(Config\Cache), false)
#11 /Applications/MAMP/htdocs/smartwholesale/client-report/public/index.php(37): CodeIgniter\CodeIgniter->run()
#12 /Applications/MAMP/htdocs/smartwholesale/client-report/system/Commands/Server/rewrite.php(43): require_once('/Applications/M...')
#13 {main}
CRITICAL - 2022-09-21 05:56:23 --> Undefined variable: logo
#0 /Applications/MAMP/htdocs/smartwholesale/client-report/app/Views/login.php(90): CodeIgniter\Debug\Exceptions->errorHandler(8, 'Undefined varia...', '/Applications/M...', 90, Array)
#1 /Applications/MAMP/htdocs/smartwholesale/client-report/system/View/View.php(214): include('/Applications/M...')
#2 /Applications/MAMP/htdocs/smartwholesale/client-report/system/View/View.php(217): CodeIgniter\View\View->CodeIgniter\View\{closure}()
#3 /Applications/MAMP/htdocs/smartwholesale/client-report/system/Common.php(1097): CodeIgniter\View\View->render('login', Array, true)
#4 /Applications/MAMP/htdocs/smartwholesale/client-report/app/Controllers/Admin/Reports.php(592): view('login')
#5 /Applications/MAMP/htdocs/smartwholesale/client-report/system/CodeIgniter.php(824): App\Controllers\Admin\Reports->assignmentReport()
#6 /Applications/MAMP/htdocs/smartwholesale/client-report/system/CodeIgniter.php(410): CodeIgniter\CodeIgniter->runController(Object(App\Controllers\Admin\Reports))
#7 /Applications/MAMP/htdocs/smartwholesale/client-report/system/CodeIgniter.php(318): CodeIgniter\CodeIgniter->handleRequest(NULL, Object(Config\Cache), false)
#8 /Applications/MAMP/htdocs/smartwholesale/client-report/public/index.php(37): CodeIgniter\CodeIgniter->run()
#9 /Applications/MAMP/htdocs/smartwholesale/client-report/system/Commands/Server/rewrite.php(43): require_once('/Applications/M...')
#10 {main}
CRITICAL - 2022-09-21 05:56:26 --> Undefined variable: logo
#0 /Applications/MAMP/htdocs/smartwholesale/client-report/app/Views/login.php(90): CodeIgniter\Debug\Exceptions->errorHandler(8, 'Undefined varia...', '/Applications/M...', 90, Array)
#1 /Applications/MAMP/htdocs/smartwholesale/client-report/system/View/View.php(214): include('/Applications/M...')
#2 /Applications/MAMP/htdocs/smartwholesale/client-report/system/View/View.php(217): CodeIgniter\View\View->CodeIgniter\View\{closure}()
#3 /Applications/MAMP/htdocs/smartwholesale/client-report/system/Common.php(1097): CodeIgniter\View\View->render('login', Array, true)
#4 /Applications/MAMP/htdocs/smartwholesale/client-report/app/Controllers/Admin/Reports.php(46): view('login')
#5 /Applications/MAMP/htdocs/smartwholesale/client-report/system/CodeIgniter.php(824): App\Controllers\Admin\Reports->index()
#6 /Applications/MAMP/htdocs/smartwholesale/client-report/system/CodeIgniter.php(410): CodeIgniter\CodeIgniter->runController(Object(App\Controllers\Admin\Reports))
#7 /Applications/MAMP/htdocs/smartwholesale/client-report/system/CodeIgniter.php(318): CodeIgniter\CodeIgniter->handleRequest(NULL, Object(Config\Cache), false)
#8 /Applications/MAMP/htdocs/smartwholesale/client-report/public/index.php(37): CodeIgniter\CodeIgniter->run()
#9 /Applications/MAMP/htdocs/smartwholesale/client-report/system/Commands/Server/rewrite.php(43): require_once('/Applications/M...')
#10 {main}
CRITICAL - 2022-09-21 05:59:26 --> Call to undefined method App\Models\UPCModel::row
#0 /Applications/MAMP/htdocs/smartwholesale/client-report/app/Controllers/UPC.php(52): CodeIgniter\Model->__call('row', Array)
#1 /Applications/MAMP/htdocs/smartwholesale/client-report/system/CodeIgniter.php(824): App\Controllers\UPC->uploadUPC()
#2 /Applications/MAMP/htdocs/smartwholesale/client-report/system/CodeIgniter.php(410): CodeIgniter\CodeIgniter->runController(Object(App\Controllers\UPC))
#3 /Applications/MAMP/htdocs/smartwholesale/client-report/system/CodeIgniter.php(318): CodeIgniter\CodeIgniter->handleRequest(NULL, Object(Config\Cache), false)
#4 /Applications/MAMP/htdocs/smartwholesale/client-report/public/index.php(37): CodeIgniter\CodeIgniter->run()
#5 /Applications/MAMP/htdocs/smartwholesale/client-report/system/Commands/Server/rewrite.php(43): require_once('/Applications/M...')
#6 {main}
CRITICAL - 2022-09-21 06:01:46 --> Argument 1 passed to CodeIgniter\Database\BaseResult::getFirstRow() must be of the type string, null given, called in /Applications/MAMP/htdocs/smartwholesale/client-report/system/Model.php on line 210
#0 /Applications/MAMP/htdocs/smartwholesale/client-report/system/Model.php(210): CodeIgniter\Database\BaseResult->getFirstRow(NULL)
#1 /Applications/MAMP/htdocs/smartwholesale/client-report/system/BaseModel.php(622): CodeIgniter\Model->doFirst()
#2 /Applications/MAMP/htdocs/smartwholesale/client-report/app/Controllers/UPC.php(52): CodeIgniter\BaseModel->first()
#3 /Applications/MAMP/htdocs/smartwholesale/client-report/system/CodeIgniter.php(824): App\Controllers\UPC->uploadUPC()
#4 /Applications/MAMP/htdocs/smartwholesale/client-report/system/CodeIgniter.php(410): CodeIgniter\CodeIgniter->runController(Object(App\Controllers\UPC))
#5 /Applications/MAMP/htdocs/smartwholesale/client-report/system/CodeIgniter.php(318): CodeIgniter\CodeIgniter->handleRequest(NULL, Object(Config\Cache), false)
#6 /Applications/MAMP/htdocs/smartwholesale/client-report/public/index.php(37): CodeIgniter\CodeIgniter->run()
#7 /Applications/MAMP/htdocs/smartwholesale/client-report/system/Commands/Server/rewrite.php(43): require_once('/Applications/M...')
#8 {main}
CRITICAL - 2022-09-21 06:02:30 --> Call to undefined method App\Models\UPCModel::getFirstRow
#0 /Applications/MAMP/htdocs/smartwholesale/client-report/app/Controllers/UPC.php(52): CodeIgniter\Model->__call('getFirstRow', Array)
#1 /Applications/MAMP/htdocs/smartwholesale/client-report/system/CodeIgniter.php(824): App\Controllers\UPC->uploadUPC()
#2 /Applications/MAMP/htdocs/smartwholesale/client-report/system/CodeIgniter.php(410): CodeIgniter\CodeIgniter->runController(Object(App\Controllers\UPC))
#3 /Applications/MAMP/htdocs/smartwholesale/client-report/system/CodeIgniter.php(318): CodeIgniter\CodeIgniter->handleRequest(NULL, Object(Config\Cache), false)
#4 /Applications/MAMP/htdocs/smartwholesale/client-report/public/index.php(37): CodeIgniter\CodeIgniter->run()
#5 /Applications/MAMP/htdocs/smartwholesale/client-report/system/Commands/Server/rewrite.php(43): require_once('/Applications/M...')
#6 {main}
CRITICAL - 2022-09-21 06:03:23 --> Argument 1 passed to CodeIgniter\Database\BaseResult::getFirstRow() must be of the type string, null given, called in /Applications/MAMP/htdocs/smartwholesale/client-report/system/Model.php on line 210
#0 /Applications/MAMP/htdocs/smartwholesale/client-report/system/Model.php(210): CodeIgniter\Database\BaseResult->getFirstRow(NULL)
#1 /Applications/MAMP/htdocs/smartwholesale/client-report/system/BaseModel.php(622): CodeIgniter\Model->doFirst()
#2 /Applications/MAMP/htdocs/smartwholesale/client-report/app/Controllers/UPC.php(52): CodeIgniter\BaseModel->first()
#3 /Applications/MAMP/htdocs/smartwholesale/client-report/system/CodeIgniter.php(824): App\Controllers\UPC->uploadUPC()
#4 /Applications/MAMP/htdocs/smartwholesale/client-report/system/CodeIgniter.php(410): CodeIgniter\CodeIgniter->runController(Object(App\Controllers\UPC))
#5 /Applications/MAMP/htdocs/smartwholesale/client-report/system/CodeIgniter.php(318): CodeIgniter\CodeIgniter->handleRequest(NULL, Object(Config\Cache), false)
#6 /Applications/MAMP/htdocs/smartwholesale/client-report/public/index.php(37): CodeIgniter\CodeIgniter->run()
#7 /Applications/MAMP/htdocs/smartwholesale/client-report/system/Commands/Server/rewrite.php(43): require_once('/Applications/M...')
#8 {main}
CRITICAL - 2022-09-21 06:06:54 --> Trying to get property 'asin' of non-object
#0 /Applications/MAMP/htdocs/smartwholesale/client-report/app/Controllers/UPC.php(54): CodeIgniter\Debug\Exceptions->errorHandler(8, 'Trying to get p...', '/Applications/M...', 54, Array)
#1 /Applications/MAMP/htdocs/smartwholesale/client-report/system/CodeIgniter.php(824): App\Controllers\UPC->uploadUPC()
#2 /Applications/MAMP/htdocs/smartwholesale/client-report/system/CodeIgniter.php(410): CodeIgniter\CodeIgniter->runController(Object(App\Controllers\UPC))
#3 /Applications/MAMP/htdocs/smartwholesale/client-report/system/CodeIgniter.php(318): CodeIgniter\CodeIgniter->handleRequest(NULL, Object(Config\Cache), false)
#4 /Applications/MAMP/htdocs/smartwholesale/client-report/public/index.php(37): CodeIgniter\CodeIgniter->run()
#5 /Applications/MAMP/htdocs/smartwholesale/client-report/system/Commands/Server/rewrite.php(43): require_once('/Applications/M...')
#6 {main}
CRITICAL - 2022-09-21 06:06:54 --> Allowed memory size of 134217728 bytes exhausted (tried to allocate 50335744 bytes)
#0 [internal function]: CodeIgniter\Debug\Exceptions->shutdownHandler()
#1 {main}
CRITICAL - 2022-09-21 06:07:08 --> Trying to get property 'asin' of non-object
#0 /Applications/MAMP/htdocs/smartwholesale/client-report/app/Controllers/UPC.php(54): CodeIgniter\Debug\Exceptions->errorHandler(8, 'Trying to get p...', '/Applications/M...', 54, Array)
#1 /Applications/MAMP/htdocs/smartwholesale/client-report/system/CodeIgniter.php(824): App\Controllers\UPC->uploadUPC()
#2 /Applications/MAMP/htdocs/smartwholesale/client-report/system/CodeIgniter.php(410): CodeIgniter\CodeIgniter->runController(Object(App\Controllers\UPC))
#3 /Applications/MAMP/htdocs/smartwholesale/client-report/system/CodeIgniter.php(318): CodeIgniter\CodeIgniter->handleRequest(NULL, Object(Config\Cache), false)
#4 /Applications/MAMP/htdocs/smartwholesale/client-report/public/index.php(37): CodeIgniter\CodeIgniter->run()
#5 /Applications/MAMP/htdocs/smartwholesale/client-report/system/Commands/Server/rewrite.php(43): require_once('/Applications/M...')
#6 {main}
CRITICAL - 2022-09-21 06:07:09 --> Allowed memory size of 134217728 bytes exhausted (tried to allocate 65015808 bytes)
#0 [internal function]: CodeIgniter\Debug\Exceptions->shutdownHandler()
#1 {main}
CRITICAL - 2022-09-21 06:09:56 --> count(): Parameter must be an array or an object that implements Countable
#0 [internal function]: CodeIgniter\Debug\Exceptions->errorHandler(2, 'count(): Parame...', '/Applications/M...', 54, Array)
#1 /Applications/MAMP/htdocs/smartwholesale/client-report/app/Controllers/UPC.php(54): count(Object(stdClass))
#2 /Applications/MAMP/htdocs/smartwholesale/client-report/system/CodeIgniter.php(824): App\Controllers\UPC->uploadUPC()
#3 /Applications/MAMP/htdocs/smartwholesale/client-report/system/CodeIgniter.php(410): CodeIgniter\CodeIgniter->runController(Object(App\Controllers\UPC))
#4 /Applications/MAMP/htdocs/smartwholesale/client-report/system/CodeIgniter.php(318): CodeIgniter\CodeIgniter->handleRequest(NULL, Object(Config\Cache), false)
#5 /Applications/MAMP/htdocs/smartwholesale/client-report/public/index.php(37): CodeIgniter\CodeIgniter->run()
#6 /Applications/MAMP/htdocs/smartwholesale/client-report/system/Commands/Server/rewrite.php(43): require_once('/Applications/M...')
#7 {main}
CRITICAL - 2022-09-21 06:09:56 --> Allowed memory size of 134217728 bytes exhausted (tried to allocate 33558528 bytes)
#0 [internal function]: CodeIgniter\Debug\Exceptions->shutdownHandler()
#1 {main}
CRITICAL - 2022-09-21 06:10:43 --> count(): Parameter must be an array or an object that implements Countable
#0 [internal function]: CodeIgniter\Debug\Exceptions->errorHandler(2, 'count(): Parame...', '/Applications/M...', 56, Array)
#1 /Applications/MAMP/htdocs/smartwholesale/client-report/app/Controllers/UPC.php(56): count(Object(stdClass))
#2 /Applications/MAMP/htdocs/smartwholesale/client-report/system/CodeIgniter.php(824): App\Controllers\UPC->uploadUPC()
#3 /Applications/MAMP/htdocs/smartwholesale/client-report/system/CodeIgniter.php(410): CodeIgniter\CodeIgniter->runController(Object(App\Controllers\UPC))
#4 /Applications/MAMP/htdocs/smartwholesale/client-report/system/CodeIgniter.php(318): CodeIgniter\CodeIgniter->handleRequest(NULL, Object(Config\Cache), false)
#5 /Applications/MAMP/htdocs/smartwholesale/client-report/public/index.php(37): CodeIgniter\CodeIgniter->run()
#6 /Applications/MAMP/htdocs/smartwholesale/client-report/system/Commands/Server/rewrite.php(43): require_once('/Applications/M...')
#7 {main}
CRITICAL - 2022-09-21 06:50:10 --> Trying to get property 'category_name' of non-object
#0 /Applications/MAMP/htdocs/smartwholesale/client-report/app/Controllers/Clients.php(89): CodeIgniter\Debug\Exceptions->errorHandler(8, 'Trying to get p...', '/Applications/M...', 89, Array)
#1 /Applications/MAMP/htdocs/smartwholesale/client-report/system/CodeIgniter.php(824): App\Controllers\Clients->index()
#2 /Applications/MAMP/htdocs/smartwholesale/client-report/system/CodeIgniter.php(410): CodeIgniter\CodeIgniter->runController(Object(App\Controllers\Clients))
#3 /Applications/MAMP/htdocs/smartwholesale/client-report/system/CodeIgniter.php(318): CodeIgniter\CodeIgniter->handleRequest(NULL, Object(Config\Cache), false)
#4 /Applications/MAMP/htdocs/smartwholesale/client-report/public/index.php(37): CodeIgniter\CodeIgniter->run()
#5 /Applications/MAMP/htdocs/smartwholesale/client-report/system/Commands/Server/rewrite.php(43): require_once('/Applications/M...')
#6 {main}
ERROR - 2022-09-21 23:01:46 --> Error connecting to the database: Connection refused
CRITICAL - 2022-09-21 23:01:46 --> Unable to connect to the database.
Main connection [MySQLi]: Connection refused
#0 /Applications/MAMP/htdocs/smartwholesale/client-report/system/Database/BaseConnection.php(577): CodeIgniter\Database\BaseConnection->initialize()
#1 /Applications/MAMP/htdocs/smartwholesale/client-report/app/Controllers/Auth.php(23): CodeIgniter\Database\BaseConnection->query('SELECT logo FRO...')
#2 /Applications/MAMP/htdocs/smartwholesale/client-report/system/CodeIgniter.php(824): App\Controllers\Auth->login()
#3 /Applications/MAMP/htdocs/smartwholesale/client-report/system/CodeIgniter.php(410): CodeIgniter\CodeIgniter->runController(Object(App\Controllers\Auth))
#4 /Applications/MAMP/htdocs/smartwholesale/client-report/system/CodeIgniter.php(318): CodeIgniter\CodeIgniter->handleRequest(NULL, Object(Config\Cache), false)
#5 /Applications/MAMP/htdocs/smartwholesale/client-report/public/index.php(37): CodeIgniter\CodeIgniter->run()
#6 /Applications/MAMP/htdocs/smartwholesale/client-report/system/Commands/Server/rewrite.php(43): require_once('/Applications/M...')
#7 {main}
ERROR - 2022-09-21 23:02:36 --> Error connecting to the database: Connection refused
CRITICAL - 2022-09-21 23:02:36 --> Unable to connect to the database.
Main connection [MySQLi]: Connection refused
#0 /Applications/MAMP/htdocs/smartwholesale/client-report/system/Database/BaseConnection.php(577): CodeIgniter\Database\BaseConnection->initialize()
#1 /Applications/MAMP/htdocs/smartwholesale/client-report/app/Controllers/Auth.php(23): CodeIgniter\Database\BaseConnection->query('SELECT logo FRO...')
#2 /Applications/MAMP/htdocs/smartwholesale/client-report/system/CodeIgniter.php(824): App\Controllers\Auth->login()
#3 /Applications/MAMP/htdocs/smartwholesale/client-report/system/CodeIgniter.php(410): CodeIgniter\CodeIgniter->runController(Object(App\Controllers\Auth))
#4 /Applications/MAMP/htdocs/smartwholesale/client-report/system/CodeIgniter.php(318): CodeIgniter\CodeIgniter->handleRequest(NULL, Object(Config\Cache), false)
#5 /Applications/MAMP/htdocs/smartwholesale/client-report/public/index.php(37): CodeIgniter\CodeIgniter->run()
#6 /Applications/MAMP/htdocs/smartwholesale/client-report/system/Commands/Server/rewrite.php(43): require_once('/Applications/M...')
#7 {main}
