CRITICAL - 2022-07-05 00:18:01 --> File "1641817632Mykel Ruptash - Blue Essence - $1K - 11_2_2021.xlsx" does not exist.
#0 C:\xampp\htdocs\smartwholesale\client-report\vendor\phpoffice\phpspreadsheet\src\PhpSpreadsheet\Reader\Xlsx.php(392): PhpOffice\PhpSpreadsheet\Shared\File::assertFile('1641817632Mykel...', '_rels/.rels')
#1 C:\xampp\htdocs\smartwholesale\client-report\app\Controllers\Admin\Reports.php(283): PhpOffice\PhpSpreadsheet\Reader\Xlsx->load('1641817632Mykel...')
#2 C:\xampp\htdocs\smartwholesale\client-report\system\CodeIgniter.php(824): App\Controllers\Admin\Reports->uploadReportBulk()
#3 C:\xampp\htdocs\smartwholesale\client-report\system\CodeIgniter.php(410): CodeIgniter\CodeIgniter->runController(Object(App\Controllers\Admin\Reports))
#4 C:\xampp\htdocs\smartwholesale\client-report\system\CodeIgniter.php(318): CodeIgniter\CodeIgniter->handleRequest(NULL, Object(Config\Cache), false)
#5 C:\xampp\htdocs\smartwholesale\client-report\public\index.php(37): CodeIgniter\CodeIgniter->run()
#6 C:\xampp\htdocs\smartwholesale\client-report\system\Commands\Server\rewrite.php(43): require_once('C:\\xampp\\htdocs...')
#7 {main}
CRITICAL - 2022-07-05 00:18:41 --> File "/files/1641817632Mykel Ruptash - Blue Essence - $1K - 11_2_2021.xlsx" does not exist.
#0 C:\xampp\htdocs\smartwholesale\client-report\vendor\phpoffice\phpspreadsheet\src\PhpSpreadsheet\Reader\Xlsx.php(392): PhpOffice\PhpSpreadsheet\Shared\File::assertFile('/files/16418176...', '_rels/.rels')
#1 C:\xampp\htdocs\smartwholesale\client-report\app\Controllers\Admin\Reports.php(283): PhpOffice\PhpSpreadsheet\Reader\Xlsx->load('/files/16418176...')
#2 C:\xampp\htdocs\smartwholesale\client-report\system\CodeIgniter.php(824): App\Controllers\Admin\Reports->uploadReportBulk()
#3 C:\xampp\htdocs\smartwholesale\client-report\system\CodeIgniter.php(410): CodeIgniter\CodeIgniter->runController(Object(App\Controllers\Admin\Reports))
#4 C:\xampp\htdocs\smartwholesale\client-report\system\CodeIgniter.php(318): CodeIgniter\CodeIgniter->handleRequest(NULL, Object(Config\Cache), false)
#5 C:\xampp\htdocs\smartwholesale\client-report\public\index.php(37): CodeIgniter\CodeIgniter->run()
#6 C:\xampp\htdocs\smartwholesale\client-report\system\Commands\Server\rewrite.php(43): require_once('C:\\xampp\\htdocs...')
#7 {main}
CRITICAL - 2022-07-05 00:19:03 --> File "http://localhost:8080/files/1641817632Mykel Ruptash - Blue Essence - $1K - 11_2_2021.xlsx" does not exist.
#0 C:\xampp\htdocs\smartwholesale\client-report\vendor\phpoffice\phpspreadsheet\src\PhpSpreadsheet\Reader\Xlsx.php(392): PhpOffice\PhpSpreadsheet\Shared\File::assertFile('http://localhos...', '_rels/.rels')
#1 C:\xampp\htdocs\smartwholesale\client-report\app\Controllers\Admin\Reports.php(283): PhpOffice\PhpSpreadsheet\Reader\Xlsx->load('http://localhos...')
#2 C:\xampp\htdocs\smartwholesale\client-report\system\CodeIgniter.php(824): App\Controllers\Admin\Reports->uploadReportBulk()
#3 C:\xampp\htdocs\smartwholesale\client-report\system\CodeIgniter.php(410): CodeIgniter\CodeIgniter->runController(Object(App\Controllers\Admin\Reports))
#4 C:\xampp\htdocs\smartwholesale\client-report\system\CodeIgniter.php(318): CodeIgniter\CodeIgniter->handleRequest(NULL, Object(Config\Cache), false)
#5 C:\xampp\htdocs\smartwholesale\client-report\public\index.php(37): CodeIgniter\CodeIgniter->run()
#6 C:\xampp\htdocs\smartwholesale\client-report\system\Commands\Server\rewrite.php(43): require_once('C:\\xampp\\htdocs...')
#7 {main}
CRITICAL - 2022-07-05 00:19:43 --> File "http://localhost:8080/files/1641817632Mykel Ruptash - Blue Essence - $1K - 11_2_2021.xlsx" does not exist.
#0 C:\xampp\htdocs\smartwholesale\client-report\vendor\phpoffice\phpspreadsheet\src\PhpSpreadsheet\Reader\Xlsx.php(392): PhpOffice\PhpSpreadsheet\Shared\File::assertFile('http://localhos...', '_rels/.rels')
#1 C:\xampp\htdocs\smartwholesale\client-report\app\Controllers\Admin\Reports.php(283): PhpOffice\PhpSpreadsheet\Reader\Xlsx->load('http://localhos...')
#2 C:\xampp\htdocs\smartwholesale\client-report\system\CodeIgniter.php(824): App\Controllers\Admin\Reports->uploadReportBulk()
#3 C:\xampp\htdocs\smartwholesale\client-report\system\CodeIgniter.php(410): CodeIgniter\CodeIgniter->runController(Object(App\Controllers\Admin\Reports))
#4 C:\xampp\htdocs\smartwholesale\client-report\system\CodeIgniter.php(318): CodeIgniter\CodeIgniter->handleRequest(NULL, Object(Config\Cache), false)
#5 C:\xampp\htdocs\smartwholesale\client-report\public\index.php(37): CodeIgniter\CodeIgniter->run()
#6 C:\xampp\htdocs\smartwholesale\client-report\system\Commands\Server\rewrite.php(43): require_once('C:\\xampp\\htdocs...')
#7 {main}
CRITICAL - 2022-07-05 00:21:05 --> File "http://localhost:8080/files/16474123721646828590Abu Sufian - Jahaan World (SFBA) - $1300 - 1_11_22.xlsx" does not exist.
#0 C:\xampp\htdocs\smartwholesale\client-report\vendor\phpoffice\phpspreadsheet\src\PhpSpreadsheet\Reader\Xlsx.php(392): PhpOffice\PhpSpreadsheet\Shared\File::assertFile('http://localhos...', '_rels/.rels')
#1 C:\xampp\htdocs\smartwholesale\client-report\app\Controllers\Admin\Reports.php(283): PhpOffice\PhpSpreadsheet\Reader\Xlsx->load('http://localhos...')
#2 C:\xampp\htdocs\smartwholesale\client-report\system\CodeIgniter.php(824): App\Controllers\Admin\Reports->uploadReportBulk()
#3 C:\xampp\htdocs\smartwholesale\client-report\system\CodeIgniter.php(410): CodeIgniter\CodeIgniter->runController(Object(App\Controllers\Admin\Reports))
#4 C:\xampp\htdocs\smartwholesale\client-report\system\CodeIgniter.php(318): CodeIgniter\CodeIgniter->handleRequest(NULL, Object(Config\Cache), false)
#5 C:\xampp\htdocs\smartwholesale\client-report\public\index.php(37): CodeIgniter\CodeIgniter->run()
#6 C:\xampp\htdocs\smartwholesale\client-report\system\Commands\Server\rewrite.php(43): require_once('C:\\xampp\\htdocs...')
#7 {main}
CRITICAL - 2022-07-05 00:28:50 --> File "http://localhost:8080/files/16474123721646828590Abu Sufian  Jahaan World (SFBA) - $1300  1_11_22.xlsx" does not exist.
#0 C:\xampp\htdocs\smartwholesale\client-report\vendor\phpoffice\phpspreadsheet\src\PhpSpreadsheet\Reader\Xlsx.php(392): PhpOffice\PhpSpreadsheet\Shared\File::assertFile('http://localhos...', '_rels/.rels')
#1 C:\xampp\htdocs\smartwholesale\client-report\app\Controllers\Admin\Reports.php(283): PhpOffice\PhpSpreadsheet\Reader\Xlsx->load('http://localhos...')
#2 C:\xampp\htdocs\smartwholesale\client-report\system\CodeIgniter.php(824): App\Controllers\Admin\Reports->uploadReportBulk()
#3 C:\xampp\htdocs\smartwholesale\client-report\system\CodeIgniter.php(410): CodeIgniter\CodeIgniter->runController(Object(App\Controllers\Admin\Reports))
#4 C:\xampp\htdocs\smartwholesale\client-report\system\CodeIgniter.php(318): CodeIgniter\CodeIgniter->handleRequest(NULL, Object(Config\Cache), false)
#5 C:\xampp\htdocs\smartwholesale\client-report\public\index.php(37): CodeIgniter\CodeIgniter->run()
#6 C:\xampp\htdocs\smartwholesale\client-report\system\Commands\Server\rewrite.php(43): require_once('C:\\xampp\\htdocs...')
#7 {main}
CRITICAL - 2022-07-05 00:29:21 --> File "http://localhost:8080/files/16474123721646828590Abu Sufian  Jahaan World (SFBA) $1300  1_11_22.xlsx" does not exist.
#0 C:\xampp\htdocs\smartwholesale\client-report\vendor\phpoffice\phpspreadsheet\src\PhpSpreadsheet\Reader\Xlsx.php(392): PhpOffice\PhpSpreadsheet\Shared\File::assertFile('http://localhos...', '_rels/.rels')
#1 C:\xampp\htdocs\smartwholesale\client-report\app\Controllers\Admin\Reports.php(283): PhpOffice\PhpSpreadsheet\Reader\Xlsx->load('http://localhos...')
#2 C:\xampp\htdocs\smartwholesale\client-report\system\CodeIgniter.php(824): App\Controllers\Admin\Reports->uploadReportBulk()
#3 C:\xampp\htdocs\smartwholesale\client-report\system\CodeIgniter.php(410): CodeIgniter\CodeIgniter->runController(Object(App\Controllers\Admin\Reports))
#4 C:\xampp\htdocs\smartwholesale\client-report\system\CodeIgniter.php(318): CodeIgniter\CodeIgniter->handleRequest(NULL, Object(Config\Cache), false)
#5 C:\xampp\htdocs\smartwholesale\client-report\public\index.php(37): CodeIgniter\CodeIgniter->run()
#6 C:\xampp\htdocs\smartwholesale\client-report\system\Commands\Server\rewrite.php(43): require_once('C:\\xampp\\htdocs...')
#7 {main}
CRITICAL - 2022-07-05 00:32:24 --> File "http://localhost:8080/files/16474123721646828590Abu%20Sufian%20%20Jahaan%20World%20%28SFBA%29%20$1300%20%201_11_22.xlsx" does not exist.
#0 C:\xampp\htdocs\smartwholesale\client-report\vendor\phpoffice\phpspreadsheet\src\PhpSpreadsheet\Reader\Xlsx.php(392): PhpOffice\PhpSpreadsheet\Shared\File::assertFile('http://localhos...', '_rels/.rels')
#1 C:\xampp\htdocs\smartwholesale\client-report\app\Controllers\Admin\Reports.php(283): PhpOffice\PhpSpreadsheet\Reader\Xlsx->load('http://localhos...')
#2 C:\xampp\htdocs\smartwholesale\client-report\system\CodeIgniter.php(824): App\Controllers\Admin\Reports->uploadReportBulk()
#3 C:\xampp\htdocs\smartwholesale\client-report\system\CodeIgniter.php(410): CodeIgniter\CodeIgniter->runController(Object(App\Controllers\Admin\Reports))
#4 C:\xampp\htdocs\smartwholesale\client-report\system\CodeIgniter.php(318): CodeIgniter\CodeIgniter->handleRequest(NULL, Object(Config\Cache), false)
#5 C:\xampp\htdocs\smartwholesale\client-report\public\index.php(37): CodeIgniter\CodeIgniter->run()
#6 C:\xampp\htdocs\smartwholesale\client-report\system\Commands\Server\rewrite.php(43): require_once('C:\\xampp\\htdocs...')
#7 {main}
CRITICAL - 2022-07-05 00:32:39 --> File "http://localhost:8080/files/16474123721646828590Abu Sufian  Jahaan World (SFBA) $1300  1_11_22.xlsx" does not exist.
#0 C:\xampp\htdocs\smartwholesale\client-report\vendor\phpoffice\phpspreadsheet\src\PhpSpreadsheet\Reader\Xlsx.php(392): PhpOffice\PhpSpreadsheet\Shared\File::assertFile('http://localhos...', '_rels/.rels')
#1 C:\xampp\htdocs\smartwholesale\client-report\app\Controllers\Admin\Reports.php(283): PhpOffice\PhpSpreadsheet\Reader\Xlsx->load('http://localhos...')
#2 C:\xampp\htdocs\smartwholesale\client-report\system\CodeIgniter.php(824): App\Controllers\Admin\Reports->uploadReportBulk()
#3 C:\xampp\htdocs\smartwholesale\client-report\system\CodeIgniter.php(410): CodeIgniter\CodeIgniter->runController(Object(App\Controllers\Admin\Reports))
#4 C:\xampp\htdocs\smartwholesale\client-report\system\CodeIgniter.php(318): CodeIgniter\CodeIgniter->handleRequest(NULL, Object(Config\Cache), false)
#5 C:\xampp\htdocs\smartwholesale\client-report\public\index.php(37): CodeIgniter\CodeIgniter->run()
#6 C:\xampp\htdocs\smartwholesale\client-report\system\Commands\Server\rewrite.php(43): require_once('C:\\xampp\\htdocs...')
#7 {main}
CRITICAL - 2022-07-05 00:33:27 --> File "http://localhost:8080/files/16474123721646828590Abu Sufian  Jahaan World (SFBA) $1300  1_11_22.xlsx" does not exist.
#0 C:\xampp\htdocs\smartwholesale\client-report\vendor\phpoffice\phpspreadsheet\src\PhpSpreadsheet\Reader\Xlsx.php(392): PhpOffice\PhpSpreadsheet\Shared\File::assertFile('http://localhos...', '_rels/.rels')
#1 C:\xampp\htdocs\smartwholesale\client-report\app\Controllers\Admin\Reports.php(283): PhpOffice\PhpSpreadsheet\Reader\Xlsx->load('http://localhos...')
#2 C:\xampp\htdocs\smartwholesale\client-report\system\CodeIgniter.php(824): App\Controllers\Admin\Reports->uploadReportBulk()
#3 C:\xampp\htdocs\smartwholesale\client-report\system\CodeIgniter.php(410): CodeIgniter\CodeIgniter->runController(Object(App\Controllers\Admin\Reports))
#4 C:\xampp\htdocs\smartwholesale\client-report\system\CodeIgniter.php(318): CodeIgniter\CodeIgniter->handleRequest(NULL, Object(Config\Cache), false)
#5 C:\xampp\htdocs\smartwholesale\client-report\public\index.php(37): CodeIgniter\CodeIgniter->run()
#6 C:\xampp\htdocs\smartwholesale\client-report\system\Commands\Server\rewrite.php(43): require_once('C:\\xampp\\htdocs...')
#7 {main}
CRITICAL - 2022-07-05 00:34:39 --> File "http://localhost:8080/files/Abu Sufian  Jahaan World (SFBA) 1_11_22.xlsx" does not exist.
#0 C:\xampp\htdocs\smartwholesale\client-report\vendor\phpoffice\phpspreadsheet\src\PhpSpreadsheet\Reader\Xlsx.php(392): PhpOffice\PhpSpreadsheet\Shared\File::assertFile('http://localhos...', '_rels/.rels')
#1 C:\xampp\htdocs\smartwholesale\client-report\app\Controllers\Admin\Reports.php(283): PhpOffice\PhpSpreadsheet\Reader\Xlsx->load('http://localhos...')
#2 C:\xampp\htdocs\smartwholesale\client-report\system\CodeIgniter.php(824): App\Controllers\Admin\Reports->uploadReportBulk()
#3 C:\xampp\htdocs\smartwholesale\client-report\system\CodeIgniter.php(410): CodeIgniter\CodeIgniter->runController(Object(App\Controllers\Admin\Reports))
#4 C:\xampp\htdocs\smartwholesale\client-report\system\CodeIgniter.php(318): CodeIgniter\CodeIgniter->handleRequest(NULL, Object(Config\Cache), false)
#5 C:\xampp\htdocs\smartwholesale\client-report\public\index.php(37): CodeIgniter\CodeIgniter->run()
#6 C:\xampp\htdocs\smartwholesale\client-report\system\Commands\Server\rewrite.php(43): require_once('C:\\xampp\\htdocs...')
#7 {main}
CRITICAL - 2022-07-05 00:34:57 --> File "http://localhost:8080/files/Abu Sufian  Jahaan World (SFBA) 1_11_22.xlsx" does not exist.
#0 C:\xampp\htdocs\smartwholesale\client-report\vendor\phpoffice\phpspreadsheet\src\PhpSpreadsheet\Reader\Xlsx.php(392): PhpOffice\PhpSpreadsheet\Shared\File::assertFile('http://localhos...', '_rels/.rels')
#1 C:\xampp\htdocs\smartwholesale\client-report\app\Controllers\Admin\Reports.php(283): PhpOffice\PhpSpreadsheet\Reader\Xlsx->load('http://localhos...')
#2 C:\xampp\htdocs\smartwholesale\client-report\system\CodeIgniter.php(824): App\Controllers\Admin\Reports->uploadReportBulk()
#3 C:\xampp\htdocs\smartwholesale\client-report\system\CodeIgniter.php(410): CodeIgniter\CodeIgniter->runController(Object(App\Controllers\Admin\Reports))
#4 C:\xampp\htdocs\smartwholesale\client-report\system\CodeIgniter.php(318): CodeIgniter\CodeIgniter->handleRequest(NULL, Object(Config\Cache), false)
#5 C:\xampp\htdocs\smartwholesale\client-report\public\index.php(37): CodeIgniter\CodeIgniter->run()
#6 C:\xampp\htdocs\smartwholesale\client-report\system\Commands\Server\rewrite.php(43): require_once('C:\\xampp\\htdocs...')
#7 {main}
CRITICAL - 2022-07-05 01:57:30 --> syntax error, unexpected ';', expecting ')'
#0 C:\xampp\htdocs\smartwholesale\client-report\system\Autoloader\Autoloader.php(241): CodeIgniter\Autoloader\Autoloader->includeFile('C:\\xampp\\htdocs...')
#1 C:\xampp\htdocs\smartwholesale\client-report\system\Autoloader\Autoloader.php(219): CodeIgniter\Autoloader\Autoloader->loadInNamespace('App\\Controllers...')
#2 [internal function]: CodeIgniter\Autoloader\Autoloader->loadClass('App\\Controllers...')
#3 [internal function]: spl_autoload_call('App\\Controllers...')
#4 C:\xampp\htdocs\smartwholesale\client-report\system\CodeIgniter.php(789): class_exists('\\App\\Controller...', true)
#5 C:\xampp\htdocs\smartwholesale\client-report\system\CodeIgniter.php(397): CodeIgniter\CodeIgniter->startController()
#6 C:\xampp\htdocs\smartwholesale\client-report\system\CodeIgniter.php(318): CodeIgniter\CodeIgniter->handleRequest(NULL, Object(Config\Cache), false)
#7 C:\xampp\htdocs\smartwholesale\client-report\public\index.php(37): CodeIgniter\CodeIgniter->run()
#8 C:\xampp\htdocs\smartwholesale\client-report\system\Commands\Server\rewrite.php(43): require_once('C:\\xampp\\htdocs...')
#9 {main}
CRITICAL - 2022-07-05 02:28:12 --> Undefined variable: count
#0 C:\xampp\htdocs\smartwholesale\client-report\app\Views\administrator\client_activities_bulk_upload.php(28): CodeIgniter\Debug\Exceptions->errorHandler(8, 'Undefined varia...', 'C:\\xampp\\htdocs...', 28, Array)
#1 C:\xampp\htdocs\smartwholesale\client-report\system\View\View.php(214): include('C:\\xampp\\htdocs...')
#2 C:\xampp\htdocs\smartwholesale\client-report\system\View\View.php(217): CodeIgniter\View\View->CodeIgniter\View\{closure}()
#3 C:\xampp\htdocs\smartwholesale\client-report\system\Common.php(1097): CodeIgniter\View\View->render('administrator/c...', Array, true)
#4 C:\xampp\htdocs\smartwholesale\client-report\app\Controllers\Admin\Reports.php(311): view('administrator/c...', Array)
#5 C:\xampp\htdocs\smartwholesale\client-report\system\CodeIgniter.php(824): App\Controllers\Admin\Reports->uploadReportBulk()
#6 C:\xampp\htdocs\smartwholesale\client-report\system\CodeIgniter.php(410): CodeIgniter\CodeIgniter->runController(Object(App\Controllers\Admin\Reports))
#7 C:\xampp\htdocs\smartwholesale\client-report\system\CodeIgniter.php(318): CodeIgniter\CodeIgniter->handleRequest(NULL, Object(Config\Cache), false)
#8 C:\xampp\htdocs\smartwholesale\client-report\public\index.php(37): CodeIgniter\CodeIgniter->run()
#9 C:\xampp\htdocs\smartwholesale\client-report\system\Commands\Server\rewrite.php(43): require_once('C:\\xampp\\htdocs...')
#10 {main}
CRITICAL - 2022-07-05 07:46:54 --> Undefined variable: logo
#0 C:\xampp\htdocs\smartwholesale\client-report\app\Views\login.php(90): CodeIgniter\Debug\Exceptions->errorHandler(8, 'Undefined varia...', 'C:\\xampp\\htdocs...', 90, Array)
#1 C:\xampp\htdocs\smartwholesale\client-report\system\View\View.php(214): include('C:\\xampp\\htdocs...')
#2 C:\xampp\htdocs\smartwholesale\client-report\system\View\View.php(217): CodeIgniter\View\View->CodeIgniter\View\{closure}()
#3 C:\xampp\htdocs\smartwholesale\client-report\system\Common.php(1097): CodeIgniter\View\View->render('login', Array, true)
#4 C:\xampp\htdocs\smartwholesale\client-report\app\Controllers\Admin\Reports.php(290): view('login')
#5 C:\xampp\htdocs\smartwholesale\client-report\system\CodeIgniter.php(824): App\Controllers\Admin\Reports->uploadReportBulk()
#6 C:\xampp\htdocs\smartwholesale\client-report\system\CodeIgniter.php(410): CodeIgniter\CodeIgniter->runController(Object(App\Controllers\Admin\Reports))
#7 C:\xampp\htdocs\smartwholesale\client-report\system\CodeIgniter.php(318): CodeIgniter\CodeIgniter->handleRequest(NULL, Object(Config\Cache), false)
#8 C:\xampp\htdocs\smartwholesale\client-report\public\index.php(37): CodeIgniter\CodeIgniter->run()
#9 C:\xampp\htdocs\smartwholesale\client-report\system\Commands\Server\rewrite.php(43): require_once('C:\\xampp\\htdocs...')
#10 {main}
CRITICAL - 2022-07-05 07:46:59 --> Undefined variable: logo
#0 C:\xampp\htdocs\smartwholesale\client-report\app\Views\login.php(90): CodeIgniter\Debug\Exceptions->errorHandler(8, 'Undefined varia...', 'C:\\xampp\\htdocs...', 90, Array)
#1 C:\xampp\htdocs\smartwholesale\client-report\system\View\View.php(214): include('C:\\xampp\\htdocs...')
#2 C:\xampp\htdocs\smartwholesale\client-report\system\View\View.php(217): CodeIgniter\View\View->CodeIgniter\View\{closure}()
#3 C:\xampp\htdocs\smartwholesale\client-report\system\Common.php(1097): CodeIgniter\View\View->render('login', Array, true)
#4 C:\xampp\htdocs\smartwholesale\client-report\app\Controllers\Admin\Reports.php(290): view('login')
#5 C:\xampp\htdocs\smartwholesale\client-report\system\CodeIgniter.php(824): App\Controllers\Admin\Reports->uploadReportBulk()
#6 C:\xampp\htdocs\smartwholesale\client-report\system\CodeIgniter.php(410): CodeIgniter\CodeIgniter->runController(Object(App\Controllers\Admin\Reports))
#7 C:\xampp\htdocs\smartwholesale\client-report\system\CodeIgniter.php(318): CodeIgniter\CodeIgniter->handleRequest(NULL, Object(Config\Cache), false)
#8 C:\xampp\htdocs\smartwholesale\client-report\public\index.php(37): CodeIgniter\CodeIgniter->run()
#9 C:\xampp\htdocs\smartwholesale\client-report\system\Commands\Server\rewrite.php(43): require_once('C:\\xampp\\htdocs...')
#10 {main}
CRITICAL - 2022-07-05 07:47:01 --> Undefined variable: logo
#0 C:\xampp\htdocs\smartwholesale\client-report\app\Views\login.php(90): CodeIgniter\Debug\Exceptions->errorHandler(8, 'Undefined varia...', 'C:\\xampp\\htdocs...', 90, Array)
#1 C:\xampp\htdocs\smartwholesale\client-report\system\View\View.php(214): include('C:\\xampp\\htdocs...')
#2 C:\xampp\htdocs\smartwholesale\client-report\system\View\View.php(217): CodeIgniter\View\View->CodeIgniter\View\{closure}()
#3 C:\xampp\htdocs\smartwholesale\client-report\system\Common.php(1097): CodeIgniter\View\View->render('login', Array, true)
#4 C:\xampp\htdocs\smartwholesale\client-report\app\Controllers\Admin\Reports.php(167): view('login')
#5 C:\xampp\htdocs\smartwholesale\client-report\system\CodeIgniter.php(824): App\Controllers\Admin\Reports->clientActivities()
#6 C:\xampp\htdocs\smartwholesale\client-report\system\CodeIgniter.php(410): CodeIgniter\CodeIgniter->runController(Object(App\Controllers\Admin\Reports))
#7 C:\xampp\htdocs\smartwholesale\client-report\system\CodeIgniter.php(318): CodeIgniter\CodeIgniter->handleRequest(NULL, Object(Config\Cache), false)
#8 C:\xampp\htdocs\smartwholesale\client-report\public\index.php(37): CodeIgniter\CodeIgniter->run()
#9 C:\xampp\htdocs\smartwholesale\client-report\system\Commands\Server\rewrite.php(43): require_once('C:\\xampp\\htdocs...')
#10 {main}
CRITICAL - 2022-07-05 07:47:03 --> Undefined variable: logo
#0 C:\xampp\htdocs\smartwholesale\client-report\app\Views\login.php(90): CodeIgniter\Debug\Exceptions->errorHandler(8, 'Undefined varia...', 'C:\\xampp\\htdocs...', 90, Array)
#1 C:\xampp\htdocs\smartwholesale\client-report\system\View\View.php(214): include('C:\\xampp\\htdocs...')
#2 C:\xampp\htdocs\smartwholesale\client-report\system\View\View.php(217): CodeIgniter\View\View->CodeIgniter\View\{closure}()
#3 C:\xampp\htdocs\smartwholesale\client-report\system\Common.php(1097): CodeIgniter\View\View->render('login', Array, true)
#4 C:\xampp\htdocs\smartwholesale\client-report\app\Controllers\Admin\Reports.php(167): view('login')
#5 C:\xampp\htdocs\smartwholesale\client-report\system\CodeIgniter.php(824): App\Controllers\Admin\Reports->clientActivities()
#6 C:\xampp\htdocs\smartwholesale\client-report\system\CodeIgniter.php(410): CodeIgniter\CodeIgniter->runController(Object(App\Controllers\Admin\Reports))
#7 C:\xampp\htdocs\smartwholesale\client-report\system\CodeIgniter.php(318): CodeIgniter\CodeIgniter->handleRequest(NULL, Object(Config\Cache), false)
#8 C:\xampp\htdocs\smartwholesale\client-report\public\index.php(37): CodeIgniter\CodeIgniter->run()
#9 C:\xampp\htdocs\smartwholesale\client-report\system\Commands\Server\rewrite.php(43): require_once('C:\\xampp\\htdocs...')
#10 {main}
CRITICAL - 2022-07-05 07:47:39 --> Undefined variable: report
#0 C:\xampp\htdocs\smartwholesale\client-report\app\Controllers\Admin\Reports.php(326): CodeIgniter\Debug\Exceptions->errorHandler(8, 'Undefined varia...', 'C:\\xampp\\htdocs...', 326, Array)
#1 C:\xampp\htdocs\smartwholesale\client-report\system\CodeIgniter.php(824): App\Controllers\Admin\Reports->assignReportBulk()
#2 C:\xampp\htdocs\smartwholesale\client-report\system\CodeIgniter.php(410): CodeIgniter\CodeIgniter->runController(Object(App\Controllers\Admin\Reports))
#3 C:\xampp\htdocs\smartwholesale\client-report\system\CodeIgniter.php(318): CodeIgniter\CodeIgniter->handleRequest(NULL, Object(Config\Cache), false)
#4 C:\xampp\htdocs\smartwholesale\client-report\public\index.php(37): CodeIgniter\CodeIgniter->run()
#5 C:\xampp\htdocs\smartwholesale\client-report\system\Commands\Server\rewrite.php(43): require_once('C:\\xampp\\htdocs...')
#6 {main}
CRITICAL - 2022-07-05 22:11:02 --> ini_set(): Headers already sent. You cannot change the session module's ini settings at this time
#0 [internal function]: CodeIgniter\Debug\Exceptions->errorHandler(2, 'ini_set(): Head...', 'C:\\xampp\\htdocs...', 71, Array)
#1 C:\xampp\htdocs\smartwholesale\client-report\system\Session\Handlers\FileHandler.php(71): ini_set('session.save_pa...', 'C:\\xampp\\htdocs...')
#2 C:\xampp\htdocs\smartwholesale\client-report\system\Config\Services.php(570): CodeIgniter\Session\Handlers\FileHandler->__construct(Object(Config\App), '::1')
#3 C:\xampp\htdocs\smartwholesale\client-report\system\Config\BaseService.php(248): CodeIgniter\Config\Services::session(Object(Config\App), false)
#4 C:\xampp\htdocs\smartwholesale\client-report\system\Config\BaseService.php(189): CodeIgniter\Config\BaseService::__callStatic('session', Array)
#5 C:\xampp\htdocs\smartwholesale\client-report\system\Config\Services.php(563): CodeIgniter\Config\BaseService::getSharedInstance('session', NULL)
#6 C:\xampp\htdocs\smartwholesale\client-report\system\Config\BaseService.php(248): CodeIgniter\Config\Services::session()
#7 C:\xampp\htdocs\smartwholesale\client-report\app\Controllers\BaseController.php(51): CodeIgniter\Config\BaseService::__callStatic('session', Array)
#8 C:\xampp\htdocs\smartwholesale\client-report\system\CodeIgniter.php(802): App\Controllers\BaseController->initController(Object(CodeIgniter\HTTP\IncomingRequest), Object(CodeIgniter\HTTP\Response), Object(CodeIgniter\Log\Logger))
#9 C:\xampp\htdocs\smartwholesale\client-report\system\CodeIgniter.php(401): CodeIgniter\CodeIgniter->createController()
#10 C:\xampp\htdocs\smartwholesale\client-report\system\CodeIgniter.php(318): CodeIgniter\CodeIgniter->handleRequest(NULL, Object(Config\Cache), false)
#11 C:\xampp\htdocs\smartwholesale\client-report\public\index.php(37): CodeIgniter\CodeIgniter->run()
#12 C:\xampp\htdocs\smartwholesale\client-report\system\Commands\Server\rewrite.php(43): require_once('C:\\xampp\\htdocs...')
#13 {main}
CRITICAL - 2022-07-05 22:11:02 --> Uncaught ErrorException: Cannot modify header information - headers already sent by (output started at C:\xampp\htdocs\smartwholesale\client-report\app\Config\Events.php:32) in C:\xampp\htdocs\smartwholesale\client-report\system\Debug\Exceptions.php:107
Stack trace:
#0 [internal function]: CodeIgniter\Debug\Exceptions->errorHandler(2, 'Cannot modify h...', 'C:\\xampp\\htdocs...', 107, Array)
#1 C:\xampp\htdocs\smartwholesale\client-report\system\Debug\Exceptions.php(107): header('HTTP/1.1 500 In...', true, 500)
#2 [internal function]: CodeIgniter\Debug\Exceptions->exceptionHandler(Object(ErrorException))
#3 {main}
  thrown
#0 [internal function]: CodeIgniter\Debug\Exceptions->shutdownHandler()
#1 {main}
CRITICAL - 2022-07-05 22:12:20 --> File "C:\xampp\htdocs\smartwholesale\client-report\public\/files/Book1.xlsx" does not exist.
#0 C:\xampp\htdocs\smartwholesale\client-report\vendor\phpoffice\phpspreadsheet\src\PhpSpreadsheet\Reader\Xlsx.php(392): PhpOffice\PhpSpreadsheet\Shared\File::assertFile('C:\\xampp\\htdocs...', '_rels/.rels')
#1 C:\xampp\htdocs\smartwholesale\client-report\app\Controllers\Admin\Reports.php(287): PhpOffice\PhpSpreadsheet\Reader\Xlsx->load('C:\\xampp\\htdocs...')
#2 C:\xampp\htdocs\smartwholesale\client-report\system\CodeIgniter.php(824): App\Controllers\Admin\Reports->uploadReportBulk()
#3 C:\xampp\htdocs\smartwholesale\client-report\system\CodeIgniter.php(410): CodeIgniter\CodeIgniter->runController(Object(App\Controllers\Admin\Reports))
#4 C:\xampp\htdocs\smartwholesale\client-report\system\CodeIgniter.php(318): CodeIgniter\CodeIgniter->handleRequest(NULL, Object(Config\Cache), false)
#5 C:\xampp\htdocs\smartwholesale\client-report\public\index.php(37): CodeIgniter\CodeIgniter->run()
#6 C:\xampp\htdocs\smartwholesale\client-report\system\Commands\Server\rewrite.php(43): require_once('C:\\xampp\\htdocs...')
#7 {main}
CRITICAL - 2022-07-05 22:58:03 --> Array to string conversion
#0 C:\xampp\htdocs\smartwholesale\client-report\app\Controllers\Admin\Reports.php(335): CodeIgniter\Debug\Exceptions->errorHandler(8, 'Array to string...', 'C:\\xampp\\htdocs...', 335, Array)
#1 C:\xampp\htdocs\smartwholesale\client-report\system\CodeIgniter.php(824): App\Controllers\Admin\Reports->assignReportBulk()
#2 C:\xampp\htdocs\smartwholesale\client-report\system\CodeIgniter.php(410): CodeIgniter\CodeIgniter->runController(Object(App\Controllers\Admin\Reports))
#3 C:\xampp\htdocs\smartwholesale\client-report\system\CodeIgniter.php(318): CodeIgniter\CodeIgniter->handleRequest(NULL, Object(Config\Cache), false)
#4 C:\xampp\htdocs\smartwholesale\client-report\public\index.php(37): CodeIgniter\CodeIgniter->run()
#5 C:\xampp\htdocs\smartwholesale\client-report\system\Commands\Server\rewrite.php(43): require_once('C:\\xampp\\htdocs...')
#6 {main}
CRITICAL - 2022-07-05 23:00:11 -->  route cannot be found while reverse-routing.
#0 C:\xampp\htdocs\smartwholesale\client-report\system\HTTP\RedirectResponse.php(56): CodeIgniter\HTTP\Exceptions\HTTPException::forInvalidRedirectRoute('')
#1 C:\xampp\htdocs\smartwholesale\client-report\app\Controllers\Admin\Reports.php(384): CodeIgniter\HTTP\RedirectResponse->route(false)
#2 C:\xampp\htdocs\smartwholesale\client-report\system\CodeIgniter.php(824): App\Controllers\Admin\Reports->assignReportBulk()
#3 C:\xampp\htdocs\smartwholesale\client-report\system\CodeIgniter.php(410): CodeIgniter\CodeIgniter->runController(Object(App\Controllers\Admin\Reports))
#4 C:\xampp\htdocs\smartwholesale\client-report\system\CodeIgniter.php(318): CodeIgniter\CodeIgniter->handleRequest(NULL, Object(Config\Cache), false)
#5 C:\xampp\htdocs\smartwholesale\client-report\public\index.php(37): CodeIgniter\CodeIgniter->run()
#6 C:\xampp\htdocs\smartwholesale\client-report\system\Commands\Server\rewrite.php(43): require_once('C:\\xampp\\htdocs...')
#7 {main}
CRITICAL - 2022-07-05 23:00:22 -->  route cannot be found while reverse-routing.
#0 C:\xampp\htdocs\smartwholesale\client-report\system\HTTP\RedirectResponse.php(56): CodeIgniter\HTTP\Exceptions\HTTPException::forInvalidRedirectRoute('')
#1 C:\xampp\htdocs\smartwholesale\client-report\app\Controllers\Admin\Reports.php(384): CodeIgniter\HTTP\RedirectResponse->route(false)
#2 C:\xampp\htdocs\smartwholesale\client-report\system\CodeIgniter.php(824): App\Controllers\Admin\Reports->assignReportBulk()
#3 C:\xampp\htdocs\smartwholesale\client-report\system\CodeIgniter.php(410): CodeIgniter\CodeIgniter->runController(Object(App\Controllers\Admin\Reports))
#4 C:\xampp\htdocs\smartwholesale\client-report\system\CodeIgniter.php(318): CodeIgniter\CodeIgniter->handleRequest(NULL, Object(Config\Cache), false)
#5 C:\xampp\htdocs\smartwholesale\client-report\public\index.php(37): CodeIgniter\CodeIgniter->run()
#6 C:\xampp\htdocs\smartwholesale\client-report\system\Commands\Server\rewrite.php(43): require_once('C:\\xampp\\htdocs...')
#7 {main}
ERROR - 2022-07-05 23:04:11 --> Column 'category_name' cannot be null
CRITICAL - 2022-07-05 23:04:11 --> Column 'category_name' cannot be null
#0 C:\xampp\htdocs\smartwholesale\client-report\system\Database\MySQLi\Connection.php(292): mysqli->query('INSERT INTO `ca...', 0)
#1 C:\xampp\htdocs\smartwholesale\client-report\system\Database\BaseConnection.php(670): CodeIgniter\Database\MySQLi\Connection->execute('INSERT INTO `ca...')
#2 C:\xampp\htdocs\smartwholesale\client-report\system\Database\BaseConnection.php(598): CodeIgniter\Database\BaseConnection->simpleQuery('INSERT INTO `ca...')
#3 C:\xampp\htdocs\smartwholesale\client-report\system\Database\BaseBuilder.php(1759): CodeIgniter\Database\BaseConnection->query('INSERT INTO `ca...', Array, false)
#4 C:\xampp\htdocs\smartwholesale\client-report\system\Model.php(239): CodeIgniter\Database\BaseBuilder->insert()
#5 C:\xampp\htdocs\smartwholesale\client-report\system\BaseModel.php(738): CodeIgniter\Model->doInsert(Array)
#6 C:\xampp\htdocs\smartwholesale\client-report\system\Model.php(620): CodeIgniter\BaseModel->insert(Array, false)
#7 C:\xampp\htdocs\smartwholesale\client-report\system\BaseModel.php(658): CodeIgniter\Model->insert(Array, false)
#8 C:\xampp\htdocs\smartwholesale\client-report\app\Controllers\Admin\Reports.php(350): CodeIgniter\BaseModel->save(Array)
#9 C:\xampp\htdocs\smartwholesale\client-report\system\CodeIgniter.php(824): App\Controllers\Admin\Reports->assignReportBulk()
#10 C:\xampp\htdocs\smartwholesale\client-report\system\CodeIgniter.php(410): CodeIgniter\CodeIgniter->runController(Object(App\Controllers\Admin\Reports))
#11 C:\xampp\htdocs\smartwholesale\client-report\system\CodeIgniter.php(318): CodeIgniter\CodeIgniter->handleRequest(NULL, Object(Config\Cache), false)
#12 C:\xampp\htdocs\smartwholesale\client-report\public\index.php(37): CodeIgniter\CodeIgniter->run()
#13 C:\xampp\htdocs\smartwholesale\client-report\system\Commands\Server\rewrite.php(43): require_once('C:\\xampp\\htdocs...')
#14 {main}
