CRITICAL - 2022-04-01 04:26:00 --> Undefined variable: companySetting
#0 /Applications/MAMP/htdocs/smartfba/client-report/app/Views/administrator/layout/footer.php(5): CodeIgniter\Debug\Exceptions->errorHandler(8, 'Undefined varia...', '/Applications/M...', 5, Array)
#1 /Applications/MAMP/htdocs/smartfba/client-report/system/View/View.php(214): include('/Applications/M...')
#2 /Applications/MAMP/htdocs/smartfba/client-report/system/View/View.php(217): CodeIgniter\View\View->CodeIgniter\View\{closure}()
#3 /Applications/MAMP/htdocs/smartfba/client-report/system/View/View.php(432): CodeIgniter\View\View->render('administrator/l...', NULL, true)
#4 /Applications/MAMP/htdocs/smartfba/client-report/app/Views/administrator/layout/template.php(195): CodeIgniter\View\View->include('administrator/l...')
#5 /Applications/MAMP/htdocs/smartfba/client-report/system/View/View.php(214): include('/Applications/M...')
#6 /Applications/MAMP/htdocs/smartfba/client-report/system/View/View.php(217): CodeIgniter\View\View->CodeIgniter\View\{closure}()
#7 /Applications/MAMP/htdocs/smartfba/client-report/system/View/View.php(230): CodeIgniter\View\View->render('administrator/l...', Array, true)
#8 /Applications/MAMP/htdocs/smartfba/client-report/system/Common.php(1097): CodeIgniter\View\View->render('administrator/c...', Array, true)
#9 /Applications/MAMP/htdocs/smartfba/client-report/app/Controllers/Admin/Users.php(132): view('administrator/c...', Array)
#10 /Applications/MAMP/htdocs/smartfba/client-report/system/CodeIgniter.php(824): App\Controllers\Admin\Users->companySetting()
#11 /Applications/MAMP/htdocs/smartfba/client-report/system/CodeIgniter.php(410): CodeIgniter\CodeIgniter->runController(Object(App\Controllers\Admin\Users))
#12 /Applications/MAMP/htdocs/smartfba/client-report/system/CodeIgniter.php(318): CodeIgniter\CodeIgniter->handleRequest(NULL, Object(Config\Cache), false)
#13 /Applications/MAMP/htdocs/smartfba/client-report/public/index.php(37): CodeIgniter\CodeIgniter->run()
#14 /Applications/MAMP/htdocs/smartfba/client-report/system/Commands/Server/rewrite.php(43): require_once('/Applications/M...')
#15 {main}
CRITICAL - 2022-04-01 04:31:08 --> Undefined variable: companySetting
#0 /Applications/MAMP/htdocs/smartfba/client-report/app/Views/administrator/layout/main-navbar.php(5): CodeIgniter\Debug\Exceptions->errorHandler(8, 'Undefined varia...', '/Applications/M...', 5, Array)
#1 /Applications/MAMP/htdocs/smartfba/client-report/system/View/View.php(214): include('/Applications/M...')
#2 /Applications/MAMP/htdocs/smartfba/client-report/system/View/View.php(217): CodeIgniter\View\View->CodeIgniter\View\{closure}()
#3 /Applications/MAMP/htdocs/smartfba/client-report/system/View/View.php(432): CodeIgniter\View\View->render('administrator/l...', NULL, true)
#4 /Applications/MAMP/htdocs/smartfba/client-report/app/Views/administrator/layout/template.php(148): CodeIgniter\View\View->include('administrator/l...')
#5 /Applications/MAMP/htdocs/smartfba/client-report/system/View/View.php(214): include('/Applications/M...')
#6 /Applications/MAMP/htdocs/smartfba/client-report/system/View/View.php(217): CodeIgniter\View\View->CodeIgniter\View\{closure}()
#7 /Applications/MAMP/htdocs/smartfba/client-report/system/View/View.php(230): CodeIgniter\View\View->render('administrator/l...', Array, true)
#8 /Applications/MAMP/htdocs/smartfba/client-report/system/Common.php(1097): CodeIgniter\View\View->render('administrator/c...', Array, true)
#9 /Applications/MAMP/htdocs/smartfba/client-report/app/Controllers/Admin/Reports.php(185): view('administrator/c...', Array)
#10 /Applications/MAMP/htdocs/smartfba/client-report/system/CodeIgniter.php(824): App\Controllers\Admin\Reports->clientActivities()
#11 /Applications/MAMP/htdocs/smartfba/client-report/system/CodeIgniter.php(410): CodeIgniter\CodeIgniter->runController(Object(App\Controllers\Admin\Reports))
#12 /Applications/MAMP/htdocs/smartfba/client-report/system/CodeIgniter.php(318): CodeIgniter\CodeIgniter->handleRequest(NULL, Object(Config\Cache), false)
#13 /Applications/MAMP/htdocs/smartfba/client-report/public/index.php(37): CodeIgniter\CodeIgniter->run()
#14 /Applications/MAMP/htdocs/smartfba/client-report/system/Commands/Server/rewrite.php(43): require_once('/Applications/M...')
#15 {main}
CRITICAL - 2022-04-01 04:43:37 --> Undefined variable: companySetting
#0 /Applications/MAMP/htdocs/smartfba/client-report/app/Views/administrator/layout/main-navbar.php(5): CodeIgniter\Debug\Exceptions->errorHandler(8, 'Undefined varia...', '/Applications/M...', 5, Array)
#1 /Applications/MAMP/htdocs/smartfba/client-report/system/View/View.php(214): include('/Applications/M...')
#2 /Applications/MAMP/htdocs/smartfba/client-report/system/View/View.php(217): CodeIgniter\View\View->CodeIgniter\View\{closure}()
#3 /Applications/MAMP/htdocs/smartfba/client-report/system/View/View.php(432): CodeIgniter\View\View->render('administrator/l...', NULL, true)
#4 /Applications/MAMP/htdocs/smartfba/client-report/app/Views/administrator/layout/template.php(148): CodeIgniter\View\View->include('administrator/l...')
#5 /Applications/MAMP/htdocs/smartfba/client-report/system/View/View.php(214): include('/Applications/M...')
#6 /Applications/MAMP/htdocs/smartfba/client-report/system/View/View.php(217): CodeIgniter\View\View->CodeIgniter\View\{closure}()
#7 /Applications/MAMP/htdocs/smartfba/client-report/system/View/View.php(230): CodeIgniter\View\View->render('administrator/l...', Array, true)
#8 /Applications/MAMP/htdocs/smartfba/client-report/system/Common.php(1097): CodeIgniter\View\View->render('administrator/a...', Array, true)
#9 /Applications/MAMP/htdocs/smartfba/client-report/app/Controllers/Admin/Users.php(114): view('administrator/a...', Array)
#10 /Applications/MAMP/htdocs/smartfba/client-report/system/CodeIgniter.php(824): App\Controllers\Admin\Users->accountSetting()
#11 /Applications/MAMP/htdocs/smartfba/client-report/system/CodeIgniter.php(410): CodeIgniter\CodeIgniter->runController(Object(App\Controllers\Admin\Users))
#12 /Applications/MAMP/htdocs/smartfba/client-report/system/CodeIgniter.php(318): CodeIgniter\CodeIgniter->handleRequest(NULL, Object(Config\Cache), false)
#13 /Applications/MAMP/htdocs/smartfba/client-report/public/index.php(37): CodeIgniter\CodeIgniter->run()
#14 /Applications/MAMP/htdocs/smartfba/client-report/system/Commands/Server/rewrite.php(43): require_once('/Applications/M...')
#15 {main}
CRITICAL - 2022-04-01 04:58:36 --> Undefined variable: companySetting
#0 /Applications/MAMP/htdocs/smartfba/client-report/app/Views/administrator/layout/main-navbar.php(5): CodeIgniter\Debug\Exceptions->errorHandler(8, 'Undefined varia...', '/Applications/M...', 5, Array)
#1 /Applications/MAMP/htdocs/smartfba/client-report/system/View/View.php(214): include('/Applications/M...')
#2 /Applications/MAMP/htdocs/smartfba/client-report/system/View/View.php(217): CodeIgniter\View\View->CodeIgniter\View\{closure}()
#3 /Applications/MAMP/htdocs/smartfba/client-report/system/View/View.php(432): CodeIgniter\View\View->render('administrator/l...', NULL, true)
#4 /Applications/MAMP/htdocs/smartfba/client-report/app/Views/administrator/layout/template.php(148): CodeIgniter\View\View->include('administrator/l...')
#5 /Applications/MAMP/htdocs/smartfba/client-report/system/View/View.php(214): include('/Applications/M...')
#6 /Applications/MAMP/htdocs/smartfba/client-report/system/View/View.php(217): CodeIgniter\View\View->CodeIgniter\View\{closure}()
#7 /Applications/MAMP/htdocs/smartfba/client-report/system/View/View.php(230): CodeIgniter\View\View->render('administrator/l...', Array, true)
#8 /Applications/MAMP/htdocs/smartfba/client-report/system/Common.php(1097): CodeIgniter\View\View->render('administrator/a...', Array, true)
#9 /Applications/MAMP/htdocs/smartfba/client-report/app/Controllers/Admin/Users.php(114): view('administrator/a...', Array)
#10 /Applications/MAMP/htdocs/smartfba/client-report/system/CodeIgniter.php(824): App\Controllers\Admin\Users->accountSetting()
#11 /Applications/MAMP/htdocs/smartfba/client-report/system/CodeIgniter.php(410): CodeIgniter\CodeIgniter->runController(Object(App\Controllers\Admin\Users))
#12 /Applications/MAMP/htdocs/smartfba/client-report/system/CodeIgniter.php(318): CodeIgniter\CodeIgniter->handleRequest(NULL, Object(Config\Cache), false)
#13 /Applications/MAMP/htdocs/smartfba/client-report/public/index.php(37): CodeIgniter\CodeIgniter->run()
#14 /Applications/MAMP/htdocs/smartfba/client-report/system/Commands/Server/rewrite.php(43): require_once('/Applications/M...')
#15 {main}
