CRITICAL - 2023-10-18 19:24:31 --> strtolower(): Passing null to parameter #1 ($string) of type string is deprecated
#0 [internal function]: CodeIgniter\Debug\Exceptions->errorHandler(8192, 'strtolower(): P...', '/Applications/M...', 253)
#1 /Applications/MAMP/htdocs/smartwholesale/client-report/system/Validation/FormatRules.php(253): strtolower(NULL)
#2 /Applications/MAMP/htdocs/smartwholesale/client-report/system/HTTP/RequestTrait.php(151): CodeIgniter\Validation\FormatRules->valid_ip('::1')
#3 /Applications/MAMP/htdocs/smartwholesale/client-report/system/Config/Services.php(570): CodeIgniter\HTTP\Request->getIPAddress()
#4 /Applications/MAMP/htdocs/smartwholesale/client-report/system/Config/BaseService.php(248): CodeIgniter\Config\Services::session(Object(Config\App), false)
#5 /Applications/MAMP/htdocs/smartwholesale/client-report/system/Config/BaseService.php(189): CodeIgniter\Config\BaseService::__callStatic('session', Array)
#6 /Applications/MAMP/htdocs/smartwholesale/client-report/system/Config/Services.php(563): CodeIgniter\Config\BaseService::getSharedInstance('session', NULL)
#7 /Applications/MAMP/htdocs/smartwholesale/client-report/system/Config/BaseService.php(248): CodeIgniter\Config\Services::session()
#8 /Applications/MAMP/htdocs/smartwholesale/client-report/app/Controllers/BaseController.php(51): CodeIgniter\Config\BaseService::__callStatic('session', Array)
#9 /Applications/MAMP/htdocs/smartwholesale/client-report/system/CodeIgniter.php(802): App\Controllers\BaseController->initController(Object(CodeIgniter\HTTP\IncomingRequest), Object(CodeIgniter\HTTP\Response), Object(CodeIgniter\Log\Logger))
#10 /Applications/MAMP/htdocs/smartwholesale/client-report/system/CodeIgniter.php(401): CodeIgniter\CodeIgniter->createController()
#11 /Applications/MAMP/htdocs/smartwholesale/client-report/system/CodeIgniter.php(318): CodeIgniter\CodeIgniter->handleRequest(NULL, Object(Config\Cache), false)
#12 /Applications/MAMP/htdocs/smartwholesale/client-report/public/index.php(37): CodeIgniter\CodeIgniter->run()
#13 /Applications/MAMP/htdocs/smartwholesale/client-report/system/Commands/Server/rewrite.php(43): require_once('/Applications/M...')
#14 {main}
CRITICAL - 2023-10-18 19:24:32 --> strtolower(): Passing null to parameter #1 ($string) of type string is deprecated
#0 [internal function]: CodeIgniter\Debug\Exceptions->errorHandler(8192, 'strtolower(): P...', '/Applications/M...', 253)
#1 /Applications/MAMP/htdocs/smartwholesale/client-report/system/Validation/FormatRules.php(253): strtolower(NULL)
#2 /Applications/MAMP/htdocs/smartwholesale/client-report/system/HTTP/RequestTrait.php(151): CodeIgniter\Validation\FormatRules->valid_ip('::1')
#3 /Applications/MAMP/htdocs/smartwholesale/client-report/system/Config/Services.php(570): CodeIgniter\HTTP\Request->getIPAddress()
#4 /Applications/MAMP/htdocs/smartwholesale/client-report/system/Config/BaseService.php(248): CodeIgniter\Config\Services::session(Object(Config\App), false)
#5 /Applications/MAMP/htdocs/smartwholesale/client-report/system/Config/BaseService.php(189): CodeIgniter\Config\BaseService::__callStatic('session', Array)
#6 /Applications/MAMP/htdocs/smartwholesale/client-report/system/Config/Services.php(563): CodeIgniter\Config\BaseService::getSharedInstance('session', NULL)
#7 /Applications/MAMP/htdocs/smartwholesale/client-report/system/Config/BaseService.php(248): CodeIgniter\Config\Services::session()
#8 /Applications/MAMP/htdocs/smartwholesale/client-report/app/Controllers/BaseController.php(51): CodeIgniter\Config\BaseService::__callStatic('session', Array)
#9 /Applications/MAMP/htdocs/smartwholesale/client-report/system/CodeIgniter.php(802): App\Controllers\BaseController->initController(Object(CodeIgniter\HTTP\IncomingRequest), Object(CodeIgniter\HTTP\Response), Object(CodeIgniter\Log\Logger))
#10 /Applications/MAMP/htdocs/smartwholesale/client-report/system/CodeIgniter.php(401): CodeIgniter\CodeIgniter->createController()
#11 /Applications/MAMP/htdocs/smartwholesale/client-report/system/CodeIgniter.php(318): CodeIgniter\CodeIgniter->handleRequest(NULL, Object(Config\Cache), false)
#12 /Applications/MAMP/htdocs/smartwholesale/client-report/public/index.php(37): CodeIgniter\CodeIgniter->run()
#13 /Applications/MAMP/htdocs/smartwholesale/client-report/system/Commands/Server/rewrite.php(43): require_once('/Applications/M...')
#14 {main}
CRITICAL - 2023-10-18 21:48:56 --> strtolower(): Passing null to parameter #1 ($string) of type string is deprecated
#0 [internal function]: CodeIgniter\Debug\Exceptions->errorHandler(8192, 'strtolower(): P...', '/Applications/M...', 253)
#1 /Applications/MAMP/htdocs/smartwholesale/client-report/system/Validation/FormatRules.php(253): strtolower(NULL)
#2 /Applications/MAMP/htdocs/smartwholesale/client-report/system/HTTP/RequestTrait.php(151): CodeIgniter\Validation\FormatRules->valid_ip('::1')
#3 /Applications/MAMP/htdocs/smartwholesale/client-report/system/Config/Services.php(570): CodeIgniter\HTTP\Request->getIPAddress()
#4 /Applications/MAMP/htdocs/smartwholesale/client-report/system/Config/BaseService.php(248): CodeIgniter\Config\Services::session(Object(Config\App), false)
#5 /Applications/MAMP/htdocs/smartwholesale/client-report/system/Config/BaseService.php(189): CodeIgniter\Config\BaseService::__callStatic('session', Array)
#6 /Applications/MAMP/htdocs/smartwholesale/client-report/system/Config/Services.php(563): CodeIgniter\Config\BaseService::getSharedInstance('session', NULL)
#7 /Applications/MAMP/htdocs/smartwholesale/client-report/system/Config/BaseService.php(248): CodeIgniter\Config\Services::session()
#8 /Applications/MAMP/htdocs/smartwholesale/client-report/app/Controllers/BaseController.php(51): CodeIgniter\Config\BaseService::__callStatic('session', Array)
#9 /Applications/MAMP/htdocs/smartwholesale/client-report/system/CodeIgniter.php(802): App\Controllers\BaseController->initController(Object(CodeIgniter\HTTP\IncomingRequest), Object(CodeIgniter\HTTP\Response), Object(CodeIgniter\Log\Logger))
#10 /Applications/MAMP/htdocs/smartwholesale/client-report/system/CodeIgniter.php(401): CodeIgniter\CodeIgniter->createController()
#11 /Applications/MAMP/htdocs/smartwholesale/client-report/system/CodeIgniter.php(318): CodeIgniter\CodeIgniter->handleRequest(NULL, Object(Config\Cache), false)
#12 /Applications/MAMP/htdocs/smartwholesale/client-report/public/index.php(37): CodeIgniter\CodeIgniter->run()
#13 /Applications/MAMP/htdocs/smartwholesale/client-report/system/Commands/Server/rewrite.php(43): require_once('/Applications/M...')
#14 {main}
CRITICAL - 2023-10-18 21:48:57 --> strtolower(): Passing null to parameter #1 ($string) of type string is deprecated
#0 [internal function]: CodeIgniter\Debug\Exceptions->errorHandler(8192, 'strtolower(): P...', '/Applications/M...', 253)
#1 /Applications/MAMP/htdocs/smartwholesale/client-report/system/Validation/FormatRules.php(253): strtolower(NULL)
#2 /Applications/MAMP/htdocs/smartwholesale/client-report/system/HTTP/RequestTrait.php(151): CodeIgniter\Validation\FormatRules->valid_ip('::1')
#3 /Applications/MAMP/htdocs/smartwholesale/client-report/system/Config/Services.php(570): CodeIgniter\HTTP\Request->getIPAddress()
#4 /Applications/MAMP/htdocs/smartwholesale/client-report/system/Config/BaseService.php(248): CodeIgniter\Config\Services::session(Object(Config\App), false)
#5 /Applications/MAMP/htdocs/smartwholesale/client-report/system/Config/BaseService.php(189): CodeIgniter\Config\BaseService::__callStatic('session', Array)
#6 /Applications/MAMP/htdocs/smartwholesale/client-report/system/Config/Services.php(563): CodeIgniter\Config\BaseService::getSharedInstance('session', NULL)
#7 /Applications/MAMP/htdocs/smartwholesale/client-report/system/Config/BaseService.php(248): CodeIgniter\Config\Services::session()
#8 /Applications/MAMP/htdocs/smartwholesale/client-report/app/Controllers/BaseController.php(51): CodeIgniter\Config\BaseService::__callStatic('session', Array)
#9 /Applications/MAMP/htdocs/smartwholesale/client-report/system/CodeIgniter.php(802): App\Controllers\BaseController->initController(Object(CodeIgniter\HTTP\IncomingRequest), Object(CodeIgniter\HTTP\Response), Object(CodeIgniter\Log\Logger))
#10 /Applications/MAMP/htdocs/smartwholesale/client-report/system/CodeIgniter.php(401): CodeIgniter\CodeIgniter->createController()
#11 /Applications/MAMP/htdocs/smartwholesale/client-report/system/CodeIgniter.php(318): CodeIgniter\CodeIgniter->handleRequest(NULL, Object(Config\Cache), false)
#12 /Applications/MAMP/htdocs/smartwholesale/client-report/public/index.php(37): CodeIgniter\CodeIgniter->run()
#13 /Applications/MAMP/htdocs/smartwholesale/client-report/system/Commands/Server/rewrite.php(43): require_once('/Applications/M...')
#14 {main}
CRITICAL - 2023-10-18 21:51:10 --> strtolower(): Passing null to parameter #1 ($string) of type string is deprecated
#0 [internal function]: CodeIgniter\Debug\Exceptions->errorHandler(8192, 'strtolower(): P...', '/Applications/M...', 253)
#1 /Applications/MAMP/htdocs/smartwholesale/client-report/system/Validation/FormatRules.php(253): strtolower(NULL)
#2 /Applications/MAMP/htdocs/smartwholesale/client-report/system/HTTP/RequestTrait.php(151): CodeIgniter\Validation\FormatRules->valid_ip('::1')
#3 /Applications/MAMP/htdocs/smartwholesale/client-report/system/Config/Services.php(570): CodeIgniter\HTTP\Request->getIPAddress()
#4 /Applications/MAMP/htdocs/smartwholesale/client-report/system/Config/BaseService.php(248): CodeIgniter\Config\Services::session(Object(Config\App), false)
#5 /Applications/MAMP/htdocs/smartwholesale/client-report/system/Config/BaseService.php(189): CodeIgniter\Config\BaseService::__callStatic('session', Array)
#6 /Applications/MAMP/htdocs/smartwholesale/client-report/system/Config/Services.php(563): CodeIgniter\Config\BaseService::getSharedInstance('session', NULL)
#7 /Applications/MAMP/htdocs/smartwholesale/client-report/system/Config/BaseService.php(248): CodeIgniter\Config\Services::session()
#8 /Applications/MAMP/htdocs/smartwholesale/client-report/app/Controllers/BaseController.php(51): CodeIgniter\Config\BaseService::__callStatic('session', Array)
#9 /Applications/MAMP/htdocs/smartwholesale/client-report/system/CodeIgniter.php(802): App\Controllers\BaseController->initController(Object(CodeIgniter\HTTP\IncomingRequest), Object(CodeIgniter\HTTP\Response), Object(CodeIgniter\Log\Logger))
#10 /Applications/MAMP/htdocs/smartwholesale/client-report/system/CodeIgniter.php(401): CodeIgniter\CodeIgniter->createController()
#11 /Applications/MAMP/htdocs/smartwholesale/client-report/system/CodeIgniter.php(318): CodeIgniter\CodeIgniter->handleRequest(NULL, Object(Config\Cache), false)
#12 /Applications/MAMP/htdocs/smartwholesale/client-report/public/index.php(37): CodeIgniter\CodeIgniter->run()
#13 /Applications/MAMP/htdocs/smartwholesale/client-report/system/Commands/Server/rewrite.php(43): require_once('/Applications/M...')
#14 {main}
CRITICAL - 2023-10-18 21:52:38 --> strtolower(): Passing null to parameter #1 ($string) of type string is deprecated
#0 [internal function]: CodeIgniter\Debug\Exceptions->errorHandler(8192, 'strtolower(): P...', '/Applications/M...', 253)
#1 /Applications/MAMP/htdocs/smartwholesale/client-report/system/Validation/FormatRules.php(253): strtolower(NULL)
#2 /Applications/MAMP/htdocs/smartwholesale/client-report/system/HTTP/RequestTrait.php(151): CodeIgniter\Validation\FormatRules->valid_ip('::1')
#3 /Applications/MAMP/htdocs/smartwholesale/client-report/system/Config/Services.php(570): CodeIgniter\HTTP\Request->getIPAddress()
#4 /Applications/MAMP/htdocs/smartwholesale/client-report/system/Config/BaseService.php(248): CodeIgniter\Config\Services::session(Object(Config\App), false)
#5 /Applications/MAMP/htdocs/smartwholesale/client-report/system/Config/BaseService.php(189): CodeIgniter\Config\BaseService::__callStatic('session', Array)
#6 /Applications/MAMP/htdocs/smartwholesale/client-report/system/Config/Services.php(563): CodeIgniter\Config\BaseService::getSharedInstance('session', NULL)
#7 /Applications/MAMP/htdocs/smartwholesale/client-report/system/Config/BaseService.php(248): CodeIgniter\Config\Services::session()
#8 /Applications/MAMP/htdocs/smartwholesale/client-report/app/Controllers/BaseController.php(51): CodeIgniter\Config\BaseService::__callStatic('session', Array)
#9 /Applications/MAMP/htdocs/smartwholesale/client-report/system/CodeIgniter.php(802): App\Controllers\BaseController->initController(Object(CodeIgniter\HTTP\IncomingRequest), Object(CodeIgniter\HTTP\Response), Object(CodeIgniter\Log\Logger))
#10 /Applications/MAMP/htdocs/smartwholesale/client-report/system/CodeIgniter.php(401): CodeIgniter\CodeIgniter->createController()
#11 /Applications/MAMP/htdocs/smartwholesale/client-report/system/CodeIgniter.php(318): CodeIgniter\CodeIgniter->handleRequest(NULL, Object(Config\Cache), false)
#12 /Applications/MAMP/htdocs/smartwholesale/client-report/public/index.php(37): CodeIgniter\CodeIgniter->run()
#13 /Applications/MAMP/htdocs/smartwholesale/client-report/system/Commands/Server/rewrite.php(43): require_once('/Applications/M...')
#14 {main}
CRITICAL - 2023-10-18 21:53:11 --> strtolower(): Passing null to parameter #1 ($string) of type string is deprecated
#0 [internal function]: CodeIgniter\Debug\Exceptions->errorHandler(8192, 'strtolower(): P...', '/Applications/M...', 253)
#1 /Applications/MAMP/htdocs/smartwholesale/client-report/system/Validation/FormatRules.php(253): strtolower(NULL)
#2 /Applications/MAMP/htdocs/smartwholesale/client-report/system/HTTP/RequestTrait.php(151): CodeIgniter\Validation\FormatRules->valid_ip('::1')
#3 /Applications/MAMP/htdocs/smartwholesale/client-report/system/Config/Services.php(570): CodeIgniter\HTTP\Request->getIPAddress()
#4 /Applications/MAMP/htdocs/smartwholesale/client-report/system/Config/BaseService.php(248): CodeIgniter\Config\Services::session(Object(Config\App), false)
#5 /Applications/MAMP/htdocs/smartwholesale/client-report/system/Config/BaseService.php(189): CodeIgniter\Config\BaseService::__callStatic('session', Array)
#6 /Applications/MAMP/htdocs/smartwholesale/client-report/system/Config/Services.php(563): CodeIgniter\Config\BaseService::getSharedInstance('session', NULL)
#7 /Applications/MAMP/htdocs/smartwholesale/client-report/system/Config/BaseService.php(248): CodeIgniter\Config\Services::session()
#8 /Applications/MAMP/htdocs/smartwholesale/client-report/app/Controllers/BaseController.php(51): CodeIgniter\Config\BaseService::__callStatic('session', Array)
#9 /Applications/MAMP/htdocs/smartwholesale/client-report/system/CodeIgniter.php(802): App\Controllers\BaseController->initController(Object(CodeIgniter\HTTP\IncomingRequest), Object(CodeIgniter\HTTP\Response), Object(CodeIgniter\Log\Logger))
#10 /Applications/MAMP/htdocs/smartwholesale/client-report/system/CodeIgniter.php(401): CodeIgniter\CodeIgniter->createController()
#11 /Applications/MAMP/htdocs/smartwholesale/client-report/system/CodeIgniter.php(318): CodeIgniter\CodeIgniter->handleRequest(NULL, Object(Config\Cache), false)
#12 /Applications/MAMP/htdocs/smartwholesale/client-report/public/index.php(37): CodeIgniter\CodeIgniter->run()
#13 /Applications/MAMP/htdocs/smartwholesale/client-report/system/Commands/Server/rewrite.php(43): require_once('/Applications/M...')
#14 {main}
CRITICAL - 2023-10-18 21:53:12 --> strtolower(): Passing null to parameter #1 ($string) of type string is deprecated
#0 [internal function]: CodeIgniter\Debug\Exceptions->errorHandler(8192, 'strtolower(): P...', '/Applications/M...', 253)
#1 /Applications/MAMP/htdocs/smartwholesale/client-report/system/Validation/FormatRules.php(253): strtolower(NULL)
#2 /Applications/MAMP/htdocs/smartwholesale/client-report/system/HTTP/RequestTrait.php(151): CodeIgniter\Validation\FormatRules->valid_ip('::1')
#3 /Applications/MAMP/htdocs/smartwholesale/client-report/system/Config/Services.php(570): CodeIgniter\HTTP\Request->getIPAddress()
#4 /Applications/MAMP/htdocs/smartwholesale/client-report/system/Config/BaseService.php(248): CodeIgniter\Config\Services::session(Object(Config\App), false)
#5 /Applications/MAMP/htdocs/smartwholesale/client-report/system/Config/BaseService.php(189): CodeIgniter\Config\BaseService::__callStatic('session', Array)
#6 /Applications/MAMP/htdocs/smartwholesale/client-report/system/Config/Services.php(563): CodeIgniter\Config\BaseService::getSharedInstance('session', NULL)
#7 /Applications/MAMP/htdocs/smartwholesale/client-report/system/Config/BaseService.php(248): CodeIgniter\Config\Services::session()
#8 /Applications/MAMP/htdocs/smartwholesale/client-report/app/Controllers/BaseController.php(51): CodeIgniter\Config\BaseService::__callStatic('session', Array)
#9 /Applications/MAMP/htdocs/smartwholesale/client-report/system/CodeIgniter.php(802): App\Controllers\BaseController->initController(Object(CodeIgniter\HTTP\IncomingRequest), Object(CodeIgniter\HTTP\Response), Object(CodeIgniter\Log\Logger))
#10 /Applications/MAMP/htdocs/smartwholesale/client-report/system/CodeIgniter.php(401): CodeIgniter\CodeIgniter->createController()
#11 /Applications/MAMP/htdocs/smartwholesale/client-report/system/CodeIgniter.php(318): CodeIgniter\CodeIgniter->handleRequest(NULL, Object(Config\Cache), false)
#12 /Applications/MAMP/htdocs/smartwholesale/client-report/public/index.php(37): CodeIgniter\CodeIgniter->run()
#13 /Applications/MAMP/htdocs/smartwholesale/client-report/system/Commands/Server/rewrite.php(43): require_once('/Applications/M...')
#14 {main}
CRITICAL - 2023-10-18 21:53:12 --> strtolower(): Passing null to parameter #1 ($string) of type string is deprecated
#0 [internal function]: CodeIgniter\Debug\Exceptions->errorHandler(8192, 'strtolower(): P...', '/Applications/M...', 253)
#1 /Applications/MAMP/htdocs/smartwholesale/client-report/system/Validation/FormatRules.php(253): strtolower(NULL)
#2 /Applications/MAMP/htdocs/smartwholesale/client-report/system/HTTP/RequestTrait.php(151): CodeIgniter\Validation\FormatRules->valid_ip('::1')
#3 /Applications/MAMP/htdocs/smartwholesale/client-report/system/Config/Services.php(570): CodeIgniter\HTTP\Request->getIPAddress()
#4 /Applications/MAMP/htdocs/smartwholesale/client-report/system/Config/BaseService.php(248): CodeIgniter\Config\Services::session(Object(Config\App), false)
#5 /Applications/MAMP/htdocs/smartwholesale/client-report/system/Config/BaseService.php(189): CodeIgniter\Config\BaseService::__callStatic('session', Array)
#6 /Applications/MAMP/htdocs/smartwholesale/client-report/system/Config/Services.php(563): CodeIgniter\Config\BaseService::getSharedInstance('session', NULL)
#7 /Applications/MAMP/htdocs/smartwholesale/client-report/system/Config/BaseService.php(248): CodeIgniter\Config\Services::session()
#8 /Applications/MAMP/htdocs/smartwholesale/client-report/app/Controllers/BaseController.php(51): CodeIgniter\Config\BaseService::__callStatic('session', Array)
#9 /Applications/MAMP/htdocs/smartwholesale/client-report/system/CodeIgniter.php(802): App\Controllers\BaseController->initController(Object(CodeIgniter\HTTP\IncomingRequest), Object(CodeIgniter\HTTP\Response), Object(CodeIgniter\Log\Logger))
#10 /Applications/MAMP/htdocs/smartwholesale/client-report/system/CodeIgniter.php(401): CodeIgniter\CodeIgniter->createController()
#11 /Applications/MAMP/htdocs/smartwholesale/client-report/system/CodeIgniter.php(318): CodeIgniter\CodeIgniter->handleRequest(NULL, Object(Config\Cache), false)
#12 /Applications/MAMP/htdocs/smartwholesale/client-report/public/index.php(37): CodeIgniter\CodeIgniter->run()
#13 /Applications/MAMP/htdocs/smartwholesale/client-report/system/Commands/Server/rewrite.php(43): require_once('/Applications/M...')
#14 {main}
CRITICAL - 2023-10-18 21:53:12 --> strtolower(): Passing null to parameter #1 ($string) of type string is deprecated
#0 [internal function]: CodeIgniter\Debug\Exceptions->errorHandler(8192, 'strtolower(): P...', '/Applications/M...', 253)
#1 /Applications/MAMP/htdocs/smartwholesale/client-report/system/Validation/FormatRules.php(253): strtolower(NULL)
#2 /Applications/MAMP/htdocs/smartwholesale/client-report/system/HTTP/RequestTrait.php(151): CodeIgniter\Validation\FormatRules->valid_ip('::1')
#3 /Applications/MAMP/htdocs/smartwholesale/client-report/system/Config/Services.php(570): CodeIgniter\HTTP\Request->getIPAddress()
#4 /Applications/MAMP/htdocs/smartwholesale/client-report/system/Config/BaseService.php(248): CodeIgniter\Config\Services::session(Object(Config\App), false)
#5 /Applications/MAMP/htdocs/smartwholesale/client-report/system/Config/BaseService.php(189): CodeIgniter\Config\BaseService::__callStatic('session', Array)
#6 /Applications/MAMP/htdocs/smartwholesale/client-report/system/Config/Services.php(563): CodeIgniter\Config\BaseService::getSharedInstance('session', NULL)
#7 /Applications/MAMP/htdocs/smartwholesale/client-report/system/Config/BaseService.php(248): CodeIgniter\Config\Services::session()
#8 /Applications/MAMP/htdocs/smartwholesale/client-report/app/Controllers/BaseController.php(51): CodeIgniter\Config\BaseService::__callStatic('session', Array)
#9 /Applications/MAMP/htdocs/smartwholesale/client-report/system/CodeIgniter.php(802): App\Controllers\BaseController->initController(Object(CodeIgniter\HTTP\IncomingRequest), Object(CodeIgniter\HTTP\Response), Object(CodeIgniter\Log\Logger))
#10 /Applications/MAMP/htdocs/smartwholesale/client-report/system/CodeIgniter.php(401): CodeIgniter\CodeIgniter->createController()
#11 /Applications/MAMP/htdocs/smartwholesale/client-report/system/CodeIgniter.php(318): CodeIgniter\CodeIgniter->handleRequest(NULL, Object(Config\Cache), false)
#12 /Applications/MAMP/htdocs/smartwholesale/client-report/public/index.php(37): CodeIgniter\CodeIgniter->run()
#13 /Applications/MAMP/htdocs/smartwholesale/client-report/system/Commands/Server/rewrite.php(43): require_once('/Applications/M...')
#14 {main}
CRITICAL - 2023-10-18 21:53:13 --> strtolower(): Passing null to parameter #1 ($string) of type string is deprecated
#0 [internal function]: CodeIgniter\Debug\Exceptions->errorHandler(8192, 'strtolower(): P...', '/Applications/M...', 253)
#1 /Applications/MAMP/htdocs/smartwholesale/client-report/system/Validation/FormatRules.php(253): strtolower(NULL)
#2 /Applications/MAMP/htdocs/smartwholesale/client-report/system/HTTP/RequestTrait.php(151): CodeIgniter\Validation\FormatRules->valid_ip('::1')
#3 /Applications/MAMP/htdocs/smartwholesale/client-report/system/Config/Services.php(570): CodeIgniter\HTTP\Request->getIPAddress()
#4 /Applications/MAMP/htdocs/smartwholesale/client-report/system/Config/BaseService.php(248): CodeIgniter\Config\Services::session(Object(Config\App), false)
#5 /Applications/MAMP/htdocs/smartwholesale/client-report/system/Config/BaseService.php(189): CodeIgniter\Config\BaseService::__callStatic('session', Array)
#6 /Applications/MAMP/htdocs/smartwholesale/client-report/system/Config/Services.php(563): CodeIgniter\Config\BaseService::getSharedInstance('session', NULL)
#7 /Applications/MAMP/htdocs/smartwholesale/client-report/system/Config/BaseService.php(248): CodeIgniter\Config\Services::session()
#8 /Applications/MAMP/htdocs/smartwholesale/client-report/app/Controllers/BaseController.php(51): CodeIgniter\Config\BaseService::__callStatic('session', Array)
#9 /Applications/MAMP/htdocs/smartwholesale/client-report/system/CodeIgniter.php(802): App\Controllers\BaseController->initController(Object(CodeIgniter\HTTP\IncomingRequest), Object(CodeIgniter\HTTP\Response), Object(CodeIgniter\Log\Logger))
#10 /Applications/MAMP/htdocs/smartwholesale/client-report/system/CodeIgniter.php(401): CodeIgniter\CodeIgniter->createController()
#11 /Applications/MAMP/htdocs/smartwholesale/client-report/system/CodeIgniter.php(318): CodeIgniter\CodeIgniter->handleRequest(NULL, Object(Config\Cache), false)
#12 /Applications/MAMP/htdocs/smartwholesale/client-report/public/index.php(37): CodeIgniter\CodeIgniter->run()
#13 /Applications/MAMP/htdocs/smartwholesale/client-report/system/Commands/Server/rewrite.php(43): require_once('/Applications/M...')
#14 {main}
CRITICAL - 2023-10-18 21:53:13 --> strtolower(): Passing null to parameter #1 ($string) of type string is deprecated
#0 [internal function]: CodeIgniter\Debug\Exceptions->errorHandler(8192, 'strtolower(): P...', '/Applications/M...', 253)
#1 /Applications/MAMP/htdocs/smartwholesale/client-report/system/Validation/FormatRules.php(253): strtolower(NULL)
#2 /Applications/MAMP/htdocs/smartwholesale/client-report/system/HTTP/RequestTrait.php(151): CodeIgniter\Validation\FormatRules->valid_ip('::1')
#3 /Applications/MAMP/htdocs/smartwholesale/client-report/system/Config/Services.php(570): CodeIgniter\HTTP\Request->getIPAddress()
#4 /Applications/MAMP/htdocs/smartwholesale/client-report/system/Config/BaseService.php(248): CodeIgniter\Config\Services::session(Object(Config\App), false)
#5 /Applications/MAMP/htdocs/smartwholesale/client-report/system/Config/BaseService.php(189): CodeIgniter\Config\BaseService::__callStatic('session', Array)
#6 /Applications/MAMP/htdocs/smartwholesale/client-report/system/Config/Services.php(563): CodeIgniter\Config\BaseService::getSharedInstance('session', NULL)
#7 /Applications/MAMP/htdocs/smartwholesale/client-report/system/Config/BaseService.php(248): CodeIgniter\Config\Services::session()
#8 /Applications/MAMP/htdocs/smartwholesale/client-report/app/Controllers/BaseController.php(51): CodeIgniter\Config\BaseService::__callStatic('session', Array)
#9 /Applications/MAMP/htdocs/smartwholesale/client-report/system/CodeIgniter.php(802): App\Controllers\BaseController->initController(Object(CodeIgniter\HTTP\IncomingRequest), Object(CodeIgniter\HTTP\Response), Object(CodeIgniter\Log\Logger))
#10 /Applications/MAMP/htdocs/smartwholesale/client-report/system/CodeIgniter.php(401): CodeIgniter\CodeIgniter->createController()
#11 /Applications/MAMP/htdocs/smartwholesale/client-report/system/CodeIgniter.php(318): CodeIgniter\CodeIgniter->handleRequest(NULL, Object(Config\Cache), false)
#12 /Applications/MAMP/htdocs/smartwholesale/client-report/public/index.php(37): CodeIgniter\CodeIgniter->run()
#13 /Applications/MAMP/htdocs/smartwholesale/client-report/system/Commands/Server/rewrite.php(43): require_once('/Applications/M...')
#14 {main}
CRITICAL - 2023-10-18 21:53:13 --> strtolower(): Passing null to parameter #1 ($string) of type string is deprecated
#0 [internal function]: CodeIgniter\Debug\Exceptions->errorHandler(8192, 'strtolower(): P...', '/Applications/M...', 253)
#1 /Applications/MAMP/htdocs/smartwholesale/client-report/system/Validation/FormatRules.php(253): strtolower(NULL)
#2 /Applications/MAMP/htdocs/smartwholesale/client-report/system/HTTP/RequestTrait.php(151): CodeIgniter\Validation\FormatRules->valid_ip('::1')
#3 /Applications/MAMP/htdocs/smartwholesale/client-report/system/Config/Services.php(570): CodeIgniter\HTTP\Request->getIPAddress()
#4 /Applications/MAMP/htdocs/smartwholesale/client-report/system/Config/BaseService.php(248): CodeIgniter\Config\Services::session(Object(Config\App), false)
#5 /Applications/MAMP/htdocs/smartwholesale/client-report/system/Config/BaseService.php(189): CodeIgniter\Config\BaseService::__callStatic('session', Array)
#6 /Applications/MAMP/htdocs/smartwholesale/client-report/system/Config/Services.php(563): CodeIgniter\Config\BaseService::getSharedInstance('session', NULL)
#7 /Applications/MAMP/htdocs/smartwholesale/client-report/system/Config/BaseService.php(248): CodeIgniter\Config\Services::session()
#8 /Applications/MAMP/htdocs/smartwholesale/client-report/app/Controllers/BaseController.php(51): CodeIgniter\Config\BaseService::__callStatic('session', Array)
#9 /Applications/MAMP/htdocs/smartwholesale/client-report/system/CodeIgniter.php(802): App\Controllers\BaseController->initController(Object(CodeIgniter\HTTP\IncomingRequest), Object(CodeIgniter\HTTP\Response), Object(CodeIgniter\Log\Logger))
#10 /Applications/MAMP/htdocs/smartwholesale/client-report/system/CodeIgniter.php(401): CodeIgniter\CodeIgniter->createController()
#11 /Applications/MAMP/htdocs/smartwholesale/client-report/system/CodeIgniter.php(318): CodeIgniter\CodeIgniter->handleRequest(NULL, Object(Config\Cache), false)
#12 /Applications/MAMP/htdocs/smartwholesale/client-report/public/index.php(37): CodeIgniter\CodeIgniter->run()
#13 /Applications/MAMP/htdocs/smartwholesale/client-report/system/Commands/Server/rewrite.php(43): require_once('/Applications/M...')
#14 {main}
CRITICAL - 2023-10-18 21:56:17 --> strtolower(): Passing null to parameter #1 ($string) of type string is deprecated
#0 [internal function]: CodeIgniter\Debug\Exceptions->errorHandler(8192, 'strtolower(): P...', '/Applications/M...', 253)
#1 /Applications/MAMP/htdocs/smartwholesale/client-report/system/Validation/FormatRules.php(253): strtolower(NULL)
#2 /Applications/MAMP/htdocs/smartwholesale/client-report/system/HTTP/RequestTrait.php(151): CodeIgniter\Validation\FormatRules->valid_ip('::1')
#3 /Applications/MAMP/htdocs/smartwholesale/client-report/system/Config/Services.php(570): CodeIgniter\HTTP\Request->getIPAddress()
#4 /Applications/MAMP/htdocs/smartwholesale/client-report/system/Config/BaseService.php(248): CodeIgniter\Config\Services::session(Object(Config\App), false)
#5 /Applications/MAMP/htdocs/smartwholesale/client-report/system/Config/BaseService.php(189): CodeIgniter\Config\BaseService::__callStatic('session', Array)
#6 /Applications/MAMP/htdocs/smartwholesale/client-report/system/Config/Services.php(563): CodeIgniter\Config\BaseService::getSharedInstance('session', NULL)
#7 /Applications/MAMP/htdocs/smartwholesale/client-report/system/Config/BaseService.php(248): CodeIgniter\Config\Services::session()
#8 /Applications/MAMP/htdocs/smartwholesale/client-report/app/Controllers/BaseController.php(51): CodeIgniter\Config\BaseService::__callStatic('session', Array)
#9 /Applications/MAMP/htdocs/smartwholesale/client-report/system/CodeIgniter.php(802): App\Controllers\BaseController->initController(Object(CodeIgniter\HTTP\IncomingRequest), Object(CodeIgniter\HTTP\Response), Object(CodeIgniter\Log\Logger))
#10 /Applications/MAMP/htdocs/smartwholesale/client-report/system/CodeIgniter.php(401): CodeIgniter\CodeIgniter->createController()
#11 /Applications/MAMP/htdocs/smartwholesale/client-report/system/CodeIgniter.php(318): CodeIgniter\CodeIgniter->handleRequest(NULL, Object(Config\Cache), false)
#12 /Applications/MAMP/htdocs/smartwholesale/client-report/public/index.php(37): CodeIgniter\CodeIgniter->run()
#13 /Applications/MAMP/htdocs/smartwholesale/client-report/system/Commands/Server/rewrite.php(43): require_once('/Applications/M...')
#14 {main}
ERROR - 2023-10-18 22:06:26 --> Error connecting to the database: Unknown database 'rms'
CRITICAL - 2023-10-18 22:06:26 --> Unable to connect to the database.
Main connection [MySQLi]: Unknown database 'rms'
#0 /Applications/MAMP/htdocs/smartwholesale/client-report/system/Database/BaseConnection.php(577): CodeIgniter\Database\BaseConnection->initialize()
#1 /Applications/MAMP/htdocs/smartwholesale/client-report/app/Controllers/Auth.php(24): CodeIgniter\Database\BaseConnection->query('SELECT logo FRO...')
#2 /Applications/MAMP/htdocs/smartwholesale/client-report/system/CodeIgniter.php(824): App\Controllers\Auth->login()
#3 /Applications/MAMP/htdocs/smartwholesale/client-report/system/CodeIgniter.php(410): CodeIgniter\CodeIgniter->runController(Object(App\Controllers\Auth))
#4 /Applications/MAMP/htdocs/smartwholesale/client-report/system/CodeIgniter.php(318): CodeIgniter\CodeIgniter->handleRequest(NULL, Object(Config\Cache), false)
#5 /Applications/MAMP/htdocs/smartwholesale/client-report/public/index.php(37): CodeIgniter\CodeIgniter->run()
#6 /Applications/MAMP/htdocs/smartwholesale/client-report/system/Commands/Server/rewrite.php(43): require_once('/Applications/M...')
#7 {main}
ERROR - 2023-10-18 22:15:28 --> Table 'rms.company' doesn't exist
CRITICAL - 2023-10-18 22:15:28 --> Table 'rms.company' doesn't exist
#0 /Applications/MAMP/htdocs/smartwholesale/client-report/system/Database/MySQLi/Connection.php(292): mysqli->query('SELECT logo FRO...', 0)
#1 /Applications/MAMP/htdocs/smartwholesale/client-report/system/Database/BaseConnection.php(670): CodeIgniter\Database\MySQLi\Connection->execute('SELECT logo FRO...')
#2 /Applications/MAMP/htdocs/smartwholesale/client-report/system/Database/BaseConnection.php(598): CodeIgniter\Database\BaseConnection->simpleQuery('SELECT logo FRO...')
#3 /Applications/MAMP/htdocs/smartwholesale/client-report/app/Controllers/Auth.php(24): CodeIgniter\Database\BaseConnection->query('SELECT logo FRO...')
#4 /Applications/MAMP/htdocs/smartwholesale/client-report/system/CodeIgniter.php(824): App\Controllers\Auth->login()
#5 /Applications/MAMP/htdocs/smartwholesale/client-report/system/CodeIgniter.php(410): CodeIgniter\CodeIgniter->runController(Object(App\Controllers\Auth))
#6 /Applications/MAMP/htdocs/smartwholesale/client-report/system/CodeIgniter.php(318): CodeIgniter\CodeIgniter->handleRequest(NULL, Object(Config\Cache), false)
#7 /Applications/MAMP/htdocs/smartwholesale/client-report/public/index.php(37): CodeIgniter\CodeIgniter->run()
#8 /Applications/MAMP/htdocs/smartwholesale/client-report/system/Commands/Server/rewrite.php(43): require_once('/Applications/M...')
#9 {main}
ERROR - 2023-10-18 22:26:25 --> Table 'rms.company' doesn't exist
CRITICAL - 2023-10-18 22:26:25 --> Table 'rms.company' doesn't exist
#0 /Applications/MAMP/htdocs/smartwholesale/client-report/system/Database/MySQLi/Connection.php(292): mysqli->query('SELECT logo FRO...', 0)
#1 /Applications/MAMP/htdocs/smartwholesale/client-report/system/Database/BaseConnection.php(670): CodeIgniter\Database\MySQLi\Connection->execute('SELECT logo FRO...')
#2 /Applications/MAMP/htdocs/smartwholesale/client-report/system/Database/BaseConnection.php(598): CodeIgniter\Database\BaseConnection->simpleQuery('SELECT logo FRO...')
#3 /Applications/MAMP/htdocs/smartwholesale/client-report/app/Controllers/Auth.php(24): CodeIgniter\Database\BaseConnection->query('SELECT logo FRO...')
#4 /Applications/MAMP/htdocs/smartwholesale/client-report/system/CodeIgniter.php(824): App\Controllers\Auth->login()
#5 /Applications/MAMP/htdocs/smartwholesale/client-report/system/CodeIgniter.php(410): CodeIgniter\CodeIgniter->runController(Object(App\Controllers\Auth))
#6 /Applications/MAMP/htdocs/smartwholesale/client-report/system/CodeIgniter.php(318): CodeIgniter\CodeIgniter->handleRequest(NULL, Object(Config\Cache), false)
#7 /Applications/MAMP/htdocs/smartwholesale/client-report/public/index.php(37): CodeIgniter\CodeIgniter->run()
#8 /Applications/MAMP/htdocs/smartwholesale/client-report/system/Commands/Server/rewrite.php(43): require_once('/Applications/M...')
#9 {main}
ERROR - 2023-10-18 22:26:25 --> Table 'rms.company' doesn't exist
CRITICAL - 2023-10-18 22:26:25 --> Table 'rms.company' doesn't exist
#0 /Applications/MAMP/htdocs/smartwholesale/client-report/system/Database/MySQLi/Connection.php(292): mysqli->query('SELECT logo FRO...', 0)
#1 /Applications/MAMP/htdocs/smartwholesale/client-report/system/Database/BaseConnection.php(670): CodeIgniter\Database\MySQLi\Connection->execute('SELECT logo FRO...')
#2 /Applications/MAMP/htdocs/smartwholesale/client-report/system/Database/BaseConnection.php(598): CodeIgniter\Database\BaseConnection->simpleQuery('SELECT logo FRO...')
#3 /Applications/MAMP/htdocs/smartwholesale/client-report/app/Controllers/Auth.php(24): CodeIgniter\Database\BaseConnection->query('SELECT logo FRO...')
#4 /Applications/MAMP/htdocs/smartwholesale/client-report/system/CodeIgniter.php(824): App\Controllers\Auth->login()
#5 /Applications/MAMP/htdocs/smartwholesale/client-report/system/CodeIgniter.php(410): CodeIgniter\CodeIgniter->runController(Object(App\Controllers\Auth))
#6 /Applications/MAMP/htdocs/smartwholesale/client-report/system/CodeIgniter.php(318): CodeIgniter\CodeIgniter->handleRequest(NULL, Object(Config\Cache), false)
#7 /Applications/MAMP/htdocs/smartwholesale/client-report/public/index.php(37): CodeIgniter\CodeIgniter->run()
#8 /Applications/MAMP/htdocs/smartwholesale/client-report/system/Commands/Server/rewrite.php(43): require_once('/Applications/M...')
#9 {main}
ERROR - 2023-10-18 22:28:29 --> Error connecting to the database: Connection refused
CRITICAL - 2023-10-18 22:28:29 --> Unable to connect to the database.
Main connection [MySQLi]: Connection refused
#0 /Applications/MAMP/htdocs/smartwholesale/client-report/system/Database/BaseConnection.php(577): CodeIgniter\Database\BaseConnection->initialize()
#1 /Applications/MAMP/htdocs/smartwholesale/client-report/app/Controllers/Auth.php(24): CodeIgniter\Database\BaseConnection->query('SELECT logo FRO...')
#2 /Applications/MAMP/htdocs/smartwholesale/client-report/system/CodeIgniter.php(824): App\Controllers\Auth->login()
#3 /Applications/MAMP/htdocs/smartwholesale/client-report/system/CodeIgniter.php(410): CodeIgniter\CodeIgniter->runController(Object(App\Controllers\Auth))
#4 /Applications/MAMP/htdocs/smartwholesale/client-report/system/CodeIgniter.php(318): CodeIgniter\CodeIgniter->handleRequest(NULL, Object(Config\Cache), false)
#5 /Applications/MAMP/htdocs/smartwholesale/client-report/public/index.php(37): CodeIgniter\CodeIgniter->run()
#6 /Applications/MAMP/htdocs/smartwholesale/client-report/system/Commands/Server/rewrite.php(43): require_once('/Applications/M...')
#7 {main}
ERROR - 2023-10-18 22:32:23 --> Error connecting to the database: Connection refused
CRITICAL - 2023-10-18 22:32:23 --> Unable to connect to the database.
Main connection [MySQLi]: Connection refused
#0 /Applications/MAMP/htdocs/smartwholesale/client-report/system/Database/BaseConnection.php(577): CodeIgniter\Database\BaseConnection->initialize()
#1 /Applications/MAMP/htdocs/smartwholesale/client-report/app/Controllers/Auth.php(24): CodeIgniter\Database\BaseConnection->query('SELECT logo FRO...')
#2 /Applications/MAMP/htdocs/smartwholesale/client-report/system/CodeIgniter.php(824): App\Controllers\Auth->login()
#3 /Applications/MAMP/htdocs/smartwholesale/client-report/system/CodeIgniter.php(410): CodeIgniter\CodeIgniter->runController(Object(App\Controllers\Auth))
#4 /Applications/MAMP/htdocs/smartwholesale/client-report/system/CodeIgniter.php(318): CodeIgniter\CodeIgniter->handleRequest(NULL, Object(Config\Cache), false)
#5 /Applications/MAMP/htdocs/smartwholesale/client-report/public/index.php(37): CodeIgniter\CodeIgniter->run()
#6 /Applications/MAMP/htdocs/smartwholesale/client-report/system/Commands/Server/rewrite.php(43): require_once('/Applications/M...')
#7 {main}
ERROR - 2023-10-18 22:32:34 --> Error connecting to the database: Connection refused
CRITICAL - 2023-10-18 22:32:34 --> Unable to connect to the database.
Main connection [MySQLi]: Connection refused
#0 /Applications/MAMP/htdocs/smartwholesale/client-report/system/Database/BaseConnection.php(577): CodeIgniter\Database\BaseConnection->initialize()
#1 /Applications/MAMP/htdocs/smartwholesale/client-report/app/Controllers/Auth.php(24): CodeIgniter\Database\BaseConnection->query('SELECT logo FRO...')
#2 /Applications/MAMP/htdocs/smartwholesale/client-report/system/CodeIgniter.php(824): App\Controllers\Auth->login()
#3 /Applications/MAMP/htdocs/smartwholesale/client-report/system/CodeIgniter.php(410): CodeIgniter\CodeIgniter->runController(Object(App\Controllers\Auth))
#4 /Applications/MAMP/htdocs/smartwholesale/client-report/system/CodeIgniter.php(318): CodeIgniter\CodeIgniter->handleRequest(NULL, Object(Config\Cache), false)
#5 /Applications/MAMP/htdocs/smartwholesale/client-report/public/index.php(37): CodeIgniter\CodeIgniter->run()
#6 /Applications/MAMP/htdocs/smartwholesale/client-report/system/Commands/Server/rewrite.php(43): require_once('/Applications/M...')
#7 {main}
ERROR - 2023-10-18 22:32:48 --> Error connecting to the database: Connection refused
CRITICAL - 2023-10-18 22:32:48 --> Unable to connect to the database.
Main connection [MySQLi]: Connection refused
#0 /Applications/MAMP/htdocs/smartwholesale/client-report/system/Database/BaseConnection.php(577): CodeIgniter\Database\BaseConnection->initialize()
#1 /Applications/MAMP/htdocs/smartwholesale/client-report/app/Controllers/Auth.php(24): CodeIgniter\Database\BaseConnection->query('SELECT logo FRO...')
#2 /Applications/MAMP/htdocs/smartwholesale/client-report/system/CodeIgniter.php(824): App\Controllers\Auth->login()
#3 /Applications/MAMP/htdocs/smartwholesale/client-report/system/CodeIgniter.php(410): CodeIgniter\CodeIgniter->runController(Object(App\Controllers\Auth))
#4 /Applications/MAMP/htdocs/smartwholesale/client-report/system/CodeIgniter.php(318): CodeIgniter\CodeIgniter->handleRequest(NULL, Object(Config\Cache), false)
#5 /Applications/MAMP/htdocs/smartwholesale/client-report/public/index.php(37): CodeIgniter\CodeIgniter->run()
#6 /Applications/MAMP/htdocs/smartwholesale/client-report/system/Commands/Server/rewrite.php(43): require_once('/Applications/M...')
#7 {main}
ERROR - 2023-10-18 22:32:50 --> Error connecting to the database: Connection refused
CRITICAL - 2023-10-18 22:32:50 --> Unable to connect to the database.
Main connection [MySQLi]: Connection refused
#0 /Applications/MAMP/htdocs/smartwholesale/client-report/system/Database/BaseConnection.php(577): CodeIgniter\Database\BaseConnection->initialize()
#1 /Applications/MAMP/htdocs/smartwholesale/client-report/app/Controllers/Auth.php(24): CodeIgniter\Database\BaseConnection->query('SELECT logo FRO...')
#2 /Applications/MAMP/htdocs/smartwholesale/client-report/system/CodeIgniter.php(824): App\Controllers\Auth->login()
#3 /Applications/MAMP/htdocs/smartwholesale/client-report/system/CodeIgniter.php(410): CodeIgniter\CodeIgniter->runController(Object(App\Controllers\Auth))
#4 /Applications/MAMP/htdocs/smartwholesale/client-report/system/CodeIgniter.php(318): CodeIgniter\CodeIgniter->handleRequest(NULL, Object(Config\Cache), false)
#5 /Applications/MAMP/htdocs/smartwholesale/client-report/public/index.php(37): CodeIgniter\CodeIgniter->run()
#6 /Applications/MAMP/htdocs/smartwholesale/client-report/system/Commands/Server/rewrite.php(43): require_once('/Applications/M...')
#7 {main}
ERROR - 2023-10-18 22:33:12 --> Error connecting to the database: Connection refused
CRITICAL - 2023-10-18 22:33:12 --> Unable to connect to the database.
Main connection [MySQLi]: Connection refused
#0 /Applications/MAMP/htdocs/smartwholesale/client-report/system/Database/BaseConnection.php(577): CodeIgniter\Database\BaseConnection->initialize()
#1 /Applications/MAMP/htdocs/smartwholesale/client-report/app/Controllers/Auth.php(24): CodeIgniter\Database\BaseConnection->query('SELECT logo FRO...')
#2 /Applications/MAMP/htdocs/smartwholesale/client-report/system/CodeIgniter.php(824): App\Controllers\Auth->login()
#3 /Applications/MAMP/htdocs/smartwholesale/client-report/system/CodeIgniter.php(410): CodeIgniter\CodeIgniter->runController(Object(App\Controllers\Auth))
#4 /Applications/MAMP/htdocs/smartwholesale/client-report/system/CodeIgniter.php(318): CodeIgniter\CodeIgniter->handleRequest(NULL, Object(Config\Cache), false)
#5 /Applications/MAMP/htdocs/smartwholesale/client-report/public/index.php(37): CodeIgniter\CodeIgniter->run()
#6 /Applications/MAMP/htdocs/smartwholesale/client-report/system/Commands/Server/rewrite.php(43): require_once('/Applications/M...')
#7 {main}
ERROR - 2023-10-18 22:33:12 --> Error connecting to the database: Connection refused
CRITICAL - 2023-10-18 22:33:12 --> Unable to connect to the database.
Main connection [MySQLi]: Connection refused
#0 /Applications/MAMP/htdocs/smartwholesale/client-report/system/Database/BaseConnection.php(577): CodeIgniter\Database\BaseConnection->initialize()
#1 /Applications/MAMP/htdocs/smartwholesale/client-report/app/Controllers/Auth.php(24): CodeIgniter\Database\BaseConnection->query('SELECT logo FRO...')
#2 /Applications/MAMP/htdocs/smartwholesale/client-report/system/CodeIgniter.php(824): App\Controllers\Auth->login()
#3 /Applications/MAMP/htdocs/smartwholesale/client-report/system/CodeIgniter.php(410): CodeIgniter\CodeIgniter->runController(Object(App\Controllers\Auth))
#4 /Applications/MAMP/htdocs/smartwholesale/client-report/system/CodeIgniter.php(318): CodeIgniter\CodeIgniter->handleRequest(NULL, Object(Config\Cache), false)
#5 /Applications/MAMP/htdocs/smartwholesale/client-report/public/index.php(37): CodeIgniter\CodeIgniter->run()
#6 /Applications/MAMP/htdocs/smartwholesale/client-report/system/Commands/Server/rewrite.php(43): require_once('/Applications/M...')
#7 {main}
