CRITICAL - 2022-04-16 21:54:43 --> Trying to get property 'date' of non-object
#0 /Applications/MAMP/htdocs/smartfba/client-report/app/Controllers/Admin/Reports.php(481): CodeIgniter\Debug\Exceptions->errorHandler(8, 'Trying to get p...', '/Applications/M...', 481, Array)
#1 /Applications/MAMP/htdocs/smartfba/client-report/system/CodeIgniter.php(824): App\Controllers\Admin\Reports->getSummaryBox()
#2 /Applications/MAMP/htdocs/smartfba/client-report/system/CodeIgniter.php(410): CodeIgniter\CodeIgniter->runController(Object(App\Controllers\Admin\Reports))
#3 /Applications/MAMP/htdocs/smartfba/client-report/system/CodeIgniter.php(318): CodeIgniter\CodeIgniter->handleRequest(NULL, Object(Config\Cache), false)
#4 /Applications/MAMP/htdocs/smartfba/client-report/public/index.php(37): CodeIgniter\CodeIgniter->run()
#5 /Applications/MAMP/htdocs/smartfba/client-report/system/Commands/Server/rewrite.php(43): require_once('/Applications/M...')
#6 {main}
CRITICAL - 2022-04-16 21:54:50 --> Trying to get property 'id' of non-object
#0 /Applications/MAMP/htdocs/smartfba/client-report/app/Controllers/Admin/Reports.php(1258): CodeIgniter\Debug\Exceptions->errorHandler(8, 'Trying to get p...', '/Applications/M...', 1258, Array)
#1 /Applications/MAMP/htdocs/smartfba/client-report/system/CodeIgniter.php(824): App\Controllers\Admin\Reports->getClientByDescBrand()
#2 /Applications/MAMP/htdocs/smartfba/client-report/system/CodeIgniter.php(410): CodeIgniter\CodeIgniter->runController(Object(App\Controllers\Admin\Reports))
#3 /Applications/MAMP/htdocs/smartfba/client-report/system/CodeIgniter.php(318): CodeIgniter\CodeIgniter->handleRequest(NULL, Object(Config\Cache), false)
#4 /Applications/MAMP/htdocs/smartfba/client-report/public/index.php(37): CodeIgniter\CodeIgniter->run()
#5 /Applications/MAMP/htdocs/smartfba/client-report/system/Commands/Server/rewrite.php(43): require_once('/Applications/M...')
#6 {main}
CRITICAL - 2022-04-16 21:54:52 --> Trying to get property 'id' of non-object
#0 /Applications/MAMP/htdocs/smartfba/client-report/app/Controllers/Admin/Reports.php(1258): CodeIgniter\Debug\Exceptions->errorHandler(8, 'Trying to get p...', '/Applications/M...', 1258, Array)
#1 /Applications/MAMP/htdocs/smartfba/client-report/system/CodeIgniter.php(824): App\Controllers\Admin\Reports->getClientByDescBrand()
#2 /Applications/MAMP/htdocs/smartfba/client-report/system/CodeIgniter.php(410): CodeIgniter\CodeIgniter->runController(Object(App\Controllers\Admin\Reports))
#3 /Applications/MAMP/htdocs/smartfba/client-report/system/CodeIgniter.php(318): CodeIgniter\CodeIgniter->handleRequest(NULL, Object(Config\Cache), false)
#4 /Applications/MAMP/htdocs/smartfba/client-report/public/index.php(37): CodeIgniter\CodeIgniter->run()
#5 /Applications/MAMP/htdocs/smartfba/client-report/system/Commands/Server/rewrite.php(43): require_once('/Applications/M...')
#6 {main}
CRITICAL - 2022-04-16 21:55:23 --> Trying to get property 'id' of non-object
#0 /Applications/MAMP/htdocs/smartfba/client-report/app/Controllers/Admin/Reports.php(1258): CodeIgniter\Debug\Exceptions->errorHandler(8, 'Trying to get p...', '/Applications/M...', 1258, Array)
#1 /Applications/MAMP/htdocs/smartfba/client-report/system/CodeIgniter.php(824): App\Controllers\Admin\Reports->getClientByDescBrand()
#2 /Applications/MAMP/htdocs/smartfba/client-report/system/CodeIgniter.php(410): CodeIgniter\CodeIgniter->runController(Object(App\Controllers\Admin\Reports))
#3 /Applications/MAMP/htdocs/smartfba/client-report/system/CodeIgniter.php(318): CodeIgniter\CodeIgniter->handleRequest(NULL, Object(Config\Cache), false)
#4 /Applications/MAMP/htdocs/smartfba/client-report/public/index.php(37): CodeIgniter\CodeIgniter->run()
#5 /Applications/MAMP/htdocs/smartfba/client-report/system/Commands/Server/rewrite.php(43): require_once('/Applications/M...')
#6 {main}
CRITICAL - 2022-04-16 21:56:28 --> Trying to get property 'id' of non-object
#0 /Applications/MAMP/htdocs/smartfba/client-report/app/Controllers/Admin/Reports.php(1258): CodeIgniter\Debug\Exceptions->errorHandler(8, 'Trying to get p...', '/Applications/M...', 1258, Array)
#1 /Applications/MAMP/htdocs/smartfba/client-report/system/CodeIgniter.php(824): App\Controllers\Admin\Reports->getClientByDescBrand()
#2 /Applications/MAMP/htdocs/smartfba/client-report/system/CodeIgniter.php(410): CodeIgniter\CodeIgniter->runController(Object(App\Controllers\Admin\Reports))
#3 /Applications/MAMP/htdocs/smartfba/client-report/system/CodeIgniter.php(318): CodeIgniter\CodeIgniter->handleRequest(NULL, Object(Config\Cache), false)
#4 /Applications/MAMP/htdocs/smartfba/client-report/public/index.php(37): CodeIgniter\CodeIgniter->run()
#5 /Applications/MAMP/htdocs/smartfba/client-report/system/Commands/Server/rewrite.php(43): require_once('/Applications/M...')
#6 {main}
CRITICAL - 2022-04-16 21:56:43 --> Trying to get property 'id' of non-object
#0 /Applications/MAMP/htdocs/smartfba/client-report/app/Controllers/Admin/Reports.php(1258): CodeIgniter\Debug\Exceptions->errorHandler(8, 'Trying to get p...', '/Applications/M...', 1258, Array)
#1 /Applications/MAMP/htdocs/smartfba/client-report/system/CodeIgniter.php(824): App\Controllers\Admin\Reports->getClientByDescBrand()
#2 /Applications/MAMP/htdocs/smartfba/client-report/system/CodeIgniter.php(410): CodeIgniter\CodeIgniter->runController(Object(App\Controllers\Admin\Reports))
#3 /Applications/MAMP/htdocs/smartfba/client-report/system/CodeIgniter.php(318): CodeIgniter\CodeIgniter->handleRequest(NULL, Object(Config\Cache), false)
#4 /Applications/MAMP/htdocs/smartfba/client-report/public/index.php(37): CodeIgniter\CodeIgniter->run()
#5 /Applications/MAMP/htdocs/smartfba/client-report/system/Commands/Server/rewrite.php(43): require_once('/Applications/M...')
#6 {main}
CRITICAL - 2022-04-16 21:59:30 --> Trying to get property 'date' of non-object
#0 /Applications/MAMP/htdocs/smartfba/client-report/app/Controllers/Admin/Reports.php(481): CodeIgniter\Debug\Exceptions->errorHandler(8, 'Trying to get p...', '/Applications/M...', 481, Array)
#1 /Applications/MAMP/htdocs/smartfba/client-report/system/CodeIgniter.php(824): App\Controllers\Admin\Reports->getSummaryBox()
#2 /Applications/MAMP/htdocs/smartfba/client-report/system/CodeIgniter.php(410): CodeIgniter\CodeIgniter->runController(Object(App\Controllers\Admin\Reports))
#3 /Applications/MAMP/htdocs/smartfba/client-report/system/CodeIgniter.php(318): CodeIgniter\CodeIgniter->handleRequest(NULL, Object(Config\Cache), false)
#4 /Applications/MAMP/htdocs/smartfba/client-report/public/index.php(37): CodeIgniter\CodeIgniter->run()
#5 /Applications/MAMP/htdocs/smartfba/client-report/system/Commands/Server/rewrite.php(43): require_once('/Applications/M...')
#6 {main}
