CRITICAL - 2022-03-24 02:21:08 --> Trying to get property 'date' of non-object
#0 /Applications/MAMP/htdocs/smartfba/client-report/app/Controllers/Admin/Reports.php(472): CodeIgniter\Debug\Exceptions->errorHandler(8, 'Trying to get p...', '/Applications/M...', 472, Array)
#1 /Applications/MAMP/htdocs/smartfba/client-report/system/CodeIgniter.php(824): App\Controllers\Admin\Reports->getSummaryBox()
#2 /Applications/MAMP/htdocs/smartfba/client-report/system/CodeIgniter.php(410): CodeIgniter\CodeIgniter->runController(Object(App\Controllers\Admin\Reports))
#3 /Applications/MAMP/htdocs/smartfba/client-report/system/CodeIgniter.php(318): CodeIgniter\CodeIgniter->handleRequest(NULL, Object(Config\Cache), false)
#4 /Applications/MAMP/htdocs/smartfba/client-report/public/index.php(37): CodeIgniter\CodeIgniter->run()
#5 /Applications/MAMP/htdocs/smartfba/client-report/system/Commands/Server/rewrite.php(43): require_once('/Applications/M...')
#6 {main}
CRITICAL - 2022-03-24 02:21:11 --> Trying to get property 'date' of non-object
#0 /Applications/MAMP/htdocs/smartfba/client-report/app/Controllers/Admin/Reports.php(472): CodeIgniter\Debug\Exceptions->errorHandler(8, 'Trying to get p...', '/Applications/M...', 472, Array)
#1 /Applications/MAMP/htdocs/smartfba/client-report/system/CodeIgniter.php(824): App\Controllers\Admin\Reports->getSummaryBox()
#2 /Applications/MAMP/htdocs/smartfba/client-report/system/CodeIgniter.php(410): CodeIgniter\CodeIgniter->runController(Object(App\Controllers\Admin\Reports))
#3 /Applications/MAMP/htdocs/smartfba/client-report/system/CodeIgniter.php(318): CodeIgniter\CodeIgniter->handleRequest(NULL, Object(Config\Cache), false)
#4 /Applications/MAMP/htdocs/smartfba/client-report/public/index.php(37): CodeIgniter\CodeIgniter->run()
#5 /Applications/MAMP/htdocs/smartfba/client-report/system/Commands/Server/rewrite.php(43): require_once('/Applications/M...')
#6 {main}
CRITICAL - 2022-03-24 02:21:15 --> Trying to get property 'date' of non-object
#0 /Applications/MAMP/htdocs/smartfba/client-report/app/Controllers/Admin/Reports.php(472): CodeIgniter\Debug\Exceptions->errorHandler(8, 'Trying to get p...', '/Applications/M...', 472, Array)
#1 /Applications/MAMP/htdocs/smartfba/client-report/system/CodeIgniter.php(824): App\Controllers\Admin\Reports->getSummaryBox()
#2 /Applications/MAMP/htdocs/smartfba/client-report/system/CodeIgniter.php(410): CodeIgniter\CodeIgniter->runController(Object(App\Controllers\Admin\Reports))
#3 /Applications/MAMP/htdocs/smartfba/client-report/system/CodeIgniter.php(318): CodeIgniter\CodeIgniter->handleRequest(NULL, Object(Config\Cache), false)
#4 /Applications/MAMP/htdocs/smartfba/client-report/public/index.php(37): CodeIgniter\CodeIgniter->run()
#5 /Applications/MAMP/htdocs/smartfba/client-report/system/Commands/Server/rewrite.php(43): require_once('/Applications/M...')
#6 {main}
CRITICAL - 2022-03-24 02:21:25 --> Trying to get property 'date' of non-object
#0 /Applications/MAMP/htdocs/smartfba/client-report/app/Controllers/Admin/Reports.php(472): CodeIgniter\Debug\Exceptions->errorHandler(8, 'Trying to get p...', '/Applications/M...', 472, Array)
#1 /Applications/MAMP/htdocs/smartfba/client-report/system/CodeIgniter.php(824): App\Controllers\Admin\Reports->getSummaryBox()
#2 /Applications/MAMP/htdocs/smartfba/client-report/system/CodeIgniter.php(410): CodeIgniter\CodeIgniter->runController(Object(App\Controllers\Admin\Reports))
#3 /Applications/MAMP/htdocs/smartfba/client-report/system/CodeIgniter.php(318): CodeIgniter\CodeIgniter->handleRequest(NULL, Object(Config\Cache), false)
#4 /Applications/MAMP/htdocs/smartfba/client-report/public/index.php(37): CodeIgniter\CodeIgniter->run()
#5 /Applications/MAMP/htdocs/smartfba/client-report/system/Commands/Server/rewrite.php(43): require_once('/Applications/M...')
#6 {main}
ERROR - 2022-03-24 21:28:21 --> Expression #1 of SELECT list is not in GROUP BY clause and contains nonaggregated column 'rms.investments.date' which is not functionally dependent on columns in GROUP BY clause; this is incompatible with sql_mode=only_full_group_by
CRITICAL - 2022-03-24 21:28:21 --> Expression #1 of SELECT list is not in GROUP BY clause and contains nonaggregated column 'rms.investments.date' which is not functionally dependent on columns in GROUP BY clause; this is incompatible with sql_mode=only_full_group_by
#0 /Applications/MAMP/htdocs/smartfba/client-report/system/Database/MySQLi/Connection.php(292): mysqli->query('SELECT date_for...', 0)
#1 /Applications/MAMP/htdocs/smartfba/client-report/system/Database/BaseConnection.php(670): CodeIgniter\Database\MySQLi\Connection->execute('SELECT date_for...')
#2 /Applications/MAMP/htdocs/smartfba/client-report/system/Database/BaseConnection.php(598): CodeIgniter\Database\BaseConnection->simpleQuery('SELECT date_for...')
#3 /Applications/MAMP/htdocs/smartfba/client-report/app/Models/ReportModel.php(171): CodeIgniter\Database\BaseConnection->query('SELECT date_for...')
#4 /Applications/MAMP/htdocs/smartfba/client-report/app/Controllers/Admin/Reports.php(51): App\Models\ReportModel->finSummary('spend')
#5 /Applications/MAMP/htdocs/smartfba/client-report/system/CodeIgniter.php(824): App\Controllers\Admin\Reports->index()
#6 /Applications/MAMP/htdocs/smartfba/client-report/system/CodeIgniter.php(410): CodeIgniter\CodeIgniter->runController(Object(App\Controllers\Admin\Reports))
#7 /Applications/MAMP/htdocs/smartfba/client-report/system/CodeIgniter.php(318): CodeIgniter\CodeIgniter->handleRequest(NULL, Object(Config\Cache), false)
#8 /Applications/MAMP/htdocs/smartfba/client-report/public/index.php(37): CodeIgniter\CodeIgniter->run()
#9 /Applications/MAMP/htdocs/smartfba/client-report/system/Commands/Server/rewrite.php(43): require_once('/Applications/M...')
#10 {main}
