CRITICAL - 2022-09-29 01:08:50 --> Undefined variable: logo
#0 /Applications/MAMP/htdocs/smartwholesale/client-report/app/Views/login.php(90): CodeIgniter\Debug\Exceptions->errorHandler(8, 'Undefined varia...', '/Applications/M...', 90, Array)
#1 /Applications/MAMP/htdocs/smartwholesale/client-report/system/View/View.php(214): include('/Applications/M...')
#2 /Applications/MAMP/htdocs/smartwholesale/client-report/system/View/View.php(217): CodeIgniter\View\View->CodeIgniter\View\{closure}()
#3 /Applications/MAMP/htdocs/smartwholesale/client-report/system/Common.php(1097): CodeIgniter\View\View->render('login', Array, true)
#4 /Applications/MAMP/htdocs/smartwholesale/client-report/app/Controllers/UPC.php(161): view('login')
#5 /Applications/MAMP/htdocs/smartwholesale/client-report/system/CodeIgniter.php(824): App\Controllers\UPC->needToUpload()
#6 /Applications/MAMP/htdocs/smartwholesale/client-report/system/CodeIgniter.php(410): CodeIgniter\CodeIgniter->runController(Object(App\Controllers\UPC))
#7 /Applications/MAMP/htdocs/smartwholesale/client-report/system/CodeIgniter.php(318): CodeIgniter\CodeIgniter->handleRequest(NULL, Object(Config\Cache), false)
#8 /Applications/MAMP/htdocs/smartwholesale/client-report/public/index.php(37): CodeIgniter\CodeIgniter->run()
#9 /Applications/MAMP/htdocs/smartwholesale/client-report/system/Commands/Server/rewrite.php(43): require_once('/Applications/M...')
#10 {main}
CRITICAL - 2022-09-29 01:08:54 --> Undefined variable: logo
#0 /Applications/MAMP/htdocs/smartwholesale/client-report/app/Views/login.php(90): CodeIgniter\Debug\Exceptions->errorHandler(8, 'Undefined varia...', '/Applications/M...', 90, Array)
#1 /Applications/MAMP/htdocs/smartwholesale/client-report/system/View/View.php(214): include('/Applications/M...')
#2 /Applications/MAMP/htdocs/smartwholesale/client-report/system/View/View.php(217): CodeIgniter\View\View->CodeIgniter\View\{closure}()
#3 /Applications/MAMP/htdocs/smartwholesale/client-report/system/Common.php(1097): CodeIgniter\View\View->render('login', Array, true)
#4 /Applications/MAMP/htdocs/smartwholesale/client-report/app/Controllers/Admin/Reports.php(47): view('login')
#5 /Applications/MAMP/htdocs/smartwholesale/client-report/system/CodeIgniter.php(824): App\Controllers\Admin\Reports->index()
#6 /Applications/MAMP/htdocs/smartwholesale/client-report/system/CodeIgniter.php(410): CodeIgniter\CodeIgniter->runController(Object(App\Controllers\Admin\Reports))
#7 /Applications/MAMP/htdocs/smartwholesale/client-report/system/CodeIgniter.php(318): CodeIgniter\CodeIgniter->handleRequest(NULL, Object(Config\Cache), false)
#8 /Applications/MAMP/htdocs/smartwholesale/client-report/public/index.php(37): CodeIgniter\CodeIgniter->run()
#9 /Applications/MAMP/htdocs/smartwholesale/client-report/system/Commands/Server/rewrite.php(43): require_once('/Applications/M...')
#10 {main}
CRITICAL - 2022-09-29 01:08:56 --> Undefined variable: logo
#0 /Applications/MAMP/htdocs/smartwholesale/client-report/app/Views/login.php(90): CodeIgniter\Debug\Exceptions->errorHandler(8, 'Undefined varia...', '/Applications/M...', 90, Array)
#1 /Applications/MAMP/htdocs/smartwholesale/client-report/system/View/View.php(214): include('/Applications/M...')
#2 /Applications/MAMP/htdocs/smartwholesale/client-report/system/View/View.php(217): CodeIgniter\View\View->CodeIgniter\View\{closure}()
#3 /Applications/MAMP/htdocs/smartwholesale/client-report/system/Common.php(1097): CodeIgniter\View\View->render('login', Array, true)
#4 /Applications/MAMP/htdocs/smartwholesale/client-report/app/Controllers/Admin/Reports.php(47): view('login')
#5 /Applications/MAMP/htdocs/smartwholesale/client-report/system/CodeIgniter.php(824): App\Controllers\Admin\Reports->index()
#6 /Applications/MAMP/htdocs/smartwholesale/client-report/system/CodeIgniter.php(410): CodeIgniter\CodeIgniter->runController(Object(App\Controllers\Admin\Reports))
#7 /Applications/MAMP/htdocs/smartwholesale/client-report/system/CodeIgniter.php(318): CodeIgniter\CodeIgniter->handleRequest(NULL, Object(Config\Cache), false)
#8 /Applications/MAMP/htdocs/smartwholesale/client-report/public/index.php(37): CodeIgniter\CodeIgniter->run()
#9 /Applications/MAMP/htdocs/smartwholesale/client-report/system/Commands/Server/rewrite.php(43): require_once('/Applications/M...')
#10 {main}
CRITICAL - 2022-09-29 05:08:22 --> Undefined variable: 2022-09-29 00:00:00
#0 /Applications/MAMP/htdocs/smartwholesale/client-report/app/Models/UPCModel.php(47): CodeIgniter\Debug\Exceptions->errorHandler(8, 'Undefined varia...', '/Applications/M...', 47, Array)
#1 /Applications/MAMP/htdocs/smartwholesale/client-report/app/Controllers/UPC.php(164): App\Models\UPCModel->historyBox()
#2 /Applications/MAMP/htdocs/smartwholesale/client-report/system/CodeIgniter.php(824): App\Controllers\UPC->needToUpload()
#3 /Applications/MAMP/htdocs/smartwholesale/client-report/system/CodeIgniter.php(410): CodeIgniter\CodeIgniter->runController(Object(App\Controllers\UPC))
#4 /Applications/MAMP/htdocs/smartwholesale/client-report/system/CodeIgniter.php(318): CodeIgniter\CodeIgniter->handleRequest(NULL, Object(Config\Cache), false)
#5 /Applications/MAMP/htdocs/smartwholesale/client-report/public/index.php(37): CodeIgniter\CodeIgniter->run()
#6 /Applications/MAMP/htdocs/smartwholesale/client-report/system/Commands/Server/rewrite.php(43): require_once('/Applications/M...')
#7 {main}
ERROR - 2022-09-29 05:08:28 --> You have an error in your SQL syntax; check the manual that corresponds to your MySQL server version for the right syntax to use near '00:00:00 AND 2022-09-30 05:08:28 
GROUP BY `b`.`id`
ORDER BY `b`.`date` DESC' at line 6
CRITICAL - 2022-09-29 05:08:28 --> You have an error in your SQL syntax; check the manual that corresponds to your MySQL server version for the right syntax to use near '00:00:00 AND 2022-09-30 05:08:28 
GROUP BY `b`.`id`
ORDER BY `b`.`date` DESC' at line 6
#0 /Applications/MAMP/htdocs/smartwholesale/client-report/system/Database/MySQLi/Connection.php(292): mysqli->query('SELECT `b`.*, `...', 0)
#1 /Applications/MAMP/htdocs/smartwholesale/client-report/system/Database/BaseConnection.php(670): CodeIgniter\Database\MySQLi\Connection->execute('SELECT `b`.*, `...')
#2 /Applications/MAMP/htdocs/smartwholesale/client-report/system/Database/BaseConnection.php(598): CodeIgniter\Database\BaseConnection->simpleQuery('SELECT `b`.*, `...')
#3 /Applications/MAMP/htdocs/smartwholesale/client-report/system/Database/BaseBuilder.php(1443): CodeIgniter\Database\BaseConnection->query('SELECT `b`.*, `...', Array, false)
#4 /Applications/MAMP/htdocs/smartwholesale/client-report/app/Models/UPCModel.php(50): CodeIgniter\Database\BaseBuilder->get()
#5 /Applications/MAMP/htdocs/smartwholesale/client-report/app/Controllers/UPC.php(164): App\Models\UPCModel->historyBox()
#6 /Applications/MAMP/htdocs/smartwholesale/client-report/system/CodeIgniter.php(824): App\Controllers\UPC->needToUpload()
#7 /Applications/MAMP/htdocs/smartwholesale/client-report/system/CodeIgniter.php(410): CodeIgniter\CodeIgniter->runController(Object(App\Controllers\UPC))
#8 /Applications/MAMP/htdocs/smartwholesale/client-report/system/CodeIgniter.php(318): CodeIgniter\CodeIgniter->handleRequest(NULL, Object(Config\Cache), false)
#9 /Applications/MAMP/htdocs/smartwholesale/client-report/public/index.php(37): CodeIgniter\CodeIgniter->run()
#10 /Applications/MAMP/htdocs/smartwholesale/client-report/system/Commands/Server/rewrite.php(43): require_once('/Applications/M...')
#11 {main}
ERROR - 2022-09-29 05:08:45 --> You have an error in your SQL syntax; check the manual that corresponds to your MySQL server version for the right syntax to use near '00:00:00 AND 2022-09-30 00:00:00 
GROUP BY `b`.`id`
ORDER BY `b`.`date` DESC' at line 6
CRITICAL - 2022-09-29 05:08:45 --> You have an error in your SQL syntax; check the manual that corresponds to your MySQL server version for the right syntax to use near '00:00:00 AND 2022-09-30 00:00:00 
GROUP BY `b`.`id`
ORDER BY `b`.`date` DESC' at line 6
#0 /Applications/MAMP/htdocs/smartwholesale/client-report/system/Database/MySQLi/Connection.php(292): mysqli->query('SELECT `b`.*, `...', 0)
#1 /Applications/MAMP/htdocs/smartwholesale/client-report/system/Database/BaseConnection.php(670): CodeIgniter\Database\MySQLi\Connection->execute('SELECT `b`.*, `...')
#2 /Applications/MAMP/htdocs/smartwholesale/client-report/system/Database/BaseConnection.php(598): CodeIgniter\Database\BaseConnection->simpleQuery('SELECT `b`.*, `...')
#3 /Applications/MAMP/htdocs/smartwholesale/client-report/system/Database/BaseBuilder.php(1443): CodeIgniter\Database\BaseConnection->query('SELECT `b`.*, `...', Array, false)
#4 /Applications/MAMP/htdocs/smartwholesale/client-report/app/Models/UPCModel.php(50): CodeIgniter\Database\BaseBuilder->get()
#5 /Applications/MAMP/htdocs/smartwholesale/client-report/app/Controllers/UPC.php(164): App\Models\UPCModel->historyBox()
#6 /Applications/MAMP/htdocs/smartwholesale/client-report/system/CodeIgniter.php(824): App\Controllers\UPC->needToUpload()
#7 /Applications/MAMP/htdocs/smartwholesale/client-report/system/CodeIgniter.php(410): CodeIgniter\CodeIgniter->runController(Object(App\Controllers\UPC))
#8 /Applications/MAMP/htdocs/smartwholesale/client-report/system/CodeIgniter.php(318): CodeIgniter\CodeIgniter->handleRequest(NULL, Object(Config\Cache), false)
#9 /Applications/MAMP/htdocs/smartwholesale/client-report/public/index.php(37): CodeIgniter\CodeIgniter->run()
#10 /Applications/MAMP/htdocs/smartwholesale/client-report/system/Commands/Server/rewrite.php(43): require_once('/Applications/M...')
#11 {main}
ERROR - 2022-09-29 06:28:52 --> Column 'category' in field list is ambiguous
CRITICAL - 2022-09-29 06:28:52 --> Column 'category' in field list is ambiguous
#0 /Applications/MAMP/htdocs/smartwholesale/client-report/system/Database/MySQLi/Connection.php(292): mysqli->query('SELECT assign_r...', 0)
#1 /Applications/MAMP/htdocs/smartwholesale/client-report/system/Database/BaseConnection.php(670): CodeIgniter\Database\MySQLi\Connection->execute('SELECT assign_r...')
#2 /Applications/MAMP/htdocs/smartwholesale/client-report/system/Database/BaseConnection.php(598): CodeIgniter\Database\BaseConnection->simpleQuery('SELECT assign_r...')
#3 /Applications/MAMP/htdocs/smartwholesale/client-report/app/Models/AssignReportModel.php(31): CodeIgniter\Database\BaseConnection->query('SELECT assign_r...')
#4 /Applications/MAMP/htdocs/smartwholesale/client-report/app/Controllers/Admin/Reports.php(599): App\Models\AssignReportModel->getAllAssignReport()
#5 /Applications/MAMP/htdocs/smartwholesale/client-report/system/CodeIgniter.php(824): App\Controllers\Admin\Reports->assignmentReport()
#6 /Applications/MAMP/htdocs/smartwholesale/client-report/system/CodeIgniter.php(410): CodeIgniter\CodeIgniter->runController(Object(App\Controllers\Admin\Reports))
#7 /Applications/MAMP/htdocs/smartwholesale/client-report/system/CodeIgniter.php(318): CodeIgniter\CodeIgniter->handleRequest(NULL, Object(Config\Cache), false)
#8 /Applications/MAMP/htdocs/smartwholesale/client-report/public/index.php(37): CodeIgniter\CodeIgniter->run()
#9 /Applications/MAMP/htdocs/smartwholesale/client-report/system/Commands/Server/rewrite.php(43): require_once('/Applications/M...')
#10 {main}
ERROR - 2022-09-29 06:29:04 --> Column 'category' in field list is ambiguous
CRITICAL - 2022-09-29 06:29:04 --> Column 'category' in field list is ambiguous
#0 /Applications/MAMP/htdocs/smartwholesale/client-report/system/Database/MySQLi/Connection.php(292): mysqli->query('SELECT assign_r...', 0)
#1 /Applications/MAMP/htdocs/smartwholesale/client-report/system/Database/BaseConnection.php(670): CodeIgniter\Database\MySQLi\Connection->execute('SELECT assign_r...')
#2 /Applications/MAMP/htdocs/smartwholesale/client-report/system/Database/BaseConnection.php(598): CodeIgniter\Database\BaseConnection->simpleQuery('SELECT assign_r...')
#3 /Applications/MAMP/htdocs/smartwholesale/client-report/app/Models/AssignReportModel.php(31): CodeIgniter\Database\BaseConnection->query('SELECT assign_r...')
#4 /Applications/MAMP/htdocs/smartwholesale/client-report/app/Controllers/Admin/Reports.php(599): App\Models\AssignReportModel->getAllAssignReport()
#5 /Applications/MAMP/htdocs/smartwholesale/client-report/system/CodeIgniter.php(824): App\Controllers\Admin\Reports->assignmentReport()
#6 /Applications/MAMP/htdocs/smartwholesale/client-report/system/CodeIgniter.php(410): CodeIgniter\CodeIgniter->runController(Object(App\Controllers\Admin\Reports))
#7 /Applications/MAMP/htdocs/smartwholesale/client-report/system/CodeIgniter.php(318): CodeIgniter\CodeIgniter->handleRequest(NULL, Object(Config\Cache), false)
#8 /Applications/MAMP/htdocs/smartwholesale/client-report/public/index.php(37): CodeIgniter\CodeIgniter->run()
#9 /Applications/MAMP/htdocs/smartwholesale/client-report/system/Commands/Server/rewrite.php(43): require_once('/Applications/M...')
#10 {main}
CRITICAL - 2022-09-29 06:37:19 --> date() expects at most 2 parameters, 3 given
#0 [internal function]: CodeIgniter\Debug\Exceptions->errorHandler(2, 'date() expects ...', '/Applications/M...', 168, Array)
#1 /Applications/MAMP/htdocs/smartwholesale/client-report/app/Controllers/UPC.php(168): date('Y-m-d 00:00:00', 1664514000, '+1 day')
#2 /Applications/MAMP/htdocs/smartwholesale/client-report/system/CodeIgniter.php(824): App\Controllers\UPC->needToUpload()
#3 /Applications/MAMP/htdocs/smartwholesale/client-report/system/CodeIgniter.php(410): CodeIgniter\CodeIgniter->runController(Object(App\Controllers\UPC))
#4 /Applications/MAMP/htdocs/smartwholesale/client-report/system/CodeIgniter.php(318): CodeIgniter\CodeIgniter->handleRequest(NULL, Object(Config\Cache), false)
#5 /Applications/MAMP/htdocs/smartwholesale/client-report/public/index.php(37): CodeIgniter\CodeIgniter->run()
#6 /Applications/MAMP/htdocs/smartwholesale/client-report/system/Commands/Server/rewrite.php(43): require_once('/Applications/M...')
#7 {main}
CRITICAL - 2022-09-29 06:40:49 --> Undefined variable: date1
#0 /Applications/MAMP/htdocs/smartwholesale/client-report/app/Views/administrator/need_to_upload.php(17): CodeIgniter\Debug\Exceptions->errorHandler(8, 'Undefined varia...', '/Applications/M...', 17, Array)
#1 /Applications/MAMP/htdocs/smartwholesale/client-report/system/View/View.php(214): include('/Applications/M...')
#2 /Applications/MAMP/htdocs/smartwholesale/client-report/system/View/View.php(217): CodeIgniter\View\View->CodeIgniter\View\{closure}()
#3 /Applications/MAMP/htdocs/smartwholesale/client-report/system/Common.php(1097): CodeIgniter\View\View->render('administrator/n...', Array, true)
#4 /Applications/MAMP/htdocs/smartwholesale/client-report/app/Controllers/UPC.php(189): view('administrator/n...', Array)
#5 /Applications/MAMP/htdocs/smartwholesale/client-report/system/CodeIgniter.php(824): App\Controllers\UPC->needToUpload()
#6 /Applications/MAMP/htdocs/smartwholesale/client-report/system/CodeIgniter.php(410): CodeIgniter\CodeIgniter->runController(Object(App\Controllers\UPC))
#7 /Applications/MAMP/htdocs/smartwholesale/client-report/system/CodeIgniter.php(318): CodeIgniter\CodeIgniter->handleRequest(NULL, Object(Config\Cache), false)
#8 /Applications/MAMP/htdocs/smartwholesale/client-report/public/index.php(37): CodeIgniter\CodeIgniter->run()
#9 /Applications/MAMP/htdocs/smartwholesale/client-report/system/Commands/Server/rewrite.php(43): require_once('/Applications/M...')
#10 {main}
CRITICAL - 2022-09-29 06:48:06 --> Undefined variable: post
#0 /Applications/MAMP/htdocs/smartwholesale/client-report/app/Views/administrator/need_to_upload.php(19): CodeIgniter\Debug\Exceptions->errorHandler(8, 'Undefined varia...', '/Applications/M...', 19, Array)
#1 /Applications/MAMP/htdocs/smartwholesale/client-report/system/View/View.php(214): include('/Applications/M...')
#2 /Applications/MAMP/htdocs/smartwholesale/client-report/system/View/View.php(217): CodeIgniter\View\View->CodeIgniter\View\{closure}()
#3 /Applications/MAMP/htdocs/smartwholesale/client-report/system/Common.php(1097): CodeIgniter\View\View->render('administrator/n...', Array, true)
#4 /Applications/MAMP/htdocs/smartwholesale/client-report/app/Controllers/UPC.php(189): view('administrator/n...', Array)
#5 /Applications/MAMP/htdocs/smartwholesale/client-report/system/CodeIgniter.php(824): App\Controllers\UPC->needToUpload()
#6 /Applications/MAMP/htdocs/smartwholesale/client-report/system/CodeIgniter.php(410): CodeIgniter\CodeIgniter->runController(Object(App\Controllers\UPC))
#7 /Applications/MAMP/htdocs/smartwholesale/client-report/system/CodeIgniter.php(318): CodeIgniter\CodeIgniter->handleRequest(NULL, Object(Config\Cache), false)
#8 /Applications/MAMP/htdocs/smartwholesale/client-report/public/index.php(37): CodeIgniter\CodeIgniter->run()
#9 /Applications/MAMP/htdocs/smartwholesale/client-report/system/Commands/Server/rewrite.php(43): require_once('/Applications/M...')
#10 {main}
ERROR - 2022-09-29 06:57:47 --> Column 'category' in field list is ambiguous
CRITICAL - 2022-09-29 06:57:47 --> Column 'category' in field list is ambiguous
#0 /Applications/MAMP/htdocs/smartwholesale/client-report/system/Database/MySQLi/Connection.php(292): mysqli->query('SELECT assign_r...', 0)
#1 /Applications/MAMP/htdocs/smartwholesale/client-report/system/Database/BaseConnection.php(670): CodeIgniter\Database\MySQLi\Connection->execute('SELECT assign_r...')
#2 /Applications/MAMP/htdocs/smartwholesale/client-report/system/Database/BaseConnection.php(598): CodeIgniter\Database\BaseConnection->simpleQuery('SELECT assign_r...')
#3 /Applications/MAMP/htdocs/smartwholesale/client-report/app/Models/AssignReportModel.php(31): CodeIgniter\Database\BaseConnection->query('SELECT assign_r...')
#4 /Applications/MAMP/htdocs/smartwholesale/client-report/app/Controllers/Admin/Reports.php(599): App\Models\AssignReportModel->getAllAssignReport()
#5 /Applications/MAMP/htdocs/smartwholesale/client-report/system/CodeIgniter.php(824): App\Controllers\Admin\Reports->assignmentReport()
#6 /Applications/MAMP/htdocs/smartwholesale/client-report/system/CodeIgniter.php(410): CodeIgniter\CodeIgniter->runController(Object(App\Controllers\Admin\Reports))
#7 /Applications/MAMP/htdocs/smartwholesale/client-report/system/CodeIgniter.php(318): CodeIgniter\CodeIgniter->handleRequest(NULL, Object(Config\Cache), false)
#8 /Applications/MAMP/htdocs/smartwholesale/client-report/public/index.php(37): CodeIgniter\CodeIgniter->run()
#9 /Applications/MAMP/htdocs/smartwholesale/client-report/system/Commands/Server/rewrite.php(43): require_once('/Applications/M...')
#10 {main}
