CRITICAL - 2022-01-20 01:12:30 --> Call to undefined function format_number()
#0 C:\xampp\htdocs\smartwholesale\client-report\system\View\View.php(214): include()
#1 C:\xampp\htdocs\smartwholesale\client-report\system\View\View.php(217): CodeIgniter\View\View->CodeIgniter\View\{closure}()
#2 C:\xampp\htdocs\smartwholesale\client-report\system\Common.php(1097): CodeIgniter\View\View->render('administrator/a...', Array, true)
#3 C:\xampp\htdocs\smartwholesale\client-report\app\Controllers\Admin\Reports.php(546): view('administrator/a...', Array)
#4 C:\xampp\htdocs\smartwholesale\client-report\system\CodeIgniter.php(824): App\Controllers\Admin\Reports->assignmentReportProcess()
#5 C:\xampp\htdocs\smartwholesale\client-report\system\CodeIgniter.php(410): CodeIgniter\CodeIgniter->runController(Object(App\Controllers\Admin\Reports))
#6 C:\xampp\htdocs\smartwholesale\client-report\system\CodeIgniter.php(318): CodeIgniter\CodeIgniter->handleRequest(NULL, Object(Config\Cache), false)
#7 C:\xampp\htdocs\smartwholesale\client-report\public\index.php(37): CodeIgniter\CodeIgniter->run()
#8 C:\xampp\htdocs\smartwholesale\client-report\system\Commands\Server\rewrite.php(43): require_once('C:\\xampp\\htdocs...')
#9 {main}
ERROR - 2022-01-20 20:28:29 --> Unknown column 'ssign_report_box.box_name' in 'on clause'
CRITICAL - 2022-01-20 20:28:29 --> Unknown column 'ssign_report_box.box_name' in 'on clause'
#0 C:\xampp\htdocs\smartwholesale\client-report\system\Database\MySQLi\Connection.php(292): mysqli->query('SELECT * FROM b...', 0)
#1 C:\xampp\htdocs\smartwholesale\client-report\system\Database\BaseConnection.php(670): CodeIgniter\Database\MySQLi\Connection->execute('SELECT * FROM b...')
#2 C:\xampp\htdocs\smartwholesale\client-report\system\Database\BaseConnection.php(598): CodeIgniter\Database\BaseConnection->simpleQuery('SELECT * FROM b...')
#3 C:\xampp\htdocs\smartwholesale\client-report\app\Models\AssignReportModel.php(52): CodeIgniter\Database\BaseConnection->query('SELECT * FROM b...')
#4 C:\xampp\htdocs\smartwholesale\client-report\app\Controllers\Admin\Reports.php(551): App\Models\AssignReportModel->getBoxSummary('CC18402')
#5 C:\xampp\htdocs\smartwholesale\client-report\system\CodeIgniter.php(824): App\Controllers\Admin\Reports->getBoxSummary()
#6 C:\xampp\htdocs\smartwholesale\client-report\system\CodeIgniter.php(410): CodeIgniter\CodeIgniter->runController(Object(App\Controllers\Admin\Reports))
#7 C:\xampp\htdocs\smartwholesale\client-report\system\CodeIgniter.php(318): CodeIgniter\CodeIgniter->handleRequest(NULL, Object(Config\Cache), false)
#8 C:\xampp\htdocs\smartwholesale\client-report\public\index.php(37): CodeIgniter\CodeIgniter->run()
#9 C:\xampp\htdocs\smartwholesale\client-report\system\Commands\Server\rewrite.php(43): require_once('C:\\xampp\\htdocs...')
#10 {main}
ERROR - 2022-01-20 20:28:30 --> Unknown column 'ssign_report_box.box_name' in 'on clause'
CRITICAL - 2022-01-20 20:28:30 --> Unknown column 'ssign_report_box.box_name' in 'on clause'
#0 C:\xampp\htdocs\smartwholesale\client-report\system\Database\MySQLi\Connection.php(292): mysqli->query('SELECT * FROM b...', 0)
#1 C:\xampp\htdocs\smartwholesale\client-report\system\Database\BaseConnection.php(670): CodeIgniter\Database\MySQLi\Connection->execute('SELECT * FROM b...')
#2 C:\xampp\htdocs\smartwholesale\client-report\system\Database\BaseConnection.php(598): CodeIgniter\Database\BaseConnection->simpleQuery('SELECT * FROM b...')
#3 C:\xampp\htdocs\smartwholesale\client-report\app\Models\AssignReportModel.php(52): CodeIgniter\Database\BaseConnection->query('SELECT * FROM b...')
#4 C:\xampp\htdocs\smartwholesale\client-report\app\Controllers\Admin\Reports.php(551): App\Models\AssignReportModel->getBoxSummary('CC18402')
#5 C:\xampp\htdocs\smartwholesale\client-report\system\CodeIgniter.php(824): App\Controllers\Admin\Reports->getBoxSummary()
#6 C:\xampp\htdocs\smartwholesale\client-report\system\CodeIgniter.php(410): CodeIgniter\CodeIgniter->runController(Object(App\Controllers\Admin\Reports))
#7 C:\xampp\htdocs\smartwholesale\client-report\system\CodeIgniter.php(318): CodeIgniter\CodeIgniter->handleRequest(NULL, Object(Config\Cache), false)
#8 C:\xampp\htdocs\smartwholesale\client-report\public\index.php(37): CodeIgniter\CodeIgniter->run()
#9 C:\xampp\htdocs\smartwholesale\client-report\system\Commands\Server\rewrite.php(43): require_once('C:\\xampp\\htdocs...')
#10 {main}
ERROR - 2022-01-20 20:28:30 --> Unknown column 'ssign_report_box.box_name' in 'on clause'
CRITICAL - 2022-01-20 20:28:30 --> Unknown column 'ssign_report_box.box_name' in 'on clause'
#0 C:\xampp\htdocs\smartwholesale\client-report\system\Database\MySQLi\Connection.php(292): mysqli->query('SELECT * FROM b...', 0)
#1 C:\xampp\htdocs\smartwholesale\client-report\system\Database\BaseConnection.php(670): CodeIgniter\Database\MySQLi\Connection->execute('SELECT * FROM b...')
#2 C:\xampp\htdocs\smartwholesale\client-report\system\Database\BaseConnection.php(598): CodeIgniter\Database\BaseConnection->simpleQuery('SELECT * FROM b...')
#3 C:\xampp\htdocs\smartwholesale\client-report\app\Models\AssignReportModel.php(52): CodeIgniter\Database\BaseConnection->query('SELECT * FROM b...')
#4 C:\xampp\htdocs\smartwholesale\client-report\app\Controllers\Admin\Reports.php(551): App\Models\AssignReportModel->getBoxSummary('CC18402')
#5 C:\xampp\htdocs\smartwholesale\client-report\system\CodeIgniter.php(824): App\Controllers\Admin\Reports->getBoxSummary()
#6 C:\xampp\htdocs\smartwholesale\client-report\system\CodeIgniter.php(410): CodeIgniter\CodeIgniter->runController(Object(App\Controllers\Admin\Reports))
#7 C:\xampp\htdocs\smartwholesale\client-report\system\CodeIgniter.php(318): CodeIgniter\CodeIgniter->handleRequest(NULL, Object(Config\Cache), false)
#8 C:\xampp\htdocs\smartwholesale\client-report\public\index.php(37): CodeIgniter\CodeIgniter->run()
#9 C:\xampp\htdocs\smartwholesale\client-report\system\Commands\Server\rewrite.php(43): require_once('C:\\xampp\\htdocs...')
#10 {main}
