CRITICAL - 2022-01-18 21:57:47 --> Undefined index: investment_id
#0 C:\xampp\htdocs\smartwholesale\client-report\app\Controllers\Admin\Reports.php(491): CodeIgniter\Debug\Exceptions->errorHandler(8, 'Undefined index...', 'C:\\xampp\\htdocs...', 491, Array)
#1 C:\xampp\htdocs\smartwholesale\client-report\system\CodeIgniter.php(824): App\Controllers\Admin\Reports->assignBox()
#2 C:\xampp\htdocs\smartwholesale\client-report\system\CodeIgniter.php(410): CodeIgniter\CodeIgniter->runController(Object(App\Controllers\Admin\Reports))
#3 C:\xampp\htdocs\smartwholesale\client-report\system\CodeIgniter.php(318): CodeIgniter\CodeIgniter->handleRequest(NULL, Object(Config\Cache), false)
#4 C:\xampp\htdocs\smartwholesale\client-report\public\index.php(37): CodeIgniter\CodeIgniter->run()
#5 C:\xampp\htdocs\smartwholesale\client-report\system\Commands\Server\rewrite.php(43): require_once('C:\\xampp\\htdocs...')
#6 {main}
CRITICAL - 2022-01-18 21:58:11 --> Argument 1 passed to CodeIgniter\Database\BaseResult::getFirstRow() must be of the type string, null given, called in C:\xampp\htdocs\smartwholesale\client-report\system\Model.php on line 143
#0 C:\xampp\htdocs\smartwholesale\client-report\system\Model.php(143): CodeIgniter\Database\BaseResult->getFirstRow(NULL)
#1 C:\xampp\htdocs\smartwholesale\client-report\system\BaseModel.php(523): CodeIgniter\Model->doFind(true, '76')
#2 C:\xampp\htdocs\smartwholesale\client-report\app\Controllers\Admin\Reports.php(493): CodeIgniter\BaseModel->find('76')
#3 C:\xampp\htdocs\smartwholesale\client-report\system\CodeIgniter.php(824): App\Controllers\Admin\Reports->assignBox()
#4 C:\xampp\htdocs\smartwholesale\client-report\system\CodeIgniter.php(410): CodeIgniter\CodeIgniter->runController(Object(App\Controllers\Admin\Reports))
#5 C:\xampp\htdocs\smartwholesale\client-report\system\CodeIgniter.php(318): CodeIgniter\CodeIgniter->handleRequest(NULL, Object(Config\Cache), false)
#6 C:\xampp\htdocs\smartwholesale\client-report\public\index.php(37): CodeIgniter\CodeIgniter->run()
#7 C:\xampp\htdocs\smartwholesale\client-report\system\Commands\Server\rewrite.php(43): require_once('C:\\xampp\\htdocs...')
#8 {main}
CRITICAL - 2022-01-18 22:00:26 --> syntax error, unexpected ';', expecting identifier (T_STRING) or variable (T_VARIABLE) or '{' or '$'
#0 C:\xampp\htdocs\smartwholesale\client-report\system\Autoloader\Autoloader.php(241): CodeIgniter\Autoloader\Autoloader->includeFile('C:\\xampp\\htdocs...')
#1 C:\xampp\htdocs\smartwholesale\client-report\system\Autoloader\Autoloader.php(219): CodeIgniter\Autoloader\Autoloader->loadInNamespace('App\\Controllers...')
#2 [internal function]: CodeIgniter\Autoloader\Autoloader->loadClass('App\\Controllers...')
#3 [internal function]: spl_autoload_call('App\\Controllers...')
#4 C:\xampp\htdocs\smartwholesale\client-report\system\CodeIgniter.php(789): class_exists('\\App\\Controller...', true)
#5 C:\xampp\htdocs\smartwholesale\client-report\system\CodeIgniter.php(397): CodeIgniter\CodeIgniter->startController()
#6 C:\xampp\htdocs\smartwholesale\client-report\system\CodeIgniter.php(318): CodeIgniter\CodeIgniter->handleRequest(NULL, Object(Config\Cache), false)
#7 C:\xampp\htdocs\smartwholesale\client-report\public\index.php(37): CodeIgniter\CodeIgniter->run()
#8 C:\xampp\htdocs\smartwholesale\client-report\system\Commands\Server\rewrite.php(43): require_once('C:\\xampp\\htdocs...')
#9 {main}
CRITICAL - 2022-01-18 22:00:27 --> syntax error, unexpected ';', expecting identifier (T_STRING) or variable (T_VARIABLE) or '{' or '$'
#0 C:\xampp\htdocs\smartwholesale\client-report\system\Autoloader\Autoloader.php(241): CodeIgniter\Autoloader\Autoloader->includeFile('C:\\xampp\\htdocs...')
#1 C:\xampp\htdocs\smartwholesale\client-report\system\Autoloader\Autoloader.php(219): CodeIgniter\Autoloader\Autoloader->loadInNamespace('App\\Controllers...')
#2 [internal function]: CodeIgniter\Autoloader\Autoloader->loadClass('App\\Controllers...')
#3 [internal function]: spl_autoload_call('App\\Controllers...')
#4 C:\xampp\htdocs\smartwholesale\client-report\system\CodeIgniter.php(789): class_exists('\\App\\Controller...', true)
#5 C:\xampp\htdocs\smartwholesale\client-report\system\CodeIgniter.php(397): CodeIgniter\CodeIgniter->startController()
#6 C:\xampp\htdocs\smartwholesale\client-report\system\CodeIgniter.php(318): CodeIgniter\CodeIgniter->handleRequest(NULL, Object(Config\Cache), false)
#7 C:\xampp\htdocs\smartwholesale\client-report\public\index.php(37): CodeIgniter\CodeIgniter->run()
#8 C:\xampp\htdocs\smartwholesale\client-report\system\Commands\Server\rewrite.php(43): require_once('C:\\xampp\\htdocs...')
#9 {main}
CRITICAL - 2022-01-18 22:00:49 --> Argument 1 passed to CodeIgniter\Database\BaseResult::getFirstRow() must be of the type string, null given, called in C:\xampp\htdocs\smartwholesale\client-report\system\Model.php on line 143
#0 C:\xampp\htdocs\smartwholesale\client-report\system\Model.php(143): CodeIgniter\Database\BaseResult->getFirstRow(NULL)
#1 C:\xampp\htdocs\smartwholesale\client-report\system\BaseModel.php(523): CodeIgniter\Model->doFind(true, 395)
#2 C:\xampp\htdocs\smartwholesale\client-report\app\Controllers\Admin\Reports.php(493): CodeIgniter\BaseModel->find(395)
#3 C:\xampp\htdocs\smartwholesale\client-report\system\CodeIgniter.php(824): App\Controllers\Admin\Reports->assignBox()
#4 C:\xampp\htdocs\smartwholesale\client-report\system\CodeIgniter.php(410): CodeIgniter\CodeIgniter->runController(Object(App\Controllers\Admin\Reports))
#5 C:\xampp\htdocs\smartwholesale\client-report\system\CodeIgniter.php(318): CodeIgniter\CodeIgniter->handleRequest(NULL, Object(Config\Cache), false)
#6 C:\xampp\htdocs\smartwholesale\client-report\public\index.php(37): CodeIgniter\CodeIgniter->run()
#7 C:\xampp\htdocs\smartwholesale\client-report\system\Commands\Server\rewrite.php(43): require_once('C:\\xampp\\htdocs...')
#8 {main}
ERROR - 2022-01-18 22:21:01 --> Column count doesn't match value count at row 1
CRITICAL - 2022-01-18 22:21:01 --> Column count doesn't match value count at row 1
#0 C:\xampp\htdocs\smartwholesale\client-report\system\Database\MySQLi\Connection.php(292): mysqli->query('INSERT INTO box...', 0)
#1 C:\xampp\htdocs\smartwholesale\client-report\system\Database\BaseConnection.php(670): CodeIgniter\Database\MySQLi\Connection->execute('INSERT INTO box...')
#2 C:\xampp\htdocs\smartwholesale\client-report\system\Database\BaseConnection.php(598): CodeIgniter\Database\BaseConnection->simpleQuery('INSERT INTO box...')
#3 C:\xampp\htdocs\smartwholesale\client-report\app\Controllers\Admin\Reports.php(495): CodeIgniter\Database\BaseConnection->query('INSERT INTO box...')
#4 C:\xampp\htdocs\smartwholesale\client-report\system\CodeIgniter.php(824): App\Controllers\Admin\Reports->assignBox()
#5 C:\xampp\htdocs\smartwholesale\client-report\system\CodeIgniter.php(410): CodeIgniter\CodeIgniter->runController(Object(App\Controllers\Admin\Reports))
#6 C:\xampp\htdocs\smartwholesale\client-report\system\CodeIgniter.php(318): CodeIgniter\CodeIgniter->handleRequest(NULL, Object(Config\Cache), false)
#7 C:\xampp\htdocs\smartwholesale\client-report\public\index.php(37): CodeIgniter\CodeIgniter->run()
#8 C:\xampp\htdocs\smartwholesale\client-report\system\Commands\Server\rewrite.php(43): require_once('C:\\xampp\\htdocs...')
#9 {main}
CRITICAL - 2022-01-18 22:31:07 --> Undefined index: investment_id
#0 C:\xampp\htdocs\smartwholesale\client-report\app\Controllers\Admin\Reports.php(492): CodeIgniter\Debug\Exceptions->errorHandler(8, 'Undefined index...', 'C:\\xampp\\htdocs...', 492, Array)
#1 C:\xampp\htdocs\smartwholesale\client-report\system\CodeIgniter.php(824): App\Controllers\Admin\Reports->assignBox()
#2 C:\xampp\htdocs\smartwholesale\client-report\system\CodeIgniter.php(410): CodeIgniter\CodeIgniter->runController(Object(App\Controllers\Admin\Reports))
#3 C:\xampp\htdocs\smartwholesale\client-report\system\CodeIgniter.php(318): CodeIgniter\CodeIgniter->handleRequest(NULL, Object(Config\Cache), false)
#4 C:\xampp\htdocs\smartwholesale\client-report\public\index.php(37): CodeIgniter\CodeIgniter->run()
#5 C:\xampp\htdocs\smartwholesale\client-report\system\Commands\Server\rewrite.php(43): require_once('C:\\xampp\\htdocs...')
#6 {main}
ERROR - 2022-01-18 22:35:36 --> You have an error in your SQL syntax; check the manual that corresponds to your MariaDB server version for the right syntax to use near 'box_sum WHERE client_id = '10'' at line 1
CRITICAL - 2022-01-18 22:35:36 --> You have an error in your SQL syntax; check the manual that corresponds to your MariaDB server version for the right syntax to use near 'box_sum WHERE client_id = '10'' at line 1
#0 C:\xampp\htdocs\smartwholesale\client-report\system\Database\MySQLi\Connection.php(292): mysqli->query('SELECT SUM(cost...', 0)
#1 C:\xampp\htdocs\smartwholesale\client-report\system\Database\BaseConnection.php(670): CodeIgniter\Database\MySQLi\Connection->execute('SELECT SUM(cost...')
#2 C:\xampp\htdocs\smartwholesale\client-report\system\Database\BaseConnection.php(598): CodeIgniter\Database\BaseConnection->simpleQuery('SELECT SUM(cost...')
#3 C:\xampp\htdocs\smartwholesale\client-report\app\Models\InvestmentModel.php(91): CodeIgniter\Database\BaseConnection->query('SELECT SUM(cost...')
#4 C:\xampp\htdocs\smartwholesale\client-report\app\Controllers\Admin\Reports.php(493): App\Models\InvestmentModel->getPreviousCost('10')
#5 C:\xampp\htdocs\smartwholesale\client-report\system\CodeIgniter.php(824): App\Controllers\Admin\Reports->assignBox()
#6 C:\xampp\htdocs\smartwholesale\client-report\system\CodeIgniter.php(410): CodeIgniter\CodeIgniter->runController(Object(App\Controllers\Admin\Reports))
#7 C:\xampp\htdocs\smartwholesale\client-report\system\CodeIgniter.php(318): CodeIgniter\CodeIgniter->handleRequest(NULL, Object(Config\Cache), false)
#8 C:\xampp\htdocs\smartwholesale\client-report\public\index.php(37): CodeIgniter\CodeIgniter->run()
#9 C:\xampp\htdocs\smartwholesale\client-report\system\Commands\Server\rewrite.php(43): require_once('C:\\xampp\\htdocs...')
#10 {main}
CRITICAL - 2022-01-18 22:38:02 --> Object of class stdClass could not be converted to number
#0 C:\xampp\htdocs\smartwholesale\client-report\app\Controllers\Admin\Reports.php(498): CodeIgniter\Debug\Exceptions->errorHandler(8, 'Object of class...', 'C:\\xampp\\htdocs...', 498, Array)
#1 C:\xampp\htdocs\smartwholesale\client-report\system\CodeIgniter.php(824): App\Controllers\Admin\Reports->assignBox()
#2 C:\xampp\htdocs\smartwholesale\client-report\system\CodeIgniter.php(410): CodeIgniter\CodeIgniter->runController(Object(App\Controllers\Admin\Reports))
#3 C:\xampp\htdocs\smartwholesale\client-report\system\CodeIgniter.php(318): CodeIgniter\CodeIgniter->handleRequest(NULL, Object(Config\Cache), false)
#4 C:\xampp\htdocs\smartwholesale\client-report\public\index.php(37): CodeIgniter\CodeIgniter->run()
#5 C:\xampp\htdocs\smartwholesale\client-report\system\Commands\Server\rewrite.php(43): require_once('C:\\xampp\\htdocs...')
#6 {main}
CRITICAL - 2022-01-18 22:40:46 --> syntax error, unexpected ';', expecting ')'
#0 C:\xampp\htdocs\smartwholesale\client-report\system\Autoloader\Autoloader.php(241): CodeIgniter\Autoloader\Autoloader->includeFile('C:\\xampp\\htdocs...')
#1 C:\xampp\htdocs\smartwholesale\client-report\system\Autoloader\Autoloader.php(219): CodeIgniter\Autoloader\Autoloader->loadInNamespace('App\\Controllers...')
#2 [internal function]: CodeIgniter\Autoloader\Autoloader->loadClass('App\\Controllers...')
#3 [internal function]: spl_autoload_call('App\\Controllers...')
#4 C:\xampp\htdocs\smartwholesale\client-report\system\CodeIgniter.php(789): class_exists('\\App\\Controller...', true)
#5 C:\xampp\htdocs\smartwholesale\client-report\system\CodeIgniter.php(397): CodeIgniter\CodeIgniter->startController()
#6 C:\xampp\htdocs\smartwholesale\client-report\system\CodeIgniter.php(318): CodeIgniter\CodeIgniter->handleRequest(NULL, Object(Config\Cache), false)
#7 C:\xampp\htdocs\smartwholesale\client-report\public\index.php(37): CodeIgniter\CodeIgniter->run()
#8 C:\xampp\htdocs\smartwholesale\client-report\system\Commands\Server\rewrite.php(43): require_once('C:\\xampp\\htdocs...')
#9 {main}
CRITICAL - 2022-01-18 22:40:46 --> syntax error, unexpected ';', expecting ')'
#0 C:\xampp\htdocs\smartwholesale\client-report\system\Autoloader\Autoloader.php(241): CodeIgniter\Autoloader\Autoloader->includeFile('C:\\xampp\\htdocs...')
#1 C:\xampp\htdocs\smartwholesale\client-report\system\Autoloader\Autoloader.php(219): CodeIgniter\Autoloader\Autoloader->loadInNamespace('App\\Controllers...')
#2 [internal function]: CodeIgniter\Autoloader\Autoloader->loadClass('App\\Controllers...')
#3 [internal function]: spl_autoload_call('App\\Controllers...')
#4 C:\xampp\htdocs\smartwholesale\client-report\system\CodeIgniter.php(789): class_exists('\\App\\Controller...', true)
#5 C:\xampp\htdocs\smartwholesale\client-report\system\CodeIgniter.php(397): CodeIgniter\CodeIgniter->startController()
#6 C:\xampp\htdocs\smartwholesale\client-report\system\CodeIgniter.php(318): CodeIgniter\CodeIgniter->handleRequest(NULL, Object(Config\Cache), false)
#7 C:\xampp\htdocs\smartwholesale\client-report\public\index.php(37): CodeIgniter\CodeIgniter->run()
#8 C:\xampp\htdocs\smartwholesale\client-report\system\Commands\Server\rewrite.php(43): require_once('C:\\xampp\\htdocs...')
#9 {main}
CRITICAL - 2022-01-18 22:48:01 --> Trying to get property 'cost_left' of non-object
#0 C:\xampp\htdocs\smartwholesale\client-report\app\Controllers\Admin\Reports.php(497): CodeIgniter\Debug\Exceptions->errorHandler(8, 'Trying to get p...', 'C:\\xampp\\htdocs...', 497, Array)
#1 C:\xampp\htdocs\smartwholesale\client-report\system\CodeIgniter.php(824): App\Controllers\Admin\Reports->assignBox()
#2 C:\xampp\htdocs\smartwholesale\client-report\system\CodeIgniter.php(410): CodeIgniter\CodeIgniter->runController(Object(App\Controllers\Admin\Reports))
#3 C:\xampp\htdocs\smartwholesale\client-report\system\CodeIgniter.php(318): CodeIgniter\CodeIgniter->handleRequest(NULL, Object(Config\Cache), false)
#4 C:\xampp\htdocs\smartwholesale\client-report\public\index.php(37): CodeIgniter\CodeIgniter->run()
#5 C:\xampp\htdocs\smartwholesale\client-report\system\Commands\Server\rewrite.php(43): require_once('C:\\xampp\\htdocs...')
#6 {main}
CRITICAL - 2022-01-18 22:49:42 --> Trying to get property 'cost_left' of non-object
#0 C:\xampp\htdocs\smartwholesale\client-report\app\Controllers\Admin\Reports.php(498): CodeIgniter\Debug\Exceptions->errorHandler(8, 'Trying to get p...', 'C:\\xampp\\htdocs...', 498, Array)
#1 C:\xampp\htdocs\smartwholesale\client-report\system\CodeIgniter.php(824): App\Controllers\Admin\Reports->assignBox()
#2 C:\xampp\htdocs\smartwholesale\client-report\system\CodeIgniter.php(410): CodeIgniter\CodeIgniter->runController(Object(App\Controllers\Admin\Reports))
#3 C:\xampp\htdocs\smartwholesale\client-report\system\CodeIgniter.php(318): CodeIgniter\CodeIgniter->handleRequest(NULL, Object(Config\Cache), false)
#4 C:\xampp\htdocs\smartwholesale\client-report\public\index.php(37): CodeIgniter\CodeIgniter->run()
#5 C:\xampp\htdocs\smartwholesale\client-report\system\Commands\Server\rewrite.php(43): require_once('C:\\xampp\\htdocs...')
#6 {main}
CRITICAL - 2022-01-18 22:50:14 --> Trying to access array offset on value of type null
#0 C:\xampp\htdocs\smartwholesale\client-report\app\Controllers\Admin\Reports.php(498): CodeIgniter\Debug\Exceptions->errorHandler(8, 'Trying to acces...', 'C:\\xampp\\htdocs...', 498, Array)
#1 C:\xampp\htdocs\smartwholesale\client-report\system\CodeIgniter.php(824): App\Controllers\Admin\Reports->assignBox()
#2 C:\xampp\htdocs\smartwholesale\client-report\system\CodeIgniter.php(410): CodeIgniter\CodeIgniter->runController(Object(App\Controllers\Admin\Reports))
#3 C:\xampp\htdocs\smartwholesale\client-report\system\CodeIgniter.php(318): CodeIgniter\CodeIgniter->handleRequest(NULL, Object(Config\Cache), false)
#4 C:\xampp\htdocs\smartwholesale\client-report\public\index.php(37): CodeIgniter\CodeIgniter->run()
#5 C:\xampp\htdocs\smartwholesale\client-report\system\Commands\Server\rewrite.php(43): require_once('C:\\xampp\\htdocs...')
#6 {main}
CRITICAL - 2022-01-18 23:51:57 --> Undefined index: order_date
#0 C:\xampp\htdocs\smartwholesale\client-report\app\Views\administrator\assignment_report.php(78): CodeIgniter\Debug\Exceptions->errorHandler(8, 'Undefined index...', 'C:\\xampp\\htdocs...', 78, Array)
#1 C:\xampp\htdocs\smartwholesale\client-report\system\View\View.php(214): include('C:\\xampp\\htdocs...')
#2 C:\xampp\htdocs\smartwholesale\client-report\system\View\View.php(217): CodeIgniter\View\View->CodeIgniter\View\{closure}()
#3 C:\xampp\htdocs\smartwholesale\client-report\system\Common.php(1097): CodeIgniter\View\View->render('administrator/a...', Array, true)
#4 C:\xampp\htdocs\smartwholesale\client-report\app\Controllers\Admin\Reports.php(320): view('administrator/a...', Array)
#5 C:\xampp\htdocs\smartwholesale\client-report\system\CodeIgniter.php(824): App\Controllers\Admin\Reports->assignmentReport()
#6 C:\xampp\htdocs\smartwholesale\client-report\system\CodeIgniter.php(410): CodeIgniter\CodeIgniter->runController(Object(App\Controllers\Admin\Reports))
#7 C:\xampp\htdocs\smartwholesale\client-report\system\CodeIgniter.php(318): CodeIgniter\CodeIgniter->handleRequest(NULL, Object(Config\Cache), false)
#8 C:\xampp\htdocs\smartwholesale\client-report\public\index.php(37): CodeIgniter\CodeIgniter->run()
#9 C:\xampp\htdocs\smartwholesale\client-report\system\Commands\Server\rewrite.php(43): require_once('C:\\xampp\\htdocs...')
#10 {main}
CRITICAL - 2022-01-18 23:51:57 --> Undefined index: order_date
#0 C:\xampp\htdocs\smartwholesale\client-report\app\Views\administrator\assignment_report.php(78): CodeIgniter\Debug\Exceptions->errorHandler(8, 'Undefined index...', 'C:\\xampp\\htdocs...', 78, Array)
#1 C:\xampp\htdocs\smartwholesale\client-report\system\View\View.php(214): include('C:\\xampp\\htdocs...')
#2 C:\xampp\htdocs\smartwholesale\client-report\system\View\View.php(217): CodeIgniter\View\View->CodeIgniter\View\{closure}()
#3 C:\xampp\htdocs\smartwholesale\client-report\system\Common.php(1097): CodeIgniter\View\View->render('administrator/a...', Array, true)
#4 C:\xampp\htdocs\smartwholesale\client-report\app\Controllers\Admin\Reports.php(320): view('administrator/a...', Array)
#5 C:\xampp\htdocs\smartwholesale\client-report\system\CodeIgniter.php(824): App\Controllers\Admin\Reports->assignmentReport()
#6 C:\xampp\htdocs\smartwholesale\client-report\system\CodeIgniter.php(410): CodeIgniter\CodeIgniter->runController(Object(App\Controllers\Admin\Reports))
#7 C:\xampp\htdocs\smartwholesale\client-report\system\CodeIgniter.php(318): CodeIgniter\CodeIgniter->handleRequest(NULL, Object(Config\Cache), false)
#8 C:\xampp\htdocs\smartwholesale\client-report\public\index.php(37): CodeIgniter\CodeIgniter->run()
#9 C:\xampp\htdocs\smartwholesale\client-report\system\Commands\Server\rewrite.php(43): require_once('C:\\xampp\\htdocs...')
#10 {main}
ERROR - 2022-01-18 23:56:03 --> Column 'id' in where clause is ambiguous
CRITICAL - 2022-01-18 23:56:03 --> Column 'id' in where clause is ambiguous
#0 C:\xampp\htdocs\smartwholesale\client-report\system\Database\MySQLi\Connection.php(292): mysqli->query('SELECT cost_lef...', 0)
#1 C:\xampp\htdocs\smartwholesale\client-report\system\Database\BaseConnection.php(670): CodeIgniter\Database\MySQLi\Connection->execute('SELECT cost_lef...')
#2 C:\xampp\htdocs\smartwholesale\client-report\system\Database\BaseConnection.php(598): CodeIgniter\Database\BaseConnection->simpleQuery('SELECT cost_lef...')
#3 C:\xampp\htdocs\smartwholesale\client-report\app\Models\InvestmentModel.php(91): CodeIgniter\Database\BaseConnection->query('SELECT cost_lef...')
#4 C:\xampp\htdocs\smartwholesale\client-report\app\Controllers\Admin\Reports.php(494): App\Models\InvestmentModel->getPreviousCost('2')
#5 C:\xampp\htdocs\smartwholesale\client-report\system\CodeIgniter.php(824): App\Controllers\Admin\Reports->assignBox()
#6 C:\xampp\htdocs\smartwholesale\client-report\system\CodeIgniter.php(410): CodeIgniter\CodeIgniter->runController(Object(App\Controllers\Admin\Reports))
#7 C:\xampp\htdocs\smartwholesale\client-report\system\CodeIgniter.php(318): CodeIgniter\CodeIgniter->handleRequest(NULL, Object(Config\Cache), false)
#8 C:\xampp\htdocs\smartwholesale\client-report\public\index.php(37): CodeIgniter\CodeIgniter->run()
#9 C:\xampp\htdocs\smartwholesale\client-report\system\Commands\Server\rewrite.php(43): require_once('C:\\xampp\\htdocs...')
#10 {main}
ERROR - 2022-01-18 23:58:10 --> Unknown column 'users.fullname' in 'field list'
CRITICAL - 2022-01-18 23:58:10 --> Unknown column 'users.fullname' in 'field list'
#0 C:\xampp\htdocs\smartwholesale\client-report\system\Database\MySQLi\Connection.php(292): mysqli->query('SELECT assign_r...', 0)
#1 C:\xampp\htdocs\smartwholesale\client-report\system\Database\BaseConnection.php(670): CodeIgniter\Database\MySQLi\Connection->execute('SELECT assign_r...')
#2 C:\xampp\htdocs\smartwholesale\client-report\system\Database\BaseConnection.php(598): CodeIgniter\Database\BaseConnection->simpleQuery('SELECT assign_r...')
#3 C:\xampp\htdocs\smartwholesale\client-report\app\Models\AssignReportModel.php(31): CodeIgniter\Database\BaseConnection->query('SELECT assign_r...')
#4 C:\xampp\htdocs\smartwholesale\client-report\app\Controllers\Admin\Reports.php(312): App\Models\AssignReportModel->getAllAssignReport()
#5 C:\xampp\htdocs\smartwholesale\client-report\system\CodeIgniter.php(824): App\Controllers\Admin\Reports->assignmentReport()
#6 C:\xampp\htdocs\smartwholesale\client-report\system\CodeIgniter.php(410): CodeIgniter\CodeIgniter->runController(Object(App\Controllers\Admin\Reports))
#7 C:\xampp\htdocs\smartwholesale\client-report\system\CodeIgniter.php(318): CodeIgniter\CodeIgniter->handleRequest(NULL, Object(Config\Cache), false)
#8 C:\xampp\htdocs\smartwholesale\client-report\public\index.php(37): CodeIgniter\CodeIgniter->run()
#9 C:\xampp\htdocs\smartwholesale\client-report\system\Commands\Server\rewrite.php(43): require_once('C:\\xampp\\htdocs...')
#10 {main}
ERROR - 2022-01-18 23:58:10 --> Unknown column 'users.fullname' in 'field list'
CRITICAL - 2022-01-18 23:58:10 --> Unknown column 'users.fullname' in 'field list'
#0 C:\xampp\htdocs\smartwholesale\client-report\system\Database\MySQLi\Connection.php(292): mysqli->query('SELECT assign_r...', 0)
#1 C:\xampp\htdocs\smartwholesale\client-report\system\Database\BaseConnection.php(670): CodeIgniter\Database\MySQLi\Connection->execute('SELECT assign_r...')
#2 C:\xampp\htdocs\smartwholesale\client-report\system\Database\BaseConnection.php(598): CodeIgniter\Database\BaseConnection->simpleQuery('SELECT assign_r...')
#3 C:\xampp\htdocs\smartwholesale\client-report\app\Models\AssignReportModel.php(31): CodeIgniter\Database\BaseConnection->query('SELECT assign_r...')
#4 C:\xampp\htdocs\smartwholesale\client-report\app\Controllers\Admin\Reports.php(312): App\Models\AssignReportModel->getAllAssignReport()
#5 C:\xampp\htdocs\smartwholesale\client-report\system\CodeIgniter.php(824): App\Controllers\Admin\Reports->assignmentReport()
#6 C:\xampp\htdocs\smartwholesale\client-report\system\CodeIgniter.php(410): CodeIgniter\CodeIgniter->runController(Object(App\Controllers\Admin\Reports))
#7 C:\xampp\htdocs\smartwholesale\client-report\system\CodeIgniter.php(318): CodeIgniter\CodeIgniter->handleRequest(NULL, Object(Config\Cache), false)
#8 C:\xampp\htdocs\smartwholesale\client-report\public\index.php(37): CodeIgniter\CodeIgniter->run()
#9 C:\xampp\htdocs\smartwholesale\client-report\system\Commands\Server\rewrite.php(43): require_once('C:\\xampp\\htdocs...')
#10 {main}
