CRITICAL - 2023-01-09 00:28:57 --> Undefined variable: statusManifest
#0 /Applications/MAMP/htdocs/smartwholesale/client-report/app/Views/mobile/dashboard.php(123): CodeIgniter\Debug\Exceptions->errorHandler(8, 'Undefined varia...', '/Applications/M...', 123, Array)
#1 /Applications/MAMP/htdocs/smartwholesale/client-report/system/View/View.php(214): include('/Applications/M...')
#2 /Applications/MAMP/htdocs/smartwholesale/client-report/system/View/View.php(217): CodeIgniter\View\View->CodeIgniter\View\{closure}()
#3 /Applications/MAMP/htdocs/smartwholesale/client-report/system/Common.php(1097): CodeIgniter\View\View->render('/mobile/dashboa...', Array, true)
#4 /Applications/MAMP/htdocs/smartwholesale/client-report/app/Controllers/Mobile.php(239): view('/mobile/dashboa...', Array)
#5 /Applications/MAMP/htdocs/smartwholesale/client-report/system/CodeIgniter.php(824): App\Controllers\Mobile->dashboard()
#6 /Applications/MAMP/htdocs/smartwholesale/client-report/system/CodeIgniter.php(410): CodeIgniter\CodeIgniter->runController(Object(App\Controllers\Mobile))
#7 /Applications/MAMP/htdocs/smartwholesale/client-report/system/CodeIgniter.php(318): CodeIgniter\CodeIgniter->handleRequest(NULL, Object(Config\Cache), false)
#8 /Applications/MAMP/htdocs/smartwholesale/client-report/public/index.php(37): CodeIgniter\CodeIgniter->run()
#9 /Applications/MAMP/htdocs/smartwholesale/client-report/system/Commands/Server/rewrite.php(43): require_once('/Applications/M...')
#10 {main}
CRITICAL - 2023-01-09 00:33:01 --> Trying to get property 'category_name' of non-object
#0 /Applications/MAMP/htdocs/smartwholesale/client-report/app/Controllers/Android.php(232): CodeIgniter\Debug\Exceptions->errorHandler(8, 'Trying to get p...', '/Applications/M...', 232, Array)
#1 /Applications/MAMP/htdocs/smartwholesale/client-report/system/CodeIgniter.php(824): App\Controllers\Android->dashboard()
#2 /Applications/MAMP/htdocs/smartwholesale/client-report/system/CodeIgniter.php(410): CodeIgniter\CodeIgniter->runController(Object(App\Controllers\Android))
#3 /Applications/MAMP/htdocs/smartwholesale/client-report/system/CodeIgniter.php(318): CodeIgniter\CodeIgniter->handleRequest(NULL, Object(Config\Cache), false)
#4 /Applications/MAMP/htdocs/smartwholesale/client-report/public/index.php(37): CodeIgniter\CodeIgniter->run()
#5 /Applications/MAMP/htdocs/smartwholesale/client-report/system/Commands/Server/rewrite.php(43): require_once('/Applications/M...')
#6 {main}
CRITICAL - 2023-01-09 00:33:40 --> Division by zero
#0 /Applications/MAMP/htdocs/smartwholesale/client-report/app/Views/mobile_copy/pl_report.php(41): CodeIgniter\Debug\Exceptions->errorHandler(2, 'Division by zer...', '/Applications/M...', 41, Array)
#1 /Applications/MAMP/htdocs/smartwholesale/client-report/system/View/View.php(214): include('/Applications/M...')
#2 /Applications/MAMP/htdocs/smartwholesale/client-report/system/View/View.php(217): CodeIgniter\View\View->CodeIgniter\View\{closure}()
#3 /Applications/MAMP/htdocs/smartwholesale/client-report/system/Common.php(1097): CodeIgniter\View\View->render('mobile_copy/pl_...', Array, true)
#4 /Applications/MAMP/htdocs/smartwholesale/client-report/app/Controllers/Android.php(335): view('mobile_copy/pl_...', Array)
#5 /Applications/MAMP/htdocs/smartwholesale/client-report/system/CodeIgniter.php(824): App\Controllers\Android->plReport()
#6 /Applications/MAMP/htdocs/smartwholesale/client-report/system/CodeIgniter.php(410): CodeIgniter\CodeIgniter->runController(Object(App\Controllers\Android))
#7 /Applications/MAMP/htdocs/smartwholesale/client-report/system/CodeIgniter.php(318): CodeIgniter\CodeIgniter->handleRequest(NULL, Object(Config\Cache), false)
#8 /Applications/MAMP/htdocs/smartwholesale/client-report/public/index.php(37): CodeIgniter\CodeIgniter->run()
#9 /Applications/MAMP/htdocs/smartwholesale/client-report/system/Commands/Server/rewrite.php(43): require_once('/Applications/M...')
#10 {main}
CRITICAL - 2023-01-09 00:48:28 --> syntax error, unexpected ''file'' (T_CONSTANT_ENCAPSED_STRING), expecting ']'
#0 /Applications/MAMP/htdocs/smartwholesale/client-report/system/Autoloader/Autoloader.php(241): CodeIgniter\Autoloader\Autoloader->includeFile('/Applications/M...')
#1 /Applications/MAMP/htdocs/smartwholesale/client-report/system/Autoloader/Autoloader.php(219): CodeIgniter\Autoloader\Autoloader->loadInNamespace('App\\Controllers...')
#2 [internal function]: CodeIgniter\Autoloader\Autoloader->loadClass('App\\Controllers...')
#3 [internal function]: spl_autoload_call('App\\Controllers...')
#4 /Applications/MAMP/htdocs/smartwholesale/client-report/system/CodeIgniter.php(789): class_exists('\\App\\Controller...', true)
#5 /Applications/MAMP/htdocs/smartwholesale/client-report/system/CodeIgniter.php(397): CodeIgniter\CodeIgniter->startController()
#6 /Applications/MAMP/htdocs/smartwholesale/client-report/system/CodeIgniter.php(318): CodeIgniter\CodeIgniter->handleRequest(NULL, Object(Config\Cache), false)
#7 /Applications/MAMP/htdocs/smartwholesale/client-report/public/index.php(37): CodeIgniter\CodeIgniter->run()
#8 /Applications/MAMP/htdocs/smartwholesale/client-report/system/Commands/Server/rewrite.php(43): require_once('/Applications/M...')
#9 {main}
CRITICAL - 2023-01-09 00:49:01 --> syntax error, unexpected ''file'' (T_CONSTANT_ENCAPSED_STRING), expecting ']'
#0 /Applications/MAMP/htdocs/smartwholesale/client-report/system/Autoloader/Autoloader.php(241): CodeIgniter\Autoloader\Autoloader->includeFile('/Applications/M...')
#1 /Applications/MAMP/htdocs/smartwholesale/client-report/system/Autoloader/Autoloader.php(219): CodeIgniter\Autoloader\Autoloader->loadInNamespace('App\\Controllers...')
#2 [internal function]: CodeIgniter\Autoloader\Autoloader->loadClass('App\\Controllers...')
#3 [internal function]: spl_autoload_call('App\\Controllers...')
#4 /Applications/MAMP/htdocs/smartwholesale/client-report/system/CodeIgniter.php(789): class_exists('\\App\\Controller...', true)
#5 /Applications/MAMP/htdocs/smartwholesale/client-report/system/CodeIgniter.php(397): CodeIgniter\CodeIgniter->startController()
#6 /Applications/MAMP/htdocs/smartwholesale/client-report/system/CodeIgniter.php(318): CodeIgniter\CodeIgniter->handleRequest(NULL, Object(Config\Cache), false)
#7 /Applications/MAMP/htdocs/smartwholesale/client-report/public/index.php(37): CodeIgniter\CodeIgniter->run()
#8 /Applications/MAMP/htdocs/smartwholesale/client-report/system/Commands/Server/rewrite.php(43): require_once('/Applications/M...')
#9 {main}
CRITICAL - 2023-01-09 00:51:02 --> Undefined variable: file
#0 /Applications/MAMP/htdocs/smartwholesale/client-report/app/Views/mobile_copy/dashboard.php(230): CodeIgniter\Debug\Exceptions->errorHandler(8, 'Undefined varia...', '/Applications/M...', 230, Array)
#1 /Applications/MAMP/htdocs/smartwholesale/client-report/system/View/View.php(214): include('/Applications/M...')
#2 /Applications/MAMP/htdocs/smartwholesale/client-report/system/View/View.php(217): CodeIgniter\View\View->CodeIgniter\View\{closure}()
#3 /Applications/MAMP/htdocs/smartwholesale/client-report/system/Common.php(1097): CodeIgniter\View\View->render('/mobile_copy/da...', Array, true)
#4 /Applications/MAMP/htdocs/smartwholesale/client-report/app/Controllers/Android.php(239): view('/mobile_copy/da...', Array)
#5 /Applications/MAMP/htdocs/smartwholesale/client-report/system/CodeIgniter.php(824): App\Controllers\Android->dashboard()
#6 /Applications/MAMP/htdocs/smartwholesale/client-report/system/CodeIgniter.php(410): CodeIgniter\CodeIgniter->runController(Object(App\Controllers\Android))
#7 /Applications/MAMP/htdocs/smartwholesale/client-report/system/CodeIgniter.php(318): CodeIgniter\CodeIgniter->handleRequest(NULL, Object(Config\Cache), false)
#8 /Applications/MAMP/htdocs/smartwholesale/client-report/public/index.php(37): CodeIgniter\CodeIgniter->run()
#9 /Applications/MAMP/htdocs/smartwholesale/client-report/system/Commands/Server/rewrite.php(43): require_once('/Applications/M...')
#10 {main}
CRITICAL - 2023-01-09 00:51:43 --> Undefined variable: file
#0 /Applications/MAMP/htdocs/smartwholesale/client-report/app/Views/mobile_copy/dashboard.php(230): CodeIgniter\Debug\Exceptions->errorHandler(8, 'Undefined varia...', '/Applications/M...', 230, Array)
#1 /Applications/MAMP/htdocs/smartwholesale/client-report/system/View/View.php(214): include('/Applications/M...')
#2 /Applications/MAMP/htdocs/smartwholesale/client-report/system/View/View.php(217): CodeIgniter\View\View->CodeIgniter\View\{closure}()
#3 /Applications/MAMP/htdocs/smartwholesale/client-report/system/Common.php(1097): CodeIgniter\View\View->render('/mobile_copy/da...', Array, true)
#4 /Applications/MAMP/htdocs/smartwholesale/client-report/app/Controllers/Android.php(239): view('/mobile_copy/da...', Array)
#5 /Applications/MAMP/htdocs/smartwholesale/client-report/system/CodeIgniter.php(824): App\Controllers\Android->dashboard()
#6 /Applications/MAMP/htdocs/smartwholesale/client-report/system/CodeIgniter.php(410): CodeIgniter\CodeIgniter->runController(Object(App\Controllers\Android))
#7 /Applications/MAMP/htdocs/smartwholesale/client-report/system/CodeIgniter.php(318): CodeIgniter\CodeIgniter->handleRequest(NULL, Object(Config\Cache), false)
#8 /Applications/MAMP/htdocs/smartwholesale/client-report/public/index.php(37): CodeIgniter\CodeIgniter->run()
#9 /Applications/MAMP/htdocs/smartwholesale/client-report/system/Commands/Server/rewrite.php(43): require_once('/Applications/M...')
#10 {main}
