CRITICAL - 2022-02-15 00:22:21 --> Call to undefined method App\Models\CategoryModel::getAll
#0 /Applications/MAMP/htdocs/smartfba/client-report/app/Controllers/Clients.php(230): CodeIgniter\Model->__call('getAll', Array)
#1 /Applications/MAMP/htdocs/smartfba/client-report/system/CodeIgniter.php(824): App\Controllers\Clients->brandApprovals()
#2 /Applications/MAMP/htdocs/smartfba/client-report/system/CodeIgniter.php(410): CodeIgniter\CodeIgniter->runController(Object(App\Controllers\Clients))
#3 /Applications/MAMP/htdocs/smartfba/client-report/system/CodeIgniter.php(318): CodeIgniter\CodeIgniter->handleRequest(NULL, Object(Config\Cache), false)
#4 /Applications/MAMP/htdocs/smartfba/client-report/public/index.php(37): CodeIgniter\CodeIgniter->run()
#5 /Applications/MAMP/htdocs/smartfba/client-report/system/Commands/Server/rewrite.php(43): require_once('/Applications/M...')
#6 {main}
CRITICAL - 2022-02-15 00:59:57 --> Call to undefined method App\Models\CategoryModel::getBrand
#0 /Applications/MAMP/htdocs/smartfba/client-report/app/Controllers/Clients.php(230): CodeIgniter\Model->__call('getBrand', Array)
#1 /Applications/MAMP/htdocs/smartfba/client-report/system/CodeIgniter.php(824): App\Controllers\Clients->brandApprovals()
#2 /Applications/MAMP/htdocs/smartfba/client-report/system/CodeIgniter.php(410): CodeIgniter\CodeIgniter->runController(Object(App\Controllers\Clients))
#3 /Applications/MAMP/htdocs/smartfba/client-report/system/CodeIgniter.php(318): CodeIgniter\CodeIgniter->handleRequest(NULL, Object(Config\Cache), false)
#4 /Applications/MAMP/htdocs/smartfba/client-report/public/index.php(37): CodeIgniter\CodeIgniter->run()
#5 /Applications/MAMP/htdocs/smartfba/client-report/system/Commands/Server/rewrite.php(43): require_once('/Applications/M...')
#6 {main}
ERROR - 2022-02-15 01:00:34 --> You have an error in your SQL syntax; check the manual that corresponds to your MySQL server version for the right syntax to use near 'sORDER BY brand_name ASC' at line 1
CRITICAL - 2022-02-15 01:00:34 --> You have an error in your SQL syntax; check the manual that corresponds to your MySQL server version for the right syntax to use near 'sORDER BY brand_name ASC' at line 1
#0 /Applications/MAMP/htdocs/smartfba/client-report/system/Database/MySQLi/Connection.php(292): mysqli->query('SELECT brand_na...', 0)
#1 /Applications/MAMP/htdocs/smartfba/client-report/system/Database/BaseConnection.php(670): CodeIgniter\Database\MySQLi\Connection->execute('SELECT brand_na...')
#2 /Applications/MAMP/htdocs/smartfba/client-report/system/Database/BaseConnection.php(598): CodeIgniter\Database\BaseConnection->simpleQuery('SELECT brand_na...')
#3 /Applications/MAMP/htdocs/smartfba/client-report/app/Models/CategoryModel.php(25): CodeIgniter\Database\BaseConnection->query('SELECT brand_na...')
#4 /Applications/MAMP/htdocs/smartfba/client-report/app/Controllers/Clients.php(230): App\Models\CategoryModel->getBrands('9')
#5 /Applications/MAMP/htdocs/smartfba/client-report/system/CodeIgniter.php(824): App\Controllers\Clients->brandApprovals()
#6 /Applications/MAMP/htdocs/smartfba/client-report/system/CodeIgniter.php(410): CodeIgniter\CodeIgniter->runController(Object(App\Controllers\Clients))
#7 /Applications/MAMP/htdocs/smartfba/client-report/system/CodeIgniter.php(318): CodeIgniter\CodeIgniter->handleRequest(NULL, Object(Config\Cache), false)
#8 /Applications/MAMP/htdocs/smartfba/client-report/public/index.php(37): CodeIgniter\CodeIgniter->run()
#9 /Applications/MAMP/htdocs/smartfba/client-report/system/Commands/Server/rewrite.php(43): require_once('/Applications/M...')
#10 {main}
