ERROR - 2022-09-25 21:00:26 --> Every derived table must have its own alias
CRITICAL - 2022-09-25 21:00:26 --> Every derived table must have its own alias
#0 /Applications/MAMP/htdocs/smartwholesale/client-report/system/Database/MySQLi/Connection.php(292): mysqli->query('SELECT `assign_...', 0)
#1 /Applications/MAMP/htdocs/smartwholesale/client-report/system/Database/BaseConnection.php(670): CodeIgniter\Database\MySQLi\Connection->execute('SELECT `assign_...')
#2 /Applications/MAMP/htdocs/smartwholesale/client-report/system/Database/BaseConnection.php(598): CodeIgniter\Database\BaseConnection->simpleQuery('SELECT `assign_...')
#3 /Applications/MAMP/htdocs/smartwholesale/client-report/system/Database/BaseBuilder.php(1443): CodeIgniter\Database\BaseConnection->query('SELECT `assign_...', Array, false)
#4 /Applications/MAMP/htdocs/smartwholesale/client-report/app/Models/UPCModel.php(36): CodeIgniter\Database\BaseBuilder->get()
#5 /Applications/MAMP/htdocs/smartwholesale/client-report/app/Controllers/VA/Reports.php(683): App\Models\UPCModel->historyBox()
#6 /Applications/MAMP/htdocs/smartwholesale/client-report/system/CodeIgniter.php(824): App\Controllers\VA\Reports->historyBox()
#7 /Applications/MAMP/htdocs/smartwholesale/client-report/system/CodeIgniter.php(410): CodeIgniter\CodeIgniter->runController(Object(App\Controllers\VA\Reports))
#8 /Applications/MAMP/htdocs/smartwholesale/client-report/system/CodeIgniter.php(318): CodeIgniter\CodeIgniter->handleRequest(NULL, Object(Config\Cache), false)
#9 /Applications/MAMP/htdocs/smartwholesale/client-report/public/index.php(37): CodeIgniter\CodeIgniter->run()
#10 /Applications/MAMP/htdocs/smartwholesale/client-report/system/Commands/Server/rewrite.php(43): require_once('/Applications/M...')
#11 {main}
ERROR - 2022-09-25 21:01:22 --> Every derived table must have its own alias
CRITICAL - 2022-09-25 21:01:22 --> Every derived table must have its own alias
#0 /Applications/MAMP/htdocs/smartwholesale/client-report/system/Database/MySQLi/Connection.php(292): mysqli->query('SELECT `assign_...', 0)
#1 /Applications/MAMP/htdocs/smartwholesale/client-report/system/Database/BaseConnection.php(670): CodeIgniter\Database\MySQLi\Connection->execute('SELECT `assign_...')
#2 /Applications/MAMP/htdocs/smartwholesale/client-report/system/Database/BaseConnection.php(598): CodeIgniter\Database\BaseConnection->simpleQuery('SELECT `assign_...')
#3 /Applications/MAMP/htdocs/smartwholesale/client-report/system/Database/BaseBuilder.php(1443): CodeIgniter\Database\BaseConnection->query('SELECT `assign_...', Array, false)
#4 /Applications/MAMP/htdocs/smartwholesale/client-report/app/Models/UPCModel.php(36): CodeIgniter\Database\BaseBuilder->get()
#5 /Applications/MAMP/htdocs/smartwholesale/client-report/app/Controllers/VA/Reports.php(683): App\Models\UPCModel->historyBox()
#6 /Applications/MAMP/htdocs/smartwholesale/client-report/system/CodeIgniter.php(824): App\Controllers\VA\Reports->historyBox()
#7 /Applications/MAMP/htdocs/smartwholesale/client-report/system/CodeIgniter.php(410): CodeIgniter\CodeIgniter->runController(Object(App\Controllers\VA\Reports))
#8 /Applications/MAMP/htdocs/smartwholesale/client-report/system/CodeIgniter.php(318): CodeIgniter\CodeIgniter->handleRequest(NULL, Object(Config\Cache), false)
#9 /Applications/MAMP/htdocs/smartwholesale/client-report/public/index.php(37): CodeIgniter\CodeIgniter->run()
#10 /Applications/MAMP/htdocs/smartwholesale/client-report/system/Commands/Server/rewrite.php(43): require_once('/Applications/M...')
#11 {main}
ERROR - 2022-09-25 21:01:39 --> Every derived table must have its own alias
CRITICAL - 2022-09-25 21:01:39 --> Every derived table must have its own alias
#0 /Applications/MAMP/htdocs/smartwholesale/client-report/system/Database/MySQLi/Connection.php(292): mysqli->query('SELECT `assign_...', 0)
#1 /Applications/MAMP/htdocs/smartwholesale/client-report/system/Database/BaseConnection.php(670): CodeIgniter\Database\MySQLi\Connection->execute('SELECT `assign_...')
#2 /Applications/MAMP/htdocs/smartwholesale/client-report/system/Database/BaseConnection.php(598): CodeIgniter\Database\BaseConnection->simpleQuery('SELECT `assign_...')
#3 /Applications/MAMP/htdocs/smartwholesale/client-report/system/Database/BaseBuilder.php(1443): CodeIgniter\Database\BaseConnection->query('SELECT `assign_...', Array, false)
#4 /Applications/MAMP/htdocs/smartwholesale/client-report/app/Models/UPCModel.php(36): CodeIgniter\Database\BaseBuilder->get()
#5 /Applications/MAMP/htdocs/smartwholesale/client-report/app/Controllers/VA/Reports.php(683): App\Models\UPCModel->historyBox()
#6 /Applications/MAMP/htdocs/smartwholesale/client-report/system/CodeIgniter.php(824): App\Controllers\VA\Reports->historyBox()
#7 /Applications/MAMP/htdocs/smartwholesale/client-report/system/CodeIgniter.php(410): CodeIgniter\CodeIgniter->runController(Object(App\Controllers\VA\Reports))
#8 /Applications/MAMP/htdocs/smartwholesale/client-report/system/CodeIgniter.php(318): CodeIgniter\CodeIgniter->handleRequest(NULL, Object(Config\Cache), false)
#9 /Applications/MAMP/htdocs/smartwholesale/client-report/public/index.php(37): CodeIgniter\CodeIgniter->run()
#10 /Applications/MAMP/htdocs/smartwholesale/client-report/system/Commands/Server/rewrite.php(43): require_once('/Applications/M...')
#11 {main}
ERROR - 2022-09-25 21:02:41 --> Every derived table must have its own alias
CRITICAL - 2022-09-25 21:02:41 --> Every derived table must have its own alias
#0 /Applications/MAMP/htdocs/smartwholesale/client-report/system/Database/MySQLi/Connection.php(292): mysqli->query('SELECT `b`.*, `...', 0)
#1 /Applications/MAMP/htdocs/smartwholesale/client-report/system/Database/BaseConnection.php(670): CodeIgniter\Database\MySQLi\Connection->execute('SELECT `b`.*, `...')
#2 /Applications/MAMP/htdocs/smartwholesale/client-report/system/Database/BaseConnection.php(598): CodeIgniter\Database\BaseConnection->simpleQuery('SELECT `b`.*, `...')
#3 /Applications/MAMP/htdocs/smartwholesale/client-report/system/Database/BaseBuilder.php(1443): CodeIgniter\Database\BaseConnection->query('SELECT `b`.*, `...', Array, false)
#4 /Applications/MAMP/htdocs/smartwholesale/client-report/app/Models/UPCModel.php(36): CodeIgniter\Database\BaseBuilder->get()
#5 /Applications/MAMP/htdocs/smartwholesale/client-report/app/Controllers/VA/Reports.php(683): App\Models\UPCModel->historyBox()
#6 /Applications/MAMP/htdocs/smartwholesale/client-report/system/CodeIgniter.php(824): App\Controllers\VA\Reports->historyBox()
#7 /Applications/MAMP/htdocs/smartwholesale/client-report/system/CodeIgniter.php(410): CodeIgniter\CodeIgniter->runController(Object(App\Controllers\VA\Reports))
#8 /Applications/MAMP/htdocs/smartwholesale/client-report/system/CodeIgniter.php(318): CodeIgniter\CodeIgniter->handleRequest(NULL, Object(Config\Cache), false)
#9 /Applications/MAMP/htdocs/smartwholesale/client-report/public/index.php(37): CodeIgniter\CodeIgniter->run()
#10 /Applications/MAMP/htdocs/smartwholesale/client-report/system/Commands/Server/rewrite.php(43): require_once('/Applications/M...')
#11 {main}
ERROR - 2022-09-25 21:02:58 --> Unknown column 'b.fullname' in 'field list'
CRITICAL - 2022-09-25 21:02:58 --> Unknown column 'b.fullname' in 'field list'
#0 /Applications/MAMP/htdocs/smartwholesale/client-report/system/Database/MySQLi/Connection.php(292): mysqli->query('SELECT `b`.*, `...', 0)
#1 /Applications/MAMP/htdocs/smartwholesale/client-report/system/Database/BaseConnection.php(670): CodeIgniter\Database\MySQLi\Connection->execute('SELECT `b`.*, `...')
#2 /Applications/MAMP/htdocs/smartwholesale/client-report/system/Database/BaseConnection.php(598): CodeIgniter\Database\BaseConnection->simpleQuery('SELECT `b`.*, `...')
#3 /Applications/MAMP/htdocs/smartwholesale/client-report/system/Database/BaseBuilder.php(1443): CodeIgniter\Database\BaseConnection->query('SELECT `b`.*, `...', Array, false)
#4 /Applications/MAMP/htdocs/smartwholesale/client-report/app/Models/UPCModel.php(36): CodeIgniter\Database\BaseBuilder->get()
#5 /Applications/MAMP/htdocs/smartwholesale/client-report/app/Controllers/VA/Reports.php(683): App\Models\UPCModel->historyBox()
#6 /Applications/MAMP/htdocs/smartwholesale/client-report/system/CodeIgniter.php(824): App\Controllers\VA\Reports->historyBox()
#7 /Applications/MAMP/htdocs/smartwholesale/client-report/system/CodeIgniter.php(410): CodeIgniter\CodeIgniter->runController(Object(App\Controllers\VA\Reports))
#8 /Applications/MAMP/htdocs/smartwholesale/client-report/system/CodeIgniter.php(318): CodeIgniter\CodeIgniter->handleRequest(NULL, Object(Config\Cache), false)
#9 /Applications/MAMP/htdocs/smartwholesale/client-report/public/index.php(37): CodeIgniter\CodeIgniter->run()
#10 /Applications/MAMP/htdocs/smartwholesale/client-report/system/Commands/Server/rewrite.php(43): require_once('/Applications/M...')
#11 {main}
ERROR - 2022-09-25 21:03:13 --> Every derived table must have its own alias
CRITICAL - 2022-09-25 21:03:13 --> Every derived table must have its own alias
#0 /Applications/MAMP/htdocs/smartwholesale/client-report/system/Database/MySQLi/Connection.php(292): mysqli->query('SELECT `b`.*, `...', 0)
#1 /Applications/MAMP/htdocs/smartwholesale/client-report/system/Database/BaseConnection.php(670): CodeIgniter\Database\MySQLi\Connection->execute('SELECT `b`.*, `...')
#2 /Applications/MAMP/htdocs/smartwholesale/client-report/system/Database/BaseConnection.php(598): CodeIgniter\Database\BaseConnection->simpleQuery('SELECT `b`.*, `...')
#3 /Applications/MAMP/htdocs/smartwholesale/client-report/system/Database/BaseBuilder.php(1443): CodeIgniter\Database\BaseConnection->query('SELECT `b`.*, `...', Array, false)
#4 /Applications/MAMP/htdocs/smartwholesale/client-report/app/Models/UPCModel.php(36): CodeIgniter\Database\BaseBuilder->get()
#5 /Applications/MAMP/htdocs/smartwholesale/client-report/app/Controllers/VA/Reports.php(683): App\Models\UPCModel->historyBox()
#6 /Applications/MAMP/htdocs/smartwholesale/client-report/system/CodeIgniter.php(824): App\Controllers\VA\Reports->historyBox()
#7 /Applications/MAMP/htdocs/smartwholesale/client-report/system/CodeIgniter.php(410): CodeIgniter\CodeIgniter->runController(Object(App\Controllers\VA\Reports))
#8 /Applications/MAMP/htdocs/smartwholesale/client-report/system/CodeIgniter.php(318): CodeIgniter\CodeIgniter->handleRequest(NULL, Object(Config\Cache), false)
#9 /Applications/MAMP/htdocs/smartwholesale/client-report/public/index.php(37): CodeIgniter\CodeIgniter->run()
#10 /Applications/MAMP/htdocs/smartwholesale/client-report/system/Commands/Server/rewrite.php(43): require_once('/Applications/M...')
#11 {main}
