CRITICAL - 2023-02-15 01:15:38 --> Undefined offset: -31530
#0 /Applications/MAMP/htdocs/smartwholesale/client-report/public/OLE/ChainedBlockStream.php(126): CodeIgniter\Debug\Exceptions->errorHandler(8, 'Undefined offse...', '/Applications/M...', 126, Array)
#1 [internal function]: OLE_ChainedBlockStream->stream_open('ole-chainedbloc...', 'r', 0, NULL)
#2 /Applications/MAMP/htdocs/smartwholesale/client-report/public/lib/OLE.php(260): fopen('ole-chainedbloc...', 'r')
#3 /Applications/MAMP/htdocs/smartwholesale/client-report/public/lib/OLE.php(371): OLE->getStream(3)
#4 /Applications/MAMP/htdocs/smartwholesale/client-report/public/lib/OLE.php(215): OLE->_readPpsWks(1)
#5 /Applications/MAMP/htdocs/smartwholesale/client-report/app/Controllers/PHPDecryptXLSXWithPassword.php(25): OLE->read('Oaktree Associa...')
#6 /Applications/MAMP/htdocs/smartwholesale/client-report/app/Controllers/API.php(154): decrypt('Oaktree Associa...', 'eComm', 'Oaktree Associa...')
#7 /Applications/MAMP/htdocs/smartwholesale/client-report/system/CodeIgniter.php(824): App\Controllers\API->unlockFile()
#8 /Applications/MAMP/htdocs/smartwholesale/client-report/system/CodeIgniter.php(410): CodeIgniter\CodeIgniter->runController(Object(App\Controllers\API))
#9 /Applications/MAMP/htdocs/smartwholesale/client-report/system/CodeIgniter.php(318): CodeIgniter\CodeIgniter->handleRequest(NULL, Object(Config\Cache), false)
#10 /Applications/MAMP/htdocs/smartwholesale/client-report/public/index.php(37): CodeIgniter\CodeIgniter->run()
#11 /Applications/MAMP/htdocs/smartwholesale/client-report/system/Commands/Server/rewrite.php(43): require_once('/Applications/M...')
#12 {main}
CRITICAL - 2023-02-15 01:18:03 --> String could not be parsed as XML
#0 /Applications/MAMP/htdocs/smartwholesale/client-report/app/Controllers/PHPDecryptXLSXWithPassword.php(30): SimpleXMLElement->__construct('')
#1 /Applications/MAMP/htdocs/smartwholesale/client-report/app/Controllers/API.php(154): decrypt(true, 'eComm', true)
#2 /Applications/MAMP/htdocs/smartwholesale/client-report/system/CodeIgniter.php(824): App\Controllers\API->unlockFile()
#3 /Applications/MAMP/htdocs/smartwholesale/client-report/system/CodeIgniter.php(410): CodeIgniter\CodeIgniter->runController(Object(App\Controllers\API))
#4 /Applications/MAMP/htdocs/smartwholesale/client-report/system/CodeIgniter.php(318): CodeIgniter\CodeIgniter->handleRequest(NULL, Object(Config\Cache), false)
#5 /Applications/MAMP/htdocs/smartwholesale/client-report/public/index.php(37): CodeIgniter\CodeIgniter->run()
#6 /Applications/MAMP/htdocs/smartwholesale/client-report/system/Commands/Server/rewrite.php(43): require_once('/Applications/M...')
#7 {main}
CRITICAL - 2023-02-15 01:18:50 --> String could not be parsed as XML
#0 /Applications/MAMP/htdocs/smartwholesale/client-report/app/Controllers/PHPDecryptXLSXWithPassword.php(30): SimpleXMLElement->__construct('')
#1 /Applications/MAMP/htdocs/smartwholesale/client-report/app/Controllers/API.php(154): decrypt(true, 'eComm', 'Oaktree Associa...')
#2 /Applications/MAMP/htdocs/smartwholesale/client-report/system/CodeIgniter.php(824): App\Controllers\API->unlockFile()
#3 /Applications/MAMP/htdocs/smartwholesale/client-report/system/CodeIgniter.php(410): CodeIgniter\CodeIgniter->runController(Object(App\Controllers\API))
#4 /Applications/MAMP/htdocs/smartwholesale/client-report/system/CodeIgniter.php(318): CodeIgniter\CodeIgniter->handleRequest(NULL, Object(Config\Cache), false)
#5 /Applications/MAMP/htdocs/smartwholesale/client-report/public/index.php(37): CodeIgniter\CodeIgniter->run()
#6 /Applications/MAMP/htdocs/smartwholesale/client-report/system/Commands/Server/rewrite.php(43): require_once('/Applications/M...')
#7 {main}
CRITICAL - 2023-02-15 01:19:09 --> Undefined offset: -31530
#0 /Applications/MAMP/htdocs/smartwholesale/client-report/public/OLE/ChainedBlockStream.php(126): CodeIgniter\Debug\Exceptions->errorHandler(8, 'Undefined offse...', '/Applications/M...', 126, Array)
#1 [internal function]: OLE_ChainedBlockStream->stream_open('ole-chainedbloc...', 'r', 0, NULL)
#2 /Applications/MAMP/htdocs/smartwholesale/client-report/public/lib/OLE.php(260): fopen('ole-chainedbloc...', 'r')
#3 /Applications/MAMP/htdocs/smartwholesale/client-report/public/lib/OLE.php(371): OLE->getStream(3)
#4 /Applications/MAMP/htdocs/smartwholesale/client-report/public/lib/OLE.php(215): OLE->_readPpsWks(1)
#5 /Applications/MAMP/htdocs/smartwholesale/client-report/app/Controllers/PHPDecryptXLSXWithPassword.php(25): OLE->read('Oaktree Associa...')
#6 /Applications/MAMP/htdocs/smartwholesale/client-report/app/Controllers/API.php(154): decrypt('Oaktree Associa...', 'eComm', true)
#7 /Applications/MAMP/htdocs/smartwholesale/client-report/system/CodeIgniter.php(824): App\Controllers\API->unlockFile()
#8 /Applications/MAMP/htdocs/smartwholesale/client-report/system/CodeIgniter.php(410): CodeIgniter\CodeIgniter->runController(Object(App\Controllers\API))
#9 /Applications/MAMP/htdocs/smartwholesale/client-report/system/CodeIgniter.php(318): CodeIgniter\CodeIgniter->handleRequest(NULL, Object(Config\Cache), false)
#10 /Applications/MAMP/htdocs/smartwholesale/client-report/public/index.php(37): CodeIgniter\CodeIgniter->run()
#11 /Applications/MAMP/htdocs/smartwholesale/client-report/system/Commands/Server/rewrite.php(43): require_once('/Applications/M...')
#12 {main}
CRITICAL - 2023-02-15 01:20:23 --> Undefined offset: -31530
#0 /Applications/MAMP/htdocs/smartwholesale/client-report/public/OLE/ChainedBlockStream.php(126): CodeIgniter\Debug\Exceptions->errorHandler(8, 'Undefined offse...', '/Applications/M...', 126, Array)
#1 [internal function]: OLE_ChainedBlockStream->stream_open('ole-chainedbloc...', 'r', 0, NULL)
#2 /Applications/MAMP/htdocs/smartwholesale/client-report/public/lib/OLE.php(260): fopen('ole-chainedbloc...', 'r')
#3 /Applications/MAMP/htdocs/smartwholesale/client-report/public/lib/OLE.php(371): OLE->getStream(3)
#4 /Applications/MAMP/htdocs/smartwholesale/client-report/public/lib/OLE.php(215): OLE->_readPpsWks(1)
#5 /Applications/MAMP/htdocs/smartwholesale/client-report/app/Controllers/PHPDecryptXLSXWithPassword.php(25): OLE->read('Oaktree Associa...')
#6 /Applications/MAMP/htdocs/smartwholesale/client-report/app/Controllers/API.php(154): decrypt('Oaktree Associa...', 'eComm', 'Oaktree Associa...')
#7 /Applications/MAMP/htdocs/smartwholesale/client-report/system/CodeIgniter.php(824): App\Controllers\API->unlockFile()
#8 /Applications/MAMP/htdocs/smartwholesale/client-report/system/CodeIgniter.php(410): CodeIgniter\CodeIgniter->runController(Object(App\Controllers\API))
#9 /Applications/MAMP/htdocs/smartwholesale/client-report/system/CodeIgniter.php(318): CodeIgniter\CodeIgniter->handleRequest(NULL, Object(Config\Cache), false)
#10 /Applications/MAMP/htdocs/smartwholesale/client-report/public/index.php(37): CodeIgniter\CodeIgniter->run()
#11 /Applications/MAMP/htdocs/smartwholesale/client-report/system/Commands/Server/rewrite.php(43): require_once('/Applications/M...')
#12 {main}
CRITICAL - 2023-02-15 01:20:24 --> Undefined offset: -31530
#0 /Applications/MAMP/htdocs/smartwholesale/client-report/public/OLE/ChainedBlockStream.php(126): CodeIgniter\Debug\Exceptions->errorHandler(8, 'Undefined offse...', '/Applications/M...', 126, Array)
#1 [internal function]: OLE_ChainedBlockStream->stream_open('ole-chainedbloc...', 'r', 0, NULL)
#2 /Applications/MAMP/htdocs/smartwholesale/client-report/public/lib/OLE.php(260): fopen('ole-chainedbloc...', 'r')
#3 /Applications/MAMP/htdocs/smartwholesale/client-report/public/lib/OLE.php(371): OLE->getStream(3)
#4 /Applications/MAMP/htdocs/smartwholesale/client-report/public/lib/OLE.php(215): OLE->_readPpsWks(1)
#5 /Applications/MAMP/htdocs/smartwholesale/client-report/app/Controllers/PHPDecryptXLSXWithPassword.php(25): OLE->read('Oaktree Associa...')
#6 /Applications/MAMP/htdocs/smartwholesale/client-report/app/Controllers/API.php(154): decrypt('Oaktree Associa...', 'eComm', 'Oaktree Associa...')
#7 /Applications/MAMP/htdocs/smartwholesale/client-report/system/CodeIgniter.php(824): App\Controllers\API->unlockFile()
#8 /Applications/MAMP/htdocs/smartwholesale/client-report/system/CodeIgniter.php(410): CodeIgniter\CodeIgniter->runController(Object(App\Controllers\API))
#9 /Applications/MAMP/htdocs/smartwholesale/client-report/system/CodeIgniter.php(318): CodeIgniter\CodeIgniter->handleRequest(NULL, Object(Config\Cache), false)
#10 /Applications/MAMP/htdocs/smartwholesale/client-report/public/index.php(37): CodeIgniter\CodeIgniter->run()
#11 /Applications/MAMP/htdocs/smartwholesale/client-report/system/Commands/Server/rewrite.php(43): require_once('/Applications/M...')
#12 {main}
CRITICAL - 2023-02-15 01:20:25 --> Undefined offset: -31530
#0 /Applications/MAMP/htdocs/smartwholesale/client-report/public/OLE/ChainedBlockStream.php(126): CodeIgniter\Debug\Exceptions->errorHandler(8, 'Undefined offse...', '/Applications/M...', 126, Array)
#1 [internal function]: OLE_ChainedBlockStream->stream_open('ole-chainedbloc...', 'r', 0, NULL)
#2 /Applications/MAMP/htdocs/smartwholesale/client-report/public/lib/OLE.php(260): fopen('ole-chainedbloc...', 'r')
#3 /Applications/MAMP/htdocs/smartwholesale/client-report/public/lib/OLE.php(371): OLE->getStream(3)
#4 /Applications/MAMP/htdocs/smartwholesale/client-report/public/lib/OLE.php(215): OLE->_readPpsWks(1)
#5 /Applications/MAMP/htdocs/smartwholesale/client-report/app/Controllers/PHPDecryptXLSXWithPassword.php(25): OLE->read('Oaktree Associa...')
#6 /Applications/MAMP/htdocs/smartwholesale/client-report/app/Controllers/API.php(154): decrypt('Oaktree Associa...', 'eComm', 'Oaktree Associa...')
#7 /Applications/MAMP/htdocs/smartwholesale/client-report/system/CodeIgniter.php(824): App\Controllers\API->unlockFile()
#8 /Applications/MAMP/htdocs/smartwholesale/client-report/system/CodeIgniter.php(410): CodeIgniter\CodeIgniter->runController(Object(App\Controllers\API))
#9 /Applications/MAMP/htdocs/smartwholesale/client-report/system/CodeIgniter.php(318): CodeIgniter\CodeIgniter->handleRequest(NULL, Object(Config\Cache), false)
#10 /Applications/MAMP/htdocs/smartwholesale/client-report/public/index.php(37): CodeIgniter\CodeIgniter->run()
#11 /Applications/MAMP/htdocs/smartwholesale/client-report/system/Commands/Server/rewrite.php(43): require_once('/Applications/M...')
#12 {main}
CRITICAL - 2023-02-15 01:21:33 --> unpack(): Type v: not enough input, need 2, have 0
#0 [internal function]: CodeIgniter\Debug\Exceptions->errorHandler(2, 'unpack(): Type ...', '/Applications/M...', 283, Array)
#1 /Applications/MAMP/htdocs/smartwholesale/client-report/public/lib/OLE.php(283): unpack('v', '')
#2 /Applications/MAMP/htdocs/smartwholesale/client-report/public/lib/OLE.php(334): OLE->_readInt2(Resource id #16)
#3 /Applications/MAMP/htdocs/smartwholesale/client-report/public/lib/OLE.php(215): OLE->_readPpsWks(1)
#4 /Applications/MAMP/htdocs/smartwholesale/client-report/app/Controllers/PHPDecryptXLSXWithPassword.php(25): OLE->read('Oaktree Associa...')
#5 /Applications/MAMP/htdocs/smartwholesale/client-report/app/Controllers/API.php(154): decrypt('Oaktree Associa...', 'eComm', 'Oaktree Associa...')
#6 /Applications/MAMP/htdocs/smartwholesale/client-report/system/CodeIgniter.php(824): App\Controllers\API->unlockFile()
#7 /Applications/MAMP/htdocs/smartwholesale/client-report/system/CodeIgniter.php(410): CodeIgniter\CodeIgniter->runController(Object(App\Controllers\API))
#8 /Applications/MAMP/htdocs/smartwholesale/client-report/system/CodeIgniter.php(318): CodeIgniter\CodeIgniter->handleRequest(NULL, Object(Config\Cache), false)
#9 /Applications/MAMP/htdocs/smartwholesale/client-report/public/index.php(37): CodeIgniter\CodeIgniter->run()
#10 /Applications/MAMP/htdocs/smartwholesale/client-report/system/Commands/Server/rewrite.php(43): require_once('/Applications/M...')
#11 {main}
CRITICAL - 2023-02-15 01:24:10 --> Undefined offset: -31530
#0 /Applications/MAMP/htdocs/smartwholesale/client-report/public/OLE/ChainedBlockStream.php(126): CodeIgniter\Debug\Exceptions->errorHandler(8, 'Undefined offse...', '/Applications/M...', 126, Array)
#1 [internal function]: OLE_ChainedBlockStream->stream_open('ole-chainedbloc...', 'r', 0, NULL)
#2 /Applications/MAMP/htdocs/smartwholesale/client-report/public/lib/OLE.php(260): fopen('ole-chainedbloc...', 'r')
#3 /Applications/MAMP/htdocs/smartwholesale/client-report/public/lib/OLE.php(371): OLE->getStream(3)
#4 /Applications/MAMP/htdocs/smartwholesale/client-report/public/lib/OLE.php(215): OLE->_readPpsWks(1)
#5 /Applications/MAMP/htdocs/smartwholesale/client-report/app/Controllers/PHPDecryptXLSXWithPassword.php(25): OLE->read('Oaktree Associa...')
#6 /Applications/MAMP/htdocs/smartwholesale/client-report/app/Controllers/API.php(154): decrypt('Oaktree Associa...', 'eComm', 'Oaktree Associa...')
#7 /Applications/MAMP/htdocs/smartwholesale/client-report/system/CodeIgniter.php(824): App\Controllers\API->unlockFile()
#8 /Applications/MAMP/htdocs/smartwholesale/client-report/system/CodeIgniter.php(410): CodeIgniter\CodeIgniter->runController(Object(App\Controllers\API))
#9 /Applications/MAMP/htdocs/smartwholesale/client-report/system/CodeIgniter.php(318): CodeIgniter\CodeIgniter->handleRequest(NULL, Object(Config\Cache), false)
#10 /Applications/MAMP/htdocs/smartwholesale/client-report/public/index.php(37): CodeIgniter\CodeIgniter->run()
#11 /Applications/MAMP/htdocs/smartwholesale/client-report/system/Commands/Server/rewrite.php(43): require_once('/Applications/M...')
#12 {main}
CRITICAL - 2023-02-15 03:17:46 --> Undefined offset: -31462
#0 /Applications/MAMP/htdocs/smartwholesale/client-report/public/OLE/ChainedBlockStream.php(126): CodeIgniter\Debug\Exceptions->errorHandler(8, 'Undefined offse...', '/Applications/M...', 126, Array)
#1 [internal function]: OLE_ChainedBlockStream->stream_open('ole-chainedbloc...', 'r', 0, NULL)
#2 /Applications/MAMP/htdocs/smartwholesale/client-report/public/lib/OLE.php(260): fopen('ole-chainedbloc...', 'r')
#3 /Applications/MAMP/htdocs/smartwholesale/client-report/public/lib/OLE.php(371): OLE->getStream(3)
#4 /Applications/MAMP/htdocs/smartwholesale/client-report/public/lib/OLE.php(215): OLE->_readPpsWks(1)
#5 /Applications/MAMP/htdocs/smartwholesale/client-report/app/Controllers/PHPDecryptXLSXWithPassword.php(25): OLE->read('TheBetterTravel...')
#6 /Applications/MAMP/htdocs/smartwholesale/client-report/app/Controllers/API.php(154): decrypt('TheBetterTravel...', 'eComm', 'TheBetterTravel...')
#7 /Applications/MAMP/htdocs/smartwholesale/client-report/system/CodeIgniter.php(824): App\Controllers\API->unlockFile()
#8 /Applications/MAMP/htdocs/smartwholesale/client-report/system/CodeIgniter.php(410): CodeIgniter\CodeIgniter->runController(Object(App\Controllers\API))
#9 /Applications/MAMP/htdocs/smartwholesale/client-report/system/CodeIgniter.php(318): CodeIgniter\CodeIgniter->handleRequest(NULL, Object(Config\Cache), false)
#10 /Applications/MAMP/htdocs/smartwholesale/client-report/public/index.php(37): CodeIgniter\CodeIgniter->run()
#11 /Applications/MAMP/htdocs/smartwholesale/client-report/system/Commands/Server/rewrite.php(43): require_once('/Applications/M...')
#12 {main}
CRITICAL - 2023-02-15 03:23:27 --> Undefined offset: -31462
#0 /Applications/MAMP/htdocs/smartwholesale/client-report/public/OLE/ChainedBlockStream.php(126): CodeIgniter\Debug\Exceptions->errorHandler(8, 'Undefined offse...', '/Applications/M...', 126, Array)
#1 [internal function]: OLE_ChainedBlockStream->stream_open('ole-chainedbloc...', 'r', 0, NULL)
#2 /Applications/MAMP/htdocs/smartwholesale/client-report/public/lib/OLE.php(260): fopen('ole-chainedbloc...', 'r')
#3 /Applications/MAMP/htdocs/smartwholesale/client-report/public/lib/OLE.php(371): OLE->getStream(3)
#4 /Applications/MAMP/htdocs/smartwholesale/client-report/public/lib/OLE.php(215): OLE->_readPpsWks(1)
#5 /Applications/MAMP/htdocs/smartwholesale/client-report/app/Controllers/PHPDecryptXLSXWithPassword.php(25): OLE->read('TheBetterTravel...')
#6 /Applications/MAMP/htdocs/smartwholesale/client-report/app/Controllers/API.php(154): decrypt('TheBetterTravel...', 'eComm', 'TheBetterTravel...')
#7 /Applications/MAMP/htdocs/smartwholesale/client-report/system/CodeIgniter.php(824): App\Controllers\API->unlockFile()
#8 /Applications/MAMP/htdocs/smartwholesale/client-report/system/CodeIgniter.php(410): CodeIgniter\CodeIgniter->runController(Object(App\Controllers\API))
#9 /Applications/MAMP/htdocs/smartwholesale/client-report/system/CodeIgniter.php(318): CodeIgniter\CodeIgniter->handleRequest(NULL, Object(Config\Cache), false)
#10 /Applications/MAMP/htdocs/smartwholesale/client-report/public/index.php(37): CodeIgniter\CodeIgniter->run()
#11 /Applications/MAMP/htdocs/smartwholesale/client-report/system/Commands/Server/rewrite.php(43): require_once('/Applications/M...')
#12 {main}
CRITICAL - 2023-02-15 03:24:58 --> Undefined offset: -31462
#0 /Applications/MAMP/htdocs/smartwholesale/client-report/public/OLE/ChainedBlockStream.php(126): CodeIgniter\Debug\Exceptions->errorHandler(8, 'Undefined offse...', '/Applications/M...', 126, Array)
#1 [internal function]: OLE_ChainedBlockStream->stream_open('ole-chainedbloc...', 'r', 0, NULL)
#2 /Applications/MAMP/htdocs/smartwholesale/client-report/public/lib/OLE.php(260): fopen('ole-chainedbloc...', 'r')
#3 /Applications/MAMP/htdocs/smartwholesale/client-report/public/lib/OLE.php(371): OLE->getStream(3)
#4 /Applications/MAMP/htdocs/smartwholesale/client-report/public/lib/OLE.php(215): OLE->_readPpsWks(1)
#5 /Applications/MAMP/htdocs/smartwholesale/client-report/app/Controllers/PHPDecryptXLSXWithPassword.php(25): OLE->read('TheBetterTravel...')
#6 /Applications/MAMP/htdocs/smartwholesale/client-report/app/Controllers/API.php(154): decrypt('TheBetterTravel...', 'eComm', 'TheBetterTravel...')
#7 /Applications/MAMP/htdocs/smartwholesale/client-report/system/CodeIgniter.php(824): App\Controllers\API->unlockFile()
#8 /Applications/MAMP/htdocs/smartwholesale/client-report/system/CodeIgniter.php(410): CodeIgniter\CodeIgniter->runController(Object(App\Controllers\API))
#9 /Applications/MAMP/htdocs/smartwholesale/client-report/system/CodeIgniter.php(318): CodeIgniter\CodeIgniter->handleRequest(NULL, Object(Config\Cache), false)
#10 /Applications/MAMP/htdocs/smartwholesale/client-report/public/index.php(37): CodeIgniter\CodeIgniter->run()
#11 /Applications/MAMP/htdocs/smartwholesale/client-report/system/Commands/Server/rewrite.php(43): require_once('/Applications/M...')
#12 {main}
CRITICAL - 2023-02-15 03:25:46 --> Undefined offset: -31462
#0 /Applications/MAMP/htdocs/smartwholesale/client-report/public/OLE/ChainedBlockStream.php(126): CodeIgniter\Debug\Exceptions->errorHandler(8, 'Undefined offse...', '/Applications/M...', 126, Array)
#1 [internal function]: OLE_ChainedBlockStream->stream_open('ole-chainedbloc...', 'r', 0, NULL)
#2 /Applications/MAMP/htdocs/smartwholesale/client-report/public/lib/OLE.php(260): fopen('ole-chainedbloc...', 'r')
#3 /Applications/MAMP/htdocs/smartwholesale/client-report/public/lib/OLE.php(371): OLE->getStream(3)
#4 /Applications/MAMP/htdocs/smartwholesale/client-report/public/lib/OLE.php(215): OLE->_readPpsWks(1)
#5 /Applications/MAMP/htdocs/smartwholesale/client-report/app/Controllers/PHPDecryptXLSXWithPassword.php(25): OLE->read('TheBetterTravel...')
#6 /Applications/MAMP/htdocs/smartwholesale/client-report/app/Controllers/API.php(154): decrypt('TheBetterTravel...', 'eComm', 'TheBetterTravel...')
#7 /Applications/MAMP/htdocs/smartwholesale/client-report/system/CodeIgniter.php(824): App\Controllers\API->unlockFile()
#8 /Applications/MAMP/htdocs/smartwholesale/client-report/system/CodeIgniter.php(410): CodeIgniter\CodeIgniter->runController(Object(App\Controllers\API))
#9 /Applications/MAMP/htdocs/smartwholesale/client-report/system/CodeIgniter.php(318): CodeIgniter\CodeIgniter->handleRequest(NULL, Object(Config\Cache), false)
#10 /Applications/MAMP/htdocs/smartwholesale/client-report/public/index.php(37): CodeIgniter\CodeIgniter->run()
#11 /Applications/MAMP/htdocs/smartwholesale/client-report/system/Commands/Server/rewrite.php(43): require_once('/Applications/M...')
#12 {main}
CRITICAL - 2023-02-15 03:26:21 --> Undefined offset: -31462
#0 /Applications/MAMP/htdocs/smartwholesale/client-report/public/OLE/ChainedBlockStream.php(126): CodeIgniter\Debug\Exceptions->errorHandler(8, 'Undefined offse...', '/Applications/M...', 126, Array)
#1 [internal function]: OLE_ChainedBlockStream->stream_open('ole-chainedbloc...', 'r', 0, NULL)
#2 /Applications/MAMP/htdocs/smartwholesale/client-report/public/lib/OLE.php(260): fopen('ole-chainedbloc...', 'r')
#3 /Applications/MAMP/htdocs/smartwholesale/client-report/public/lib/OLE.php(371): OLE->getStream(3)
#4 /Applications/MAMP/htdocs/smartwholesale/client-report/public/lib/OLE.php(215): OLE->_readPpsWks(1)
#5 /Applications/MAMP/htdocs/smartwholesale/client-report/app/Controllers/PHPDecryptXLSXWithPassword.php(27): OLE->read('TheBetterTravel...')
#6 /Applications/MAMP/htdocs/smartwholesale/client-report/app/Controllers/API.php(154): decrypt('TheBetterTravel...', 'eComm', 'TheBetterTravel...')
#7 /Applications/MAMP/htdocs/smartwholesale/client-report/system/CodeIgniter.php(824): App\Controllers\API->unlockFile()
#8 /Applications/MAMP/htdocs/smartwholesale/client-report/system/CodeIgniter.php(410): CodeIgniter\CodeIgniter->runController(Object(App\Controllers\API))
#9 /Applications/MAMP/htdocs/smartwholesale/client-report/system/CodeIgniter.php(318): CodeIgniter\CodeIgniter->handleRequest(NULL, Object(Config\Cache), false)
#10 /Applications/MAMP/htdocs/smartwholesale/client-report/public/index.php(37): CodeIgniter\CodeIgniter->run()
#11 /Applications/MAMP/htdocs/smartwholesale/client-report/system/Commands/Server/rewrite.php(43): require_once('/Applications/M...')
#12 {main}
CRITICAL - 2023-02-15 03:33:29 --> Undefined offset: -31462
#0 /Applications/MAMP/htdocs/smartwholesale/client-report/public/OLE/ChainedBlockStream.php(126): CodeIgniter\Debug\Exceptions->errorHandler(8, 'Undefined offse...', '/Applications/M...', 126, Array)
#1 [internal function]: OLE_ChainedBlockStream->stream_open('ole-chainedbloc...', 'r', 0, NULL)
#2 /Applications/MAMP/htdocs/smartwholesale/client-report/public/lib/OLE.php(260): fopen('ole-chainedbloc...', 'r')
#3 /Applications/MAMP/htdocs/smartwholesale/client-report/public/lib/OLE.php(371): OLE->getStream(3)
#4 /Applications/MAMP/htdocs/smartwholesale/client-report/public/lib/OLE.php(215): OLE->_readPpsWks(1)
#5 /Applications/MAMP/htdocs/smartwholesale/client-report/app/Controllers/PHPDecryptXLSXWithPassword.php(27): OLE->read('TheBetterTravel...')
#6 /Applications/MAMP/htdocs/smartwholesale/client-report/app/Controllers/API.php(154): decrypt('TheBetterTravel...', 'eComm', 'TheBetterTravel...')
#7 /Applications/MAMP/htdocs/smartwholesale/client-report/system/CodeIgniter.php(824): App\Controllers\API->unlockFile()
#8 /Applications/MAMP/htdocs/smartwholesale/client-report/system/CodeIgniter.php(410): CodeIgniter\CodeIgniter->runController(Object(App\Controllers\API))
#9 /Applications/MAMP/htdocs/smartwholesale/client-report/system/CodeIgniter.php(318): CodeIgniter\CodeIgniter->handleRequest(NULL, Object(Config\Cache), false)
#10 /Applications/MAMP/htdocs/smartwholesale/client-report/public/index.php(37): CodeIgniter\CodeIgniter->run()
#11 /Applications/MAMP/htdocs/smartwholesale/client-report/system/Commands/Server/rewrite.php(43): require_once('/Applications/M...')
#12 {main}
CRITICAL - 2023-02-15 03:35:27 --> Undefined offset: -31489
#0 /Applications/MAMP/htdocs/smartwholesale/client-report/public/OLE/ChainedBlockStream.php(126): CodeIgniter\Debug\Exceptions->errorHandler(8, 'Undefined offse...', '/Applications/M...', 126, Array)
#1 [internal function]: OLE_ChainedBlockStream->stream_open('ole-chainedbloc...', 'r', 0, NULL)
#2 /Applications/MAMP/htdocs/smartwholesale/client-report/public/lib/OLE.php(260): fopen('ole-chainedbloc...', 'r')
#3 /Applications/MAMP/htdocs/smartwholesale/client-report/public/lib/OLE.php(371): OLE->getStream(3)
#4 /Applications/MAMP/htdocs/smartwholesale/client-report/public/lib/OLE.php(215): OLE->_readPpsWks(1)
#5 /Applications/MAMP/htdocs/smartwholesale/client-report/app/Controllers/PHPDecryptXLSXWithPassword.php(27): OLE->read('TheBetterTravel...')
#6 /Applications/MAMP/htdocs/smartwholesale/client-report/app/Controllers/API.php(154): decrypt('TheBetterTravel...', 'eComm', 'TheBetterTravel...')
#7 /Applications/MAMP/htdocs/smartwholesale/client-report/system/CodeIgniter.php(824): App\Controllers\API->unlockFile()
#8 /Applications/MAMP/htdocs/smartwholesale/client-report/system/CodeIgniter.php(410): CodeIgniter\CodeIgniter->runController(Object(App\Controllers\API))
#9 /Applications/MAMP/htdocs/smartwholesale/client-report/system/CodeIgniter.php(318): CodeIgniter\CodeIgniter->handleRequest(NULL, Object(Config\Cache), false)
#10 /Applications/MAMP/htdocs/smartwholesale/client-report/public/index.php(37): CodeIgniter\CodeIgniter->run()
#11 /Applications/MAMP/htdocs/smartwholesale/client-report/system/Commands/Server/rewrite.php(43): require_once('/Applications/M...')
#12 {main}
CRITICAL - 2023-02-15 03:35:28 --> Undefined offset: -31489
#0 /Applications/MAMP/htdocs/smartwholesale/client-report/public/OLE/ChainedBlockStream.php(126): CodeIgniter\Debug\Exceptions->errorHandler(8, 'Undefined offse...', '/Applications/M...', 126, Array)
#1 [internal function]: OLE_ChainedBlockStream->stream_open('ole-chainedbloc...', 'r', 0, NULL)
#2 /Applications/MAMP/htdocs/smartwholesale/client-report/public/lib/OLE.php(260): fopen('ole-chainedbloc...', 'r')
#3 /Applications/MAMP/htdocs/smartwholesale/client-report/public/lib/OLE.php(371): OLE->getStream(3)
#4 /Applications/MAMP/htdocs/smartwholesale/client-report/public/lib/OLE.php(215): OLE->_readPpsWks(1)
#5 /Applications/MAMP/htdocs/smartwholesale/client-report/app/Controllers/PHPDecryptXLSXWithPassword.php(27): OLE->read('TheBetterTravel...')
#6 /Applications/MAMP/htdocs/smartwholesale/client-report/app/Controllers/API.php(154): decrypt('TheBetterTravel...', 'eComm', 'TheBetterTravel...')
#7 /Applications/MAMP/htdocs/smartwholesale/client-report/system/CodeIgniter.php(824): App\Controllers\API->unlockFile()
#8 /Applications/MAMP/htdocs/smartwholesale/client-report/system/CodeIgniter.php(410): CodeIgniter\CodeIgniter->runController(Object(App\Controllers\API))
#9 /Applications/MAMP/htdocs/smartwholesale/client-report/system/CodeIgniter.php(318): CodeIgniter\CodeIgniter->handleRequest(NULL, Object(Config\Cache), false)
#10 /Applications/MAMP/htdocs/smartwholesale/client-report/public/index.php(37): CodeIgniter\CodeIgniter->run()
#11 /Applications/MAMP/htdocs/smartwholesale/client-report/system/Commands/Server/rewrite.php(43): require_once('/Applications/M...')
#12 {main}
CRITICAL - 2023-02-15 03:35:28 --> Undefined offset: -31489
#0 /Applications/MAMP/htdocs/smartwholesale/client-report/public/OLE/ChainedBlockStream.php(126): CodeIgniter\Debug\Exceptions->errorHandler(8, 'Undefined offse...', '/Applications/M...', 126, Array)
#1 [internal function]: OLE_ChainedBlockStream->stream_open('ole-chainedbloc...', 'r', 0, NULL)
#2 /Applications/MAMP/htdocs/smartwholesale/client-report/public/lib/OLE.php(260): fopen('ole-chainedbloc...', 'r')
#3 /Applications/MAMP/htdocs/smartwholesale/client-report/public/lib/OLE.php(371): OLE->getStream(3)
#4 /Applications/MAMP/htdocs/smartwholesale/client-report/public/lib/OLE.php(215): OLE->_readPpsWks(1)
#5 /Applications/MAMP/htdocs/smartwholesale/client-report/app/Controllers/PHPDecryptXLSXWithPassword.php(27): OLE->read('TheBetterTravel...')
#6 /Applications/MAMP/htdocs/smartwholesale/client-report/app/Controllers/API.php(154): decrypt('TheBetterTravel...', 'eComm', 'TheBetterTravel...')
#7 /Applications/MAMP/htdocs/smartwholesale/client-report/system/CodeIgniter.php(824): App\Controllers\API->unlockFile()
#8 /Applications/MAMP/htdocs/smartwholesale/client-report/system/CodeIgniter.php(410): CodeIgniter\CodeIgniter->runController(Object(App\Controllers\API))
#9 /Applications/MAMP/htdocs/smartwholesale/client-report/system/CodeIgniter.php(318): CodeIgniter\CodeIgniter->handleRequest(NULL, Object(Config\Cache), false)
#10 /Applications/MAMP/htdocs/smartwholesale/client-report/public/index.php(37): CodeIgniter\CodeIgniter->run()
#11 /Applications/MAMP/htdocs/smartwholesale/client-report/system/Commands/Server/rewrite.php(43): require_once('/Applications/M...')
#12 {main}
CRITICAL - 2023-02-15 03:35:28 --> Undefined offset: -31489
#0 /Applications/MAMP/htdocs/smartwholesale/client-report/public/OLE/ChainedBlockStream.php(126): CodeIgniter\Debug\Exceptions->errorHandler(8, 'Undefined offse...', '/Applications/M...', 126, Array)
#1 [internal function]: OLE_ChainedBlockStream->stream_open('ole-chainedbloc...', 'r', 0, NULL)
#2 /Applications/MAMP/htdocs/smartwholesale/client-report/public/lib/OLE.php(260): fopen('ole-chainedbloc...', 'r')
#3 /Applications/MAMP/htdocs/smartwholesale/client-report/public/lib/OLE.php(371): OLE->getStream(3)
#4 /Applications/MAMP/htdocs/smartwholesale/client-report/public/lib/OLE.php(215): OLE->_readPpsWks(1)
#5 /Applications/MAMP/htdocs/smartwholesale/client-report/app/Controllers/PHPDecryptXLSXWithPassword.php(27): OLE->read('TheBetterTravel...')
#6 /Applications/MAMP/htdocs/smartwholesale/client-report/app/Controllers/API.php(154): decrypt('TheBetterTravel...', 'eComm', 'TheBetterTravel...')
#7 /Applications/MAMP/htdocs/smartwholesale/client-report/system/CodeIgniter.php(824): App\Controllers\API->unlockFile()
#8 /Applications/MAMP/htdocs/smartwholesale/client-report/system/CodeIgniter.php(410): CodeIgniter\CodeIgniter->runController(Object(App\Controllers\API))
#9 /Applications/MAMP/htdocs/smartwholesale/client-report/system/CodeIgniter.php(318): CodeIgniter\CodeIgniter->handleRequest(NULL, Object(Config\Cache), false)
#10 /Applications/MAMP/htdocs/smartwholesale/client-report/public/index.php(37): CodeIgniter\CodeIgniter->run()
#11 /Applications/MAMP/htdocs/smartwholesale/client-report/system/Commands/Server/rewrite.php(43): require_once('/Applications/M...')
#12 {main}
CRITICAL - 2023-02-15 03:40:15 --> Undefined offset: -20044
#0 /Applications/MAMP/htdocs/smartwholesale/client-report/public/OLE/ChainedBlockStream.php(126): CodeIgniter\Debug\Exceptions->errorHandler(8, 'Undefined offse...', '/Applications/M...', 126, Array)
#1 [internal function]: OLE_ChainedBlockStream->stream_open('ole-chainedbloc...', 'r', 0, NULL)
#2 /Applications/MAMP/htdocs/smartwholesale/client-report/public/lib/OLE.php(260): fopen('ole-chainedbloc...', 'r')
#3 /Applications/MAMP/htdocs/smartwholesale/client-report/public/lib/OLE.php(371): OLE->getStream(3)
#4 /Applications/MAMP/htdocs/smartwholesale/client-report/public/lib/OLE.php(215): OLE->_readPpsWks(1)
#5 /Applications/MAMP/htdocs/smartwholesale/client-report/app/Controllers/PHPDecryptXLSXWithPassword.php(27): OLE->read('Invictus Maneo ...')
#6 /Applications/MAMP/htdocs/smartwholesale/client-report/app/Controllers/API.php(154): decrypt('Invictus Maneo ...', 'eComm', '22protected.xls...')
#7 /Applications/MAMP/htdocs/smartwholesale/client-report/system/CodeIgniter.php(824): App\Controllers\API->unlockFile()
#8 /Applications/MAMP/htdocs/smartwholesale/client-report/system/CodeIgniter.php(410): CodeIgniter\CodeIgniter->runController(Object(App\Controllers\API))
#9 /Applications/MAMP/htdocs/smartwholesale/client-report/system/CodeIgniter.php(318): CodeIgniter\CodeIgniter->handleRequest(NULL, Object(Config\Cache), false)
#10 /Applications/MAMP/htdocs/smartwholesale/client-report/public/index.php(37): CodeIgniter\CodeIgniter->run()
#11 /Applications/MAMP/htdocs/smartwholesale/client-report/system/Commands/Server/rewrite.php(43): require_once('/Applications/M...')
#12 {main}
CRITICAL - 2023-02-15 03:40:17 --> Undefined offset: -20044
#0 /Applications/MAMP/htdocs/smartwholesale/client-report/public/OLE/ChainedBlockStream.php(126): CodeIgniter\Debug\Exceptions->errorHandler(8, 'Undefined offse...', '/Applications/M...', 126, Array)
#1 [internal function]: OLE_ChainedBlockStream->stream_open('ole-chainedbloc...', 'r', 0, NULL)
#2 /Applications/MAMP/htdocs/smartwholesale/client-report/public/lib/OLE.php(260): fopen('ole-chainedbloc...', 'r')
#3 /Applications/MAMP/htdocs/smartwholesale/client-report/public/lib/OLE.php(371): OLE->getStream(3)
#4 /Applications/MAMP/htdocs/smartwholesale/client-report/public/lib/OLE.php(215): OLE->_readPpsWks(1)
#5 /Applications/MAMP/htdocs/smartwholesale/client-report/app/Controllers/PHPDecryptXLSXWithPassword.php(27): OLE->read('Invictus Maneo ...')
#6 /Applications/MAMP/htdocs/smartwholesale/client-report/app/Controllers/API.php(154): decrypt('Invictus Maneo ...', 'eComm', '22protected.xls...')
#7 /Applications/MAMP/htdocs/smartwholesale/client-report/system/CodeIgniter.php(824): App\Controllers\API->unlockFile()
#8 /Applications/MAMP/htdocs/smartwholesale/client-report/system/CodeIgniter.php(410): CodeIgniter\CodeIgniter->runController(Object(App\Controllers\API))
#9 /Applications/MAMP/htdocs/smartwholesale/client-report/system/CodeIgniter.php(318): CodeIgniter\CodeIgniter->handleRequest(NULL, Object(Config\Cache), false)
#10 /Applications/MAMP/htdocs/smartwholesale/client-report/public/index.php(37): CodeIgniter\CodeIgniter->run()
#11 /Applications/MAMP/htdocs/smartwholesale/client-report/system/Commands/Server/rewrite.php(43): require_once('/Applications/M...')
#12 {main}
CRITICAL - 2023-02-15 03:41:20 --> Undefined offset: -20044
#0 /Applications/MAMP/htdocs/smartwholesale/client-report/public/OLE/ChainedBlockStream.php(126): CodeIgniter\Debug\Exceptions->errorHandler(8, 'Undefined offse...', '/Applications/M...', 126, Array)
#1 [internal function]: OLE_ChainedBlockStream->stream_open('ole-chainedbloc...', 'r', 0, NULL)
#2 /Applications/MAMP/htdocs/smartwholesale/client-report/public/lib/OLE.php(260): fopen('ole-chainedbloc...', 'r')
#3 /Applications/MAMP/htdocs/smartwholesale/client-report/public/lib/OLE.php(371): OLE->getStream(3)
#4 /Applications/MAMP/htdocs/smartwholesale/client-report/public/lib/OLE.php(215): OLE->_readPpsWks(1)
#5 /Applications/MAMP/htdocs/smartwholesale/client-report/app/Controllers/PHPDecryptXLSXWithPassword.php(27): OLE->read('Invictus Maneo ...')
#6 /Applications/MAMP/htdocs/smartwholesale/client-report/app/Controllers/API.php(154): decrypt('Invictus Maneo ...', 'eComm', '22protected.xls...')
#7 /Applications/MAMP/htdocs/smartwholesale/client-report/system/CodeIgniter.php(824): App\Controllers\API->unlockFile()
#8 /Applications/MAMP/htdocs/smartwholesale/client-report/system/CodeIgniter.php(410): CodeIgniter\CodeIgniter->runController(Object(App\Controllers\API))
#9 /Applications/MAMP/htdocs/smartwholesale/client-report/system/CodeIgniter.php(318): CodeIgniter\CodeIgniter->handleRequest(NULL, Object(Config\Cache), false)
#10 /Applications/MAMP/htdocs/smartwholesale/client-report/public/index.php(37): CodeIgniter\CodeIgniter->run()
#11 /Applications/MAMP/htdocs/smartwholesale/client-report/system/Commands/Server/rewrite.php(43): require_once('/Applications/M...')
#12 {main}
CRITICAL - 2023-02-15 03:41:21 --> Undefined offset: -20044
#0 /Applications/MAMP/htdocs/smartwholesale/client-report/public/OLE/ChainedBlockStream.php(126): CodeIgniter\Debug\Exceptions->errorHandler(8, 'Undefined offse...', '/Applications/M...', 126, Array)
#1 [internal function]: OLE_ChainedBlockStream->stream_open('ole-chainedbloc...', 'r', 0, NULL)
#2 /Applications/MAMP/htdocs/smartwholesale/client-report/public/lib/OLE.php(260): fopen('ole-chainedbloc...', 'r')
#3 /Applications/MAMP/htdocs/smartwholesale/client-report/public/lib/OLE.php(371): OLE->getStream(3)
#4 /Applications/MAMP/htdocs/smartwholesale/client-report/public/lib/OLE.php(215): OLE->_readPpsWks(1)
#5 /Applications/MAMP/htdocs/smartwholesale/client-report/app/Controllers/PHPDecryptXLSXWithPassword.php(27): OLE->read('Invictus Maneo ...')
#6 /Applications/MAMP/htdocs/smartwholesale/client-report/app/Controllers/API.php(154): decrypt('Invictus Maneo ...', 'eComm', '22protected.xls...')
#7 /Applications/MAMP/htdocs/smartwholesale/client-report/system/CodeIgniter.php(824): App\Controllers\API->unlockFile()
#8 /Applications/MAMP/htdocs/smartwholesale/client-report/system/CodeIgniter.php(410): CodeIgniter\CodeIgniter->runController(Object(App\Controllers\API))
#9 /Applications/MAMP/htdocs/smartwholesale/client-report/system/CodeIgniter.php(318): CodeIgniter\CodeIgniter->handleRequest(NULL, Object(Config\Cache), false)
#10 /Applications/MAMP/htdocs/smartwholesale/client-report/public/index.php(37): CodeIgniter\CodeIgniter->run()
#11 /Applications/MAMP/htdocs/smartwholesale/client-report/system/Commands/Server/rewrite.php(43): require_once('/Applications/M...')
#12 {main}
CRITICAL - 2023-02-15 03:41:45 --> Undefined offset: -20044
#0 /Applications/MAMP/htdocs/smartwholesale/client-report/public/OLE/ChainedBlockStream.php(126): CodeIgniter\Debug\Exceptions->errorHandler(8, 'Undefined offse...', '/Applications/M...', 126, Array)
#1 [internal function]: OLE_ChainedBlockStream->stream_open('ole-chainedbloc...', 'r', 0, NULL)
#2 /Applications/MAMP/htdocs/smartwholesale/client-report/public/lib/OLE.php(260): fopen('ole-chainedbloc...', 'r')
#3 /Applications/MAMP/htdocs/smartwholesale/client-report/public/lib/OLE.php(371): OLE->getStream(3)
#4 /Applications/MAMP/htdocs/smartwholesale/client-report/public/lib/OLE.php(215): OLE->_readPpsWks(1)
#5 /Applications/MAMP/htdocs/smartwholesale/client-report/app/Controllers/PHPDecryptXLSXWithPassword.php(27): OLE->read('Invictus Maneo ...')
#6 /Applications/MAMP/htdocs/smartwholesale/client-report/app/Controllers/API.php(154): decrypt('Invictus Maneo ...', 'eComm', '22protected.xls...')
#7 /Applications/MAMP/htdocs/smartwholesale/client-report/system/CodeIgniter.php(824): App\Controllers\API->unlockFile()
#8 /Applications/MAMP/htdocs/smartwholesale/client-report/system/CodeIgniter.php(410): CodeIgniter\CodeIgniter->runController(Object(App\Controllers\API))
#9 /Applications/MAMP/htdocs/smartwholesale/client-report/system/CodeIgniter.php(318): CodeIgniter\CodeIgniter->handleRequest(NULL, Object(Config\Cache), false)
#10 /Applications/MAMP/htdocs/smartwholesale/client-report/public/index.php(37): CodeIgniter\CodeIgniter->run()
#11 /Applications/MAMP/htdocs/smartwholesale/client-report/system/Commands/Server/rewrite.php(43): require_once('/Applications/M...')
#12 {main}
CRITICAL - 2023-02-15 03:41:46 --> Undefined offset: -20044
#0 /Applications/MAMP/htdocs/smartwholesale/client-report/public/OLE/ChainedBlockStream.php(126): CodeIgniter\Debug\Exceptions->errorHandler(8, 'Undefined offse...', '/Applications/M...', 126, Array)
#1 [internal function]: OLE_ChainedBlockStream->stream_open('ole-chainedbloc...', 'r', 0, NULL)
#2 /Applications/MAMP/htdocs/smartwholesale/client-report/public/lib/OLE.php(260): fopen('ole-chainedbloc...', 'r')
#3 /Applications/MAMP/htdocs/smartwholesale/client-report/public/lib/OLE.php(371): OLE->getStream(3)
#4 /Applications/MAMP/htdocs/smartwholesale/client-report/public/lib/OLE.php(215): OLE->_readPpsWks(1)
#5 /Applications/MAMP/htdocs/smartwholesale/client-report/app/Controllers/PHPDecryptXLSXWithPassword.php(27): OLE->read('Invictus Maneo ...')
#6 /Applications/MAMP/htdocs/smartwholesale/client-report/app/Controllers/API.php(154): decrypt('Invictus Maneo ...', 'eComm', '22protected.xls...')
#7 /Applications/MAMP/htdocs/smartwholesale/client-report/system/CodeIgniter.php(824): App\Controllers\API->unlockFile()
#8 /Applications/MAMP/htdocs/smartwholesale/client-report/system/CodeIgniter.php(410): CodeIgniter\CodeIgniter->runController(Object(App\Controllers\API))
#9 /Applications/MAMP/htdocs/smartwholesale/client-report/system/CodeIgniter.php(318): CodeIgniter\CodeIgniter->handleRequest(NULL, Object(Config\Cache), false)
#10 /Applications/MAMP/htdocs/smartwholesale/client-report/public/index.php(37): CodeIgniter\CodeIgniter->run()
#11 /Applications/MAMP/htdocs/smartwholesale/client-report/system/Commands/Server/rewrite.php(43): require_once('/Applications/M...')
#12 {main}
CRITICAL - 2023-02-15 03:44:31 --> Undefined offset: -20044
#0 /Applications/MAMP/htdocs/smartwholesale/client-report/public/OLE/ChainedBlockStream.php(126): CodeIgniter\Debug\Exceptions->errorHandler(8, 'Undefined offse...', '/Applications/M...', 126, Array)
#1 [internal function]: OLE_ChainedBlockStream->stream_open('ole-chainedbloc...', 'r', 0, NULL)
#2 /Applications/MAMP/htdocs/smartwholesale/client-report/public/lib/OLE.php(260): fopen('ole-chainedbloc...', 'r')
#3 /Applications/MAMP/htdocs/smartwholesale/client-report/public/lib/OLE.php(371): OLE->getStream(3)
#4 /Applications/MAMP/htdocs/smartwholesale/client-report/public/lib/OLE.php(215): OLE->_readPpsWks(1)
#5 /Applications/MAMP/htdocs/smartwholesale/client-report/app/Controllers/PHPDecryptXLSXWithPassword.php(27): OLE->read('Invictus Maneo ...')
#6 /Applications/MAMP/htdocs/smartwholesale/client-report/app/Controllers/API.php(154): decrypt('Invictus Maneo ...', 'eComm', '22protected.xls...')
#7 /Applications/MAMP/htdocs/smartwholesale/client-report/system/CodeIgniter.php(824): App\Controllers\API->unlockFile()
#8 /Applications/MAMP/htdocs/smartwholesale/client-report/system/CodeIgniter.php(410): CodeIgniter\CodeIgniter->runController(Object(App\Controllers\API))
#9 /Applications/MAMP/htdocs/smartwholesale/client-report/system/CodeIgniter.php(318): CodeIgniter\CodeIgniter->handleRequest(NULL, Object(Config\Cache), false)
#10 /Applications/MAMP/htdocs/smartwholesale/client-report/public/index.php(37): CodeIgniter\CodeIgniter->run()
#11 /Applications/MAMP/htdocs/smartwholesale/client-report/system/Commands/Server/rewrite.php(43): require_once('/Applications/M...')
#12 {main}
CRITICAL - 2023-02-15 03:46:53 --> String could not be parsed as XML
#0 /Applications/MAMP/htdocs/smartwholesale/client-report/app/Controllers/PHPDecryptXLSXWithPassword.php(32): SimpleXMLElement->__construct('')
#1 /Applications/MAMP/htdocs/smartwholesale/client-report/app/Controllers/API.php(154): decrypt('Oaktree Associa...', 'eComm', '22protected.xls...')
#2 /Applications/MAMP/htdocs/smartwholesale/client-report/system/CodeIgniter.php(824): App\Controllers\API->unlockFile()
#3 /Applications/MAMP/htdocs/smartwholesale/client-report/system/CodeIgniter.php(410): CodeIgniter\CodeIgniter->runController(Object(App\Controllers\API))
#4 /Applications/MAMP/htdocs/smartwholesale/client-report/system/CodeIgniter.php(318): CodeIgniter\CodeIgniter->handleRequest(NULL, Object(Config\Cache), false)
#5 /Applications/MAMP/htdocs/smartwholesale/client-report/public/index.php(37): CodeIgniter\CodeIgniter->run()
#6 /Applications/MAMP/htdocs/smartwholesale/client-report/system/Commands/Server/rewrite.php(43): require_once('/Applications/M...')
#7 {main}
CRITICAL - 2023-02-15 03:47:20 --> Undefined offset: -31425
#0 /Applications/MAMP/htdocs/smartwholesale/client-report/public/OLE/ChainedBlockStream.php(126): CodeIgniter\Debug\Exceptions->errorHandler(8, 'Undefined offse...', '/Applications/M...', 126, Array)
#1 [internal function]: OLE_ChainedBlockStream->stream_open('ole-chainedbloc...', 'r', 0, NULL)
#2 /Applications/MAMP/htdocs/smartwholesale/client-report/public/lib/OLE.php(260): fopen('ole-chainedbloc...', 'r')
#3 /Applications/MAMP/htdocs/smartwholesale/client-report/public/lib/OLE.php(371): OLE->getStream(3)
#4 /Applications/MAMP/htdocs/smartwholesale/client-report/public/lib/OLE.php(215): OLE->_readPpsWks(1)
#5 /Applications/MAMP/htdocs/smartwholesale/client-report/app/Controllers/PHPDecryptXLSXWithPassword.php(27): OLE->read('Oaktree Associa...')
#6 /Applications/MAMP/htdocs/smartwholesale/client-report/app/Controllers/API.php(154): decrypt('Oaktree Associa...', 'eComm', '22protected.xls...')
#7 /Applications/MAMP/htdocs/smartwholesale/client-report/system/CodeIgniter.php(824): App\Controllers\API->unlockFile()
#8 /Applications/MAMP/htdocs/smartwholesale/client-report/system/CodeIgniter.php(410): CodeIgniter\CodeIgniter->runController(Object(App\Controllers\API))
#9 /Applications/MAMP/htdocs/smartwholesale/client-report/system/CodeIgniter.php(318): CodeIgniter\CodeIgniter->handleRequest(NULL, Object(Config\Cache), false)
#10 /Applications/MAMP/htdocs/smartwholesale/client-report/public/index.php(37): CodeIgniter\CodeIgniter->run()
#11 /Applications/MAMP/htdocs/smartwholesale/client-report/system/Commands/Server/rewrite.php(43): require_once('/Applications/M...')
#12 {main}
CRITICAL - 2023-02-15 03:47:48 --> Undefined offset: -31425
#0 /Applications/MAMP/htdocs/smartwholesale/client-report/public/OLE/ChainedBlockStream.php(126): CodeIgniter\Debug\Exceptions->errorHandler(8, 'Undefined offse...', '/Applications/M...', 126, Array)
#1 [internal function]: OLE_ChainedBlockStream->stream_open('ole-chainedbloc...', 'r', 0, NULL)
#2 /Applications/MAMP/htdocs/smartwholesale/client-report/public/lib/OLE.php(260): fopen('ole-chainedbloc...', 'r')
#3 /Applications/MAMP/htdocs/smartwholesale/client-report/public/lib/OLE.php(371): OLE->getStream(3)
#4 /Applications/MAMP/htdocs/smartwholesale/client-report/public/lib/OLE.php(215): OLE->_readPpsWks(1)
#5 /Applications/MAMP/htdocs/smartwholesale/client-report/app/Controllers/PHPDecryptXLSXWithPassword.php(27): OLE->read('Oaktree Associa...')
#6 /Applications/MAMP/htdocs/smartwholesale/client-report/app/Controllers/API.php(154): decrypt('Oaktree Associa...', 'eComm', '22protected.xls...')
#7 /Applications/MAMP/htdocs/smartwholesale/client-report/system/CodeIgniter.php(824): App\Controllers\API->unlockFile()
#8 /Applications/MAMP/htdocs/smartwholesale/client-report/system/CodeIgniter.php(410): CodeIgniter\CodeIgniter->runController(Object(App\Controllers\API))
#9 /Applications/MAMP/htdocs/smartwholesale/client-report/system/CodeIgniter.php(318): CodeIgniter\CodeIgniter->handleRequest(NULL, Object(Config\Cache), false)
#10 /Applications/MAMP/htdocs/smartwholesale/client-report/public/index.php(37): CodeIgniter\CodeIgniter->run()
#11 /Applications/MAMP/htdocs/smartwholesale/client-report/system/Commands/Server/rewrite.php(43): require_once('/Applications/M...')
#12 {main}
CRITICAL - 2023-02-15 03:47:50 --> Undefined offset: -31425
#0 /Applications/MAMP/htdocs/smartwholesale/client-report/public/OLE/ChainedBlockStream.php(126): CodeIgniter\Debug\Exceptions->errorHandler(8, 'Undefined offse...', '/Applications/M...', 126, Array)
#1 [internal function]: OLE_ChainedBlockStream->stream_open('ole-chainedbloc...', 'r', 0, NULL)
#2 /Applications/MAMP/htdocs/smartwholesale/client-report/public/lib/OLE.php(260): fopen('ole-chainedbloc...', 'r')
#3 /Applications/MAMP/htdocs/smartwholesale/client-report/public/lib/OLE.php(371): OLE->getStream(3)
#4 /Applications/MAMP/htdocs/smartwholesale/client-report/public/lib/OLE.php(215): OLE->_readPpsWks(1)
#5 /Applications/MAMP/htdocs/smartwholesale/client-report/app/Controllers/PHPDecryptXLSXWithPassword.php(27): OLE->read('Oaktree Associa...')
#6 /Applications/MAMP/htdocs/smartwholesale/client-report/app/Controllers/API.php(154): decrypt('Oaktree Associa...', 'eComm', '22protected.xls...')
#7 /Applications/MAMP/htdocs/smartwholesale/client-report/system/CodeIgniter.php(824): App\Controllers\API->unlockFile()
#8 /Applications/MAMP/htdocs/smartwholesale/client-report/system/CodeIgniter.php(410): CodeIgniter\CodeIgniter->runController(Object(App\Controllers\API))
#9 /Applications/MAMP/htdocs/smartwholesale/client-report/system/CodeIgniter.php(318): CodeIgniter\CodeIgniter->handleRequest(NULL, Object(Config\Cache), false)
#10 /Applications/MAMP/htdocs/smartwholesale/client-report/public/index.php(37): CodeIgniter\CodeIgniter->run()
#11 /Applications/MAMP/htdocs/smartwholesale/client-report/system/Commands/Server/rewrite.php(43): require_once('/Applications/M...')
#12 {main}
CRITICAL - 2023-02-15 03:50:00 --> Undefined offset: -31425
#0 /Applications/MAMP/htdocs/smartwholesale/client-report/public/OLE/ChainedBlockStream.php(126): CodeIgniter\Debug\Exceptions->errorHandler(8, 'Undefined offse...', '/Applications/M...', 126, Array)
#1 [internal function]: OLE_ChainedBlockStream->stream_open('ole-chainedbloc...', 'r', 0, NULL)
#2 /Applications/MAMP/htdocs/smartwholesale/client-report/public/lib/OLE.php(260): fopen('ole-chainedbloc...', 'r')
#3 /Applications/MAMP/htdocs/smartwholesale/client-report/public/lib/OLE.php(371): OLE->getStream(3)
#4 /Applications/MAMP/htdocs/smartwholesale/client-report/public/lib/OLE.php(215): OLE->_readPpsWks(1)
#5 /Applications/MAMP/htdocs/smartwholesale/client-report/app/Controllers/PHPDecryptXLSXWithPassword.php(27): OLE->read('Oaktree Associa...')
#6 /Applications/MAMP/htdocs/smartwholesale/client-report/app/Controllers/API.php(154): decrypt('Oaktree Associa...', 'eComm', '22protected.xls...')
#7 /Applications/MAMP/htdocs/smartwholesale/client-report/system/CodeIgniter.php(824): App\Controllers\API->unlockFile()
#8 /Applications/MAMP/htdocs/smartwholesale/client-report/system/CodeIgniter.php(410): CodeIgniter\CodeIgniter->runController(Object(App\Controllers\API))
#9 /Applications/MAMP/htdocs/smartwholesale/client-report/system/CodeIgniter.php(318): CodeIgniter\CodeIgniter->handleRequest(NULL, Object(Config\Cache), false)
#10 /Applications/MAMP/htdocs/smartwholesale/client-report/public/index.php(37): CodeIgniter\CodeIgniter->run()
#11 /Applications/MAMP/htdocs/smartwholesale/client-report/system/Commands/Server/rewrite.php(43): require_once('/Applications/M...')
#12 {main}
CRITICAL - 2023-02-15 03:50:01 --> Undefined offset: -31425
#0 /Applications/MAMP/htdocs/smartwholesale/client-report/public/OLE/ChainedBlockStream.php(126): CodeIgniter\Debug\Exceptions->errorHandler(8, 'Undefined offse...', '/Applications/M...', 126, Array)
#1 [internal function]: OLE_ChainedBlockStream->stream_open('ole-chainedbloc...', 'r', 0, NULL)
#2 /Applications/MAMP/htdocs/smartwholesale/client-report/public/lib/OLE.php(260): fopen('ole-chainedbloc...', 'r')
#3 /Applications/MAMP/htdocs/smartwholesale/client-report/public/lib/OLE.php(371): OLE->getStream(3)
#4 /Applications/MAMP/htdocs/smartwholesale/client-report/public/lib/OLE.php(215): OLE->_readPpsWks(1)
#5 /Applications/MAMP/htdocs/smartwholesale/client-report/app/Controllers/PHPDecryptXLSXWithPassword.php(27): OLE->read('Oaktree Associa...')
#6 /Applications/MAMP/htdocs/smartwholesale/client-report/app/Controllers/API.php(154): decrypt('Oaktree Associa...', 'eComm', '22protected.xls...')
#7 /Applications/MAMP/htdocs/smartwholesale/client-report/system/CodeIgniter.php(824): App\Controllers\API->unlockFile()
#8 /Applications/MAMP/htdocs/smartwholesale/client-report/system/CodeIgniter.php(410): CodeIgniter\CodeIgniter->runController(Object(App\Controllers\API))
#9 /Applications/MAMP/htdocs/smartwholesale/client-report/system/CodeIgniter.php(318): CodeIgniter\CodeIgniter->handleRequest(NULL, Object(Config\Cache), false)
#10 /Applications/MAMP/htdocs/smartwholesale/client-report/public/index.php(37): CodeIgniter\CodeIgniter->run()
#11 /Applications/MAMP/htdocs/smartwholesale/client-report/system/Commands/Server/rewrite.php(43): require_once('/Applications/M...')
#12 {main}
CRITICAL - 2023-02-15 03:50:27 --> Undefined offset: -31425
#0 /Applications/MAMP/htdocs/smartwholesale/client-report/public/OLE/ChainedBlockStream.php(126): CodeIgniter\Debug\Exceptions->errorHandler(8, 'Undefined offse...', '/Applications/M...', 126, Array)
#1 [internal function]: OLE_ChainedBlockStream->stream_open('ole-chainedbloc...', 'r', 0, NULL)
#2 /Applications/MAMP/htdocs/smartwholesale/client-report/public/lib/OLE.php(260): fopen('ole-chainedbloc...', 'r')
#3 /Applications/MAMP/htdocs/smartwholesale/client-report/public/lib/OLE.php(371): OLE->getStream(3)
#4 /Applications/MAMP/htdocs/smartwholesale/client-report/public/lib/OLE.php(215): OLE->_readPpsWks(1)
#5 /Applications/MAMP/htdocs/smartwholesale/client-report/app/Controllers/PHPDecryptXLSXWithPassword.php(27): OLE->read('Oaktree Associa...')
#6 /Applications/MAMP/htdocs/smartwholesale/client-report/app/Controllers/API.php(154): decrypt('Oaktree Associa...', 'eComm', '22protected.xls...')
#7 /Applications/MAMP/htdocs/smartwholesale/client-report/system/CodeIgniter.php(824): App\Controllers\API->unlockFile()
#8 /Applications/MAMP/htdocs/smartwholesale/client-report/system/CodeIgniter.php(410): CodeIgniter\CodeIgniter->runController(Object(App\Controllers\API))
#9 /Applications/MAMP/htdocs/smartwholesale/client-report/system/CodeIgniter.php(318): CodeIgniter\CodeIgniter->handleRequest(NULL, Object(Config\Cache), false)
#10 /Applications/MAMP/htdocs/smartwholesale/client-report/public/index.php(37): CodeIgniter\CodeIgniter->run()
#11 /Applications/MAMP/htdocs/smartwholesale/client-report/system/Commands/Server/rewrite.php(43): require_once('/Applications/M...')
#12 {main}
CRITICAL - 2023-02-15 03:50:28 --> Undefined offset: -31425
#0 /Applications/MAMP/htdocs/smartwholesale/client-report/public/OLE/ChainedBlockStream.php(126): CodeIgniter\Debug\Exceptions->errorHandler(8, 'Undefined offse...', '/Applications/M...', 126, Array)
#1 [internal function]: OLE_ChainedBlockStream->stream_open('ole-chainedbloc...', 'r', 0, NULL)
#2 /Applications/MAMP/htdocs/smartwholesale/client-report/public/lib/OLE.php(260): fopen('ole-chainedbloc...', 'r')
#3 /Applications/MAMP/htdocs/smartwholesale/client-report/public/lib/OLE.php(371): OLE->getStream(3)
#4 /Applications/MAMP/htdocs/smartwholesale/client-report/public/lib/OLE.php(215): OLE->_readPpsWks(1)
#5 /Applications/MAMP/htdocs/smartwholesale/client-report/app/Controllers/PHPDecryptXLSXWithPassword.php(27): OLE->read('Oaktree Associa...')
#6 /Applications/MAMP/htdocs/smartwholesale/client-report/app/Controllers/API.php(154): decrypt('Oaktree Associa...', 'eComm', '22protected.xls...')
#7 /Applications/MAMP/htdocs/smartwholesale/client-report/system/CodeIgniter.php(824): App\Controllers\API->unlockFile()
#8 /Applications/MAMP/htdocs/smartwholesale/client-report/system/CodeIgniter.php(410): CodeIgniter\CodeIgniter->runController(Object(App\Controllers\API))
#9 /Applications/MAMP/htdocs/smartwholesale/client-report/system/CodeIgniter.php(318): CodeIgniter\CodeIgniter->handleRequest(NULL, Object(Config\Cache), false)
#10 /Applications/MAMP/htdocs/smartwholesale/client-report/public/index.php(37): CodeIgniter\CodeIgniter->run()
#11 /Applications/MAMP/htdocs/smartwholesale/client-report/system/Commands/Server/rewrite.php(43): require_once('/Applications/M...')
#12 {main}
CRITICAL - 2023-02-15 03:50:48 --> Undefined offset: -31425
#0 /Applications/MAMP/htdocs/smartwholesale/client-report/public/OLE/ChainedBlockStream.php(126): CodeIgniter\Debug\Exceptions->errorHandler(8, 'Undefined offse...', '/Applications/M...', 126, Array)
#1 [internal function]: OLE_ChainedBlockStream->stream_open('ole-chainedbloc...', 'r', 0, NULL)
#2 /Applications/MAMP/htdocs/smartwholesale/client-report/public/lib/OLE.php(260): fopen('ole-chainedbloc...', 'r')
#3 /Applications/MAMP/htdocs/smartwholesale/client-report/public/lib/OLE.php(371): OLE->getStream(3)
#4 /Applications/MAMP/htdocs/smartwholesale/client-report/public/lib/OLE.php(215): OLE->_readPpsWks(1)
#5 /Applications/MAMP/htdocs/smartwholesale/client-report/app/Controllers/PHPDecryptXLSXWithPassword.php(27): OLE->read('Oaktree Associa...')
#6 /Applications/MAMP/htdocs/smartwholesale/client-report/app/Controllers/API.php(154): decrypt('Oaktree Associa...', 'eComm', '22protected.xls...')
#7 /Applications/MAMP/htdocs/smartwholesale/client-report/system/CodeIgniter.php(824): App\Controllers\API->unlockFile()
#8 /Applications/MAMP/htdocs/smartwholesale/client-report/system/CodeIgniter.php(410): CodeIgniter\CodeIgniter->runController(Object(App\Controllers\API))
#9 /Applications/MAMP/htdocs/smartwholesale/client-report/system/CodeIgniter.php(318): CodeIgniter\CodeIgniter->handleRequest(NULL, Object(Config\Cache), false)
#10 /Applications/MAMP/htdocs/smartwholesale/client-report/public/index.php(37): CodeIgniter\CodeIgniter->run()
#11 /Applications/MAMP/htdocs/smartwholesale/client-report/system/Commands/Server/rewrite.php(43): require_once('/Applications/M...')
#12 {main}
CRITICAL - 2023-02-15 03:51:00 --> String could not be parsed as XML
#0 /Applications/MAMP/htdocs/smartwholesale/client-report/app/Controllers/PHPDecryptXLSXWithPassword.php(32): SimpleXMLElement->__construct('')
#1 /Applications/MAMP/htdocs/smartwholesale/client-report/app/Controllers/API.php(154): decrypt('Oaktree Associa...', 'eComm', '22protected.xls...')
#2 /Applications/MAMP/htdocs/smartwholesale/client-report/system/CodeIgniter.php(824): App\Controllers\API->unlockFile()
#3 /Applications/MAMP/htdocs/smartwholesale/client-report/system/CodeIgniter.php(410): CodeIgniter\CodeIgniter->runController(Object(App\Controllers\API))
#4 /Applications/MAMP/htdocs/smartwholesale/client-report/system/CodeIgniter.php(318): CodeIgniter\CodeIgniter->handleRequest(NULL, Object(Config\Cache), false)
#5 /Applications/MAMP/htdocs/smartwholesale/client-report/public/index.php(37): CodeIgniter\CodeIgniter->run()
#6 /Applications/MAMP/htdocs/smartwholesale/client-report/system/Commands/Server/rewrite.php(43): require_once('/Applications/M...')
#7 {main}
CRITICAL - 2023-02-15 03:52:34 --> Undefined offset: -31453
#0 /Applications/MAMP/htdocs/smartwholesale/client-report/public/OLE/ChainedBlockStream.php(126): CodeIgniter\Debug\Exceptions->errorHandler(8, 'Undefined offse...', '/Applications/M...', 126, Array)
#1 [internal function]: OLE_ChainedBlockStream->stream_open('ole-chainedbloc...', 'r', 0, NULL)
#2 /Applications/MAMP/htdocs/smartwholesale/client-report/public/lib/OLE.php(260): fopen('ole-chainedbloc...', 'r')
#3 /Applications/MAMP/htdocs/smartwholesale/client-report/public/lib/OLE.php(371): OLE->getStream(3)
#4 /Applications/MAMP/htdocs/smartwholesale/client-report/public/lib/OLE.php(215): OLE->_readPpsWks(1)
#5 /Applications/MAMP/htdocs/smartwholesale/client-report/app/Controllers/PHPDecryptXLSXWithPassword.php(27): OLE->read('test4.xlsx')
#6 /Applications/MAMP/htdocs/smartwholesale/client-report/app/Controllers/API.php(154): decrypt('test4.xlsx', 'eComm', '22protected.xls...')
#7 /Applications/MAMP/htdocs/smartwholesale/client-report/system/CodeIgniter.php(824): App\Controllers\API->unlockFile()
#8 /Applications/MAMP/htdocs/smartwholesale/client-report/system/CodeIgniter.php(410): CodeIgniter\CodeIgniter->runController(Object(App\Controllers\API))
#9 /Applications/MAMP/htdocs/smartwholesale/client-report/system/CodeIgniter.php(318): CodeIgniter\CodeIgniter->handleRequest(NULL, Object(Config\Cache), false)
#10 /Applications/MAMP/htdocs/smartwholesale/client-report/public/index.php(37): CodeIgniter\CodeIgniter->run()
#11 /Applications/MAMP/htdocs/smartwholesale/client-report/system/Commands/Server/rewrite.php(43): require_once('/Applications/M...')
#12 {main}
CRITICAL - 2023-02-15 03:53:40 --> Undefined offset: -31456
#0 /Applications/MAMP/htdocs/smartwholesale/client-report/public/OLE/ChainedBlockStream.php(126): CodeIgniter\Debug\Exceptions->errorHandler(8, 'Undefined offse...', '/Applications/M...', 126, Array)
#1 [internal function]: OLE_ChainedBlockStream->stream_open('ole-chainedbloc...', 'r', 0, NULL)
#2 /Applications/MAMP/htdocs/smartwholesale/client-report/public/lib/OLE.php(260): fopen('ole-chainedbloc...', 'r')
#3 /Applications/MAMP/htdocs/smartwholesale/client-report/public/lib/OLE.php(371): OLE->getStream(3)
#4 /Applications/MAMP/htdocs/smartwholesale/client-report/public/lib/OLE.php(215): OLE->_readPpsWks(1)
#5 /Applications/MAMP/htdocs/smartwholesale/client-report/app/Controllers/PHPDecryptXLSXWithPassword.php(27): OLE->read('test4.xlsx')
#6 /Applications/MAMP/htdocs/smartwholesale/client-report/app/Controllers/API.php(154): decrypt('test4.xlsx', 'eComm', '22protected.xls...')
#7 /Applications/MAMP/htdocs/smartwholesale/client-report/system/CodeIgniter.php(824): App\Controllers\API->unlockFile()
#8 /Applications/MAMP/htdocs/smartwholesale/client-report/system/CodeIgniter.php(410): CodeIgniter\CodeIgniter->runController(Object(App\Controllers\API))
#9 /Applications/MAMP/htdocs/smartwholesale/client-report/system/CodeIgniter.php(318): CodeIgniter\CodeIgniter->handleRequest(NULL, Object(Config\Cache), false)
#10 /Applications/MAMP/htdocs/smartwholesale/client-report/public/index.php(37): CodeIgniter\CodeIgniter->run()
#11 /Applications/MAMP/htdocs/smartwholesale/client-report/system/Commands/Server/rewrite.php(43): require_once('/Applications/M...')
#12 {main}
CRITICAL - 2023-02-15 03:53:41 --> Undefined offset: -31456
#0 /Applications/MAMP/htdocs/smartwholesale/client-report/public/OLE/ChainedBlockStream.php(126): CodeIgniter\Debug\Exceptions->errorHandler(8, 'Undefined offse...', '/Applications/M...', 126, Array)
#1 [internal function]: OLE_ChainedBlockStream->stream_open('ole-chainedbloc...', 'r', 0, NULL)
#2 /Applications/MAMP/htdocs/smartwholesale/client-report/public/lib/OLE.php(260): fopen('ole-chainedbloc...', 'r')
#3 /Applications/MAMP/htdocs/smartwholesale/client-report/public/lib/OLE.php(371): OLE->getStream(3)
#4 /Applications/MAMP/htdocs/smartwholesale/client-report/public/lib/OLE.php(215): OLE->_readPpsWks(1)
#5 /Applications/MAMP/htdocs/smartwholesale/client-report/app/Controllers/PHPDecryptXLSXWithPassword.php(27): OLE->read('test4.xlsx')
#6 /Applications/MAMP/htdocs/smartwholesale/client-report/app/Controllers/API.php(154): decrypt('test4.xlsx', 'eComm', '22protected.xls...')
#7 /Applications/MAMP/htdocs/smartwholesale/client-report/system/CodeIgniter.php(824): App\Controllers\API->unlockFile()
#8 /Applications/MAMP/htdocs/smartwholesale/client-report/system/CodeIgniter.php(410): CodeIgniter\CodeIgniter->runController(Object(App\Controllers\API))
#9 /Applications/MAMP/htdocs/smartwholesale/client-report/system/CodeIgniter.php(318): CodeIgniter\CodeIgniter->handleRequest(NULL, Object(Config\Cache), false)
#10 /Applications/MAMP/htdocs/smartwholesale/client-report/public/index.php(37): CodeIgniter\CodeIgniter->run()
#11 /Applications/MAMP/htdocs/smartwholesale/client-report/system/Commands/Server/rewrite.php(43): require_once('/Applications/M...')
#12 {main}
