CRITICAL - 2023-08-08 22:19:45 --> Undefined variable $route
#0 /Applications/MAMP/htdocs/smartwholesale/client-report/app/Config/Routes.php(289): CodeIgniter\Debug\Exceptions->errorHandler(2, 'Undefined varia...', '/Applications/M...', 289)
#1 /Applications/MAMP/htdocs/smartwholesale/client-report/system/CodeIgniter.php(705): require('/Applications/M...')
#2 /Applications/MAMP/htdocs/smartwholesale/client-report/system/CodeIgniter.php(359): CodeIgniter\CodeIgniter->tryToRouteIt(Object(CodeIgniter\Router\RouteCollection))
#3 /Applications/MAMP/htdocs/smartwholesale/client-report/system/CodeIgniter.php(318): CodeIgniter\CodeIgniter->handleRequest(NULL, Object(Config\Cache), false)
#4 /Applications/MAMP/htdocs/smartwholesale/client-report/system/CLI/Console.php(48): CodeIgniter\CodeIgniter->run()
#5 /Applications/MAMP/htdocs/smartwholesale/client-report/spark(63): CodeIgniter\CLI\Console->run()
#6 {main}
CRITICAL - 2023-08-08 22:20:19 --> strtolower(): Passing null to parameter #1 ($string) of type string is deprecated
#0 [internal function]: CodeIgniter\Debug\Exceptions->errorHandler(8192, 'strtolower(): P...', '/Applications/M...', 253)
#1 /Applications/MAMP/htdocs/smartwholesale/client-report/system/Validation/FormatRules.php(253): strtolower(NULL)
#2 /Applications/MAMP/htdocs/smartwholesale/client-report/system/HTTP/RequestTrait.php(151): CodeIgniter\Validation\FormatRules->valid_ip('::1')
#3 /Applications/MAMP/htdocs/smartwholesale/client-report/system/Config/Services.php(570): CodeIgniter\HTTP\Request->getIPAddress()
#4 /Applications/MAMP/htdocs/smartwholesale/client-report/system/Config/BaseService.php(248): CodeIgniter\Config\Services::session(Object(Config\App), false)
#5 /Applications/MAMP/htdocs/smartwholesale/client-report/system/Config/BaseService.php(189): CodeIgniter\Config\BaseService::__callStatic('session', Array)
#6 /Applications/MAMP/htdocs/smartwholesale/client-report/system/Config/Services.php(563): CodeIgniter\Config\BaseService::getSharedInstance('session', NULL)
#7 /Applications/MAMP/htdocs/smartwholesale/client-report/system/Config/BaseService.php(248): CodeIgniter\Config\Services::session()
#8 /Applications/MAMP/htdocs/smartwholesale/client-report/app/Controllers/BaseController.php(51): CodeIgniter\Config\BaseService::__callStatic('session', Array)
#9 /Applications/MAMP/htdocs/smartwholesale/client-report/system/CodeIgniter.php(802): App\Controllers\BaseController->initController(Object(CodeIgniter\HTTP\IncomingRequest), Object(CodeIgniter\HTTP\Response), Object(CodeIgniter\Log\Logger))
#10 /Applications/MAMP/htdocs/smartwholesale/client-report/system/CodeIgniter.php(401): CodeIgniter\CodeIgniter->createController()
#11 /Applications/MAMP/htdocs/smartwholesale/client-report/system/CodeIgniter.php(318): CodeIgniter\CodeIgniter->handleRequest(NULL, Object(Config\Cache), false)
#12 /Applications/MAMP/htdocs/smartwholesale/client-report/public/index.php(37): CodeIgniter\CodeIgniter->run()
#13 /Applications/MAMP/htdocs/smartwholesale/client-report/system/Commands/Server/rewrite.php(43): require_once('/Applications/M...')
#14 {main}
CRITICAL - 2023-08-08 22:26:54 --> strtolower(): Passing null to parameter #1 ($string) of type string is deprecated
#0 [internal function]: CodeIgniter\Debug\Exceptions->errorHandler(8192, 'strtolower(): P...', '/Applications/M...', 253)
#1 /Applications/MAMP/htdocs/smartwholesale/client-report/system/Validation/FormatRules.php(253): strtolower(NULL)
#2 /Applications/MAMP/htdocs/smartwholesale/client-report/system/HTTP/RequestTrait.php(151): CodeIgniter\Validation\FormatRules->valid_ip('::1')
#3 /Applications/MAMP/htdocs/smartwholesale/client-report/system/Config/Services.php(570): CodeIgniter\HTTP\Request->getIPAddress()
#4 /Applications/MAMP/htdocs/smartwholesale/client-report/system/Config/BaseService.php(248): CodeIgniter\Config\Services::session(Object(Config\App), false)
#5 /Applications/MAMP/htdocs/smartwholesale/client-report/system/Config/BaseService.php(189): CodeIgniter\Config\BaseService::__callStatic('session', Array)
#6 /Applications/MAMP/htdocs/smartwholesale/client-report/system/Config/Services.php(563): CodeIgniter\Config\BaseService::getSharedInstance('session', NULL)
#7 /Applications/MAMP/htdocs/smartwholesale/client-report/system/Config/BaseService.php(248): CodeIgniter\Config\Services::session()
#8 /Applications/MAMP/htdocs/smartwholesale/client-report/app/Controllers/BaseController.php(51): CodeIgniter\Config\BaseService::__callStatic('session', Array)
#9 /Applications/MAMP/htdocs/smartwholesale/client-report/system/CodeIgniter.php(802): App\Controllers\BaseController->initController(Object(CodeIgniter\HTTP\IncomingRequest), Object(CodeIgniter\HTTP\Response), Object(CodeIgniter\Log\Logger))
#10 /Applications/MAMP/htdocs/smartwholesale/client-report/system/CodeIgniter.php(401): CodeIgniter\CodeIgniter->createController()
#11 /Applications/MAMP/htdocs/smartwholesale/client-report/system/CodeIgniter.php(318): CodeIgniter\CodeIgniter->handleRequest(NULL, Object(Config\Cache), false)
#12 /Applications/MAMP/htdocs/smartwholesale/client-report/public/index.php(37): CodeIgniter\CodeIgniter->run()
#13 /Applications/MAMP/htdocs/smartwholesale/client-report/system/Commands/Server/rewrite.php(43): require_once('/Applications/M...')
#14 {main}
CRITICAL - 2023-08-08 22:42:34 --> strtolower(): Passing null to parameter #1 ($string) of type string is deprecated
#0 [internal function]: CodeIgniter\Debug\Exceptions->errorHandler(8192, 'strtolower(): P...', '/Applications/M...', 253)
#1 /Applications/MAMP/htdocs/smartwholesale/client-report/system/Validation/FormatRules.php(253): strtolower(NULL)
#2 /Applications/MAMP/htdocs/smartwholesale/client-report/system/HTTP/RequestTrait.php(151): CodeIgniter\Validation\FormatRules->valid_ip('::1')
#3 /Applications/MAMP/htdocs/smartwholesale/client-report/system/Config/Services.php(570): CodeIgniter\HTTP\Request->getIPAddress()
#4 /Applications/MAMP/htdocs/smartwholesale/client-report/system/Config/BaseService.php(248): CodeIgniter\Config\Services::session(Object(Config\App), false)
#5 /Applications/MAMP/htdocs/smartwholesale/client-report/system/Config/BaseService.php(189): CodeIgniter\Config\BaseService::__callStatic('session', Array)
#6 /Applications/MAMP/htdocs/smartwholesale/client-report/system/Config/Services.php(563): CodeIgniter\Config\BaseService::getSharedInstance('session', NULL)
#7 /Applications/MAMP/htdocs/smartwholesale/client-report/system/Config/BaseService.php(248): CodeIgniter\Config\Services::session()
#8 /Applications/MAMP/htdocs/smartwholesale/client-report/app/Controllers/BaseController.php(51): CodeIgniter\Config\BaseService::__callStatic('session', Array)
#9 /Applications/MAMP/htdocs/smartwholesale/client-report/system/CodeIgniter.php(802): App\Controllers\BaseController->initController(Object(CodeIgniter\HTTP\IncomingRequest), Object(CodeIgniter\HTTP\Response), Object(CodeIgniter\Log\Logger))
#10 /Applications/MAMP/htdocs/smartwholesale/client-report/system/CodeIgniter.php(401): CodeIgniter\CodeIgniter->createController()
#11 /Applications/MAMP/htdocs/smartwholesale/client-report/system/CodeIgniter.php(318): CodeIgniter\CodeIgniter->handleRequest(NULL, Object(Config\Cache), false)
#12 /Applications/MAMP/htdocs/smartwholesale/client-report/public/index.php(37): CodeIgniter\CodeIgniter->run()
#13 /Applications/MAMP/htdocs/smartwholesale/client-report/system/Commands/Server/rewrite.php(43): require_once('/Applications/M...')
#14 {main}
CRITICAL - 2023-08-08 22:43:25 --> strtolower(): Passing null to parameter #1 ($string) of type string is deprecated
#0 [internal function]: CodeIgniter\Debug\Exceptions->errorHandler(8192, 'strtolower(): P...', '/Applications/M...', 253)
#1 /Applications/MAMP/htdocs/smartwholesale/client-report/system/Validation/FormatRules.php(253): strtolower(NULL)
#2 /Applications/MAMP/htdocs/smartwholesale/client-report/system/HTTP/RequestTrait.php(151): CodeIgniter\Validation\FormatRules->valid_ip('::1')
#3 /Applications/MAMP/htdocs/smartwholesale/client-report/system/Config/Services.php(570): CodeIgniter\HTTP\Request->getIPAddress()
#4 /Applications/MAMP/htdocs/smartwholesale/client-report/system/Config/BaseService.php(248): CodeIgniter\Config\Services::session(Object(Config\App), false)
#5 /Applications/MAMP/htdocs/smartwholesale/client-report/system/Config/BaseService.php(189): CodeIgniter\Config\BaseService::__callStatic('session', Array)
#6 /Applications/MAMP/htdocs/smartwholesale/client-report/system/Config/Services.php(563): CodeIgniter\Config\BaseService::getSharedInstance('session', NULL)
#7 /Applications/MAMP/htdocs/smartwholesale/client-report/system/Config/BaseService.php(248): CodeIgniter\Config\Services::session()
#8 /Applications/MAMP/htdocs/smartwholesale/client-report/app/Controllers/BaseController.php(51): CodeIgniter\Config\BaseService::__callStatic('session', Array)
#9 /Applications/MAMP/htdocs/smartwholesale/client-report/system/CodeIgniter.php(802): App\Controllers\BaseController->initController(Object(CodeIgniter\HTTP\IncomingRequest), Object(CodeIgniter\HTTP\Response), Object(CodeIgniter\Log\Logger))
#10 /Applications/MAMP/htdocs/smartwholesale/client-report/system/CodeIgniter.php(401): CodeIgniter\CodeIgniter->createController()
#11 /Applications/MAMP/htdocs/smartwholesale/client-report/system/CodeIgniter.php(318): CodeIgniter\CodeIgniter->handleRequest(NULL, Object(Config\Cache), false)
#12 /Applications/MAMP/htdocs/smartwholesale/client-report/public/index.php(37): CodeIgniter\CodeIgniter->run()
#13 /Applications/MAMP/htdocs/smartwholesale/client-report/system/Commands/Server/rewrite.php(43): require_once('/Applications/M...')
#14 {main}
