ERROR - 2022-01-25 00:14:25 --> Unknown column 'reports.cost' in 'field list'
CRITICAL - 2022-01-25 00:14:25 --> Unknown column 'reports.cost' in 'field list'
#0 C:\xampp\htdocs\wholesales\client-report\system\Database\MySQLi\Connection.php(292): mysqli->query('SELECT assign_r...', 0)
#1 C:\xampp\htdocs\wholesales\client-report\system\Database\BaseConnection.php(670): CodeIgniter\Database\MySQLi\Connection->execute('SELECT assign_r...')
#2 C:\xampp\htdocs\wholesales\client-report\system\Database\BaseConnection.php(598): CodeIgniter\Database\BaseConnection->simpleQuery('SELECT assign_r...')
#3 C:\xampp\htdocs\wholesales\client-report\app\Models\AssignReportModel.php(31): CodeIgniter\Database\BaseConnection->query('SELECT assign_r...')
#4 C:\xampp\htdocs\wholesales\client-report\app\Controllers\Admin\Reports.php(312): App\Models\AssignReportModel->getAllAssignReport()
#5 C:\xampp\htdocs\wholesales\client-report\system\CodeIgniter.php(824): App\Controllers\Admin\Reports->assignmentReport()
#6 C:\xampp\htdocs\wholesales\client-report\system\CodeIgniter.php(410): CodeIgniter\CodeIgniter->runController(Object(App\Controllers\Admin\Reports))
#7 C:\xampp\htdocs\wholesales\client-report\system\CodeIgniter.php(318): CodeIgniter\CodeIgniter->handleRequest(NULL, Object(Config\Cache), false)
#8 C:\xampp\htdocs\wholesales\client-report\public\index.php(37): CodeIgniter\CodeIgniter->run()
#9 C:\xampp\htdocs\wholesales\client-report\system\Commands\Server\rewrite.php(43): require_once('C:\\xampp\\htdocs...')
#10 {main}
CRITICAL - 2022-01-25 00:15:49 --> Undefined index: investdate
#0 C:\xampp\htdocs\wholesales\client-report\app\Views\administrator\assignment_report.php(123): CodeIgniter\Debug\Exceptions->errorHandler(8, 'Undefined index...', 'C:\\xampp\\htdocs...', 123, Array)
#1 C:\xampp\htdocs\wholesales\client-report\system\View\View.php(214): include('C:\\xampp\\htdocs...')
#2 C:\xampp\htdocs\wholesales\client-report\system\View\View.php(217): CodeIgniter\View\View->CodeIgniter\View\{closure}()
#3 C:\xampp\htdocs\wholesales\client-report\system\Common.php(1097): CodeIgniter\View\View->render('administrator/a...', Array, true)
#4 C:\xampp\htdocs\wholesales\client-report\app\Controllers\Admin\Reports.php(320): view('administrator/a...', Array)
#5 C:\xampp\htdocs\wholesales\client-report\system\CodeIgniter.php(824): App\Controllers\Admin\Reports->assignmentReport()
#6 C:\xampp\htdocs\wholesales\client-report\system\CodeIgniter.php(410): CodeIgniter\CodeIgniter->runController(Object(App\Controllers\Admin\Reports))
#7 C:\xampp\htdocs\wholesales\client-report\system\CodeIgniter.php(318): CodeIgniter\CodeIgniter->handleRequest(NULL, Object(Config\Cache), false)
#8 C:\xampp\htdocs\wholesales\client-report\public\index.php(37): CodeIgniter\CodeIgniter->run()
#9 C:\xampp\htdocs\wholesales\client-report\system\Commands\Server\rewrite.php(43): require_once('C:\\xampp\\htdocs...')
#10 {main}
ERROR - 2022-01-25 00:16:16 --> Unknown column 'Sinvestments.date' in 'field list'
CRITICAL - 2022-01-25 00:16:16 --> Unknown column 'Sinvestments.date' in 'field list'
#0 C:\xampp\htdocs\wholesales\client-report\system\Database\MySQLi\Connection.php(292): mysqli->query('SELECT assign_r...', 0)
#1 C:\xampp\htdocs\wholesales\client-report\system\Database\BaseConnection.php(670): CodeIgniter\Database\MySQLi\Connection->execute('SELECT assign_r...')
#2 C:\xampp\htdocs\wholesales\client-report\system\Database\BaseConnection.php(598): CodeIgniter\Database\BaseConnection->simpleQuery('SELECT assign_r...')
#3 C:\xampp\htdocs\wholesales\client-report\app\Models\AssignReportModel.php(31): CodeIgniter\Database\BaseConnection->query('SELECT assign_r...')
#4 C:\xampp\htdocs\wholesales\client-report\app\Controllers\Admin\Reports.php(312): App\Models\AssignReportModel->getAllAssignReport()
#5 C:\xampp\htdocs\wholesales\client-report\system\CodeIgniter.php(824): App\Controllers\Admin\Reports->assignmentReport()
#6 C:\xampp\htdocs\wholesales\client-report\system\CodeIgniter.php(410): CodeIgniter\CodeIgniter->runController(Object(App\Controllers\Admin\Reports))
#7 C:\xampp\htdocs\wholesales\client-report\system\CodeIgniter.php(318): CodeIgniter\CodeIgniter->handleRequest(NULL, Object(Config\Cache), false)
#8 C:\xampp\htdocs\wholesales\client-report\public\index.php(37): CodeIgniter\CodeIgniter->run()
#9 C:\xampp\htdocs\wholesales\client-report\system\Commands\Server\rewrite.php(43): require_once('C:\\xampp\\htdocs...')
#10 {main}
ERROR - 2022-01-25 00:56:58 --> You have an error in your SQL syntax; check the manual that corresponds to your MariaDB server version for the right syntax to use near 'WHERE client_id='34' AND status = 'assign'' at line 1
CRITICAL - 2022-01-25 00:56:58 --> You have an error in your SQL syntax; check the manual that corresponds to your MariaDB server version for the right syntax to use near 'WHERE client_id='34' AND status = 'assign'' at line 1
#0 C:\xampp\htdocs\wholesales\client-report\system\Database\MySQLi\Connection.php(292): mysqli->query('SELECT investme...', 0)
#1 C:\xampp\htdocs\wholesales\client-report\system\Database\BaseConnection.php(670): CodeIgniter\Database\MySQLi\Connection->execute('SELECT investme...')
#2 C:\xampp\htdocs\wholesales\client-report\system\Database\BaseConnection.php(598): CodeIgniter\Database\BaseConnection->simpleQuery('SELECT investme...')
#3 C:\xampp\htdocs\wholesales\client-report\app\Models\InvestmentModel.php(87): CodeIgniter\Database\BaseConnection->query('SELECT investme...')
#4 C:\xampp\htdocs\wholesales\client-report\app\Controllers\Admin\Reports.php(483): App\Models\InvestmentModel->getInvestcmentClient('34')
#5 C:\xampp\htdocs\wholesales\client-report\system\CodeIgniter.php(824): App\Controllers\Admin\Reports->getInvestmentClient()
#6 C:\xampp\htdocs\wholesales\client-report\system\CodeIgniter.php(410): CodeIgniter\CodeIgniter->runController(Object(App\Controllers\Admin\Reports))
#7 C:\xampp\htdocs\wholesales\client-report\system\CodeIgniter.php(318): CodeIgniter\CodeIgniter->handleRequest(NULL, Object(Config\Cache), false)
#8 C:\xampp\htdocs\wholesales\client-report\public\index.php(37): CodeIgniter\CodeIgniter->run()
#9 C:\xampp\htdocs\wholesales\client-report\system\Commands\Server\rewrite.php(43): require_once('C:\\xampp\\htdocs...')
#10 {main}
ERROR - 2022-01-25 00:57:15 --> You have an error in your SQL syntax; check the manual that corresponds to your MariaDB server version for the right syntax to use near 'WHERE client_id='64' AND status = 'assign'' at line 1
CRITICAL - 2022-01-25 00:57:15 --> You have an error in your SQL syntax; check the manual that corresponds to your MariaDB server version for the right syntax to use near 'WHERE client_id='64' AND status = 'assign'' at line 1
#0 C:\xampp\htdocs\wholesales\client-report\system\Database\MySQLi\Connection.php(292): mysqli->query('SELECT investme...', 0)
#1 C:\xampp\htdocs\wholesales\client-report\system\Database\BaseConnection.php(670): CodeIgniter\Database\MySQLi\Connection->execute('SELECT investme...')
#2 C:\xampp\htdocs\wholesales\client-report\system\Database\BaseConnection.php(598): CodeIgniter\Database\BaseConnection->simpleQuery('SELECT investme...')
#3 C:\xampp\htdocs\wholesales\client-report\app\Models\InvestmentModel.php(87): CodeIgniter\Database\BaseConnection->query('SELECT investme...')
#4 C:\xampp\htdocs\wholesales\client-report\app\Controllers\Admin\Reports.php(483): App\Models\InvestmentModel->getInvestcmentClient('64')
#5 C:\xampp\htdocs\wholesales\client-report\system\CodeIgniter.php(824): App\Controllers\Admin\Reports->getInvestmentClient()
#6 C:\xampp\htdocs\wholesales\client-report\system\CodeIgniter.php(410): CodeIgniter\CodeIgniter->runController(Object(App\Controllers\Admin\Reports))
#7 C:\xampp\htdocs\wholesales\client-report\system\CodeIgniter.php(318): CodeIgniter\CodeIgniter->handleRequest(NULL, Object(Config\Cache), false)
#8 C:\xampp\htdocs\wholesales\client-report\public\index.php(37): CodeIgniter\CodeIgniter->run()
#9 C:\xampp\htdocs\wholesales\client-report\system\Commands\Server\rewrite.php(43): require_once('C:\\xampp\\htdocs...')
#10 {main}
ERROR - 2022-01-25 00:57:59 --> Column 'client_id' in where clause is ambiguous
CRITICAL - 2022-01-25 00:57:59 --> Column 'client_id' in where clause is ambiguous
#0 C:\xampp\htdocs\wholesales\client-report\system\Database\MySQLi\Connection.php(292): mysqli->query('SELECT investme...', 0)
#1 C:\xampp\htdocs\wholesales\client-report\system\Database\BaseConnection.php(670): CodeIgniter\Database\MySQLi\Connection->execute('SELECT investme...')
#2 C:\xampp\htdocs\wholesales\client-report\system\Database\BaseConnection.php(598): CodeIgniter\Database\BaseConnection->simpleQuery('SELECT investme...')
#3 C:\xampp\htdocs\wholesales\client-report\app\Models\InvestmentModel.php(87): CodeIgniter\Database\BaseConnection->query('SELECT investme...')
#4 C:\xampp\htdocs\wholesales\client-report\app\Controllers\Admin\Reports.php(483): App\Models\InvestmentModel->getInvestcmentClient('64')
#5 C:\xampp\htdocs\wholesales\client-report\system\CodeIgniter.php(824): App\Controllers\Admin\Reports->getInvestmentClient()
#6 C:\xampp\htdocs\wholesales\client-report\system\CodeIgniter.php(410): CodeIgniter\CodeIgniter->runController(Object(App\Controllers\Admin\Reports))
#7 C:\xampp\htdocs\wholesales\client-report\system\CodeIgniter.php(318): CodeIgniter\CodeIgniter->handleRequest(NULL, Object(Config\Cache), false)
#8 C:\xampp\htdocs\wholesales\client-report\public\index.php(37): CodeIgniter\CodeIgniter->run()
#9 C:\xampp\htdocs\wholesales\client-report\system\Commands\Server\rewrite.php(43): require_once('C:\\xampp\\htdocs...')
#10 {main}
CRITICAL - 2022-01-25 06:53:23 --> A non well formed numeric value encountered
#0 C:\xampp\htdocs\wholesales\client-report\app\Controllers\Admin\Reports.php(525): CodeIgniter\Debug\Exceptions->errorHandler(8, 'A non well form...', 'C:\\xampp\\htdocs...', 525, Array)
#1 C:\xampp\htdocs\wholesales\client-report\system\CodeIgniter.php(824): App\Controllers\Admin\Reports->assignBox()
#2 C:\xampp\htdocs\wholesales\client-report\system\CodeIgniter.php(410): CodeIgniter\CodeIgniter->runController(Object(App\Controllers\Admin\Reports))
#3 C:\xampp\htdocs\wholesales\client-report\system\CodeIgniter.php(318): CodeIgniter\CodeIgniter->handleRequest(NULL, Object(Config\Cache), false)
#4 C:\xampp\htdocs\wholesales\client-report\public\index.php(37): CodeIgniter\CodeIgniter->run()
#5 C:\xampp\htdocs\wholesales\client-report\system\Commands\Server\rewrite.php(43): require_once('C:\\xampp\\htdocs...')
#6 {main}
CRITICAL - 2022-01-25 06:54:05 --> Undefined index: current_cost
#0 C:\xampp\htdocs\wholesales\client-report\app\Views\administrator\assignment_report.php(128): CodeIgniter\Debug\Exceptions->errorHandler(8, 'Undefined index...', 'C:\\xampp\\htdocs...', 128, Array)
#1 C:\xampp\htdocs\wholesales\client-report\system\View\View.php(214): include('C:\\xampp\\htdocs...')
#2 C:\xampp\htdocs\wholesales\client-report\system\View\View.php(217): CodeIgniter\View\View->CodeIgniter\View\{closure}()
#3 C:\xampp\htdocs\wholesales\client-report\system\Common.php(1097): CodeIgniter\View\View->render('administrator/a...', Array, true)
#4 C:\xampp\htdocs\wholesales\client-report\app\Controllers\Admin\Reports.php(320): view('administrator/a...', Array)
#5 C:\xampp\htdocs\wholesales\client-report\system\CodeIgniter.php(824): App\Controllers\Admin\Reports->assignmentReport()
#6 C:\xampp\htdocs\wholesales\client-report\system\CodeIgniter.php(410): CodeIgniter\CodeIgniter->runController(Object(App\Controllers\Admin\Reports))
#7 C:\xampp\htdocs\wholesales\client-report\system\CodeIgniter.php(318): CodeIgniter\CodeIgniter->handleRequest(NULL, Object(Config\Cache), false)
#8 C:\xampp\htdocs\wholesales\client-report\public\index.php(37): CodeIgniter\CodeIgniter->run()
#9 C:\xampp\htdocs\wholesales\client-report\system\Commands\Server\rewrite.php(43): require_once('C:\\xampp\\htdocs...')
#10 {main}
CRITICAL - 2022-01-25 06:54:15 --> Undefined index: current_cost
#0 C:\xampp\htdocs\wholesales\client-report\app\Views\administrator\assignment_report.php(128): CodeIgniter\Debug\Exceptions->errorHandler(8, 'Undefined index...', 'C:\\xampp\\htdocs...', 128, Array)
#1 C:\xampp\htdocs\wholesales\client-report\system\View\View.php(214): include('C:\\xampp\\htdocs...')
#2 C:\xampp\htdocs\wholesales\client-report\system\View\View.php(217): CodeIgniter\View\View->CodeIgniter\View\{closure}()
#3 C:\xampp\htdocs\wholesales\client-report\system\Common.php(1097): CodeIgniter\View\View->render('administrator/a...', Array, true)
#4 C:\xampp\htdocs\wholesales\client-report\app\Controllers\Admin\Reports.php(320): view('administrator/a...', Array)
#5 C:\xampp\htdocs\wholesales\client-report\system\CodeIgniter.php(824): App\Controllers\Admin\Reports->assignmentReport()
#6 C:\xampp\htdocs\wholesales\client-report\system\CodeIgniter.php(410): CodeIgniter\CodeIgniter->runController(Object(App\Controllers\Admin\Reports))
#7 C:\xampp\htdocs\wholesales\client-report\system\CodeIgniter.php(318): CodeIgniter\CodeIgniter->handleRequest(NULL, Object(Config\Cache), false)
#8 C:\xampp\htdocs\wholesales\client-report\public\index.php(37): CodeIgniter\CodeIgniter->run()
#9 C:\xampp\htdocs\wholesales\client-report\system\Commands\Server\rewrite.php(43): require_once('C:\\xampp\\htdocs...')
#10 {main}
ERROR - 2022-01-25 06:56:29 --> Unknown column 'reports.cost' in 'field list'
CRITICAL - 2022-01-25 06:56:29 --> Unknown column 'reports.cost' in 'field list'
#0 C:\xampp\htdocs\wholesales\client-report\system\Database\MySQLi\Connection.php(292): mysqli->query('SELECT assign_r...', 0)
#1 C:\xampp\htdocs\wholesales\client-report\system\Database\BaseConnection.php(670): CodeIgniter\Database\MySQLi\Connection->execute('SELECT assign_r...')
#2 C:\xampp\htdocs\wholesales\client-report\system\Database\BaseConnection.php(598): CodeIgniter\Database\BaseConnection->simpleQuery('SELECT assign_r...')
#3 C:\xampp\htdocs\wholesales\client-report\app\Models\AssignReportModel.php(31): CodeIgniter\Database\BaseConnection->query('SELECT assign_r...')
#4 C:\xampp\htdocs\wholesales\client-report\app\Controllers\Admin\Reports.php(312): App\Models\AssignReportModel->getAllAssignReport()
#5 C:\xampp\htdocs\wholesales\client-report\system\CodeIgniter.php(824): App\Controllers\Admin\Reports->assignmentReport()
#6 C:\xampp\htdocs\wholesales\client-report\system\CodeIgniter.php(410): CodeIgniter\CodeIgniter->runController(Object(App\Controllers\Admin\Reports))
#7 C:\xampp\htdocs\wholesales\client-report\system\CodeIgniter.php(318): CodeIgniter\CodeIgniter->handleRequest(NULL, Object(Config\Cache), false)
#8 C:\xampp\htdocs\wholesales\client-report\public\index.php(37): CodeIgniter\CodeIgniter->run()
#9 C:\xampp\htdocs\wholesales\client-report\system\Commands\Server\rewrite.php(43): require_once('C:\\xampp\\htdocs...')
#10 {main}
ERROR - 2022-01-25 07:21:11 --> Unknown column 'reports.cost' in 'field list'
CRITICAL - 2022-01-25 07:21:11 --> Unknown column 'reports.cost' in 'field list'
#0 C:\xampp\htdocs\wholesales\client-report\system\Database\MySQLi\Connection.php(292): mysqli->query('SELECT assign_r...', 0)
#1 C:\xampp\htdocs\wholesales\client-report\system\Database\BaseConnection.php(670): CodeIgniter\Database\MySQLi\Connection->execute('SELECT assign_r...')
#2 C:\xampp\htdocs\wholesales\client-report\system\Database\BaseConnection.php(598): CodeIgniter\Database\BaseConnection->simpleQuery('SELECT assign_r...')
#3 C:\xampp\htdocs\wholesales\client-report\app\Models\AssignReportModel.php(31): CodeIgniter\Database\BaseConnection->query('SELECT assign_r...')
#4 C:\xampp\htdocs\wholesales\client-report\app\Controllers\Admin\Reports.php(312): App\Models\AssignReportModel->getAllAssignReport()
#5 C:\xampp\htdocs\wholesales\client-report\system\CodeIgniter.php(824): App\Controllers\Admin\Reports->assignmentReport()
#6 C:\xampp\htdocs\wholesales\client-report\system\CodeIgniter.php(410): CodeIgniter\CodeIgniter->runController(Object(App\Controllers\Admin\Reports))
#7 C:\xampp\htdocs\wholesales\client-report\system\CodeIgniter.php(318): CodeIgniter\CodeIgniter->handleRequest(NULL, Object(Config\Cache), false)
#8 C:\xampp\htdocs\wholesales\client-report\public\index.php(37): CodeIgniter\CodeIgniter->run()
#9 C:\xampp\htdocs\wholesales\client-report\system\Commands\Server\rewrite.php(43): require_once('C:\\xampp\\htdocs...')
#10 {main}
CRITICAL - 2022-01-25 14:09:56 --> A non well formed numeric value encountered
#0 C:\xampp\htdocs\wholesales\client-report\app\Controllers\Admin\Reports.php(525): CodeIgniter\Debug\Exceptions->errorHandler(8, 'A non well form...', 'C:\\xampp\\htdocs...', 525, Array)
#1 C:\xampp\htdocs\wholesales\client-report\system\CodeIgniter.php(824): App\Controllers\Admin\Reports->assignBox()
#2 C:\xampp\htdocs\wholesales\client-report\system\CodeIgniter.php(410): CodeIgniter\CodeIgniter->runController(Object(App\Controllers\Admin\Reports))
#3 C:\xampp\htdocs\wholesales\client-report\system\CodeIgniter.php(318): CodeIgniter\CodeIgniter->handleRequest(NULL, Object(Config\Cache), false)
#4 C:\xampp\htdocs\wholesales\client-report\public\index.php(37): CodeIgniter\CodeIgniter->run()
#5 C:\xampp\htdocs\wholesales\client-report\system\Commands\Server\rewrite.php(43): require_once('C:\\xampp\\htdocs...')
#6 {main}
CRITICAL - 2022-01-25 14:09:57 --> A non well formed numeric value encountered
#0 C:\xampp\htdocs\wholesales\client-report\app\Controllers\Admin\Reports.php(525): CodeIgniter\Debug\Exceptions->errorHandler(8, 'A non well form...', 'C:\\xampp\\htdocs...', 525, Array)
#1 C:\xampp\htdocs\wholesales\client-report\system\CodeIgniter.php(824): App\Controllers\Admin\Reports->assignBox()
#2 C:\xampp\htdocs\wholesales\client-report\system\CodeIgniter.php(410): CodeIgniter\CodeIgniter->runController(Object(App\Controllers\Admin\Reports))
#3 C:\xampp\htdocs\wholesales\client-report\system\CodeIgniter.php(318): CodeIgniter\CodeIgniter->handleRequest(NULL, Object(Config\Cache), false)
#4 C:\xampp\htdocs\wholesales\client-report\public\index.php(37): CodeIgniter\CodeIgniter->run()
#5 C:\xampp\htdocs\wholesales\client-report\system\Commands\Server\rewrite.php(43): require_once('C:\\xampp\\htdocs...')
#6 {main}
CRITICAL - 2022-01-25 19:15:19 --> Trying to get property 'category_name' of non-object
#0 C:\xampp\htdocs\wholesales\client-report\app\Controllers\Clients.php(85): CodeIgniter\Debug\Exceptions->errorHandler(8, 'Trying to get p...', 'C:\\xampp\\htdocs...', 85, Array)
#1 C:\xampp\htdocs\wholesales\client-report\system\CodeIgniter.php(824): App\Controllers\Clients->index()
#2 C:\xampp\htdocs\wholesales\client-report\system\CodeIgniter.php(410): CodeIgniter\CodeIgniter->runController(Object(App\Controllers\Clients))
#3 C:\xampp\htdocs\wholesales\client-report\system\CodeIgniter.php(318): CodeIgniter\CodeIgniter->handleRequest(NULL, Object(Config\Cache), false)
#4 C:\xampp\htdocs\wholesales\client-report\public\index.php(37): CodeIgniter\CodeIgniter->run()
#5 C:\xampp\htdocs\wholesales\client-report\system\Commands\Server\rewrite.php(43): require_once('C:\\xampp\\htdocs...')
#6 {main}
