ERROR - 2022-04-28 18:14:26 --> You have an error in your SQL syntax; check the manual that corresponds to your MySQL server version for the right syntax to use near 'YEARWEEK(assign_reports.date, 1)  GROUP BY weeks.week ORDER BY assign_reports.id' at line 1
CRITICAL - 2022-04-28 18:14:26 --> You have an error in your SQL syntax; check the manual that corresponds to your MySQL server version for the right syntax to use near 'YEARWEEK(assign_reports.date, 1)  GROUP BY weeks.week ORDER BY assign_reports.id' at line 1
#0 /Applications/MAMP/htdocs/smartfba/client-report/system/Database/MySQLi/Connection.php(292): mysqli->query('SELECT SUM(assi...', 0)
#1 /Applications/MAMP/htdocs/smartfba/client-report/system/Database/BaseConnection.php(670): CodeIgniter\Database\MySQLi\Connection->execute('SELECT SUM(assi...')
#2 /Applications/MAMP/htdocs/smartfba/client-report/system/Database/BaseConnection.php(598): CodeIgniter\Database\BaseConnection->simpleQuery('SELECT SUM(assi...')
#3 /Applications/MAMP/htdocs/smartfba/client-report/app/Models/AssignReportModel.php(105): CodeIgniter\Database\BaseConnection->query('SELECT SUM(assi...')
#4 /Applications/MAMP/htdocs/smartfba/client-report/app/Controllers/Admin/Reports.php(484): App\Models\AssignReportModel->getTotalUnit()
#5 /Applications/MAMP/htdocs/smartfba/client-report/system/CodeIgniter.php(824): App\Controllers\Admin\Reports->getSummaryBox()
#6 /Applications/MAMP/htdocs/smartfba/client-report/system/CodeIgniter.php(410): CodeIgniter\CodeIgniter->runController(Object(App\Controllers\Admin\Reports))
#7 /Applications/MAMP/htdocs/smartfba/client-report/system/CodeIgniter.php(318): CodeIgniter\CodeIgniter->handleRequest(NULL, Object(Config\Cache), false)
#8 /Applications/MAMP/htdocs/smartfba/client-report/public/index.php(37): CodeIgniter\CodeIgniter->run()
#9 /Applications/MAMP/htdocs/smartfba/client-report/system/Commands/Server/rewrite.php(43): require_once('/Applications/M...')
#10 {main}
ERROR - 2022-04-28 22:50:27 --> You have an error in your SQL syntax; check the manual that corresponds to your MySQL server version for the right syntax to use near 'YEARWEEK(assign_reports.date, 1)  GROUP BY weeks.week ORDER BY assign_reports.id' at line 1
CRITICAL - 2022-04-28 22:50:27 --> You have an error in your SQL syntax; check the manual that corresponds to your MySQL server version for the right syntax to use near 'YEARWEEK(assign_reports.date, 1)  GROUP BY weeks.week ORDER BY assign_reports.id' at line 1
#0 /Applications/MAMP/htdocs/smartfba/client-report/system/Database/MySQLi/Connection.php(292): mysqli->query('SELECT SUM(assi...', 0)
#1 /Applications/MAMP/htdocs/smartfba/client-report/system/Database/BaseConnection.php(670): CodeIgniter\Database\MySQLi\Connection->execute('SELECT SUM(assi...')
#2 /Applications/MAMP/htdocs/smartfba/client-report/system/Database/BaseConnection.php(598): CodeIgniter\Database\BaseConnection->simpleQuery('SELECT SUM(assi...')
#3 /Applications/MAMP/htdocs/smartfba/client-report/app/Models/AssignReportModel.php(105): CodeIgniter\Database\BaseConnection->query('SELECT SUM(assi...')
#4 /Applications/MAMP/htdocs/smartfba/client-report/app/Controllers/Admin/Reports.php(484): App\Models\AssignReportModel->getTotalUnit()
#5 /Applications/MAMP/htdocs/smartfba/client-report/system/CodeIgniter.php(824): App\Controllers\Admin\Reports->getSummaryBox()
#6 /Applications/MAMP/htdocs/smartfba/client-report/system/CodeIgniter.php(410): CodeIgniter\CodeIgniter->runController(Object(App\Controllers\Admin\Reports))
#7 /Applications/MAMP/htdocs/smartfba/client-report/system/CodeIgniter.php(318): CodeIgniter\CodeIgniter->handleRequest(NULL, Object(Config\Cache), false)
#8 /Applications/MAMP/htdocs/smartfba/client-report/public/index.php(37): CodeIgniter\CodeIgniter->run()
#9 /Applications/MAMP/htdocs/smartfba/client-report/system/Commands/Server/rewrite.php(43): require_once('/Applications/M...')
#10 {main}
