CRITICAL - 2023-10-24 00:00:29 --> syntax error, unexpected identifier "Closure", expecting variable
#0 /Applications/MAMP/htdocs/smartwholesale/client-report/system/Autoloader/Autoloader.php(200): CodeIgniter\Autoloader\Autoloader->includeFile('/Applications/M...')
#1 /Applications/MAMP/htdocs/smartwholesale/client-report/vendor/phpoffice/phpspreadsheet/src/PhpSpreadsheet/Writer/ZipStream3.php(15): CodeIgniter\Autoloader\Autoloader->loadClassmap('ZipStream\\ZipSt...')
#2 /Applications/MAMP/htdocs/smartwholesale/client-report/vendor/phpoffice/phpspreadsheet/src/PhpSpreadsheet/Writer/ZipStream0.php(15): PhpOffice\PhpSpreadsheet\Writer\ZipStream3::newZipStream(Resource id #246)
#3 /Applications/MAMP/htdocs/smartwholesale/client-report/vendor/phpoffice/phpspreadsheet/src/PhpSpreadsheet/Writer/Xlsx.php(548): PhpOffice\PhpSpreadsheet\Writer\ZipStream0::newZipStream(Resource id #246)
#4 /Applications/MAMP/htdocs/smartwholesale/client-report/app/Controllers/UPC.php(401): PhpOffice\PhpSpreadsheet\Writer\Xlsx->save('Need to Upload ...')
#5 /Applications/MAMP/htdocs/smartwholesale/client-report/system/CodeIgniter.php(824): App\Controllers\UPC->exportBox()
#6 /Applications/MAMP/htdocs/smartwholesale/client-report/system/CodeIgniter.php(410): CodeIgniter\CodeIgniter->runController(Object(App\Controllers\UPC))
#7 /Applications/MAMP/htdocs/smartwholesale/client-report/system/CodeIgniter.php(318): CodeIgniter\CodeIgniter->handleRequest(NULL, Object(Config\Cache), false)
#8 /Applications/MAMP/htdocs/smartwholesale/client-report/public/index.php(37): CodeIgniter\CodeIgniter->run()
#9 /Applications/MAMP/htdocs/smartwholesale/client-report/system/Commands/Server/rewrite.php(43): require_once('/Applications/M...')
#10 {main}
CRITICAL - 2023-10-24 00:15:46 --> Undefined variable $str
#0 /Applications/MAMP/htdocs/smartwholesale/client-report/app/Controllers/UPC.php(390): CodeIgniter\Debug\Exceptions->errorHandler(2, 'Undefined varia...', '/Applications/M...', 390)
#1 /Applications/MAMP/htdocs/smartwholesale/client-report/system/CodeIgniter.php(824): App\Controllers\UPC->exportBox()
#2 /Applications/MAMP/htdocs/smartwholesale/client-report/system/CodeIgniter.php(410): CodeIgniter\CodeIgniter->runController(Object(App\Controllers\UPC))
#3 /Applications/MAMP/htdocs/smartwholesale/client-report/system/CodeIgniter.php(318): CodeIgniter\CodeIgniter->handleRequest(NULL, Object(Config\Cache), false)
#4 /Applications/MAMP/htdocs/smartwholesale/client-report/public/index.php(37): CodeIgniter\CodeIgniter->run()
#5 /Applications/MAMP/htdocs/smartwholesale/client-report/system/Commands/Server/rewrite.php(43): require_once('/Applications/M...')
#6 {main}
ERROR - 2023-10-24 00:24:41 --> Duplicate entry 'adasdsa' for key 'box_name'
CRITICAL - 2023-10-24 00:24:41 --> Duplicate entry 'adasdsa' for key 'box_name'
#0 /Applications/MAMP/htdocs/smartwholesale/client-report/system/Database/MySQLi/Connection.php(292): mysqli->query('INSERT INTO `as...', 0)
#1 /Applications/MAMP/htdocs/smartwholesale/client-report/system/Database/BaseConnection.php(670): CodeIgniter\Database\MySQLi\Connection->execute('INSERT INTO `as...')
#2 /Applications/MAMP/htdocs/smartwholesale/client-report/system/Database/BaseConnection.php(598): CodeIgniter\Database\BaseConnection->simpleQuery('INSERT INTO `as...')
#3 /Applications/MAMP/htdocs/smartwholesale/client-report/system/Database/BaseBuilder.php(1759): CodeIgniter\Database\BaseConnection->query('INSERT INTO `as...', Array, false)
#4 /Applications/MAMP/htdocs/smartwholesale/client-report/app/Models/UPCModel.php(24): CodeIgniter\Database\BaseBuilder->insert(Array)
#5 /Applications/MAMP/htdocs/smartwholesale/client-report/app/Controllers/UPC.php(344): App\Models\UPCModel->insertBox(Array)
#6 /Applications/MAMP/htdocs/smartwholesale/client-report/system/CodeIgniter.php(824): App\Controllers\UPC->saveBox()
#7 /Applications/MAMP/htdocs/smartwholesale/client-report/system/CodeIgniter.php(410): CodeIgniter\CodeIgniter->runController(Object(App\Controllers\UPC))
#8 /Applications/MAMP/htdocs/smartwholesale/client-report/system/CodeIgniter.php(318): CodeIgniter\CodeIgniter->handleRequest(NULL, Object(Config\Cache), false)
#9 /Applications/MAMP/htdocs/smartwholesale/client-report/public/index.php(37): CodeIgniter\CodeIgniter->run()
#10 /Applications/MAMP/htdocs/smartwholesale/client-report/system/Commands/Server/rewrite.php(43): require_once('/Applications/M...')
#11 {main}
ERROR - 2023-10-24 00:27:46 --> Duplicate entry 'qweqwe' for key 'box_name'
CRITICAL - 2023-10-24 00:27:46 --> Duplicate entry 'qweqwe' for key 'box_name'
#0 /Applications/MAMP/htdocs/smartwholesale/client-report/system/Database/MySQLi/Connection.php(292): mysqli->query('INSERT INTO `as...', 0)
#1 /Applications/MAMP/htdocs/smartwholesale/client-report/system/Database/BaseConnection.php(670): CodeIgniter\Database\MySQLi\Connection->execute('INSERT INTO `as...')
#2 /Applications/MAMP/htdocs/smartwholesale/client-report/system/Database/BaseConnection.php(598): CodeIgniter\Database\BaseConnection->simpleQuery('INSERT INTO `as...')
#3 /Applications/MAMP/htdocs/smartwholesale/client-report/system/Database/BaseBuilder.php(1759): CodeIgniter\Database\BaseConnection->query('INSERT INTO `as...', Array, false)
#4 /Applications/MAMP/htdocs/smartwholesale/client-report/app/Models/UPCModel.php(24): CodeIgniter\Database\BaseBuilder->insert(Array)
#5 /Applications/MAMP/htdocs/smartwholesale/client-report/app/Controllers/UPC.php(344): App\Models\UPCModel->insertBox(Array)
#6 /Applications/MAMP/htdocs/smartwholesale/client-report/system/CodeIgniter.php(824): App\Controllers\UPC->saveBox()
#7 /Applications/MAMP/htdocs/smartwholesale/client-report/system/CodeIgniter.php(410): CodeIgniter\CodeIgniter->runController(Object(App\Controllers\UPC))
#8 /Applications/MAMP/htdocs/smartwholesale/client-report/system/CodeIgniter.php(318): CodeIgniter\CodeIgniter->handleRequest(NULL, Object(Config\Cache), false)
#9 /Applications/MAMP/htdocs/smartwholesale/client-report/public/index.php(37): CodeIgniter\CodeIgniter->run()
#10 /Applications/MAMP/htdocs/smartwholesale/client-report/system/Commands/Server/rewrite.php(43): require_once('/Applications/M...')
#11 {main}
ERROR - 2023-10-24 00:31:34 --> Duplicate entry 'Anjayani' for key 'box_name'
CRITICAL - 2023-10-24 00:31:34 --> Duplicate entry 'Anjayani' for key 'box_name'
#0 /Applications/MAMP/htdocs/smartwholesale/client-report/system/Database/MySQLi/Connection.php(292): mysqli->query('INSERT INTO `as...', 0)
#1 /Applications/MAMP/htdocs/smartwholesale/client-report/system/Database/BaseConnection.php(670): CodeIgniter\Database\MySQLi\Connection->execute('INSERT INTO `as...')
#2 /Applications/MAMP/htdocs/smartwholesale/client-report/system/Database/BaseConnection.php(598): CodeIgniter\Database\BaseConnection->simpleQuery('INSERT INTO `as...')
#3 /Applications/MAMP/htdocs/smartwholesale/client-report/system/Database/BaseBuilder.php(1759): CodeIgniter\Database\BaseConnection->query('INSERT INTO `as...', Array, false)
#4 /Applications/MAMP/htdocs/smartwholesale/client-report/app/Models/UPCModel.php(24): CodeIgniter\Database\BaseBuilder->insert(Array)
#5 /Applications/MAMP/htdocs/smartwholesale/client-report/app/Controllers/UPC.php(344): App\Models\UPCModel->insertBox(Array)
#6 /Applications/MAMP/htdocs/smartwholesale/client-report/system/CodeIgniter.php(824): App\Controllers\UPC->saveBox()
#7 /Applications/MAMP/htdocs/smartwholesale/client-report/system/CodeIgniter.php(410): CodeIgniter\CodeIgniter->runController(Object(App\Controllers\UPC))
#8 /Applications/MAMP/htdocs/smartwholesale/client-report/system/CodeIgniter.php(318): CodeIgniter\CodeIgniter->handleRequest(NULL, Object(Config\Cache), false)
#9 /Applications/MAMP/htdocs/smartwholesale/client-report/public/index.php(37): CodeIgniter\CodeIgniter->run()
#10 /Applications/MAMP/htdocs/smartwholesale/client-report/system/Commands/Server/rewrite.php(43): require_once('/Applications/M...')
#11 {main}
CRITICAL - 2023-10-24 00:36:21 --> count(): Argument #1 ($value) must be of type Countable|array, stdClass given
#0 /Applications/MAMP/htdocs/smartwholesale/client-report/app/Controllers/UPC.php(341): count(Object(stdClass))
#1 /Applications/MAMP/htdocs/smartwholesale/client-report/system/CodeIgniter.php(824): App\Controllers\UPC->saveBox()
#2 /Applications/MAMP/htdocs/smartwholesale/client-report/system/CodeIgniter.php(410): CodeIgniter\CodeIgniter->runController(Object(App\Controllers\UPC))
#3 /Applications/MAMP/htdocs/smartwholesale/client-report/system/CodeIgniter.php(318): CodeIgniter\CodeIgniter->handleRequest(NULL, Object(Config\Cache), false)
#4 /Applications/MAMP/htdocs/smartwholesale/client-report/public/index.php(37): CodeIgniter\CodeIgniter->run()
#5 /Applications/MAMP/htdocs/smartwholesale/client-report/system/Commands/Server/rewrite.php(43): require_once('/Applications/M...')
#6 {main}
CRITICAL - 2023-10-24 04:41:56 --> ini_set(): Session ini settings cannot be changed after headers have already been sent
#0 [internal function]: CodeIgniter\Debug\Exceptions->errorHandler(2, 'ini_set(): Sess...', '/Applications/M...', 71)
#1 /Applications/MAMP/htdocs/smartwholesale/client-report/system/Session/Handlers/FileHandler.php(71): ini_set('session.save_pa...', '/Applications/M...')
#2 /Applications/MAMP/htdocs/smartwholesale/client-report/system/Config/Services.php(570): CodeIgniter\Session\Handlers\FileHandler->__construct(Object(Config\App), '::1')
#3 /Applications/MAMP/htdocs/smartwholesale/client-report/system/Config/BaseService.php(248): CodeIgniter\Config\Services::session(Object(Config\App), false)
#4 /Applications/MAMP/htdocs/smartwholesale/client-report/system/Config/BaseService.php(189): CodeIgniter\Config\BaseService::__callStatic('session', Array)
#5 /Applications/MAMP/htdocs/smartwholesale/client-report/system/Config/Services.php(563): CodeIgniter\Config\BaseService::getSharedInstance('session', NULL)
#6 /Applications/MAMP/htdocs/smartwholesale/client-report/system/Config/BaseService.php(248): CodeIgniter\Config\Services::session()
#7 /Applications/MAMP/htdocs/smartwholesale/client-report/app/Controllers/BaseController.php(51): CodeIgniter\Config\BaseService::__callStatic('session', Array)
#8 /Applications/MAMP/htdocs/smartwholesale/client-report/system/CodeIgniter.php(802): App\Controllers\BaseController->initController(Object(CodeIgniter\HTTP\IncomingRequest), Object(CodeIgniter\HTTP\Response), Object(CodeIgniter\Log\Logger))
#9 /Applications/MAMP/htdocs/smartwholesale/client-report/system/CodeIgniter.php(401): CodeIgniter\CodeIgniter->createController()
#10 /Applications/MAMP/htdocs/smartwholesale/client-report/system/CodeIgniter.php(318): CodeIgniter\CodeIgniter->handleRequest(NULL, Object(Config\Cache), false)
#11 /Applications/MAMP/htdocs/smartwholesale/client-report/public/index.php(37): CodeIgniter\CodeIgniter->run()
#12 /Applications/MAMP/htdocs/smartwholesale/client-report/system/Commands/Server/rewrite.php(43): require_once('/Applications/M...')
#13 {main}
CRITICAL - 2023-10-24 04:41:56 --> Uncaught ErrorException: Cannot modify header information - headers already sent by (output started at /Applications/MAMP/htdocs/smartwholesale/client-report/app/Config/Events.php:32) in /Applications/MAMP/htdocs/smartwholesale/client-report/system/Debug/Exceptions.php:107
Stack trace:
#0 [internal function]: CodeIgniter\Debug\Exceptions->errorHandler(2, 'Cannot modify h...', '/Applications/M...', 107)
#1 /Applications/MAMP/htdocs/smartwholesale/client-report/system/Debug/Exceptions.php(107): header('HTTP/1.1 500 In...', true, 500)
#2 [internal function]: CodeIgniter\Debug\Exceptions->exceptionHandler(Object(ErrorException))
#3 {main}
  thrown
#0 [internal function]: CodeIgniter\Debug\Exceptions->shutdownHandler()
#1 {main}
CRITICAL - 2023-10-24 04:44:12 --> ini_set(): Session ini settings cannot be changed after headers have already been sent
#0 [internal function]: CodeIgniter\Debug\Exceptions->errorHandler(2, 'ini_set(): Sess...', '/Applications/M...', 71)
#1 /Applications/MAMP/htdocs/smartwholesale/client-report/system/Session/Handlers/FileHandler.php(71): ini_set('session.save_pa...', '/Applications/M...')
#2 /Applications/MAMP/htdocs/smartwholesale/client-report/system/Config/Services.php(570): CodeIgniter\Session\Handlers\FileHandler->__construct(Object(Config\App), '::1')
#3 /Applications/MAMP/htdocs/smartwholesale/client-report/system/Config/BaseService.php(248): CodeIgniter\Config\Services::session(Object(Config\App), false)
#4 /Applications/MAMP/htdocs/smartwholesale/client-report/system/Config/BaseService.php(189): CodeIgniter\Config\BaseService::__callStatic('session', Array)
#5 /Applications/MAMP/htdocs/smartwholesale/client-report/system/Config/Services.php(563): CodeIgniter\Config\BaseService::getSharedInstance('session', NULL)
#6 /Applications/MAMP/htdocs/smartwholesale/client-report/system/Config/BaseService.php(248): CodeIgniter\Config\Services::session()
#7 /Applications/MAMP/htdocs/smartwholesale/client-report/app/Controllers/BaseController.php(51): CodeIgniter\Config\BaseService::__callStatic('session', Array)
#8 /Applications/MAMP/htdocs/smartwholesale/client-report/system/CodeIgniter.php(802): App\Controllers\BaseController->initController(Object(CodeIgniter\HTTP\IncomingRequest), Object(CodeIgniter\HTTP\Response), Object(CodeIgniter\Log\Logger))
#9 /Applications/MAMP/htdocs/smartwholesale/client-report/system/CodeIgniter.php(401): CodeIgniter\CodeIgniter->createController()
#10 /Applications/MAMP/htdocs/smartwholesale/client-report/system/CodeIgniter.php(318): CodeIgniter\CodeIgniter->handleRequest(NULL, Object(Config\Cache), false)
#11 /Applications/MAMP/htdocs/smartwholesale/client-report/public/index.php(37): CodeIgniter\CodeIgniter->run()
#12 /Applications/MAMP/htdocs/smartwholesale/client-report/system/Commands/Server/rewrite.php(43): require_once('/Applications/M...')
#13 {main}
CRITICAL - 2023-10-24 04:44:12 --> Uncaught ErrorException: Cannot modify header information - headers already sent by (output started at /Applications/MAMP/htdocs/smartwholesale/client-report/app/Config/Events.php:32) in /Applications/MAMP/htdocs/smartwholesale/client-report/system/Debug/Exceptions.php:107
Stack trace:
#0 [internal function]: CodeIgniter\Debug\Exceptions->errorHandler(2, 'Cannot modify h...', '/Applications/M...', 107)
#1 /Applications/MAMP/htdocs/smartwholesale/client-report/system/Debug/Exceptions.php(107): header('HTTP/1.1 500 In...', true, 500)
#2 [internal function]: CodeIgniter\Debug\Exceptions->exceptionHandler(Object(ErrorException))
#3 {main}
  thrown
#0 [internal function]: CodeIgniter\Debug\Exceptions->shutdownHandler()
#1 {main}
CRITICAL - 2023-10-24 04:47:26 --> ini_set(): Session ini settings cannot be changed after headers have already been sent
#0 [internal function]: CodeIgniter\Debug\Exceptions->errorHandler(2, 'ini_set(): Sess...', '/Applications/M...', 71)
#1 /Applications/MAMP/htdocs/smartwholesale/client-report/system/Session/Handlers/FileHandler.php(71): ini_set('session.save_pa...', '/Applications/M...')
#2 /Applications/MAMP/htdocs/smartwholesale/client-report/system/Config/Services.php(570): CodeIgniter\Session\Handlers\FileHandler->__construct(Object(Config\App), '::1')
#3 /Applications/MAMP/htdocs/smartwholesale/client-report/system/Config/BaseService.php(248): CodeIgniter\Config\Services::session(Object(Config\App), false)
#4 /Applications/MAMP/htdocs/smartwholesale/client-report/system/Config/BaseService.php(189): CodeIgniter\Config\BaseService::__callStatic('session', Array)
#5 /Applications/MAMP/htdocs/smartwholesale/client-report/system/Config/Services.php(563): CodeIgniter\Config\BaseService::getSharedInstance('session', NULL)
#6 /Applications/MAMP/htdocs/smartwholesale/client-report/system/Config/BaseService.php(248): CodeIgniter\Config\Services::session()
#7 /Applications/MAMP/htdocs/smartwholesale/client-report/app/Controllers/BaseController.php(51): CodeIgniter\Config\BaseService::__callStatic('session', Array)
#8 /Applications/MAMP/htdocs/smartwholesale/client-report/system/CodeIgniter.php(802): App\Controllers\BaseController->initController(Object(CodeIgniter\HTTP\IncomingRequest), Object(CodeIgniter\HTTP\Response), Object(CodeIgniter\Log\Logger))
#9 /Applications/MAMP/htdocs/smartwholesale/client-report/system/CodeIgniter.php(401): CodeIgniter\CodeIgniter->createController()
#10 /Applications/MAMP/htdocs/smartwholesale/client-report/system/CodeIgniter.php(318): CodeIgniter\CodeIgniter->handleRequest(NULL, Object(Config\Cache), false)
#11 /Applications/MAMP/htdocs/smartwholesale/client-report/public/index.php(37): CodeIgniter\CodeIgniter->run()
#12 /Applications/MAMP/htdocs/smartwholesale/client-report/system/Commands/Server/rewrite.php(43): require_once('/Applications/M...')
#13 {main}
CRITICAL - 2023-10-24 04:47:26 --> Uncaught ErrorException: Cannot modify header information - headers already sent by (output started at /Applications/MAMP/htdocs/smartwholesale/client-report/app/Config/Events.php:32) in /Applications/MAMP/htdocs/smartwholesale/client-report/system/Debug/Exceptions.php:107
Stack trace:
#0 [internal function]: CodeIgniter\Debug\Exceptions->errorHandler(2, 'Cannot modify h...', '/Applications/M...', 107)
#1 /Applications/MAMP/htdocs/smartwholesale/client-report/system/Debug/Exceptions.php(107): header('HTTP/1.1 500 In...', true, 500)
#2 [internal function]: CodeIgniter\Debug\Exceptions->exceptionHandler(Object(ErrorException))
#3 {main}
  thrown
#0 [internal function]: CodeIgniter\Debug\Exceptions->shutdownHandler()
#1 {main}
CRITICAL - 2023-10-24 04:48:49 --> ini_set(): Session ini settings cannot be changed after headers have already been sent
#0 [internal function]: CodeIgniter\Debug\Exceptions->errorHandler(2, 'ini_set(): Sess...', '/Applications/M...', 71)
#1 /Applications/MAMP/htdocs/smartwholesale/client-report/system/Session/Handlers/FileHandler.php(71): ini_set('session.save_pa...', '/Applications/M...')
#2 /Applications/MAMP/htdocs/smartwholesale/client-report/system/Config/Services.php(570): CodeIgniter\Session\Handlers\FileHandler->__construct(Object(Config\App), '::1')
#3 /Applications/MAMP/htdocs/smartwholesale/client-report/system/Config/BaseService.php(248): CodeIgniter\Config\Services::session(Object(Config\App), false)
#4 /Applications/MAMP/htdocs/smartwholesale/client-report/system/Config/BaseService.php(189): CodeIgniter\Config\BaseService::__callStatic('session', Array)
#5 /Applications/MAMP/htdocs/smartwholesale/client-report/system/Config/Services.php(563): CodeIgniter\Config\BaseService::getSharedInstance('session', NULL)
#6 /Applications/MAMP/htdocs/smartwholesale/client-report/system/Config/BaseService.php(248): CodeIgniter\Config\Services::session()
#7 /Applications/MAMP/htdocs/smartwholesale/client-report/app/Controllers/BaseController.php(51): CodeIgniter\Config\BaseService::__callStatic('session', Array)
#8 /Applications/MAMP/htdocs/smartwholesale/client-report/system/CodeIgniter.php(802): App\Controllers\BaseController->initController(Object(CodeIgniter\HTTP\IncomingRequest), Object(CodeIgniter\HTTP\Response), Object(CodeIgniter\Log\Logger))
#9 /Applications/MAMP/htdocs/smartwholesale/client-report/system/CodeIgniter.php(401): CodeIgniter\CodeIgniter->createController()
#10 /Applications/MAMP/htdocs/smartwholesale/client-report/system/CodeIgniter.php(318): CodeIgniter\CodeIgniter->handleRequest(NULL, Object(Config\Cache), false)
#11 /Applications/MAMP/htdocs/smartwholesale/client-report/public/index.php(37): CodeIgniter\CodeIgniter->run()
#12 /Applications/MAMP/htdocs/smartwholesale/client-report/system/Commands/Server/rewrite.php(43): require_once('/Applications/M...')
#13 {main}
CRITICAL - 2023-10-24 04:48:49 --> Uncaught ErrorException: Cannot modify header information - headers already sent by (output started at /Applications/MAMP/htdocs/smartwholesale/client-report/app/Config/Events.php:32) in /Applications/MAMP/htdocs/smartwholesale/client-report/system/Debug/Exceptions.php:107
Stack trace:
#0 [internal function]: CodeIgniter\Debug\Exceptions->errorHandler(2, 'Cannot modify h...', '/Applications/M...', 107)
#1 /Applications/MAMP/htdocs/smartwholesale/client-report/system/Debug/Exceptions.php(107): header('HTTP/1.1 500 In...', true, 500)
#2 [internal function]: CodeIgniter\Debug\Exceptions->exceptionHandler(Object(ErrorException))
#3 {main}
  thrown
#0 [internal function]: CodeIgniter\Debug\Exceptions->shutdownHandler()
#1 {main}
CRITICAL - 2023-10-24 04:50:45 --> ini_set(): Session ini settings cannot be changed after headers have already been sent
#0 [internal function]: CodeIgniter\Debug\Exceptions->errorHandler(2, 'ini_set(): Sess...', '/Applications/M...', 71)
#1 /Applications/MAMP/htdocs/smartwholesale/client-report/system/Session/Handlers/FileHandler.php(71): ini_set('session.save_pa...', '/Applications/M...')
#2 /Applications/MAMP/htdocs/smartwholesale/client-report/system/Config/Services.php(570): CodeIgniter\Session\Handlers\FileHandler->__construct(Object(Config\App), '::1')
#3 /Applications/MAMP/htdocs/smartwholesale/client-report/system/Config/BaseService.php(248): CodeIgniter\Config\Services::session(Object(Config\App), false)
#4 /Applications/MAMP/htdocs/smartwholesale/client-report/system/Config/BaseService.php(189): CodeIgniter\Config\BaseService::__callStatic('session', Array)
#5 /Applications/MAMP/htdocs/smartwholesale/client-report/system/Config/Services.php(563): CodeIgniter\Config\BaseService::getSharedInstance('session', NULL)
#6 /Applications/MAMP/htdocs/smartwholesale/client-report/system/Config/BaseService.php(248): CodeIgniter\Config\Services::session()
#7 /Applications/MAMP/htdocs/smartwholesale/client-report/app/Controllers/BaseController.php(51): CodeIgniter\Config\BaseService::__callStatic('session', Array)
#8 /Applications/MAMP/htdocs/smartwholesale/client-report/system/CodeIgniter.php(802): App\Controllers\BaseController->initController(Object(CodeIgniter\HTTP\IncomingRequest), Object(CodeIgniter\HTTP\Response), Object(CodeIgniter\Log\Logger))
#9 /Applications/MAMP/htdocs/smartwholesale/client-report/system/CodeIgniter.php(401): CodeIgniter\CodeIgniter->createController()
#10 /Applications/MAMP/htdocs/smartwholesale/client-report/system/CodeIgniter.php(318): CodeIgniter\CodeIgniter->handleRequest(NULL, Object(Config\Cache), false)
#11 /Applications/MAMP/htdocs/smartwholesale/client-report/public/index.php(37): CodeIgniter\CodeIgniter->run()
#12 /Applications/MAMP/htdocs/smartwholesale/client-report/system/Commands/Server/rewrite.php(43): require_once('/Applications/M...')
#13 {main}
CRITICAL - 2023-10-24 04:50:45 --> Uncaught ErrorException: Cannot modify header information - headers already sent by (output started at /Applications/MAMP/htdocs/smartwholesale/client-report/app/Config/Events.php:32) in /Applications/MAMP/htdocs/smartwholesale/client-report/system/Debug/Exceptions.php:107
Stack trace:
#0 [internal function]: CodeIgniter\Debug\Exceptions->errorHandler(2, 'Cannot modify h...', '/Applications/M...', 107)
#1 /Applications/MAMP/htdocs/smartwholesale/client-report/system/Debug/Exceptions.php(107): header('HTTP/1.1 500 In...', true, 500)
#2 [internal function]: CodeIgniter\Debug\Exceptions->exceptionHandler(Object(ErrorException))
#3 {main}
  thrown
#0 [internal function]: CodeIgniter\Debug\Exceptions->shutdownHandler()
#1 {main}
ERROR - 2023-10-24 23:09:50 --> Error connecting to the database: Connection refused
CRITICAL - 2023-10-24 23:09:50 --> Unable to connect to the database.
Main connection [MySQLi]: Connection refused
#0 /Applications/MAMP/htdocs/smartwholesale/client-report/system/Database/BaseConnection.php(577): CodeIgniter\Database\BaseConnection->initialize()
#1 /Applications/MAMP/htdocs/smartwholesale/client-report/app/Controllers/Auth.php(25): CodeIgniter\Database\BaseConnection->query('SELECT logo FRO...')
#2 /Applications/MAMP/htdocs/smartwholesale/client-report/system/CodeIgniter.php(824): App\Controllers\Auth->login()
#3 /Applications/MAMP/htdocs/smartwholesale/client-report/system/CodeIgniter.php(410): CodeIgniter\CodeIgniter->runController(Object(App\Controllers\Auth))
#4 /Applications/MAMP/htdocs/smartwholesale/client-report/system/CodeIgniter.php(318): CodeIgniter\CodeIgniter->handleRequest(NULL, Object(Config\Cache), false)
#5 /Applications/MAMP/htdocs/smartwholesale/client-report/public/index.php(37): CodeIgniter\CodeIgniter->run()
#6 /Applications/MAMP/htdocs/smartwholesale/client-report/system/Commands/Server/rewrite.php(43): require_once('/Applications/M...')
#7 {main}
ERROR - 2023-10-24 23:12:36 --> Error connecting to the database: Connection refused
CRITICAL - 2023-10-24 23:12:36 --> Unable to connect to the database.
Main connection [MySQLi]: Connection refused
#0 /Applications/MAMP/htdocs/smartwholesale/client-report/system/Database/BaseConnection.php(577): CodeIgniter\Database\BaseConnection->initialize()
#1 /Applications/MAMP/htdocs/smartwholesale/client-report/app/Controllers/Auth.php(25): CodeIgniter\Database\BaseConnection->query('SELECT logo FRO...')
#2 /Applications/MAMP/htdocs/smartwholesale/client-report/system/CodeIgniter.php(824): App\Controllers\Auth->login()
#3 /Applications/MAMP/htdocs/smartwholesale/client-report/system/CodeIgniter.php(410): CodeIgniter\CodeIgniter->runController(Object(App\Controllers\Auth))
#4 /Applications/MAMP/htdocs/smartwholesale/client-report/system/CodeIgniter.php(318): CodeIgniter\CodeIgniter->handleRequest(NULL, Object(Config\Cache), false)
#5 /Applications/MAMP/htdocs/smartwholesale/client-report/public/index.php(37): CodeIgniter\CodeIgniter->run()
#6 /Applications/MAMP/htdocs/smartwholesale/client-report/system/Commands/Server/rewrite.php(43): require_once('/Applications/M...')
#7 {main}
ERROR - 2023-10-24 23:12:37 --> Error connecting to the database: Connection refused
CRITICAL - 2023-10-24 23:12:37 --> Unable to connect to the database.
Main connection [MySQLi]: Connection refused
#0 /Applications/MAMP/htdocs/smartwholesale/client-report/system/Database/BaseConnection.php(577): CodeIgniter\Database\BaseConnection->initialize()
#1 /Applications/MAMP/htdocs/smartwholesale/client-report/app/Controllers/Auth.php(25): CodeIgniter\Database\BaseConnection->query('SELECT logo FRO...')
#2 /Applications/MAMP/htdocs/smartwholesale/client-report/system/CodeIgniter.php(824): App\Controllers\Auth->login()
#3 /Applications/MAMP/htdocs/smartwholesale/client-report/system/CodeIgniter.php(410): CodeIgniter\CodeIgniter->runController(Object(App\Controllers\Auth))
#4 /Applications/MAMP/htdocs/smartwholesale/client-report/system/CodeIgniter.php(318): CodeIgniter\CodeIgniter->handleRequest(NULL, Object(Config\Cache), false)
#5 /Applications/MAMP/htdocs/smartwholesale/client-report/public/index.php(37): CodeIgniter\CodeIgniter->run()
#6 /Applications/MAMP/htdocs/smartwholesale/client-report/system/Commands/Server/rewrite.php(43): require_once('/Applications/M...')
#7 {main}
ERROR - 2023-10-24 23:13:23 --> Expression #1 of SELECT list is not in GROUP BY clause and contains nonaggregated column 'rms.investments.date' which is not functionally dependent on columns in GROUP BY clause; this is incompatible with sql_mode=only_full_group_by
CRITICAL - 2023-10-24 23:13:23 --> Expression #1 of SELECT list is not in GROUP BY clause and contains nonaggregated column 'rms.investments.date' which is not functionally dependent on columns in GROUP BY clause; this is incompatible with sql_mode=only_full_group_by
#0 /Applications/MAMP/htdocs/smartwholesale/client-report/system/Database/MySQLi/Connection.php(292): mysqli->query('SELECT date_for...', 0)
#1 /Applications/MAMP/htdocs/smartwholesale/client-report/system/Database/BaseConnection.php(670): CodeIgniter\Database\MySQLi\Connection->execute('SELECT date_for...')
#2 /Applications/MAMP/htdocs/smartwholesale/client-report/system/Database/BaseConnection.php(598): CodeIgniter\Database\BaseConnection->simpleQuery('SELECT date_for...')
#3 /Applications/MAMP/htdocs/smartwholesale/client-report/app/Models/ReportModel.php(202): CodeIgniter\Database\BaseConnection->query('SELECT date_for...')
#4 /Applications/MAMP/htdocs/smartwholesale/client-report/app/Controllers/Admin/Reports.php(58): App\Models\ReportModel->finSummary('spend')
#5 /Applications/MAMP/htdocs/smartwholesale/client-report/system/CodeIgniter.php(824): App\Controllers\Admin\Reports->index()
#6 /Applications/MAMP/htdocs/smartwholesale/client-report/system/CodeIgniter.php(410): CodeIgniter\CodeIgniter->runController(Object(App\Controllers\Admin\Reports))
#7 /Applications/MAMP/htdocs/smartwholesale/client-report/system/CodeIgniter.php(318): CodeIgniter\CodeIgniter->handleRequest(NULL, Object(Config\Cache), false)
#8 /Applications/MAMP/htdocs/smartwholesale/client-report/public/index.php(37): CodeIgniter\CodeIgniter->run()
#9 /Applications/MAMP/htdocs/smartwholesale/client-report/system/Commands/Server/rewrite.php(43): require_once('/Applications/M...')
#10 {main}
ERROR - 2023-10-24 23:13:35 --> Expression #1 of SELECT list is not in GROUP BY clause and contains nonaggregated column 'rms.investments.date' which is not functionally dependent on columns in GROUP BY clause; this is incompatible with sql_mode=only_full_group_by
CRITICAL - 2023-10-24 23:13:35 --> Expression #1 of SELECT list is not in GROUP BY clause and contains nonaggregated column 'rms.investments.date' which is not functionally dependent on columns in GROUP BY clause; this is incompatible with sql_mode=only_full_group_by
#0 /Applications/MAMP/htdocs/smartwholesale/client-report/system/Database/MySQLi/Connection.php(292): mysqli->query('SELECT date_for...', 0)
#1 /Applications/MAMP/htdocs/smartwholesale/client-report/system/Database/BaseConnection.php(670): CodeIgniter\Database\MySQLi\Connection->execute('SELECT date_for...')
#2 /Applications/MAMP/htdocs/smartwholesale/client-report/system/Database/BaseConnection.php(598): CodeIgniter\Database\BaseConnection->simpleQuery('SELECT date_for...')
#3 /Applications/MAMP/htdocs/smartwholesale/client-report/app/Models/ReportModel.php(202): CodeIgniter\Database\BaseConnection->query('SELECT date_for...')
#4 /Applications/MAMP/htdocs/smartwholesale/client-report/app/Controllers/Admin/Reports.php(58): App\Models\ReportModel->finSummary('spend')
#5 /Applications/MAMP/htdocs/smartwholesale/client-report/system/CodeIgniter.php(824): App\Controllers\Admin\Reports->index()
#6 /Applications/MAMP/htdocs/smartwholesale/client-report/system/CodeIgniter.php(410): CodeIgniter\CodeIgniter->runController(Object(App\Controllers\Admin\Reports))
#7 /Applications/MAMP/htdocs/smartwholesale/client-report/system/CodeIgniter.php(318): CodeIgniter\CodeIgniter->handleRequest(NULL, Object(Config\Cache), false)
#8 /Applications/MAMP/htdocs/smartwholesale/client-report/public/index.php(37): CodeIgniter\CodeIgniter->run()
#9 /Applications/MAMP/htdocs/smartwholesale/client-report/system/Commands/Server/rewrite.php(43): require_once('/Applications/M...')
#10 {main}
ERROR - 2023-10-24 23:21:15 --> Expression #1 of SELECT list is not in GROUP BY clause and contains nonaggregated column 'rms.investments.date' which is not functionally dependent on columns in GROUP BY clause; this is incompatible with sql_mode=only_full_group_by
CRITICAL - 2023-10-24 23:21:15 --> Expression #1 of SELECT list is not in GROUP BY clause and contains nonaggregated column 'rms.investments.date' which is not functionally dependent on columns in GROUP BY clause; this is incompatible with sql_mode=only_full_group_by
#0 /Applications/MAMP/htdocs/smartwholesale/client-report/system/Database/MySQLi/Connection.php(292): mysqli->query('SELECT date_for...', 0)
#1 /Applications/MAMP/htdocs/smartwholesale/client-report/system/Database/BaseConnection.php(670): CodeIgniter\Database\MySQLi\Connection->execute('SELECT date_for...')
#2 /Applications/MAMP/htdocs/smartwholesale/client-report/system/Database/BaseConnection.php(598): CodeIgniter\Database\BaseConnection->simpleQuery('SELECT date_for...')
#3 /Applications/MAMP/htdocs/smartwholesale/client-report/app/Models/ReportModel.php(202): CodeIgniter\Database\BaseConnection->query('SELECT date_for...')
#4 /Applications/MAMP/htdocs/smartwholesale/client-report/app/Controllers/Admin/Reports.php(58): App\Models\ReportModel->finSummary('spend')
#5 /Applications/MAMP/htdocs/smartwholesale/client-report/system/CodeIgniter.php(824): App\Controllers\Admin\Reports->index()
#6 /Applications/MAMP/htdocs/smartwholesale/client-report/system/CodeIgniter.php(410): CodeIgniter\CodeIgniter->runController(Object(App\Controllers\Admin\Reports))
#7 /Applications/MAMP/htdocs/smartwholesale/client-report/system/CodeIgniter.php(318): CodeIgniter\CodeIgniter->handleRequest(NULL, Object(Config\Cache), false)
#8 /Applications/MAMP/htdocs/smartwholesale/client-report/public/index.php(37): CodeIgniter\CodeIgniter->run()
#9 /Applications/MAMP/htdocs/smartwholesale/client-report/system/Commands/Server/rewrite.php(43): require_once('/Applications/M...')
#10 {main}
ERROR - 2023-10-24 23:21:19 --> Expression #1 of SELECT list is not in GROUP BY clause and contains nonaggregated column 'rms.investments.date' which is not functionally dependent on columns in GROUP BY clause; this is incompatible with sql_mode=only_full_group_by
CRITICAL - 2023-10-24 23:21:19 --> Expression #1 of SELECT list is not in GROUP BY clause and contains nonaggregated column 'rms.investments.date' which is not functionally dependent on columns in GROUP BY clause; this is incompatible with sql_mode=only_full_group_by
#0 /Applications/MAMP/htdocs/smartwholesale/client-report/system/Database/MySQLi/Connection.php(292): mysqli->query('SELECT date_for...', 0)
#1 /Applications/MAMP/htdocs/smartwholesale/client-report/system/Database/BaseConnection.php(670): CodeIgniter\Database\MySQLi\Connection->execute('SELECT date_for...')
#2 /Applications/MAMP/htdocs/smartwholesale/client-report/system/Database/BaseConnection.php(598): CodeIgniter\Database\BaseConnection->simpleQuery('SELECT date_for...')
#3 /Applications/MAMP/htdocs/smartwholesale/client-report/app/Models/ReportModel.php(202): CodeIgniter\Database\BaseConnection->query('SELECT date_for...')
#4 /Applications/MAMP/htdocs/smartwholesale/client-report/app/Controllers/Admin/Reports.php(58): App\Models\ReportModel->finSummary('spend')
#5 /Applications/MAMP/htdocs/smartwholesale/client-report/system/CodeIgniter.php(824): App\Controllers\Admin\Reports->index()
#6 /Applications/MAMP/htdocs/smartwholesale/client-report/system/CodeIgniter.php(410): CodeIgniter\CodeIgniter->runController(Object(App\Controllers\Admin\Reports))
#7 /Applications/MAMP/htdocs/smartwholesale/client-report/system/CodeIgniter.php(318): CodeIgniter\CodeIgniter->handleRequest(NULL, Object(Config\Cache), false)
#8 /Applications/MAMP/htdocs/smartwholesale/client-report/public/index.php(37): CodeIgniter\CodeIgniter->run()
#9 /Applications/MAMP/htdocs/smartwholesale/client-report/system/Commands/Server/rewrite.php(43): require_once('/Applications/M...')
#10 {main}
ERROR - 2023-10-24 23:22:00 --> Expression #1 of SELECT list is not in GROUP BY clause and contains nonaggregated column 'rms.investments.date' which is not functionally dependent on columns in GROUP BY clause; this is incompatible with sql_mode=only_full_group_by
CRITICAL - 2023-10-24 23:22:00 --> Expression #1 of SELECT list is not in GROUP BY clause and contains nonaggregated column 'rms.investments.date' which is not functionally dependent on columns in GROUP BY clause; this is incompatible with sql_mode=only_full_group_by
#0 /Applications/MAMP/htdocs/smartwholesale/client-report/system/Database/MySQLi/Connection.php(292): mysqli->query('SELECT date_for...', 0)
#1 /Applications/MAMP/htdocs/smartwholesale/client-report/system/Database/BaseConnection.php(670): CodeIgniter\Database\MySQLi\Connection->execute('SELECT date_for...')
#2 /Applications/MAMP/htdocs/smartwholesale/client-report/system/Database/BaseConnection.php(598): CodeIgniter\Database\BaseConnection->simpleQuery('SELECT date_for...')
#3 /Applications/MAMP/htdocs/smartwholesale/client-report/app/Models/ReportModel.php(202): CodeIgniter\Database\BaseConnection->query('SELECT date_for...')
#4 /Applications/MAMP/htdocs/smartwholesale/client-report/app/Controllers/Admin/Reports.php(58): App\Models\ReportModel->finSummary('spend')
#5 /Applications/MAMP/htdocs/smartwholesale/client-report/system/CodeIgniter.php(824): App\Controllers\Admin\Reports->index()
#6 /Applications/MAMP/htdocs/smartwholesale/client-report/system/CodeIgniter.php(410): CodeIgniter\CodeIgniter->runController(Object(App\Controllers\Admin\Reports))
#7 /Applications/MAMP/htdocs/smartwholesale/client-report/system/CodeIgniter.php(318): CodeIgniter\CodeIgniter->handleRequest(NULL, Object(Config\Cache), false)
#8 /Applications/MAMP/htdocs/smartwholesale/client-report/public/index.php(37): CodeIgniter\CodeIgniter->run()
#9 /Applications/MAMP/htdocs/smartwholesale/client-report/system/Commands/Server/rewrite.php(43): require_once('/Applications/M...')
#10 {main}
