ERROR - 2022-02-06 21:03:01 --> Table 'rms.mytable' doesn't exist
CRITICAL - 2022-02-06 21:03:01 --> Table 'rms.mytable' doesn't exist
#0 C:\xampp\htdocs\wholesales\client-report\system\Database\MySQLi\Connection.php(292): mysqli->query('DELETE FROM myT...', 0)
#1 C:\xampp\htdocs\wholesales\client-report\system\Database\BaseConnection.php(670): CodeIgniter\Database\MySQLi\Connection->execute('DELETE FROM myT...')
#2 C:\xampp\htdocs\wholesales\client-report\system\Database\BaseConnection.php(598): CodeIgniter\Database\BaseConnection->simpleQuery('DELETE FROM myT...')
#3 C:\xampp\htdocs\wholesales\client-report\app\Controllers\Admin\Reports.php(36): CodeIgniter\Database\BaseConnection->query('DELETE FROM myT...')
#4 C:\xampp\htdocs\wholesales\client-report\system\CodeIgniter.php(801): App\Controllers\Admin\Reports->__construct()
#5 C:\xampp\htdocs\wholesales\client-report\system\CodeIgniter.php(401): CodeIgniter\CodeIgniter->createController()
#6 C:\xampp\htdocs\wholesales\client-report\system\CodeIgniter.php(318): CodeIgniter\CodeIgniter->handleRequest(NULL, Object(Config\Cache), false)
#7 C:\xampp\htdocs\wholesales\client-report\public\index.php(37): CodeIgniter\CodeIgniter->run()
#8 C:\xampp\htdocs\wholesales\client-report\system\Commands\Server\rewrite.php(43): require_once('C:\\xampp\\htdocs...')
#9 {main}
CRITICAL - 2022-02-06 21:50:23 --> json_encode() expects at least 1 parameter, 0 given
#0 [internal function]: CodeIgniter\Debug\Exceptions->errorHandler(2, 'json_encode() e...', 'C:\\xampp\\htdocs...', 789, Array)
#1 C:\xampp\htdocs\wholesales\client-report\app\Controllers\Admin\Reports.php(789): json_encode()
#2 C:\xampp\htdocs\wholesales\client-report\system\CodeIgniter.php(824): App\Controllers\Admin\Reports->refreshDashboard()
#3 C:\xampp\htdocs\wholesales\client-report\system\CodeIgniter.php(410): CodeIgniter\CodeIgniter->runController(Object(App\Controllers\Admin\Reports))
#4 C:\xampp\htdocs\wholesales\client-report\system\CodeIgniter.php(318): CodeIgniter\CodeIgniter->handleRequest(NULL, Object(Config\Cache), false)
#5 C:\xampp\htdocs\wholesales\client-report\public\index.php(37): CodeIgniter\CodeIgniter->run()
#6 C:\xampp\htdocs\wholesales\client-report\system\Commands\Server\rewrite.php(43): require_once('C:\\xampp\\htdocs...')
#7 {main}
CRITICAL - 2022-02-06 21:56:51 --> Undefined variable: totalInvest
#0 C:\xampp\htdocs\wholesales\client-report\app\Views\administrator\dashboard.php(15): CodeIgniter\Debug\Exceptions->errorHandler(8, 'Undefined varia...', 'C:\\xampp\\htdocs...', 15, Array)
#1 C:\xampp\htdocs\wholesales\client-report\system\View\View.php(214): include('C:\\xampp\\htdocs...')
#2 C:\xampp\htdocs\wholesales\client-report\system\View\View.php(217): CodeIgniter\View\View->CodeIgniter\View\{closure}()
#3 C:\xampp\htdocs\wholesales\client-report\system\Common.php(1097): CodeIgniter\View\View->render('administrator/d...', Array, true)
#4 C:\xampp\htdocs\wholesales\client-report\app\Controllers\Admin\Reports.php(63): view('administrator/d...', Array)
#5 C:\xampp\htdocs\wholesales\client-report\system\CodeIgniter.php(824): App\Controllers\Admin\Reports->index()
#6 C:\xampp\htdocs\wholesales\client-report\system\CodeIgniter.php(410): CodeIgniter\CodeIgniter->runController(Object(App\Controllers\Admin\Reports))
#7 C:\xampp\htdocs\wholesales\client-report\system\CodeIgniter.php(318): CodeIgniter\CodeIgniter->handleRequest(NULL, Object(Config\Cache), false)
#8 C:\xampp\htdocs\wholesales\client-report\public\index.php(37): CodeIgniter\CodeIgniter->run()
#9 C:\xampp\htdocs\wholesales\client-report\system\Commands\Server\rewrite.php(43): require_once('C:\\xampp\\htdocs...')
#10 {main}
CRITICAL - 2022-02-06 21:57:32 --> Undefined variable: totalInvest
#0 C:\xampp\htdocs\wholesales\client-report\app\Views\administrator\dashboard.php(15): CodeIgniter\Debug\Exceptions->errorHandler(8, 'Undefined varia...', 'C:\\xampp\\htdocs...', 15, Array)
#1 C:\xampp\htdocs\wholesales\client-report\system\View\View.php(214): include('C:\\xampp\\htdocs...')
#2 C:\xampp\htdocs\wholesales\client-report\system\View\View.php(217): CodeIgniter\View\View->CodeIgniter\View\{closure}()
#3 C:\xampp\htdocs\wholesales\client-report\system\Common.php(1097): CodeIgniter\View\View->render('administrator/d...', Array, true)
#4 C:\xampp\htdocs\wholesales\client-report\app\Controllers\Admin\Reports.php(63): view('administrator/d...', Array)
#5 C:\xampp\htdocs\wholesales\client-report\system\CodeIgniter.php(824): App\Controllers\Admin\Reports->index()
#6 C:\xampp\htdocs\wholesales\client-report\system\CodeIgniter.php(410): CodeIgniter\CodeIgniter->runController(Object(App\Controllers\Admin\Reports))
#7 C:\xampp\htdocs\wholesales\client-report\system\CodeIgniter.php(318): CodeIgniter\CodeIgniter->handleRequest(NULL, Object(Config\Cache), false)
#8 C:\xampp\htdocs\wholesales\client-report\public\index.php(37): CodeIgniter\CodeIgniter->run()
#9 C:\xampp\htdocs\wholesales\client-report\system\Commands\Server\rewrite.php(43): require_once('C:\\xampp\\htdocs...')
#10 {main}
CRITICAL - 2022-02-06 22:02:30 --> Undefined variable: totalFulfilled
#0 C:\xampp\htdocs\wholesales\client-report\app\Views\administrator\dashboard.php(92): CodeIgniter\Debug\Exceptions->errorHandler(8, 'Undefined varia...', 'C:\\xampp\\htdocs...', 92, Array)
#1 C:\xampp\htdocs\wholesales\client-report\system\View\View.php(214): include('C:\\xampp\\htdocs...')
#2 C:\xampp\htdocs\wholesales\client-report\system\View\View.php(217): CodeIgniter\View\View->CodeIgniter\View\{closure}()
#3 C:\xampp\htdocs\wholesales\client-report\system\Common.php(1097): CodeIgniter\View\View->render('administrator/d...', Array, true)
#4 C:\xampp\htdocs\wholesales\client-report\app\Controllers\Admin\Reports.php(63): view('administrator/d...', Array)
#5 C:\xampp\htdocs\wholesales\client-report\system\CodeIgniter.php(824): App\Controllers\Admin\Reports->index()
#6 C:\xampp\htdocs\wholesales\client-report\system\CodeIgniter.php(410): CodeIgniter\CodeIgniter->runController(Object(App\Controllers\Admin\Reports))
#7 C:\xampp\htdocs\wholesales\client-report\system\CodeIgniter.php(318): CodeIgniter\CodeIgniter->handleRequest(NULL, Object(Config\Cache), false)
#8 C:\xampp\htdocs\wholesales\client-report\public\index.php(37): CodeIgniter\CodeIgniter->run()
#9 C:\xampp\htdocs\wholesales\client-report\system\Commands\Server\rewrite.php(43): require_once('C:\\xampp\\htdocs...')
#10 {main}
CRITICAL - 2022-02-06 22:03:25 --> Undefined variable: totalFulfilled
#0 C:\xampp\htdocs\wholesales\client-report\app\Views\administrator\dashboard.php(202): CodeIgniter\Debug\Exceptions->errorHandler(8, 'Undefined varia...', 'C:\\xampp\\htdocs...', 202, Array)
#1 C:\xampp\htdocs\wholesales\client-report\system\View\View.php(214): include('C:\\xampp\\htdocs...')
#2 C:\xampp\htdocs\wholesales\client-report\system\View\View.php(217): CodeIgniter\View\View->CodeIgniter\View\{closure}()
#3 C:\xampp\htdocs\wholesales\client-report\system\Common.php(1097): CodeIgniter\View\View->render('administrator/d...', Array, true)
#4 C:\xampp\htdocs\wholesales\client-report\app\Controllers\Admin\Reports.php(63): view('administrator/d...', Array)
#5 C:\xampp\htdocs\wholesales\client-report\system\CodeIgniter.php(824): App\Controllers\Admin\Reports->index()
#6 C:\xampp\htdocs\wholesales\client-report\system\CodeIgniter.php(410): CodeIgniter\CodeIgniter->runController(Object(App\Controllers\Admin\Reports))
#7 C:\xampp\htdocs\wholesales\client-report\system\CodeIgniter.php(318): CodeIgniter\CodeIgniter->handleRequest(NULL, Object(Config\Cache), false)
#8 C:\xampp\htdocs\wholesales\client-report\public\index.php(37): CodeIgniter\CodeIgniter->run()
#9 C:\xampp\htdocs\wholesales\client-report\system\Commands\Server\rewrite.php(43): require_once('C:\\xampp\\htdocs...')
#10 {main}
